[ 2017-05-29T20:17:21+08:00 ] ::1 /onlineorder/index.php/Home/Index/Menu.html
INFO: [ app_begin ] --START--
INFO: Run Behavior\ReadHtmlCacheBehavior [ RunTime:0.008001s ]
INFO: [ app_begin ] --END-- [ RunTime:0.009001s ]
NOTIC: [2048] Declaration of Home\Controller\IndexController::show() should be compatible with Think\Controller::show($content, $charset = '', $contentType = '', $prefix = '') D:\wamp\www\onlineorder\App\Home\Controller\IndexController.class.php 第 122 行.
SQL: SHOW COLUMNS FROM `onlineorder_dishtype` [ RunTime:0.0120s ]
SQL: SELECT * FROM `onlineorder_dishtype`  [ RunTime:0.0010s ]
INFO: [ view_parse ] --START--
INFO: [ template_filter ] --START--
INFO: Run Behavior\ContentReplaceBehavior [ RunTime:0.000000s ]
INFO: [ template_filter ] --END-- [ RunTime:0.001000s ]
INFO: Run Behavior\ParseTemplateBehavior [ RunTime:0.033002s ]
INFO: [ view_parse ] --END-- [ RunTime:0.033002s ]
INFO: [ view_filter ] --START--
INFO: Run Behavior\WriteHtmlCacheBehavior [ RunTime:0.002000s ]
INFO: [ view_filter ] --END-- [ RunTime:0.004000s ]
NOTIC: [2] Cannot modify header information - headers already sent by (output started at D:\wamp\www\onlineorder\ThinkPHP\Library\Think\View.class.php:95) D:\wamp\www\onlineorder\ThinkPHP\Library\Think\Controller.class.php 第 215 行.

[ 2017-05-29T20:17:41+08:00 ] ::1 /onlineorder/index.php/Home/Index/Menu.html
INFO: [ app_begin ] --START--
INFO: Run Behavior\ReadHtmlCacheBehavior [ RunTime:0.002000s ]
INFO: [ app_begin ] --END-- [ RunTime:0.002000s ]
NOTIC: [2048] Declaration of Home\Controller\IndexController::show() should be compatible with Think\Controller::show($content, $charset = '', $contentType = '', $prefix = '') D:\wamp\www\onlineorder\App\Home\Controller\IndexController.class.php 第 122 行.
SQL: SHOW COLUMNS FROM `onlineorder_dishtype` [ RunTime:0.0110s ]
SQL: SELECT * FROM `onlineorder_dishtype`  [ RunTime:0.0010s ]
INFO: [ view_parse ] --START--
INFO: [ template_filter ] --START--
INFO: Run Behavior\ContentReplaceBehavior [ RunTime:0.001000s ]
INFO: [ template_filter ] --END-- [ RunTime:0.001000s ]
INFO: Run Behavior\ParseTemplateBehavior [ RunTime:0.028002s ]
INFO: [ view_parse ] --END-- [ RunTime:0.030002s ]
INFO: [ view_filter ] --START--
INFO: Run Behavior\WriteHtmlCacheBehavior [ RunTime:0.001000s ]
INFO: [ view_filter ] --END-- [ RunTime:0.002000s ]
NOTIC: [2] Cannot modify header information - headers already sent by (output started at D:\wamp\www\onlineorder\ThinkPHP\Library\Think\View.class.php:95) D:\wamp\www\onlineorder\ThinkPHP\Library\Think\Controller.class.php 第 215 行.

[ 2017-05-29T20:18:29+08:00 ] ::1 /onlineorder/index.php/Home/Index/Menu.html
INFO: [ app_begin ] --START--
INFO: Run Behavior\ReadHtmlCacheBehavior [ RunTime:0.003000s ]
INFO: [ app_begin ] --END-- [ RunTime:0.004000s ]
NOTIC: [2048] Declaration of Home\Controller\IndexController::show() should be compatible with Think\Controller::show($content, $charset = '', $contentType = '', $prefix = '') D:\wamp\www\onlineorder\App\Home\Controller\IndexController.class.php 第 122 行.
SQL: SHOW COLUMNS FROM `onlineorder_dishtype` [ RunTime:0.0110s ]
SQL: SELECT * FROM `onlineorder_dishtype`  [ RunTime:0.0010s ]
INFO: [ view_parse ] --START--
INFO: [ template_filter ] --START--
INFO: Run Behavior\ContentReplaceBehavior [ RunTime:0.000000s ]
INFO: [ template_filter ] --END-- [ RunTime:0.001000s ]
INFO: Run Behavior\ParseTemplateBehavior [ RunTime:0.031002s ]
INFO: [ view_parse ] --END-- [ RunTime:0.032002s ]
INFO: [ view_filter ] --START--
INFO: Run Behavior\WriteHtmlCacheBehavior [ RunTime:0.002000s ]
INFO: [ view_filter ] --END-- [ RunTime:0.002000s ]
NOTIC: [2] Cannot modify header information - headers already sent by (output started at D:\wamp\www\onlineorder\ThinkPHP\Library\Think\View.class.php:95) D:\wamp\www\onlineorder\ThinkPHP\Library\Think\Controller.class.php 第 215 行.

[ 2017-05-29T20:22:36+08:00 ] ::1 /onlineorder/index.php/Home/Index/Menu.html
INFO: [ app_begin ] --START--
INFO: Run Behavior\ReadHtmlCacheBehavior [ RunTime:0.003001s ]
INFO: [ app_begin ] --END-- [ RunTime:0.005001s ]
NOTIC: [2048] Declaration of Home\Controller\IndexController::show() should be compatible with Think\Controller::show($content, $charset = '', $contentType = '', $prefix = '') D:\wamp\www\onlineorder\App\Home\Controller\IndexController.class.php 第 122 行.
SQL: SHOW COLUMNS FROM `onlineorder_dishtype` [ RunTime:0.0120s ]
SQL: SELECT * FROM `onlineorder_dishtype`  [ RunTime:0.0010s ]
INFO: [ view_parse ] --START--
INFO: [ template_filter ] --START--
INFO: Run Behavior\ContentReplaceBehavior [ RunTime:0.000000s ]
INFO: [ template_filter ] --END-- [ RunTime:0.001000s ]
INFO: Run Behavior\ParseTemplateBehavior [ RunTime:0.035002s ]
INFO: [ view_parse ] --END-- [ RunTime:0.035002s ]
INFO: [ view_filter ] --START--
INFO: Run Behavior\WriteHtmlCacheBehavior [ RunTime:0.001000s ]
INFO: [ view_filter ] --END-- [ RunTime:0.002000s ]
NOTIC: [2] Cannot modify header information - headers already sent by (output started at D:\wamp\www\onlineorder\ThinkPHP\Library\Think\View.class.php:95) D:\wamp\www\onlineorder\ThinkPHP\Library\Think\Controller.class.php 第 215 行.

[ 2017-05-29T20:23:00+08:00 ] ::1 /onlineorder/index.php/Home/Index/Menu.html
INFO: [ app_begin ] --START--
INFO: Run Behavior\ReadHtmlCacheBehavior [ RunTime:0.002000s ]
INFO: [ app_begin ] --END-- [ RunTime:0.002000s ]
NOTIC: [2048] Declaration of Home\Controller\IndexController::show() should be compatible with Think\Controller::show($content, $charset = '', $contentType = '', $prefix = '') D:\wamp\www\onlineorder\App\Home\Controller\IndexController.class.php 第 122 行.
SQL: SHOW COLUMNS FROM `onlineorder_dishtype` [ RunTime:0.0110s ]
SQL: SELECT * FROM `onlineorder_dishtype`  [ RunTime:0.0010s ]
INFO: [ view_parse ] --START--
INFO: [ template_filter ] --START--
INFO: Run Behavior\ContentReplaceBehavior [ RunTime:0.001000s ]
INFO: [ template_filter ] --END-- [ RunTime:0.001000s ]
INFO: Run Behavior\ParseTemplateBehavior [ RunTime:0.029001s ]
INFO: [ view_parse ] --END-- [ RunTime:0.029001s ]
INFO: [ view_filter ] --START--
INFO: Run Behavior\WriteHtmlCacheBehavior [ RunTime:0.002000s ]
INFO: [ view_filter ] --END-- [ RunTime:0.002000s ]
NOTIC: [2] Cannot modify header information - headers already sent by (output started at D:\wamp\www\onlineorder\ThinkPHP\Library\Think\View.class.php:95) D:\wamp\www\onlineorder\ThinkPHP\Library\Think\Controller.class.php 第 215 行.

[ 2017-05-29T20:23:05+08:00 ] ::1 /onlineorder/index.php/Home/Index/Menu.html
INFO: [ app_begin ] --START--
INFO: Run Behavior\ReadHtmlCacheBehavior [ RunTime:0.003001s ]
INFO: [ app_begin ] --END-- [ RunTime:0.003001s ]
NOTIC: [2048] Declaration of Home\Controller\IndexController::show() should be compatible with Think\Controller::show($content, $charset = '', $contentType = '', $prefix = '') D:\wamp\www\onlineorder\App\Home\Controller\IndexController.class.php 第 122 行.
SQL: SHOW COLUMNS FROM `onlineorder_dishtype` [ RunTime:0.0110s ]
SQL: SELECT * FROM `onlineorder_dishtype`  [ RunTime:0.0010s ]
INFO: [ view_parse ] --START--
INFO: [ template_filter ] --START--
INFO: Run Behavior\ContentReplaceBehavior [ RunTime:0.001000s ]
INFO: [ template_filter ] --END-- [ RunTime:0.001000s ]
INFO: Run Behavior\ParseTemplateBehavior [ RunTime:0.029001s ]
INFO: [ view_parse ] --END-- [ RunTime:0.030001s ]
INFO: [ view_filter ] --START--
INFO: Run Behavior\WriteHtmlCacheBehavior [ RunTime:0.002000s ]
INFO: [ view_filter ] --END-- [ RunTime:0.002000s ]
NOTIC: [2] Cannot modify header information - headers already sent by (output started at D:\wamp\www\onlineorder\ThinkPHP\Library\Think\View.class.php:95) D:\wamp\www\onlineorder\ThinkPHP\Library\Think\Controller.class.php 第 215 行.

[ 2017-05-29T20:23:13+08:00 ] ::1 /onlineorder/index.php/Home/Index/Menu.html
INFO: [ app_begin ] --START--
INFO: Run Behavior\ReadHtmlCacheBehavior [ RunTime:0.002000s ]
INFO: [ app_begin ] --END-- [ RunTime:0.002000s ]
NOTIC: [2048] Declaration of Home\Controller\IndexController::show() should be compatible with Think\Controller::show($content, $charset = '', $contentType = '', $prefix = '') D:\wamp\www\onlineorder\App\Home\Controller\IndexController.class.php 第 122 行.
SQL: SHOW COLUMNS FROM `onlineorder_dishtype` [ RunTime:0.0110s ]
SQL: SELECT * FROM `onlineorder_dishtype`  [ RunTime:0.0000s ]
INFO: [ view_parse ] --START--
INFO: [ template_filter ] --START--
INFO: Run Behavior\ContentReplaceBehavior [ RunTime:0.001000s ]
INFO: [ template_filter ] --END-- [ RunTime:0.001000s ]
INFO: Run Behavior\ParseTemplateBehavior [ RunTime:0.027001s ]
INFO: [ view_parse ] --END-- [ RunTime:0.027001s ]
INFO: [ view_filter ] --START--
INFO: Run Behavior\WriteHtmlCacheBehavior [ RunTime:0.001000s ]
INFO: [ view_filter ] --END-- [ RunTime:0.001000s ]
NOTIC: [2] Cannot modify header information - headers already sent by (output started at D:\wamp\www\onlineorder\ThinkPHP\Library\Think\View.class.php:95) D:\wamp\www\onlineorder\ThinkPHP\Library\Think\Controller.class.php 第 215 行.

[ 2017-05-29T20:26:57+08:00 ] ::1 /onlineorder/index.php/Home/Index/Menu.html
INFO: [ app_begin ] --START--
INFO: Run Behavior\ReadHtmlCacheBehavior [ RunTime:0.002000s ]
INFO: [ app_begin ] --END-- [ RunTime:0.003000s ]
NOTIC: [2048] Declaration of Home\Controller\IndexController::show() should be compatible with Think\Controller::show($content, $charset = '', $contentType = '', $prefix = '') D:\wamp\www\onlineorder\App\Home\Controller\IndexController.class.php 第 122 行.
SQL: SHOW COLUMNS FROM `onlineorder_dishtype` [ RunTime:0.0100s ]
SQL: SELECT * FROM `onlineorder_dishtype`  [ RunTime:0.0010s ]
INFO: [ view_parse ] --START--
INFO: [ template_filter ] --START--
INFO: Run Behavior\ContentReplaceBehavior [ RunTime:0.001000s ]
INFO: [ template_filter ] --END-- [ RunTime:0.001000s ]
INFO: Run Behavior\ParseTemplateBehavior [ RunTime:0.030001s ]
INFO: [ view_parse ] --END-- [ RunTime:0.031001s ]
INFO: [ view_filter ] --START--
INFO: Run Behavior\WriteHtmlCacheBehavior [ RunTime:0.002000s ]
INFO: [ view_filter ] --END-- [ RunTime:0.003000s ]
NOTIC: [2] Cannot modify header information - headers already sent by (output started at D:\wamp\www\onlineorder\ThinkPHP\Library\Think\View.class.php:95) D:\wamp\www\onlineorder\ThinkPHP\Library\Think\Controller.class.php 第 215 行.

[ 2017-05-29T20:29:13+08:00 ] ::1 /onlineorder/index.php/Home/Index/Menu.html
INFO: [ app_begin ] --START--
INFO: Run Behavior\ReadHtmlCacheBehavior [ RunTime:0.003000s ]
INFO: [ app_begin ] --END-- [ RunTime:0.003000s ]
NOTIC: [2048] Declaration of Home\Controller\IndexController::show() should be compatible with Think\Controller::show($content, $charset = '', $contentType = '', $prefix = '') D:\wamp\www\onlineorder\App\Home\Controller\IndexController.class.php 第 122 行.
SQL: SHOW COLUMNS FROM `onlineorder_dishtype` [ RunTime:0.0110s ]
SQL: SELECT * FROM `onlineorder_dishtype`  [ RunTime:0.0010s ]
INFO: [ view_parse ] --START--
INFO: [ template_filter ] --START--
INFO: Run Behavior\ContentReplaceBehavior [ RunTime:0.001000s ]
INFO: [ template_filter ] --END-- [ RunTime:0.001000s ]
INFO: Run Behavior\ParseTemplateBehavior [ RunTime:0.030002s ]
INFO: [ view_parse ] --END-- [ RunTime:0.030002s ]
INFO: [ view_filter ] --START--
INFO: Run Behavior\WriteHtmlCacheBehavior [ RunTime:0.002000s ]
INFO: [ view_filter ] --END-- [ RunTime:0.002000s ]
NOTIC: [2] Cannot modify header information - headers already sent by (output started at D:\wamp\www\onlineorder\ThinkPHP\Library\Think\View.class.php:95) D:\wamp\www\onlineorder\ThinkPHP\Library\Think\Controller.class.php 第 215 行.

[ 2017-05-29T20:29:16+08:00 ] ::1 /onlineorder/index.php/Home/Index/Menu.html
INFO: [ app_begin ] --START--
INFO: Run Behavior\ReadHtmlCacheBehavior [ RunTime:0.002000s ]
INFO: [ app_begin ] --END-- [ RunTime:0.004001s ]
NOTIC: [2048] Declaration of Home\Controller\IndexController::show() should be compatible with Think\Controller::show($content, $charset = '', $contentType = '', $prefix = '') D:\wamp\www\onlineorder\App\Home\Controller\IndexController.class.php 第 122 行.
SQL: SHOW COLUMNS FROM `onlineorder_dishtype` [ RunTime:0.0110s ]
SQL: SELECT * FROM `onlineorder_dishtype`  [ RunTime:0.0010s ]
INFO: [ view_parse ] --START--
INFO: [ template_filter ] --START--
INFO: Run Behavior\ContentReplaceBehavior [ RunTime:0.001000s ]
INFO: [ template_filter ] --END-- [ RunTime:0.001000s ]
INFO: Run Behavior\ParseTemplateBehavior [ RunTime:0.033002s ]
INFO: [ view_parse ] --END-- [ RunTime:0.033002s ]
INFO: [ view_filter ] --START--
INFO: Run Behavior\WriteHtmlCacheBehavior [ RunTime:0.002000s ]
INFO: [ view_filter ] --END-- [ RunTime:0.002000s ]
NOTIC: [2] Cannot modify header information - headers already sent by (output started at D:\wamp\www\onlineorder\ThinkPHP\Library\Think\View.class.php:95) D:\wamp\www\onlineorder\ThinkPHP\Library\Think\Controller.class.php 第 215 行.

[ 2017-05-29T20:30:05+08:00 ] ::1 /onlineorder/index.php/Home/Index/Menu.html
INFO: [ app_begin ] --START--
INFO: Run Behavior\ReadHtmlCacheBehavior [ RunTime:0.003000s ]
INFO: [ app_begin ] --END-- [ RunTime:0.003000s ]
NOTIC: [2048] Declaration of Home\Controller\IndexController::show() should be compatible with Think\Controller::show($content, $charset = '', $contentType = '', $prefix = '') D:\wamp\www\onlineorder\App\Home\Controller\IndexController.class.php 第 124 行.
INFO: [ view_parse ] --START--
INFO: [ template_filter ] --START--
INFO: Run Behavior\ContentReplaceBehavior [ RunTime:0.000000s ]
INFO: [ template_filter ] --END-- [ RunTime:0.001000s ]
INFO: Run Behavior\ParseTemplateBehavior [ RunTime:0.032001s ]
INFO: [ view_parse ] --END-- [ RunTime:0.032001s ]
INFO: [ view_filter ] --START--
INFO: Run Behavior\WriteHtmlCacheBehavior [ RunTime:0.003001s ]
INFO: [ view_filter ] --END-- [ RunTime:0.003001s ]
SQL: SHOW COLUMNS FROM `onlineorder_dishtype` [ RunTime:0.0100s ]
SQL: SELECT * FROM `onlineorder_dishtype`  [ RunTime:0.0010s ]
NOTIC: [2] Cannot modify header information - headers already sent by (output started at D:\wamp\www\onlineorder\ThinkPHP\Library\Think\View.class.php:95) D:\wamp\www\onlineorder\ThinkPHP\Library\Think\Controller.class.php 第 215 行.

[ 2017-05-29T20:30:12+08:00 ] ::1 /onlineorder/index.php/Home/Index/Menu.html
INFO: [ app_begin ] --START--
INFO: Run Behavior\ReadHtmlCacheBehavior [ RunTime:0.002000s ]
INFO: [ app_begin ] --END-- [ RunTime:0.003000s ]
NOTIC: [2048] Declaration of Home\Controller\IndexController::show() should be compatible with Think\Controller::show($content, $charset = '', $contentType = '', $prefix = '') D:\wamp\www\onlineorder\App\Home\Controller\IndexController.class.php 第 124 行.
INFO: [ view_parse ] --START--
INFO: [ template_filter ] --START--
INFO: Run Behavior\ContentReplaceBehavior [ RunTime:0.001000s ]
INFO: [ template_filter ] --END-- [ RunTime:0.001000s ]
INFO: Run Behavior\ParseTemplateBehavior [ RunTime:0.030002s ]
INFO: [ view_parse ] --END-- [ RunTime:0.031002s ]
INFO: [ view_filter ] --START--
INFO: Run Behavior\WriteHtmlCacheBehavior [ RunTime:0.002000s ]
INFO: [ view_filter ] --END-- [ RunTime:0.003000s ]
SQL: SHOW COLUMNS FROM `onlineorder_dishtype` [ RunTime:0.0100s ]
SQL: SELECT * FROM `onlineorder_dishtype`  [ RunTime:0.0010s ]
NOTIC: [2] Cannot modify header information - headers already sent by (output started at D:\wamp\www\onlineorder\ThinkPHP\Library\Think\View.class.php:95) D:\wamp\www\onlineorder\ThinkPHP\Library\Think\Controller.class.php 第 215 行.

[ 2017-05-29T20:30:20+08:00 ] ::1 /onlineorder/index.php/Home/Index/Menu.html
INFO: [ app_begin ] --START--
INFO: Run Behavior\ReadHtmlCacheBehavior [ RunTime:0.002000s ]
INFO: [ app_begin ] --END-- [ RunTime:0.003000s ]
NOTIC: [2048] Declaration of Home\Controller\IndexController::show() should be compatible with Think\Controller::show($content, $charset = '', $contentType = '', $prefix = '') D:\wamp\www\onlineorder\App\Home\Controller\IndexController.class.php 第 124 行.
INFO: [ view_parse ] --START--
INFO: [ template_filter ] --START--
INFO: Run Behavior\ContentReplaceBehavior [ RunTime:0.001000s ]
INFO: [ template_filter ] --END-- [ RunTime:0.001000s ]
INFO: Run Behavior\ParseTemplateBehavior [ RunTime:0.031002s ]
INFO: [ view_parse ] --END-- [ RunTime:0.032002s ]
INFO: [ view_filter ] --START--
INFO: Run Behavior\WriteHtmlCacheBehavior [ RunTime:0.002000s ]
INFO: [ view_filter ] --END-- [ RunTime:0.002000s ]
SQL: SHOW COLUMNS FROM `onlineorder_dishtype` [ RunTime:0.0110s ]
SQL: SELECT * FROM `onlineorder_dishtype`  [ RunTime:0.0010s ]
NOTIC: [2] Cannot modify header information - headers already sent by (output started at D:\wamp\www\onlineorder\ThinkPHP\Library\Think\View.class.php:95) D:\wamp\www\onlineorder\ThinkPHP\Library\Think\Controller.class.php 第 215 行.

[ 2017-05-29T20:30:43+08:00 ] ::1 /onlineorder/index.php/Home/Index/Menu.html
INFO: [ app_begin ] --START--
INFO: Run Behavior\ReadHtmlCacheBehavior [ RunTime:0.003000s ]
INFO: [ app_begin ] --END-- [ RunTime:0.004000s ]
NOTIC: [2048] Declaration of Home\Controller\IndexController::show() should be compatible with Think\Controller::show($content, $charset = '', $contentType = '', $prefix = '') D:\wamp\www\onlineorder\App\Home\Controller\IndexController.class.php 第 125 行.
SQL: SHOW COLUMNS FROM `onlineorder_dishtype` [ RunTime:0.0120s ]
SQL: SELECT * FROM `onlineorder_dishtype`  [ RunTime:0.0010s ]
INFO: [ view_parse ] --START--
INFO: [ template_filter ] --START--
INFO: Run Behavior\ContentReplaceBehavior [ RunTime:0.001000s ]
INFO: [ template_filter ] --END-- [ RunTime:0.001000s ]
INFO: Run Behavior\ParseTemplateBehavior [ RunTime:0.030001s ]
INFO: [ view_parse ] --END-- [ RunTime:0.032001s ]
INFO: [ view_filter ] --START--
INFO: Run Behavior\WriteHtmlCacheBehavior [ RunTime:0.002001s ]
INFO: [ view_filter ] --END-- [ RunTime:0.002001s ]
NOTIC: [2] Cannot modify header information - headers already sent by (output started at D:\wamp\www\onlineorder\ThinkPHP\Library\Think\View.class.php:95) D:\wamp\www\onlineorder\ThinkPHP\Library\Think\Controller.class.php 第 215 行.

[ 2017-05-29T20:34:10+08:00 ] ::1 /onlineorder/index.php/Home/Index/Menu.html
INFO: [ app_begin ] --START--
INFO: Run Behavior\ReadHtmlCacheBehavior [ RunTime:0.002000s ]
INFO: [ app_begin ] --END-- [ RunTime:0.003000s ]
NOTIC: [2048] Declaration of Home\Controller\IndexController::show() should be compatible with Think\Controller::show($content, $charset = '', $contentType = '', $prefix = '') D:\wamp\www\onlineorder\App\Home\Controller\IndexController.class.php 第 125 行.
SQL: SHOW COLUMNS FROM `onlineorder_dishtype` [ RunTime:0.0110s ]
SQL: SELECT * FROM `onlineorder_dishtype`  [ RunTime:0.0010s ]
INFO: [ view_parse ] --START--
INFO: [ template_filter ] --START--
INFO: Run Behavior\ContentReplaceBehavior [ RunTime:0.001000s ]
INFO: [ template_filter ] --END-- [ RunTime:0.002000s ]
INFO: Run Behavior\ParseTemplateBehavior [ RunTime:0.032002s ]
INFO: [ view_parse ] --END-- [ RunTime:0.032002s ]
INFO: [ view_filter ] --START--
INFO: Run Behavior\WriteHtmlCacheBehavior [ RunTime:0.002000s ]
INFO: [ view_filter ] --END-- [ RunTime:0.002000s ]
NOTIC: [2] Cannot modify header information - headers already sent by (output started at D:\wamp\www\onlineorder\ThinkPHP\Library\Think\View.class.php:95) D:\wamp\www\onlineorder\ThinkPHP\Library\Think\Controller.class.php 第 215 行.

[ 2017-05-29T20:34:13+08:00 ] ::1 /onlineorder/index.php/Home/Index/Menu.html
INFO: [ app_begin ] --START--
INFO: Run Behavior\ReadHtmlCacheBehavior [ RunTime:0.003001s ]
INFO: [ app_begin ] --END-- [ RunTime:0.003001s ]
NOTIC: [2048] Declaration of Home\Controller\IndexController::show() should be compatible with Think\Controller::show($content, $charset = '', $contentType = '', $prefix = '') D:\wamp\www\onlineorder\App\Home\Controller\IndexController.class.php 第 125 行.
SQL: SHOW COLUMNS FROM `onlineorder_dishtype` [ RunTime:0.0100s ]
SQL: SELECT * FROM `onlineorder_dishtype`  [ RunTime:0.0010s ]
INFO: [ view_parse ] --START--
INFO: [ template_filter ] --START--
INFO: Run Behavior\ContentReplaceBehavior [ RunTime:0.000000s ]
INFO: [ template_filter ] --END-- [ RunTime:0.001000s ]
INFO: Run Behavior\ParseTemplateBehavior [ RunTime:0.033002s ]
INFO: [ view_parse ] --END-- [ RunTime:0.033002s ]
INFO: [ view_filter ] --START--
INFO: Run Behavior\WriteHtmlCacheBehavior [ RunTime:0.002001s ]
INFO: [ view_filter ] --END-- [ RunTime:0.004001s ]
NOTIC: [2] Cannot modify header information - headers already sent by (output started at D:\wamp\www\onlineorder\ThinkPHP\Library\Think\View.class.php:95) D:\wamp\www\onlineorder\ThinkPHP\Library\Think\Controller.class.php 第 215 行.

[ 2017-05-29T20:34:18+08:00 ] ::1 /onlineorder/index.php/Home/Index/Menu.html
INFO: [ app_begin ] --START--
INFO: Run Behavior\ReadHtmlCacheBehavior [ RunTime:0.004000s ]
INFO: [ app_begin ] --END-- [ RunTime:0.005000s ]
NOTIC: [2048] Declaration of Home\Controller\IndexController::show() should be compatible with Think\Controller::show($content, $charset = '', $contentType = '', $prefix = '') D:\wamp\www\onlineorder\App\Home\Controller\IndexController.class.php 第 125 行.
SQL: SHOW COLUMNS FROM `onlineorder_dishtype` [ RunTime:0.0120s ]
SQL: SELECT * FROM `onlineorder_dishtype`  [ RunTime:0.0010s ]
INFO: [ view_parse ] --START--
INFO: [ template_filter ] --START--
INFO: Run Behavior\ContentReplaceBehavior [ RunTime:0.000000s ]
INFO: [ template_filter ] --END-- [ RunTime:0.001000s ]
INFO: Run Behavior\ParseTemplateBehavior [ RunTime:0.031002s ]
INFO: [ view_parse ] --END-- [ RunTime:0.033002s ]
INFO: [ view_filter ] --START--
INFO: Run Behavior\WriteHtmlCacheBehavior [ RunTime:0.002000s ]
INFO: [ view_filter ] --END-- [ RunTime:0.002000s ]
NOTIC: [2] Cannot modify header information - headers already sent by (output started at D:\wamp\www\onlineorder\ThinkPHP\Library\Think\View.class.php:95) D:\wamp\www\onlineorder\ThinkPHP\Library\Think\Controller.class.php 第 215 行.

[ 2017-05-29T20:34:46+08:00 ] ::1 /onlineorder/index.php/Home/Index/Menu.html
INFO: [ app_begin ] --START--
INFO: Run Behavior\ReadHtmlCacheBehavior [ RunTime:0.002000s ]
INFO: [ app_begin ] --END-- [ RunTime:0.003000s ]
NOTIC: [2048] Declaration of Home\Controller\IndexController::show() should be compatible with Think\Controller::show($content, $charset = '', $contentType = '', $prefix = '') D:\wamp\www\onlineorder\App\Home\Controller\IndexController.class.php 第 125 行.
SQL: SHOW COLUMNS FROM `onlineorder_dishtype` [ RunTime:0.0300s ]
SQL: SELECT * FROM `onlineorder_dishtype`  [ RunTime:0.0010s ]
INFO: [ view_parse ] --START--
INFO: [ template_filter ] --START--
INFO: Run Behavior\ContentReplaceBehavior [ RunTime:0.000000s ]
INFO: [ template_filter ] --END-- [ RunTime:0.001000s ]
INFO: Run Behavior\ParseTemplateBehavior [ RunTime:0.028001s ]
INFO: [ view_parse ] --END-- [ RunTime:0.029001s ]
INFO: [ view_filter ] --START--
INFO: Run Behavior\WriteHtmlCacheBehavior [ RunTime:0.001000s ]
INFO: [ view_filter ] --END-- [ RunTime:0.002000s ]
NOTIC: [2] Cannot modify header information - headers already sent by (output started at D:\wamp\www\onlineorder\ThinkPHP\Library\Think\View.class.php:95) D:\wamp\www\onlineorder\ThinkPHP\Library\Think\Controller.class.php 第 215 行.

[ 2017-05-29T20:38:43+08:00 ] ::1 /onlineorder/index.php/Home/Index/Menu.html
INFO: [ app_begin ] --START--
INFO: Run Behavior\ReadHtmlCacheBehavior [ RunTime:0.002000s ]
INFO: [ app_begin ] --END-- [ RunTime:0.002000s ]
NOTIC: [2048] Declaration of Home\Controller\IndexController::show() should be compatible with Think\Controller::show($content, $charset = '', $contentType = '', $prefix = '') D:\wamp\www\onlineorder\App\Home\Controller\IndexController.class.php 第 125 行.
SQL: SHOW COLUMNS FROM `onlineorder_dishtype` [ RunTime:0.0100s ]
SQL: SELECT * FROM `onlineorder_dishtype`  [ RunTime:0.0010s ]
INFO: [ view_parse ] --START--
INFO: [ template_filter ] --START--
INFO: Run Behavior\ContentReplaceBehavior [ RunTime:0.000000s ]
INFO: [ template_filter ] --END-- [ RunTime:0.001000s ]
INFO: Run Behavior\ParseTemplateBehavior [ RunTime:0.029001s ]
INFO: [ view_parse ] --END-- [ RunTime:0.029001s ]
INFO: [ view_filter ] --START--
INFO: Run Behavior\WriteHtmlCacheBehavior [ RunTime:0.002000s ]
INFO: [ view_filter ] --END-- [ RunTime:0.002000s ]
NOTIC: [2] Cannot modify header information - headers already sent by (output started at D:\wamp\www\onlineorder\ThinkPHP\Library\Think\View.class.php:95) D:\wamp\www\onlineorder\ThinkPHP\Library\Think\Controller.class.php 第 215 行.

[ 2017-05-29T20:38:46+08:00 ] ::1 /onlineorder/index.php/Home/Index/Menu.html
INFO: [ app_begin ] --START--
INFO: Run Behavior\ReadHtmlCacheBehavior [ RunTime:0.002000s ]
INFO: [ app_begin ] --END-- [ RunTime:0.002000s ]
NOTIC: [2048] Declaration of Home\Controller\IndexController::show() should be compatible with Think\Controller::show($content, $charset = '', $contentType = '', $prefix = '') D:\wamp\www\onlineorder\App\Home\Controller\IndexController.class.php 第 125 行.
SQL: SHOW COLUMNS FROM `onlineorder_dishtype` [ RunTime:0.0110s ]
SQL: SELECT * FROM `onlineorder_dishtype`  [ RunTime:0.0000s ]
INFO: [ view_parse ] --START--
INFO: [ template_filter ] --START--
INFO: Run Behavior\ContentReplaceBehavior [ RunTime:0.000000s ]
INFO: [ template_filter ] --END-- [ RunTime:0.001000s ]
INFO: Run Behavior\ParseTemplateBehavior [ RunTime:0.031002s ]
INFO: [ view_parse ] --END-- [ RunTime:0.031002s ]
INFO: [ view_filter ] --START--
INFO: Run Behavior\WriteHtmlCacheBehavior [ RunTime:0.001000s ]
INFO: [ view_filter ] --END-- [ RunTime:0.003000s ]
NOTIC: [2] Cannot modify header information - headers already sent by (output started at D:\wamp\www\onlineorder\ThinkPHP\Library\Think\View.class.php:95) D:\wamp\www\onlineorder\ThinkPHP\Library\Think\Controller.class.php 第 215 行.

[ 2017-05-29T20:38:48+08:00 ] ::1 /onlineorder/index.php/Home/Index/Menu.html
INFO: [ app_begin ] --START--
INFO: Run Behavior\ReadHtmlCacheBehavior [ RunTime:0.002000s ]
INFO: [ app_begin ] --END-- [ RunTime:0.002000s ]
NOTIC: [2048] Declaration of Home\Controller\IndexController::show() should be compatible with Think\Controller::show($content, $charset = '', $contentType = '', $prefix = '') D:\wamp\www\onlineorder\App\Home\Controller\IndexController.class.php 第 125 行.
SQL: SHOW COLUMNS FROM `onlineorder_dishtype` [ RunTime:0.0110s ]
SQL: SELECT * FROM `onlineorder_dishtype`  [ RunTime:0.0010s ]
INFO: [ view_parse ] --START--
INFO: [ template_filter ] --START--
INFO: Run Behavior\ContentReplaceBehavior [ RunTime:0.001000s ]
INFO: [ template_filter ] --END-- [ RunTime:0.001000s ]
INFO: Run Behavior\ParseTemplateBehavior [ RunTime:0.031002s ]
INFO: [ view_parse ] --END-- [ RunTime:0.031002s ]
INFO: [ view_filter ] --START--
INFO: Run Behavior\WriteHtmlCacheBehavior [ RunTime:0.001000s ]
INFO: [ view_filter ] --END-- [ RunTime:0.002000s ]
NOTIC: [2] Cannot modify header information - headers already sent by (output started at D:\wamp\www\onlineorder\ThinkPHP\Library\Think\View.class.php:95) D:\wamp\www\onlineorder\ThinkPHP\Library\Think\Controller.class.php 第 215 行.

[ 2017-05-29T20:41:35+08:00 ] ::1 /onlineorder/index.php/Home/Index/Menu.html
INFO: [ app_begin ] --START--
INFO: Run Behavior\ReadHtmlCacheBehavior [ RunTime:0.002000s ]
INFO: [ app_begin ] --END-- [ RunTime:0.003000s ]
NOTIC: [2048] Declaration of Home\Controller\IndexController::show() should be compatible with Think\Controller::show($content, $charset = '', $contentType = '', $prefix = '') D:\wamp\www\onlineorder\App\Home\Controller\IndexController.class.php 第 129 行.
SQL: SHOW COLUMNS FROM `onlineorder_dishtype` [ RunTime:0.0120s ]
SQL: SELECT * FROM `onlineorder_dishtype`  [ RunTime:0.0010s ]
INFO: [ view_parse ] --START--
INFO: [ template_filter ] --START--
INFO: Run Behavior\ContentReplaceBehavior [ RunTime:0.001000s ]
INFO: [ template_filter ] --END-- [ RunTime:0.001000s ]
INFO: Run Behavior\ParseTemplateBehavior [ RunTime:0.034002s ]
INFO: [ view_parse ] --END-- [ RunTime:0.034002s ]
INFO: [ view_filter ] --START--
INFO: Run Behavior\WriteHtmlCacheBehavior [ RunTime:0.001000s ]
INFO: [ view_filter ] --END-- [ RunTime:0.003000s ]
NOTIC: [2] Cannot modify header information - headers already sent by (output started at D:\wamp\www\onlineorder\ThinkPHP\Library\Think\View.class.php:95) D:\wamp\www\onlineorder\ThinkPHP\Library\Think\Controller.class.php 第 215 行.

[ 2017-05-29T20:43:28+08:00 ] ::1 /onlineorder/index.php/Home/Index/Menulist.html
INFO: [ app_begin ] --START--
INFO: Run Behavior\ReadHtmlCacheBehavior [ RunTime:0.002001s ]
INFO: [ app_begin ] --END-- [ RunTime:0.002001s ]
NOTIC: [2048] Declaration of Home\Controller\IndexController::show() should be compatible with Think\Controller::show($content, $charset = '', $contentType = '', $prefix = '') D:\wamp\www\onlineorder\App\Home\Controller\IndexController.class.php 第 129 行.
SQL: SHOW COLUMNS FROM `onlineorder_dishtype` [ RunTime:0.0110s ]
SQL: SELECT `id`,name as dishtype_name FROM `onlineorder_dishtype`  [ RunTime:0.0000s ]

[ 2017-05-29T20:46:43+08:00 ] ::1 /onlineorder/index.php/Home/Index/Menulist.html
INFO: [ app_begin ] --START--
INFO: Run Behavior\ReadHtmlCacheBehavior [ RunTime:0.001000s ]
INFO: [ app_begin ] --END-- [ RunTime:0.003000s ]
NOTIC: [2048] Declaration of Home\Controller\IndexController::show() should be compatible with Think\Controller::show($content, $charset = '', $contentType = '', $prefix = '') D:\wamp\www\onlineorder\App\Home\Controller\IndexController.class.php 第 129 行.
SQL: SHOW COLUMNS FROM `onlineorder_dishtype` [ RunTime:0.0160s ]
SQL: SELECT `id`,name as dishtype_name FROM `onlineorder_dishtype`  [ RunTime:0.0010s ]

[ 2017-05-29T20:46:46+08:00 ] ::1 /onlineorder/index.php/Home/Index/Menulist.html
INFO: [ app_begin ] --START--
INFO: Run Behavior\ReadHtmlCacheBehavior [ RunTime:0.002001s ]
INFO: [ app_begin ] --END-- [ RunTime:0.003001s ]
NOTIC: [2048] Declaration of Home\Controller\IndexController::show() should be compatible with Think\Controller::show($content, $charset = '', $contentType = '', $prefix = '') D:\wamp\www\onlineorder\App\Home\Controller\IndexController.class.php 第 129 行.
SQL: SHOW COLUMNS FROM `onlineorder_dishtype` [ RunTime:0.0110s ]
SQL: SELECT `id`,name as dishtype_name FROM `onlineorder_dishtype`  [ RunTime:0.0010s ]

[ 2017-05-29T20:46:49+08:00 ] ::1 /onlineorder/index.php/Home/Index/Menulist.html
INFO: [ app_begin ] --START--
INFO: Run Behavior\ReadHtmlCacheBehavior [ RunTime:0.002001s ]
INFO: [ app_begin ] --END-- [ RunTime:0.003001s ]
NOTIC: [2048] Declaration of Home\Controller\IndexController::show() should be compatible with Think\Controller::show($content, $charset = '', $contentType = '', $prefix = '') D:\wamp\www\onlineorder\App\Home\Controller\IndexController.class.php 第 129 行.
SQL: SHOW COLUMNS FROM `onlineorder_dishtype` [ RunTime:0.0110s ]
SQL: SELECT `id`,name as dishtype_name FROM `onlineorder_dishtype`  [ RunTime:0.0010s ]

[ 2017-05-29T20:49:31+08:00 ] ::1 /onlineorder/index.php/Home/Index/Menulist.html
INFO: [ app_begin ] --START--
INFO: Run Behavior\ReadHtmlCacheBehavior [ RunTime:0.002000s ]
INFO: [ app_begin ] --END-- [ RunTime:0.002000s ]
NOTIC: [2048] Declaration of Home\Controller\IndexController::show() should be compatible with Think\Controller::show($content, $charset = '', $contentType = '', $prefix = '') D:\wamp\www\onlineorder\App\Home\Controller\IndexController.class.php 第 129 行.
SQL: SHOW COLUMNS FROM `onlineorder_dishtype` [ RunTime:0.0156s ]
SQL: SELECT `id`,name as dishtype_name FROM `onlineorder_dishtype`  [ RunTime:0.0000s ]

[ 2017-05-29T20:50:24+08:00 ] ::1 /onlineorder/index.php/Home/Index/Menulist.html
INFO: [ app_begin ] --START--
INFO: Run Behavior\ReadHtmlCacheBehavior [ RunTime:0.000000s ]
INFO: [ app_begin ] --END-- [ RunTime:0.000000s ]
NOTIC: [2048] Declaration of Home\Controller\IndexController::show() should be compatible with Think\Controller::show($content, $charset = '', $contentType = '', $prefix = '') D:\wamp\www\onlineorder\App\Home\Controller\IndexController.class.php 第 129 行.
SQL: SHOW COLUMNS FROM `onlineorder_dishtype` [ RunTime:0.0156s ]
SQL: SELECT `id`,name as dishtype_name FROM `onlineorder_dishtype`  [ RunTime:0.0000s ]

[ 2017-05-29T20:51:13+08:00 ] ::1 /onlineorder/index.php/Home/Index/Menulist.html
INFO: [ app_begin ] --START--
INFO: Run Behavior\ReadHtmlCacheBehavior [ RunTime:0.002000s ]
INFO: [ app_begin ] --END-- [ RunTime:0.002000s ]
NOTIC: [2048] Declaration of Home\Controller\IndexController::show() should be compatible with Think\Controller::show($content, $charset = '', $contentType = '', $prefix = '') D:\wamp\www\onlineorder\App\Home\Controller\IndexController.class.php 第 129 行.
SQL: SHOW COLUMNS FROM `onlineorder_dishtype` [ RunTime:0.0156s ]
SQL: SELECT `id`,name as dishtype_name FROM `onlineorder_dishtype`  [ RunTime:0.0000s ]

[ 2017-05-29T20:52:34+08:00 ] ::1 /onlineorder/index.php/Home/Index/Menulist.html
INFO: [ app_begin ] --START--
INFO: Run Behavior\ReadHtmlCacheBehavior [ RunTime:0.002000s ]
INFO: [ app_begin ] --END-- [ RunTime:0.002000s ]
NOTIC: [2048] Declaration of Home\Controller\IndexController::show() should be compatible with Think\Controller::show($content, $charset = '', $contentType = '', $prefix = '') D:\wamp\www\onlineorder\App\Home\Controller\IndexController.class.php 第 129 行.
SQL: SHOW COLUMNS FROM `onlineorder_dishtype` [ RunTime:0.0000s ]
SQL: SELECT `id`,name as dishtype_name FROM `onlineorder_dishtype`  [ RunTime:0.0000s ]

[ 2017-05-29T20:52:47+08:00 ] ::1 /onlineorder/index.php/Home/Index/Menulist.html
INFO: [ app_begin ] --START--
INFO: Run Behavior\ReadHtmlCacheBehavior [ RunTime:0.002000s ]
INFO: [ app_begin ] --END-- [ RunTime:0.002000s ]
NOTIC: [2048] Declaration of Home\Controller\IndexController::show() should be compatible with Think\Controller::show($content, $charset = '', $contentType = '', $prefix = '') D:\wamp\www\onlineorder\App\Home\Controller\IndexController.class.php 第 129 行.
SQL: SHOW COLUMNS FROM `onlineorder_dishtype` [ RunTime:0.0156s ]
SQL: SELECT `id`,name as dishtype_name FROM `onlineorder_dishtype`  [ RunTime:0.0000s ]

[ 2017-05-29T20:55:14+08:00 ] ::1 /onlineorder/index.php/Home/Index/Menulist.html
INFO: [ app_begin ] --START--
INFO: Run Behavior\ReadHtmlCacheBehavior [ RunTime:0.001000s ]
INFO: [ app_begin ] --END-- [ RunTime:0.002000s ]
NOTIC: [2048] Declaration of Home\Controller\IndexController::show() should be compatible with Think\Controller::show($content, $charset = '', $contentType = '', $prefix = '') D:\wamp\www\onlineorder\App\Home\Controller\IndexController.class.php 第 129 行.
SQL: SHOW COLUMNS FROM `onlineorder_dishtype` [ RunTime:0.0156s ]
SQL: SELECT `id`,name as dishtype_name FROM `onlineorder_dishtype`  [ RunTime:0.0000s ]

[ 2017-05-29T20:57:10+08:00 ] ::1 /onlineorder/index.php/Home/Index/Menulist.html
INFO: [ app_begin ] --START--
INFO: Run Behavior\ReadHtmlCacheBehavior [ RunTime:0.001000s ]
INFO: [ app_begin ] --END-- [ RunTime:0.003000s ]
NOTIC: [2048] Declaration of Home\Controller\IndexController::show() should be compatible with Think\Controller::show($content, $charset = '', $contentType = '', $prefix = '') D:\wamp\www\onlineorder\App\Home\Controller\IndexController.class.php 第 129 行.
SQL: SHOW COLUMNS FROM `onlineorder_dishtype` [ RunTime:0.0156s ]
SQL: SELECT `id`,name as dishtype_name FROM `onlineorder_dishtype`  [ RunTime:0.0000s ]

[ 2017-05-29T21:01:26+08:00 ] ::1 /onlineorder/index.php/Home/Index/Menulist.html
INFO: [ app_begin ] --START--
INFO: Run Behavior\ReadHtmlCacheBehavior [ RunTime:0.001001s ]
INFO: [ app_begin ] --END-- [ RunTime:0.003001s ]
NOTIC: [2048] Declaration of Home\Controller\IndexController::show() should be compatible with Think\Controller::show($content, $charset = '', $contentType = '', $prefix = '') D:\wamp\www\onlineorder\App\Home\Controller\IndexController.class.php 第 129 行.
SQL: SHOW COLUMNS FROM `onlineorder_dishtype` [ RunTime:0.0156s ]
SQL: SELECT `id`,name as dishtype_name FROM `onlineorder_dishtype`  [ RunTime:0.0000s ]

[ 2017-05-29T21:03:48+08:00 ] ::1 /onlineorder/index.php/Home/Index/Menulist.html?callback=jQuery32003891018979314742_1496063027962
INFO: [ app_begin ] --START--
INFO: Run Behavior\ReadHtmlCacheBehavior [ RunTime:0.001000s ]
INFO: [ app_begin ] --END-- [ RunTime:0.001000s ]
NOTIC: [2048] Declaration of Home\Controller\IndexController::show() should be compatible with Think\Controller::show($content, $charset = '', $contentType = '', $prefix = '') D:\wamp\www\onlineorder\App\Home\Controller\IndexController.class.php 第 129 行.
SQL: SHOW COLUMNS FROM `onlineorder_dishtype` [ RunTime:0.0156s ]
SQL: SELECT `id`,name as dishtype_name FROM `onlineorder_dishtype`  [ RunTime:0.0000s ]

[ 2017-05-29T21:04:48+08:00 ] ::1 /onlineorder/index.php/Home/Index/Menulist.html?callback=jQuery320037127810898994573_1496063086627
INFO: [ app_begin ] --START--
INFO: Run Behavior\ReadHtmlCacheBehavior [ RunTime:0.002000s ]
INFO: [ app_begin ] --END-- [ RunTime:0.003000s ]
NOTIC: [2048] Declaration of Home\Controller\IndexController::show() should be compatible with Think\Controller::show($content, $charset = '', $contentType = '', $prefix = '') D:\wamp\www\onlineorder\App\Home\Controller\IndexController.class.php 第 129 行.
SQL: SHOW COLUMNS FROM `onlineorder_dishtype` [ RunTime:0.0010s ]
SQL: SELECT `id`,name as dishtype_name FROM `onlineorder_dishtype`  [ RunTime:0.0000s ]

[ 2017-05-29T21:05:19+08:00 ] ::1 /onlineorder/index.php/Home/Index/Menulist.html?callback=jQuery320012960985459371188_1496063119178
INFO: [ app_begin ] --START--
INFO: Run Behavior\ReadHtmlCacheBehavior [ RunTime:0.000000s ]
INFO: [ app_begin ] --END-- [ RunTime:0.000000s ]
NOTIC: [2048] Declaration of Home\Controller\IndexController::show() should be compatible with Think\Controller::show($content, $charset = '', $contentType = '', $prefix = '') D:\wamp\www\onlineorder\App\Home\Controller\IndexController.class.php 第 129 行.
SQL: SHOW COLUMNS FROM `onlineorder_dishtype` [ RunTime:0.0000s ]
SQL: SELECT `id`,name as dishtype_name FROM `onlineorder_dishtype`  [ RunTime:0.0000s ]

[ 2017-05-29T21:05:26+08:00 ] ::1 /onlineorder/index.php/Home/Index/Menulist.html?callback=jQuery320012960985459371188_1496063119178
INFO: [ app_begin ] --START--
INFO: Run Behavior\ReadHtmlCacheBehavior [ RunTime:0.002000s ]
INFO: [ app_begin ] --END-- [ RunTime:0.002000s ]
NOTIC: [2048] Declaration of Home\Controller\IndexController::show() should be compatible with Think\Controller::show($content, $charset = '', $contentType = '', $prefix = '') D:\wamp\www\onlineorder\App\Home\Controller\IndexController.class.php 第 129 行.
SQL: SHOW COLUMNS FROM `onlineorder_dishtype` [ RunTime:0.0000s ]
SQL: SELECT `id`,name as dishtype_name FROM `onlineorder_dishtype`  [ RunTime:0.0000s ]

[ 2017-05-29T21:05:53+08:00 ] ::1 /onlineorder/index.php/Home/Index/Menulist.html?callback=jQuery32009271221813450778_1496063151941
INFO: [ app_begin ] --START--
INFO: Run Behavior\ReadHtmlCacheBehavior [ RunTime:0.003000s ]
INFO: [ app_begin ] --END-- [ RunTime:0.003000s ]
NOTIC: [2048] Declaration of Home\Controller\IndexController::show() should be compatible with Think\Controller::show($content, $charset = '', $contentType = '', $prefix = '') D:\wamp\www\onlineorder\App\Home\Controller\IndexController.class.php 第 129 行.
SQL: SHOW COLUMNS FROM `onlineorder_dishtype` [ RunTime:0.0100s ]
SQL: SELECT `id`,name as dishtype_name FROM `onlineorder_dishtype`  [ RunTime:0.0000s ]

[ 2017-05-29T21:10:24+08:00 ] ::1 /onlineorder/index.php/Home/Index/Menulist.html
ERR: 模板不存在:./App/Home/View/Index/Menulist.html

[ 2017-05-29T21:10:34+08:00 ] ::1 /onlineorder/index.php/Home/Index/Menulist.html
ERR: 模板不存在:./App/Home/View/Index/Menulist.html

[ 2017-05-29T21:10:35+08:00 ] ::1 /onlineorder/index.php/Home/Index/Menulist.html
ERR: 模板不存在:./App/Home/View/Index/Menulist.html

[ 2017-05-29T21:10:38+08:00 ] ::1 /onlineorder/index.php/Home/Index/Menulist.html
ERR: 模板不存在:./App/Home/View/Index/Menulist.html

[ 2017-05-29T21:11:48+08:00 ] ::1 /onlineorder/index.php/Home/Index/Menulist.html
ERR: 模板不存在:./App/Home/View/Index/Menulist.html

[ 2017-05-29T21:15:00+08:00 ] ::1 /onlineorder/index.php/Home/Index/Menu.html
INFO: [ app_begin ] --START--
INFO: Run Behavior\ReadHtmlCacheBehavior [ RunTime:0.005001s ]
INFO: [ app_begin ] --END-- [ RunTime:0.006001s ]
NOTIC: [2048] Declaration of Home\Controller\IndexController::show() should be compatible with Think\Controller::show($content, $charset = '', $contentType = '', $prefix = '') D:\wamp\www\onlineorder\App\Home\Controller\IndexController.class.php 第 131 行.
SQL: SHOW COLUMNS FROM `onlineorder_dishtype` [ RunTime:0.0160s ]
SQL: SELECT * FROM `onlineorder_dishtype`  [ RunTime:0.0020s ]
INFO: [ view_parse ] --START--
INFO: [ template_filter ] --START--
INFO: Run Behavior\ContentReplaceBehavior [ RunTime:0.000000s ]
INFO: [ template_filter ] --END-- [ RunTime:0.002000s ]
INFO: Run Behavior\ParseTemplateBehavior [ RunTime:0.055003s ]
INFO: [ view_parse ] --END-- [ RunTime:0.055003s ]
INFO: [ view_filter ] --START--
INFO: Run Behavior\WriteHtmlCacheBehavior [ RunTime:0.003001s ]
INFO: [ view_filter ] --END-- [ RunTime:0.004001s ]
NOTIC: [2] Cannot modify header information - headers already sent by (output started at D:\wamp\www\onlineorder\ThinkPHP\Library\Think\View.class.php:95) D:\wamp\www\onlineorder\ThinkPHP\Library\Think\Controller.class.php 第 215 行.

[ 2017-05-29T21:15:28+08:00 ] ::1 /onlineorder/index.php/Home/Index/Menu.html
INFO: [ app_begin ] --START--
INFO: Run Behavior\ReadHtmlCacheBehavior [ RunTime:0.002000s ]
INFO: [ app_begin ] --END-- [ RunTime:0.003000s ]
NOTIC: [2048] Declaration of Home\Controller\IndexController::show() should be compatible with Think\Controller::show($content, $charset = '', $contentType = '', $prefix = '') D:\wamp\www\onlineorder\App\Home\Controller\IndexController.class.php 第 131 行.
SQL: SHOW COLUMNS FROM `onlineorder_dishtype` [ RunTime:0.0100s ]
SQL: SELECT * FROM `onlineorder_dishtype`  [ RunTime:0.0000s ]
INFO: [ view_parse ] --START--
INFO: [ template_filter ] --START--
INFO: Run Behavior\ContentReplaceBehavior [ RunTime:0.001001s ]
INFO: [ template_filter ] --END-- [ RunTime:0.001001s ]
INFO: Run Behavior\ParseTemplateBehavior [ RunTime:0.029002s ]
INFO: [ view_parse ] --END-- [ RunTime:0.029002s ]
INFO: [ view_filter ] --START--
INFO: Run Behavior\WriteHtmlCacheBehavior [ RunTime:0.001000s ]
INFO: [ view_filter ] --END-- [ RunTime:0.001000s ]
NOTIC: [2] Cannot modify header information - headers already sent by (output started at D:\wamp\www\onlineorder\ThinkPHP\Library\Think\View.class.php:95) D:\wamp\www\onlineorder\ThinkPHP\Library\Think\Controller.class.php 第 215 行.

[ 2017-05-29T21:18:02+08:00 ] ::1 /onlineorder/index.php/Home/Index/Menu.html
INFO: [ app_begin ] --START--
INFO: Run Behavior\ReadHtmlCacheBehavior [ RunTime:0.001000s ]
INFO: [ app_begin ] --END-- [ RunTime:0.002000s ]
NOTIC: [2048] Declaration of Home\Controller\IndexController::show() should be compatible with Think\Controller::show($content, $charset = '', $contentType = '', $prefix = '') D:\wamp\www\onlineorder\App\Home\Controller\IndexController.class.php 第 131 行.
SQL: SHOW COLUMNS FROM `onlineorder_dishtype` [ RunTime:0.0100s ]
SQL: SELECT * FROM `onlineorder_dishtype`  [ RunTime:0.0010s ]
INFO: [ view_parse ] --START--
INFO: [ template_filter ] --START--
INFO: Run Behavior\ContentReplaceBehavior [ RunTime:0.000000s ]
INFO: [ template_filter ] --END-- [ RunTime:0.000000s ]
INFO: Run Behavior\ParseTemplateBehavior [ RunTime:0.030002s ]
INFO: [ view_parse ] --END-- [ RunTime:0.030002s ]
INFO: [ view_filter ] --START--
INFO: Run Behavior\WriteHtmlCacheBehavior [ RunTime:0.001000s ]
INFO: [ view_filter ] --END-- [ RunTime:0.002000s ]
NOTIC: [2] Cannot modify header information - headers already sent by (output started at D:\wamp\www\onlineorder\ThinkPHP\Library\Think\View.class.php:95) D:\wamp\www\onlineorder\ThinkPHP\Library\Think\Controller.class.php 第 215 行.

[ 2017-05-29T21:18:05+08:00 ] ::1 /onlineorder/index.php/Home/Index/Menu.html
INFO: [ app_begin ] --START--
INFO: Run Behavior\ReadHtmlCacheBehavior [ RunTime:0.002000s ]
INFO: [ app_begin ] --END-- [ RunTime:0.003000s ]
NOTIC: [2048] Declaration of Home\Controller\IndexController::show() should be compatible with Think\Controller::show($content, $charset = '', $contentType = '', $prefix = '') D:\wamp\www\onlineorder\App\Home\Controller\IndexController.class.php 第 131 行.
SQL: SHOW COLUMNS FROM `onlineorder_dishtype` [ RunTime:0.0100s ]
SQL: SELECT * FROM `onlineorder_dishtype`  [ RunTime:0.0010s ]
INFO: [ view_parse ] --START--
INFO: [ template_filter ] --START--
INFO: Run Behavior\ContentReplaceBehavior [ RunTime:0.000000s ]
INFO: [ template_filter ] --END-- [ RunTime:0.001000s ]
INFO: Run Behavior\ParseTemplateBehavior [ RunTime:0.029001s ]
INFO: [ view_parse ] --END-- [ RunTime:0.030001s ]
INFO: [ view_filter ] --START--
INFO: Run Behavior\WriteHtmlCacheBehavior [ RunTime:0.001000s ]
INFO: [ view_filter ] --END-- [ RunTime:0.001000s ]
NOTIC: [2] Cannot modify header information - headers already sent by (output started at D:\wamp\www\onlineorder\ThinkPHP\Library\Think\View.class.php:95) D:\wamp\www\onlineorder\ThinkPHP\Library\Think\Controller.class.php 第 215 行.

[ 2017-05-29T21:18:17+08:00 ] ::1 /onlineorder/index.php/Home/Index/Menu.html
INFO: [ app_begin ] --START--
INFO: Run Behavior\ReadHtmlCacheBehavior [ RunTime:0.003000s ]
INFO: [ app_begin ] --END-- [ RunTime:0.004000s ]
NOTIC: [2048] Declaration of Home\Controller\IndexController::show() should be compatible with Think\Controller::show($content, $charset = '', $contentType = '', $prefix = '') D:\wamp\www\onlineorder\App\Home\Controller\IndexController.class.php 第 131 行.
SQL: SHOW COLUMNS FROM `onlineorder_dishtype` [ RunTime:0.0180s ]
SQL: SELECT * FROM `onlineorder_dishtype`  [ RunTime:0.0020s ]
INFO: [ view_parse ] --START--
INFO: [ template_filter ] --START--
INFO: Run Behavior\ContentReplaceBehavior [ RunTime:0.001000s ]
INFO: [ template_filter ] --END-- [ RunTime:0.002000s ]
INFO: Run Behavior\ParseTemplateBehavior [ RunTime:0.091006s ]
INFO: [ view_parse ] --END-- [ RunTime:0.092006s ]
INFO: [ view_filter ] --START--
INFO: Run Behavior\WriteHtmlCacheBehavior [ RunTime:0.007000s ]
INFO: [ view_filter ] --END-- [ RunTime:0.007000s ]
NOTIC: [2] Cannot modify header information - headers already sent by (output started at D:\wamp\www\onlineorder\ThinkPHP\Library\Think\View.class.php:95) D:\wamp\www\onlineorder\ThinkPHP\Library\Think\Controller.class.php 第 215 行.

[ 2017-05-29T21:22:39+08:00 ] ::1 /onlineorder/index.php/Home/Index/Menu.html
INFO: [ app_begin ] --START--
INFO: Run Behavior\ReadHtmlCacheBehavior [ RunTime:0.001000s ]
INFO: [ app_begin ] --END-- [ RunTime:0.002000s ]
NOTIC: [2048] Declaration of Home\Controller\IndexController::show() should be compatible with Think\Controller::show($content, $charset = '', $contentType = '', $prefix = '') D:\wamp\www\onlineorder\App\Home\Controller\IndexController.class.php 第 131 行.
SQL: SHOW COLUMNS FROM `onlineorder_dishtype` [ RunTime:0.0120s ]
SQL: SELECT * FROM `onlineorder_dishtype`  [ RunTime:0.0010s ]
INFO: [ view_parse ] --START--
INFO: [ template_filter ] --START--
INFO: Run Behavior\ContentReplaceBehavior [ RunTime:0.000000s ]
INFO: [ template_filter ] --END-- [ RunTime:0.001000s ]
INFO: Run Behavior\ParseTemplateBehavior [ RunTime:0.032002s ]
INFO: [ view_parse ] --END-- [ RunTime:0.033002s ]
INFO: [ view_filter ] --START--
INFO: Run Behavior\WriteHtmlCacheBehavior [ RunTime:0.001000s ]
INFO: [ view_filter ] --END-- [ RunTime:0.002000s ]
NOTIC: [2] Cannot modify header information - headers already sent by (output started at D:\wamp\www\onlineorder\ThinkPHP\Library\Think\View.class.php:95) D:\wamp\www\onlineorder\ThinkPHP\Library\Think\Controller.class.php 第 215 行.

[ 2017-05-29T21:25:58+08:00 ] ::1 /onlineorder/index.php/Home/Index/Menu.html
INFO: [ app_begin ] --START--
INFO: Run Behavior\ReadHtmlCacheBehavior [ RunTime:0.003000s ]
INFO: [ app_begin ] --END-- [ RunTime:0.003000s ]
NOTIC: [2048] Declaration of Home\Controller\IndexController::show() should be compatible with Think\Controller::show($content, $charset = '', $contentType = '', $prefix = '') D:\wamp\www\onlineorder\App\Home\Controller\IndexController.class.php 第 131 行.
SQL: SHOW COLUMNS FROM `onlineorder_dishtype` [ RunTime:0.0120s ]
SQL: SELECT * FROM `onlineorder_dishtype`  [ RunTime:0.0020s ]
INFO: [ view_parse ] --START--
INFO: [ template_filter ] --START--
INFO: Run Behavior\ContentReplaceBehavior [ RunTime:0.001000s ]
INFO: [ template_filter ] --END-- [ RunTime:0.001000s ]
INFO: Run Behavior\ParseTemplateBehavior [ RunTime:0.033002s ]
INFO: [ view_parse ] --END-- [ RunTime:0.034002s ]
INFO: [ view_filter ] --START--
INFO: Run Behavior\WriteHtmlCacheBehavior [ RunTime:0.001000s ]
INFO: [ view_filter ] --END-- [ RunTime:0.001000s ]
NOTIC: [2] Cannot modify header information - headers already sent by (output started at D:\wamp\www\onlineorder\ThinkPHP\Library\Think\View.class.php:95) D:\wamp\www\onlineorder\ThinkPHP\Library\Think\Controller.class.php 第 215 行.

[ 2017-05-29T21:25:59+08:00 ] ::1 /onlineorder/index.php/Home/Index/Menu.html
INFO: [ app_begin ] --START--
INFO: Run Behavior\ReadHtmlCacheBehavior [ RunTime:0.002000s ]
INFO: [ app_begin ] --END-- [ RunTime:0.002000s ]
NOTIC: [2048] Declaration of Home\Controller\IndexController::show() should be compatible with Think\Controller::show($content, $charset = '', $contentType = '', $prefix = '') D:\wamp\www\onlineorder\App\Home\Controller\IndexController.class.php 第 131 行.
SQL: SHOW COLUMNS FROM `onlineorder_dishtype` [ RunTime:0.0100s ]
SQL: SELECT * FROM `onlineorder_dishtype`  [ RunTime:0.0010s ]
INFO: [ view_parse ] --START--
INFO: [ template_filter ] --START--
INFO: Run Behavior\ContentReplaceBehavior [ RunTime:0.000000s ]
INFO: [ template_filter ] --END-- [ RunTime:0.001000s ]
INFO: Run Behavior\ParseTemplateBehavior [ RunTime:0.030001s ]
INFO: [ view_parse ] --END-- [ RunTime:0.031001s ]
INFO: [ view_filter ] --START--
INFO: Run Behavior\WriteHtmlCacheBehavior [ RunTime:0.001000s ]
INFO: [ view_filter ] --END-- [ RunTime:0.001000s ]
NOTIC: [2] Cannot modify header information - headers already sent by (output started at D:\wamp\www\onlineorder\ThinkPHP\Library\Think\View.class.php:95) D:\wamp\www\onlineorder\ThinkPHP\Library\Think\Controller.class.php 第 215 行.

[ 2017-05-29T21:26:15+08:00 ] ::1 /onlineorder/index.php/Home/Index/Menu.html
INFO: [ app_begin ] --START--
INFO: Run Behavior\ReadHtmlCacheBehavior [ RunTime:0.002000s ]
INFO: [ app_begin ] --END-- [ RunTime:0.003000s ]
NOTIC: [2048] Declaration of Home\Controller\IndexController::show() should be compatible with Think\Controller::show($content, $charset = '', $contentType = '', $prefix = '') D:\wamp\www\onlineorder\App\Home\Controller\IndexController.class.php 第 131 行.
SQL: SHOW COLUMNS FROM `onlineorder_dishtype` [ RunTime:0.0110s ]
SQL: SELECT * FROM `onlineorder_dishtype`  [ RunTime:0.0000s ]
INFO: [ view_parse ] --START--
INFO: [ template_filter ] --START--
INFO: Run Behavior\ContentReplaceBehavior [ RunTime:0.000000s ]
INFO: [ template_filter ] --END-- [ RunTime:0.001000s ]
INFO: Run Behavior\ParseTemplateBehavior [ RunTime:0.031001s ]
INFO: [ view_parse ] --END-- [ RunTime:0.031001s ]
INFO: [ view_filter ] --START--
INFO: Run Behavior\WriteHtmlCacheBehavior [ RunTime:0.002000s ]
INFO: [ view_filter ] --END-- [ RunTime:0.002000s ]
NOTIC: [2] Cannot modify header information - headers already sent by (output started at D:\wamp\www\onlineorder\ThinkPHP\Library\Think\View.class.php:95) D:\wamp\www\onlineorder\ThinkPHP\Library\Think\Controller.class.php 第 215 行.

[ 2017-05-29T21:26:32+08:00 ] ::1 /onlineorder/index.php/Home/Index/Menu.html
INFO: [ app_begin ] --START--
INFO: Run Behavior\ReadHtmlCacheBehavior [ RunTime:0.002000s ]
INFO: [ app_begin ] --END-- [ RunTime:0.002000s ]
NOTIC: [2048] Declaration of Home\Controller\IndexController::show() should be compatible with Think\Controller::show($content, $charset = '', $contentType = '', $prefix = '') D:\wamp\www\onlineorder\App\Home\Controller\IndexController.class.php 第 131 行.
SQL: SHOW COLUMNS FROM `onlineorder_dishtype` [ RunTime:0.0100s ]
SQL: SELECT * FROM `onlineorder_dishtype`  [ RunTime:0.0010s ]
INFO: [ view_parse ] --START--
INFO: [ template_filter ] --START--
INFO: Run Behavior\ContentReplaceBehavior [ RunTime:0.000000s ]
INFO: [ template_filter ] --END-- [ RunTime:0.001000s ]
INFO: Run Behavior\ParseTemplateBehavior [ RunTime:0.030001s ]
INFO: [ view_parse ] --END-- [ RunTime:0.030001s ]
INFO: [ view_filter ] --START--
INFO: Run Behavior\WriteHtmlCacheBehavior [ RunTime:0.000000s ]
INFO: [ view_filter ] --END-- [ RunTime:0.002001s ]
NOTIC: [2] Cannot modify header information - headers already sent by (output started at D:\wamp\www\onlineorder\ThinkPHP\Library\Think\View.class.php:95) D:\wamp\www\onlineorder\ThinkPHP\Library\Think\Controller.class.php 第 215 行.

[ 2017-05-29T21:27:34+08:00 ] ::1 /onlineorder/index.php/Home/Index/Menu.html
INFO: [ app_begin ] --START--
INFO: Run Behavior\ReadHtmlCacheBehavior [ RunTime:0.001001s ]
INFO: [ app_begin ] --END-- [ RunTime:0.002001s ]
NOTIC: [2048] Declaration of Home\Controller\IndexController::show() should be compatible with Think\Controller::show($content, $charset = '', $contentType = '', $prefix = '') D:\wamp\www\onlineorder\App\Home\Controller\IndexController.class.php 第 131 行.
SQL: SHOW COLUMNS FROM `onlineorder_dishtype` [ RunTime:0.0110s ]
SQL: SELECT * FROM `onlineorder_dishtype`  [ RunTime:0.0010s ]
INFO: [ view_parse ] --START--
INFO: [ template_filter ] --START--
INFO: Run Behavior\ContentReplaceBehavior [ RunTime:0.000000s ]
INFO: [ template_filter ] --END-- [ RunTime:0.001000s ]
INFO: Run Behavior\ParseTemplateBehavior [ RunTime:0.031002s ]
INFO: [ view_parse ] --END-- [ RunTime:0.031002s ]
INFO: [ view_filter ] --START--
INFO: Run Behavior\WriteHtmlCacheBehavior [ RunTime:0.001000s ]
INFO: [ view_filter ] --END-- [ RunTime:0.001000s ]
NOTIC: [2] Cannot modify header information - headers already sent by (output started at D:\wamp\www\onlineorder\ThinkPHP\Library\Think\View.class.php:95) D:\wamp\www\onlineorder\ThinkPHP\Library\Think\Controller.class.php 第 215 行.

[ 2017-05-29T21:27:36+08:00 ] ::1 /onlineorder/index.php/Home/Index/Menu.html
INFO: [ app_begin ] --START--
INFO: Run Behavior\ReadHtmlCacheBehavior [ RunTime:0.001000s ]
INFO: [ app_begin ] --END-- [ RunTime:0.002000s ]
NOTIC: [2048] Declaration of Home\Controller\IndexController::show() should be compatible with Think\Controller::show($content, $charset = '', $contentType = '', $prefix = '') D:\wamp\www\onlineorder\App\Home\Controller\IndexController.class.php 第 131 行.
SQL: SHOW COLUMNS FROM `onlineorder_dishtype` [ RunTime:0.0110s ]
SQL: SELECT * FROM `onlineorder_dishtype`  [ RunTime:0.0000s ]
INFO: [ view_parse ] --START--
INFO: [ template_filter ] --START--
INFO: Run Behavior\ContentReplaceBehavior [ RunTime:0.000000s ]
INFO: [ template_filter ] --END-- [ RunTime:0.000000s ]
INFO: Run Behavior\ParseTemplateBehavior [ RunTime:0.031001s ]
INFO: [ view_parse ] --END-- [ RunTime:0.032002s ]
INFO: [ view_filter ] --START--
INFO: Run Behavior\WriteHtmlCacheBehavior [ RunTime:0.000000s ]
INFO: [ view_filter ] --END-- [ RunTime:0.002000s ]
NOTIC: [2] Cannot modify header information - headers already sent by (output started at D:\wamp\www\onlineorder\ThinkPHP\Library\Think\View.class.php:95) D:\wamp\www\onlineorder\ThinkPHP\Library\Think\Controller.class.php 第 215 行.

[ 2017-05-29T21:28:05+08:00 ] ::1 /onlineorder/index.php/Home/Index/Menu.html
INFO: [ app_begin ] --START--
INFO: Run Behavior\ReadHtmlCacheBehavior [ RunTime:0.001000s ]
INFO: [ app_begin ] --END-- [ RunTime:0.001000s ]
NOTIC: [2048] Declaration of Home\Controller\IndexController::show() should be compatible with Think\Controller::show($content, $charset = '', $contentType = '', $prefix = '') D:\wamp\www\onlineorder\App\Home\Controller\IndexController.class.php 第 131 行.
SQL: SHOW COLUMNS FROM `onlineorder_dishtype` [ RunTime:0.0100s ]
SQL: SELECT * FROM `onlineorder_dishtype`  [ RunTime:0.0010s ]
INFO: [ view_parse ] --START--
INFO: [ template_filter ] --START--
INFO: Run Behavior\ContentReplaceBehavior [ RunTime:0.000000s ]
INFO: [ template_filter ] --END-- [ RunTime:0.001000s ]
INFO: Run Behavior\ParseTemplateBehavior [ RunTime:0.030002s ]
INFO: [ view_parse ] --END-- [ RunTime:0.030002s ]
INFO: [ view_filter ] --START--
INFO: Run Behavior\WriteHtmlCacheBehavior [ RunTime:0.001000s ]
INFO: [ view_filter ] --END-- [ RunTime:0.001000s ]
NOTIC: [2] Cannot modify header information - headers already sent by (output started at D:\wamp\www\onlineorder\ThinkPHP\Library\Think\View.class.php:95) D:\wamp\www\onlineorder\ThinkPHP\Library\Think\Controller.class.php 第 215 行.

[ 2017-05-29T21:28:54+08:00 ] ::1 /onlineorder/index.php/Home/Index/Menu.html
INFO: [ app_begin ] --START--
INFO: Run Behavior\ReadHtmlCacheBehavior [ RunTime:0.002000s ]
INFO: [ app_begin ] --END-- [ RunTime:0.003001s ]
NOTIC: [2048] Declaration of Home\Controller\IndexController::show() should be compatible with Think\Controller::show($content, $charset = '', $contentType = '', $prefix = '') D:\wamp\www\onlineorder\App\Home\Controller\IndexController.class.php 第 131 行.
SQL: SHOW COLUMNS FROM `onlineorder_dishtype` [ RunTime:0.0110s ]
SQL: SELECT * FROM `onlineorder_dishtype`  [ RunTime:0.0010s ]
INFO: [ view_parse ] --START--
INFO: [ template_filter ] --START--
INFO: Run Behavior\ContentReplaceBehavior [ RunTime:0.000000s ]
INFO: [ template_filter ] --END-- [ RunTime:0.001000s ]
INFO: Run Behavior\ParseTemplateBehavior [ RunTime:0.031002s ]
INFO: [ view_parse ] --END-- [ RunTime:0.032002s ]
INFO: [ view_filter ] --START--
INFO: Run Behavior\WriteHtmlCacheBehavior [ RunTime:0.001000s ]
INFO: [ view_filter ] --END-- [ RunTime:0.001000s ]
NOTIC: [2] Cannot modify header information - headers already sent by (output started at D:\wamp\www\onlineorder\ThinkPHP\Library\Think\View.class.php:95) D:\wamp\www\onlineorder\ThinkPHP\Library\Think\Controller.class.php 第 215 行.

[ 2017-05-29T21:28:56+08:00 ] ::1 /onlineorder/index.php/Home/Index/Menu.html
INFO: [ app_begin ] --START--
INFO: Run Behavior\ReadHtmlCacheBehavior [ RunTime:0.001000s ]
INFO: [ app_begin ] --END-- [ RunTime:0.002000s ]
NOTIC: [2048] Declaration of Home\Controller\IndexController::show() should be compatible with Think\Controller::show($content, $charset = '', $contentType = '', $prefix = '') D:\wamp\www\onlineorder\App\Home\Controller\IndexController.class.php 第 131 行.
SQL: SHOW COLUMNS FROM `onlineorder_dishtype` [ RunTime:0.0110s ]
SQL: SELECT * FROM `onlineorder_dishtype`  [ RunTime:0.0010s ]
INFO: [ view_parse ] --START--
INFO: [ template_filter ] --START--
INFO: Run Behavior\ContentReplaceBehavior [ RunTime:0.000000s ]
INFO: [ template_filter ] --END-- [ RunTime:0.001000s ]
INFO: Run Behavior\ParseTemplateBehavior [ RunTime:0.028002s ]
INFO: [ view_parse ] --END-- [ RunTime:0.028002s ]
INFO: [ view_filter ] --START--
INFO: Run Behavior\WriteHtmlCacheBehavior [ RunTime:0.000000s ]
INFO: [ view_filter ] --END-- [ RunTime:0.002000s ]
NOTIC: [2] Cannot modify header information - headers already sent by (output started at D:\wamp\www\onlineorder\ThinkPHP\Library\Think\View.class.php:95) D:\wamp\www\onlineorder\ThinkPHP\Library\Think\Controller.class.php 第 215 行.

[ 2017-05-29T21:29:11+08:00 ] ::1 /onlineorder/index.php/Home/Index/Menu.html
INFO: [ app_begin ] --START--
INFO: Run Behavior\ReadHtmlCacheBehavior [ RunTime:0.001000s ]
INFO: [ app_begin ] --END-- [ RunTime:0.002000s ]
NOTIC: [2048] Declaration of Home\Controller\IndexController::show() should be compatible with Think\Controller::show($content, $charset = '', $contentType = '', $prefix = '') D:\wamp\www\onlineorder\App\Home\Controller\IndexController.class.php 第 131 行.
SQL: SHOW COLUMNS FROM `onlineorder_dishtype` [ RunTime:0.0100s ]
SQL: SELECT * FROM `onlineorder_dishtype`  [ RunTime:0.0010s ]
INFO: [ view_parse ] --START--
INFO: [ template_filter ] --START--
INFO: Run Behavior\ContentReplaceBehavior [ RunTime:0.001000s ]
INFO: [ template_filter ] --END-- [ RunTime:0.001000s ]
INFO: Run Behavior\ParseTemplateBehavior [ RunTime:0.028002s ]
INFO: [ view_parse ] --END-- [ RunTime:0.028002s ]
INFO: [ view_filter ] --START--
INFO: Run Behavior\WriteHtmlCacheBehavior [ RunTime:0.001000s ]
INFO: [ view_filter ] --END-- [ RunTime:0.002000s ]
NOTIC: [2] Cannot modify header information - headers already sent by (output started at D:\wamp\www\onlineorder\ThinkPHP\Library\Think\View.class.php:95) D:\wamp\www\onlineorder\ThinkPHP\Library\Think\Controller.class.php 第 215 行.

[ 2017-05-29T21:29:34+08:00 ] ::1 /onlineorder/index.php/Home/Index/Menu.html
INFO: [ app_begin ] --START--
INFO: Run Behavior\ReadHtmlCacheBehavior [ RunTime:0.002000s ]
INFO: [ app_begin ] --END-- [ RunTime:0.002000s ]
NOTIC: [2048] Declaration of Home\Controller\IndexController::show() should be compatible with Think\Controller::show($content, $charset = '', $contentType = '', $prefix = '') D:\wamp\www\onlineorder\App\Home\Controller\IndexController.class.php 第 131 行.
SQL: SHOW COLUMNS FROM `onlineorder_dishtype` [ RunTime:0.0120s ]
SQL: SELECT * FROM `onlineorder_dishtype`  [ RunTime:0.0010s ]
INFO: [ view_parse ] --START--
INFO: [ template_filter ] --START--
INFO: Run Behavior\ContentReplaceBehavior [ RunTime:0.000000s ]
INFO: [ template_filter ] --END-- [ RunTime:0.001000s ]
INFO: Run Behavior\ParseTemplateBehavior [ RunTime:0.032001s ]
INFO: [ view_parse ] --END-- [ RunTime:0.032001s ]
INFO: [ view_filter ] --START--
INFO: Run Behavior\WriteHtmlCacheBehavior [ RunTime:0.002000s ]
INFO: [ view_filter ] --END-- [ RunTime:0.002000s ]
NOTIC: [2] Cannot modify header information - headers already sent by (output started at D:\wamp\www\onlineorder\ThinkPHP\Library\Think\View.class.php:95) D:\wamp\www\onlineorder\ThinkPHP\Library\Think\Controller.class.php 第 215 行.

[ 2017-05-29T21:29:55+08:00 ] ::1 /onlineorder/index.php/Home/Index/Menu.html
INFO: [ app_begin ] --START--
INFO: Run Behavior\ReadHtmlCacheBehavior [ RunTime:0.003000s ]
INFO: [ app_begin ] --END-- [ RunTime:0.003000s ]
NOTIC: [2048] Declaration of Home\Controller\IndexController::show() should be compatible with Think\Controller::show($content, $charset = '', $contentType = '', $prefix = '') D:\wamp\www\onlineorder\App\Home\Controller\IndexController.class.php 第 131 行.
SQL: SHOW COLUMNS FROM `onlineorder_dishtype` [ RunTime:0.0140s ]
SQL: SELECT * FROM `onlineorder_dishtype`  [ RunTime:0.0010s ]
INFO: [ view_parse ] --START--
INFO: [ template_filter ] --START--
INFO: Run Behavior\ContentReplaceBehavior [ RunTime:0.001000s ]
INFO: [ template_filter ] --END-- [ RunTime:0.001000s ]
INFO: Run Behavior\ParseTemplateBehavior [ RunTime:0.042002s ]
INFO: [ view_parse ] --END-- [ RunTime:0.044003s ]
INFO: [ view_filter ] --START--
INFO: Run Behavior\WriteHtmlCacheBehavior [ RunTime:0.002000s ]
INFO: [ view_filter ] --END-- [ RunTime:0.003000s ]
NOTIC: [2] Cannot modify header information - headers already sent by (output started at D:\wamp\www\onlineorder\ThinkPHP\Library\Think\View.class.php:95) D:\wamp\www\onlineorder\ThinkPHP\Library\Think\Controller.class.php 第 215 行.

[ 2017-05-29T21:30:01+08:00 ] ::1 /onlineorder/index.php/Home/Index/Menu.html
INFO: [ app_begin ] --START--
INFO: Run Behavior\ReadHtmlCacheBehavior [ RunTime:0.003000s ]
INFO: [ app_begin ] --END-- [ RunTime:0.003000s ]
NOTIC: [2048] Declaration of Home\Controller\IndexController::show() should be compatible with Think\Controller::show($content, $charset = '', $contentType = '', $prefix = '') D:\wamp\www\onlineorder\App\Home\Controller\IndexController.class.php 第 131 行.
SQL: SHOW COLUMNS FROM `onlineorder_dishtype` [ RunTime:0.0110s ]
SQL: SELECT * FROM `onlineorder_dishtype`  [ RunTime:0.0010s ]
INFO: [ view_parse ] --START--
INFO: [ template_filter ] --START--
INFO: Run Behavior\ContentReplaceBehavior [ RunTime:0.000000s ]
INFO: [ template_filter ] --END-- [ RunTime:0.001000s ]
INFO: Run Behavior\ParseTemplateBehavior [ RunTime:0.030001s ]
INFO: [ view_parse ] --END-- [ RunTime:0.031001s ]
INFO: [ view_filter ] --START--
INFO: Run Behavior\WriteHtmlCacheBehavior [ RunTime:0.001000s ]
INFO: [ view_filter ] --END-- [ RunTime:0.001000s ]
NOTIC: [2] Cannot modify header information - headers already sent by (output started at D:\wamp\www\onlineorder\ThinkPHP\Library\Think\View.class.php:95) D:\wamp\www\onlineorder\ThinkPHP\Library\Think\Controller.class.php 第 215 行.

[ 2017-05-29T21:30:47+08:00 ] ::1 /onlineorder/index.php/Home/Index/Menu.html
INFO: [ app_begin ] --START--
INFO: Run Behavior\ReadHtmlCacheBehavior [ RunTime:0.002000s ]
INFO: [ app_begin ] --END-- [ RunTime:0.002000s ]
NOTIC: [2048] Declaration of Home\Controller\IndexController::show() should be compatible with Think\Controller::show($content, $charset = '', $contentType = '', $prefix = '') D:\wamp\www\onlineorder\App\Home\Controller\IndexController.class.php 第 131 行.
SQL: SHOW COLUMNS FROM `onlineorder_dishtype` [ RunTime:0.0110s ]
SQL: SELECT * FROM `onlineorder_dishtype`  [ RunTime:0.0010s ]
INFO: [ view_parse ] --START--
INFO: [ template_filter ] --START--
INFO: Run Behavior\ContentReplaceBehavior [ RunTime:0.000000s ]
INFO: [ template_filter ] --END-- [ RunTime:0.002000s ]
INFO: Run Behavior\ParseTemplateBehavior [ RunTime:0.030002s ]
INFO: [ view_parse ] --END-- [ RunTime:0.030002s ]
INFO: [ view_filter ] --START--
INFO: Run Behavior\WriteHtmlCacheBehavior [ RunTime:0.000000s ]
INFO: [ view_filter ] --END-- [ RunTime:0.002000s ]
NOTIC: [2] Cannot modify header information - headers already sent by (output started at D:\wamp\www\onlineorder\ThinkPHP\Library\Think\View.class.php:95) D:\wamp\www\onlineorder\ThinkPHP\Library\Think\Controller.class.php 第 215 行.

[ 2017-05-29T21:31:52+08:00 ] ::1 /onlineorder/index.php/Home/Index/Menu.html
INFO: [ app_begin ] --START--
INFO: Run Behavior\ReadHtmlCacheBehavior [ RunTime:0.002000s ]
INFO: [ app_begin ] --END-- [ RunTime:0.002000s ]
NOTIC: [2048] Declaration of Home\Controller\IndexController::show() should be compatible with Think\Controller::show($content, $charset = '', $contentType = '', $prefix = '') D:\wamp\www\onlineorder\App\Home\Controller\IndexController.class.php 第 131 行.
SQL: SHOW COLUMNS FROM `onlineorder_dishtype` [ RunTime:0.0110s ]
SQL: SELECT * FROM `onlineorder_dishtype`  [ RunTime:0.0010s ]
INFO: [ view_parse ] --START--
INFO: [ template_filter ] --START--
INFO: Run Behavior\ContentReplaceBehavior [ RunTime:0.000000s ]
INFO: [ template_filter ] --END-- [ RunTime:0.001000s ]
INFO: Run Behavior\ParseTemplateBehavior [ RunTime:0.029002s ]
INFO: [ view_parse ] --END-- [ RunTime:0.029002s ]
INFO: [ view_filter ] --START--
INFO: Run Behavior\WriteHtmlCacheBehavior [ RunTime:0.001000s ]
INFO: [ view_filter ] --END-- [ RunTime:0.001000s ]
NOTIC: [2] Cannot modify header information - headers already sent by (output started at D:\wamp\www\onlineorder\ThinkPHP\Library\Think\View.class.php:95) D:\wamp\www\onlineorder\ThinkPHP\Library\Think\Controller.class.php 第 215 行.

[ 2017-05-29T21:32:37+08:00 ] ::1 /onlineorder/index.php/Home/Index/Menu.html
INFO: [ app_begin ] --START--
INFO: Run Behavior\ReadHtmlCacheBehavior [ RunTime:0.002000s ]
INFO: [ app_begin ] --END-- [ RunTime:0.003000s ]
NOTIC: [2048] Declaration of Home\Controller\IndexController::show() should be compatible with Think\Controller::show($content, $charset = '', $contentType = '', $prefix = '') D:\wamp\www\onlineorder\App\Home\Controller\IndexController.class.php 第 131 行.
SQL: SHOW COLUMNS FROM `onlineorder_dishtype` [ RunTime:0.0100s ]
SQL: SELECT * FROM `onlineorder_dishtype`  [ RunTime:0.0010s ]
INFO: [ view_parse ] --START--
INFO: [ template_filter ] --START--
INFO: Run Behavior\ContentReplaceBehavior [ RunTime:0.001000s ]
INFO: [ template_filter ] --END-- [ RunTime:0.001000s ]
INFO: Run Behavior\ParseTemplateBehavior [ RunTime:0.032002s ]
INFO: [ view_parse ] --END-- [ RunTime:0.033002s ]
INFO: [ view_filter ] --START--
INFO: Run Behavior\WriteHtmlCacheBehavior [ RunTime:0.001000s ]
INFO: [ view_filter ] --END-- [ RunTime:0.001000s ]
NOTIC: [2] Cannot modify header information - headers already sent by (output started at D:\wamp\www\onlineorder\ThinkPHP\Library\Think\View.class.php:95) D:\wamp\www\onlineorder\ThinkPHP\Library\Think\Controller.class.php 第 215 行.

[ 2017-05-29T21:32:45+08:00 ] ::1 /onlineorder/index.php/Home/Index/Menu.html
INFO: [ app_begin ] --START--
INFO: Run Behavior\ReadHtmlCacheBehavior [ RunTime:0.002000s ]
INFO: [ app_begin ] --END-- [ RunTime:0.003000s ]
NOTIC: [2048] Declaration of Home\Controller\IndexController::show() should be compatible with Think\Controller::show($content, $charset = '', $contentType = '', $prefix = '') D:\wamp\www\onlineorder\App\Home\Controller\IndexController.class.php 第 131 行.
SQL: SHOW COLUMNS FROM `onlineorder_dishtype` [ RunTime:0.0110s ]
SQL: SELECT * FROM `onlineorder_dishtype`  [ RunTime:0.0010s ]
INFO: [ view_parse ] --START--
INFO: [ template_filter ] --START--
INFO: Run Behavior\ContentReplaceBehavior [ RunTime:0.000000s ]
INFO: [ template_filter ] --END-- [ RunTime:0.001000s ]
INFO: Run Behavior\ParseTemplateBehavior [ RunTime:0.030001s ]
INFO: [ view_parse ] --END-- [ RunTime:0.030001s ]
INFO: [ view_filter ] --START--
INFO: Run Behavior\WriteHtmlCacheBehavior [ RunTime:0.002001s ]
INFO: [ view_filter ] --END-- [ RunTime:0.002001s ]
NOTIC: [2] Cannot modify header information - headers already sent by (output started at D:\wamp\www\onlineorder\ThinkPHP\Library\Think\View.class.php:95) D:\wamp\www\onlineorder\ThinkPHP\Library\Think\Controller.class.php 第 215 行.

[ 2017-05-29T21:33:02+08:00 ] ::1 /onlineorder/index.php/Home/Index/Menu.html
INFO: [ app_begin ] --START--
INFO: Run Behavior\ReadHtmlCacheBehavior [ RunTime:0.004000s ]
INFO: [ app_begin ] --END-- [ RunTime:0.005000s ]
NOTIC: [2048] Declaration of Home\Controller\IndexController::show() should be compatible with Think\Controller::show($content, $charset = '', $contentType = '', $prefix = '') D:\wamp\www\onlineorder\App\Home\Controller\IndexController.class.php 第 131 行.
SQL: SHOW COLUMNS FROM `onlineorder_dishtype` [ RunTime:0.0170s ]
SQL: SELECT * FROM `onlineorder_dishtype`  [ RunTime:0.0020s ]
INFO: [ view_parse ] --START--
INFO: [ template_filter ] --START--
INFO: Run Behavior\ContentReplaceBehavior [ RunTime:0.000000s ]
INFO: [ template_filter ] --END-- [ RunTime:0.002000s ]
INFO: Run Behavior\ParseTemplateBehavior [ RunTime:0.049003s ]
INFO: [ view_parse ] --END-- [ RunTime:0.050003s ]
INFO: [ view_filter ] --START--
INFO: Run Behavior\WriteHtmlCacheBehavior [ RunTime:0.003000s ]
INFO: [ view_filter ] --END-- [ RunTime:0.003000s ]
NOTIC: [2] Cannot modify header information - headers already sent by (output started at D:\wamp\www\onlineorder\ThinkPHP\Library\Think\View.class.php:95) D:\wamp\www\onlineorder\ThinkPHP\Library\Think\Controller.class.php 第 215 行.

[ 2017-05-29T21:33:07+08:00 ] ::1 /onlineorder/index.php/Home/Index/Menu.html
INFO: [ app_begin ] --START--
INFO: Run Behavior\ReadHtmlCacheBehavior [ RunTime:0.001000s ]
INFO: [ app_begin ] --END-- [ RunTime:0.003000s ]
NOTIC: [2048] Declaration of Home\Controller\IndexController::show() should be compatible with Think\Controller::show($content, $charset = '', $contentType = '', $prefix = '') D:\wamp\www\onlineorder\App\Home\Controller\IndexController.class.php 第 131 行.
SQL: SHOW COLUMNS FROM `onlineorder_dishtype` [ RunTime:0.0120s ]
SQL: SELECT * FROM `onlineorder_dishtype`  [ RunTime:0.0010s ]
INFO: [ view_parse ] --START--
INFO: [ template_filter ] --START--
INFO: Run Behavior\ContentReplaceBehavior [ RunTime:0.000000s ]
INFO: [ template_filter ] --END-- [ RunTime:0.001000s ]
INFO: Run Behavior\ParseTemplateBehavior [ RunTime:0.030002s ]
INFO: [ view_parse ] --END-- [ RunTime:0.030002s ]
INFO: [ view_filter ] --START--
INFO: Run Behavior\WriteHtmlCacheBehavior [ RunTime:0.001000s ]
INFO: [ view_filter ] --END-- [ RunTime:0.002000s ]
NOTIC: [2] Cannot modify header information - headers already sent by (output started at D:\wamp\www\onlineorder\ThinkPHP\Library\Think\View.class.php:95) D:\wamp\www\onlineorder\ThinkPHP\Library\Think\Controller.class.php 第 215 行.

[ 2017-05-29T21:33:43+08:00 ] ::1 /onlineorder/index.php/Home/Index/Menu.html
INFO: [ app_begin ] --START--
INFO: Run Behavior\ReadHtmlCacheBehavior [ RunTime:0.002000s ]
INFO: [ app_begin ] --END-- [ RunTime:0.002000s ]
NOTIC: [2048] Declaration of Home\Controller\IndexController::show() should be compatible with Think\Controller::show($content, $charset = '', $contentType = '', $prefix = '') D:\wamp\www\onlineorder\App\Home\Controller\IndexController.class.php 第 131 行.
SQL: SHOW COLUMNS FROM `onlineorder_dishtype` [ RunTime:0.0100s ]
SQL: SELECT * FROM `onlineorder_dishtype`  [ RunTime:0.0000s ]
INFO: [ view_parse ] --START--
INFO: [ template_filter ] --START--
INFO: Run Behavior\ContentReplaceBehavior [ RunTime:0.001000s ]
INFO: [ template_filter ] --END-- [ RunTime:0.001000s ]
INFO: Run Behavior\ParseTemplateBehavior [ RunTime:0.029002s ]
INFO: [ view_parse ] --END-- [ RunTime:0.029002s ]
INFO: [ view_filter ] --START--
INFO: Run Behavior\WriteHtmlCacheBehavior [ RunTime:0.001000s ]
INFO: [ view_filter ] --END-- [ RunTime:0.001000s ]
NOTIC: [2] Cannot modify header information - headers already sent by (output started at D:\wamp\www\onlineorder\ThinkPHP\Library\Think\View.class.php:95) D:\wamp\www\onlineorder\ThinkPHP\Library\Think\Controller.class.php 第 215 行.

[ 2017-05-29T21:34:03+08:00 ] ::1 /onlineorder/index.php/Home/Index/Menu.html
INFO: [ app_begin ] --START--
INFO: Run Behavior\ReadHtmlCacheBehavior [ RunTime:0.002000s ]
INFO: [ app_begin ] --END-- [ RunTime:0.003000s ]
NOTIC: [2048] Declaration of Home\Controller\IndexController::show() should be compatible with Think\Controller::show($content, $charset = '', $contentType = '', $prefix = '') D:\wamp\www\onlineorder\App\Home\Controller\IndexController.class.php 第 131 行.
SQL: SHOW COLUMNS FROM `onlineorder_dishtype` [ RunTime:0.0100s ]
SQL: SELECT * FROM `onlineorder_dishtype`  [ RunTime:0.0010s ]
INFO: [ view_parse ] --START--
INFO: [ template_filter ] --START--
INFO: Run Behavior\ContentReplaceBehavior [ RunTime:0.001000s ]
INFO: [ template_filter ] --END-- [ RunTime:0.001000s ]
INFO: Run Behavior\ParseTemplateBehavior [ RunTime:0.028002s ]
INFO: [ view_parse ] --END-- [ RunTime:0.028002s ]
INFO: [ view_filter ] --START--
INFO: Run Behavior\WriteHtmlCacheBehavior [ RunTime:0.001000s ]
INFO: [ view_filter ] --END-- [ RunTime:0.002000s ]
NOTIC: [2] Cannot modify header information - headers already sent by (output started at D:\wamp\www\onlineorder\ThinkPHP\Library\Think\View.class.php:95) D:\wamp\www\onlineorder\ThinkPHP\Library\Think\Controller.class.php 第 215 行.

[ 2017-05-29T21:34:13+08:00 ] ::1 /onlineorder/index.php/Home/Index/Menu.html
INFO: [ app_begin ] --START--
INFO: Run Behavior\ReadHtmlCacheBehavior [ RunTime:0.001000s ]
INFO: [ app_begin ] --END-- [ RunTime:0.003001s ]
NOTIC: [2048] Declaration of Home\Controller\IndexController::show() should be compatible with Think\Controller::show($content, $charset = '', $contentType = '', $prefix = '') D:\wamp\www\onlineorder\App\Home\Controller\IndexController.class.php 第 131 行.
SQL: SHOW COLUMNS FROM `onlineorder_dishtype` [ RunTime:0.0110s ]
SQL: SELECT * FROM `onlineorder_dishtype`  [ RunTime:0.0010s ]
INFO: [ view_parse ] --START--
INFO: [ template_filter ] --START--
INFO: Run Behavior\ContentReplaceBehavior [ RunTime:0.000000s ]
INFO: [ template_filter ] --END-- [ RunTime:0.001000s ]
INFO: Run Behavior\ParseTemplateBehavior [ RunTime:0.029001s ]
INFO: [ view_parse ] --END-- [ RunTime:0.029001s ]
INFO: [ view_filter ] --START--
INFO: Run Behavior\WriteHtmlCacheBehavior [ RunTime:0.001001s ]
INFO: [ view_filter ] --END-- [ RunTime:0.001001s ]
NOTIC: [2] Cannot modify header information - headers already sent by (output started at D:\wamp\www\onlineorder\ThinkPHP\Library\Think\View.class.php:95) D:\wamp\www\onlineorder\ThinkPHP\Library\Think\Controller.class.php 第 215 行.

[ 2017-05-29T21:34:33+08:00 ] ::1 /onlineorder/index.php/Home/Index/Menu.html?callback=jQuery3200021027857601260358_1496064873032
INFO: [ app_begin ] --START--
INFO: Run Behavior\ReadHtmlCacheBehavior [ RunTime:0.001000s ]
INFO: [ app_begin ] --END-- [ RunTime:0.001000s ]
NOTIC: [2048] Declaration of Home\Controller\IndexController::show() should be compatible with Think\Controller::show($content, $charset = '', $contentType = '', $prefix = '') D:\wamp\www\onlineorder\App\Home\Controller\IndexController.class.php 第 131 行.
SQL: SHOW COLUMNS FROM `onlineorder_dishtype` [ RunTime:0.0110s ]
SQL: SELECT * FROM `onlineorder_dishtype`  [ RunTime:0.0010s ]
INFO: [ view_parse ] --START--
INFO: [ template_filter ] --START--
INFO: Run Behavior\ContentReplaceBehavior [ RunTime:0.001000s ]
INFO: [ template_filter ] --END-- [ RunTime:0.001000s ]
INFO: Run Behavior\ParseTemplateBehavior [ RunTime:0.028001s ]
INFO: [ view_parse ] --END-- [ RunTime:0.028001s ]
INFO: [ view_filter ] --START--
INFO: Run Behavior\WriteHtmlCacheBehavior [ RunTime:0.001000s ]
INFO: [ view_filter ] --END-- [ RunTime:0.001000s ]
NOTIC: [2] Cannot modify header information - headers already sent by (output started at D:\wamp\www\onlineorder\ThinkPHP\Library\Think\View.class.php:95) D:\wamp\www\onlineorder\ThinkPHP\Library\Think\Controller.class.php 第 215 行.

[ 2017-05-29T21:34:39+08:00 ] ::1 /onlineorder/index.php/Home/Index/Menu.html
INFO: [ app_begin ] --START--
INFO: Run Behavior\ReadHtmlCacheBehavior [ RunTime:0.002000s ]
INFO: [ app_begin ] --END-- [ RunTime:0.002000s ]
NOTIC: [2048] Declaration of Home\Controller\IndexController::show() should be compatible with Think\Controller::show($content, $charset = '', $contentType = '', $prefix = '') D:\wamp\www\onlineorder\App\Home\Controller\IndexController.class.php 第 131 行.
SQL: SHOW COLUMNS FROM `onlineorder_dishtype` [ RunTime:0.0160s ]
SQL: SELECT * FROM `onlineorder_dishtype`  [ RunTime:0.0010s ]
INFO: [ view_parse ] --START--
INFO: [ template_filter ] --START--
INFO: Run Behavior\ContentReplaceBehavior [ RunTime:0.000000s ]
INFO: [ template_filter ] --END-- [ RunTime:0.001000s ]
INFO: Run Behavior\ParseTemplateBehavior [ RunTime:0.034002s ]
INFO: [ view_parse ] --END-- [ RunTime:0.034002s ]
INFO: [ view_filter ] --START--
INFO: Run Behavior\WriteHtmlCacheBehavior [ RunTime:0.001001s ]
INFO: [ view_filter ] --END-- [ RunTime:0.002001s ]
NOTIC: [2] Cannot modify header information - headers already sent by (output started at D:\wamp\www\onlineorder\ThinkPHP\Library\Think\View.class.php:95) D:\wamp\www\onlineorder\ThinkPHP\Library\Think\Controller.class.php 第 215 行.

[ 2017-05-29T21:36:21+08:00 ] ::1 /onlineorder/index.php/Home/Index/Menu.html
INFO: [ app_begin ] --START--
INFO: Run Behavior\ReadHtmlCacheBehavior [ RunTime:0.001000s ]
INFO: [ app_begin ] --END-- [ RunTime:0.002000s ]
NOTIC: [2048] Declaration of Home\Controller\IndexController::show() should be compatible with Think\Controller::show($content, $charset = '', $contentType = '', $prefix = '') D:\wamp\www\onlineorder\App\Home\Controller\IndexController.class.php 第 131 行.
SQL: SHOW COLUMNS FROM `onlineorder_dishtype` [ RunTime:0.0200s ]
SQL: SELECT * FROM `onlineorder_dishtype`  [ RunTime:0.0010s ]
INFO: [ view_parse ] --START--
INFO: [ template_filter ] --START--
INFO: Run Behavior\ContentReplaceBehavior [ RunTime:0.000000s ]
INFO: [ template_filter ] --END-- [ RunTime:0.001000s ]
INFO: Run Behavior\ParseTemplateBehavior [ RunTime:0.034002s ]
INFO: [ view_parse ] --END-- [ RunTime:0.035002s ]
INFO: [ view_filter ] --START--
INFO: Run Behavior\WriteHtmlCacheBehavior [ RunTime:0.001000s ]
INFO: [ view_filter ] --END-- [ RunTime:0.002000s ]
NOTIC: [2] Cannot modify header information - headers already sent by (output started at D:\wamp\www\onlineorder\ThinkPHP\Library\Think\View.class.php:95) D:\wamp\www\onlineorder\ThinkPHP\Library\Think\Controller.class.php 第 215 行.

[ 2017-05-29T21:36:24+08:00 ] ::1 /onlineorder/index.php/Home/Index/Menu.html
INFO: [ app_begin ] --START--
INFO: Run Behavior\ReadHtmlCacheBehavior [ RunTime:0.001000s ]
INFO: [ app_begin ] --END-- [ RunTime:0.001000s ]
NOTIC: [2048] Declaration of Home\Controller\IndexController::show() should be compatible with Think\Controller::show($content, $charset = '', $contentType = '', $prefix = '') D:\wamp\www\onlineorder\App\Home\Controller\IndexController.class.php 第 131 行.
SQL: SHOW COLUMNS FROM `onlineorder_dishtype` [ RunTime:0.0110s ]
SQL: SELECT * FROM `onlineorder_dishtype`  [ RunTime:0.0010s ]
INFO: [ view_parse ] --START--
INFO: [ template_filter ] --START--
INFO: Run Behavior\ContentReplaceBehavior [ RunTime:0.001000s ]
INFO: [ template_filter ] --END-- [ RunTime:0.001000s ]
INFO: Run Behavior\ParseTemplateBehavior [ RunTime:0.029002s ]
INFO: [ view_parse ] --END-- [ RunTime:0.029002s ]
INFO: [ view_filter ] --START--
INFO: Run Behavior\WriteHtmlCacheBehavior [ RunTime:0.001000s ]
INFO: [ view_filter ] --END-- [ RunTime:0.001000s ]
NOTIC: [2] Cannot modify header information - headers already sent by (output started at D:\wamp\www\onlineorder\ThinkPHP\Library\Think\View.class.php:95) D:\wamp\www\onlineorder\ThinkPHP\Library\Think\Controller.class.php 第 215 行.

[ 2017-05-29T21:36:38+08:00 ] ::1 /onlineorder/index.php/Home/Index/Menu.html
INFO: [ app_begin ] --START--
INFO: Run Behavior\ReadHtmlCacheBehavior [ RunTime:0.001000s ]
INFO: [ app_begin ] --END-- [ RunTime:0.001000s ]
NOTIC: [2048] Declaration of Home\Controller\IndexController::show() should be compatible with Think\Controller::show($content, $charset = '', $contentType = '', $prefix = '') D:\wamp\www\onlineorder\App\Home\Controller\IndexController.class.php 第 131 行.
SQL: SHOW COLUMNS FROM `onlineorder_dishtype` [ RunTime:0.0110s ]
SQL: SELECT * FROM `onlineorder_dishtype`  [ RunTime:0.0010s ]
INFO: [ view_parse ] --START--
INFO: [ template_filter ] --START--
INFO: Run Behavior\ContentReplaceBehavior [ RunTime:0.001000s ]
INFO: [ template_filter ] --END-- [ RunTime:0.001000s ]
INFO: Run Behavior\ParseTemplateBehavior [ RunTime:0.029002s ]
INFO: [ view_parse ] --END-- [ RunTime:0.029002s ]
INFO: [ view_filter ] --START--
INFO: Run Behavior\WriteHtmlCacheBehavior [ RunTime:0.001000s ]
INFO: [ view_filter ] --END-- [ RunTime:0.002000s ]
NOTIC: [2] Cannot modify header information - headers already sent by (output started at D:\wamp\www\onlineorder\ThinkPHP\Library\Think\View.class.php:95) D:\wamp\www\onlineorder\ThinkPHP\Library\Think\Controller.class.php 第 215 行.

[ 2017-05-29T21:37:01+08:00 ] ::1 /onlineorder/index.php/Home/Index/Menu.html
INFO: [ app_begin ] --START--
INFO: Run Behavior\ReadHtmlCacheBehavior [ RunTime:0.003001s ]
INFO: [ app_begin ] --END-- [ RunTime:0.003001s ]
NOTIC: [2048] Declaration of Home\Controller\IndexController::show() should be compatible with Think\Controller::show($content, $charset = '', $contentType = '', $prefix = '') D:\wamp\www\onlineorder\App\Home\Controller\IndexController.class.php 第 131 行.
SQL: SHOW COLUMNS FROM `onlineorder_dishtype` [ RunTime:0.0110s ]
SQL: SELECT * FROM `onlineorder_dishtype`  [ RunTime:0.0010s ]
INFO: [ view_parse ] --START--
INFO: [ template_filter ] --START--
INFO: Run Behavior\ContentReplaceBehavior [ RunTime:0.000000s ]
INFO: [ template_filter ] --END-- [ RunTime:0.001000s ]
INFO: Run Behavior\ParseTemplateBehavior [ RunTime:0.037002s ]
INFO: [ view_parse ] --END-- [ RunTime:0.037002s ]
INFO: [ view_filter ] --START--
INFO: Run Behavior\WriteHtmlCacheBehavior [ RunTime:0.001000s ]
INFO: [ view_filter ] --END-- [ RunTime:0.002000s ]
NOTIC: [2] Cannot modify header information - headers already sent by (output started at D:\wamp\www\onlineorder\ThinkPHP\Library\Think\View.class.php:95) D:\wamp\www\onlineorder\ThinkPHP\Library\Think\Controller.class.php 第 215 行.

[ 2017-05-29T21:40:46+08:00 ] ::1 /onlineorder/index.php/Home/Index/Menu.html
INFO: [ app_begin ] --START--
INFO: Run Behavior\ReadHtmlCacheBehavior [ RunTime:0.001000s ]
INFO: [ app_begin ] --END-- [ RunTime:0.003000s ]
NOTIC: [2048] Declaration of Home\Controller\IndexController::show() should be compatible with Think\Controller::show($content, $charset = '', $contentType = '', $prefix = '') D:\wamp\www\onlineorder\App\Home\Controller\IndexController.class.php 第 131 行.
SQL: SHOW COLUMNS FROM `onlineorder_dishtype` [ RunTime:0.0100s ]
SQL: SELECT * FROM `onlineorder_dishtype`  [ RunTime:0.0010s ]
INFO: [ view_parse ] --START--
INFO: [ template_filter ] --START--
INFO: Run Behavior\ContentReplaceBehavior [ RunTime:0.001000s ]
INFO: [ template_filter ] --END-- [ RunTime:0.001000s ]
INFO: Run Behavior\ParseTemplateBehavior [ RunTime:0.028002s ]
INFO: [ view_parse ] --END-- [ RunTime:0.029002s ]
INFO: [ view_filter ] --START--
INFO: Run Behavior\WriteHtmlCacheBehavior [ RunTime:0.001000s ]
INFO: [ view_filter ] --END-- [ RunTime:0.001000s ]
NOTIC: [2] Cannot modify header information - headers already sent by (output started at D:\wamp\www\onlineorder\ThinkPHP\Library\Think\View.class.php:95) D:\wamp\www\onlineorder\ThinkPHP\Library\Think\Controller.class.php 第 215 行.

[ 2017-05-29T21:40:48+08:00 ] ::1 /onlineorder/index.php/Home/Index/Menu.html
INFO: [ app_begin ] --START--
INFO: Run Behavior\ReadHtmlCacheBehavior [ RunTime:0.002000s ]
INFO: [ app_begin ] --END-- [ RunTime:0.002000s ]
NOTIC: [2048] Declaration of Home\Controller\IndexController::show() should be compatible with Think\Controller::show($content, $charset = '', $contentType = '', $prefix = '') D:\wamp\www\onlineorder\App\Home\Controller\IndexController.class.php 第 131 行.
SQL: SHOW COLUMNS FROM `onlineorder_dishtype` [ RunTime:0.0090s ]
SQL: SELECT * FROM `onlineorder_dishtype`  [ RunTime:0.0010s ]
INFO: [ view_parse ] --START--
INFO: [ template_filter ] --START--
INFO: Run Behavior\ContentReplaceBehavior [ RunTime:0.000000s ]
INFO: [ template_filter ] --END-- [ RunTime:0.000000s ]
INFO: Run Behavior\ParseTemplateBehavior [ RunTime:0.029001s ]
INFO: [ view_parse ] --END-- [ RunTime:0.030001s ]
INFO: [ view_filter ] --START--
INFO: Run Behavior\WriteHtmlCacheBehavior [ RunTime:0.001000s ]
INFO: [ view_filter ] --END-- [ RunTime:0.001000s ]
NOTIC: [2] Cannot modify header information - headers already sent by (output started at D:\wamp\www\onlineorder\ThinkPHP\Library\Think\View.class.php:95) D:\wamp\www\onlineorder\ThinkPHP\Library\Think\Controller.class.php 第 215 行.

[ 2017-05-29T21:41:00+08:00 ] ::1 /onlineorder/index.php/Home/Index/Menu.html
INFO: [ app_begin ] --START--
INFO: Run Behavior\ReadHtmlCacheBehavior [ RunTime:0.002000s ]
INFO: [ app_begin ] --END-- [ RunTime:0.004000s ]
NOTIC: [2048] Declaration of Home\Controller\IndexController::show() should be compatible with Think\Controller::show($content, $charset = '', $contentType = '', $prefix = '') D:\wamp\www\onlineorder\App\Home\Controller\IndexController.class.php 第 131 行.
SQL: SHOW COLUMNS FROM `onlineorder_dishtype` [ RunTime:0.0110s ]
SQL: SELECT * FROM `onlineorder_dishtype`  [ RunTime:0.0010s ]
INFO: [ view_parse ] --START--
INFO: [ template_filter ] --START--
INFO: Run Behavior\ContentReplaceBehavior [ RunTime:0.001000s ]
INFO: [ template_filter ] --END-- [ RunTime:0.001000s ]
INFO: Run Behavior\ParseTemplateBehavior [ RunTime:0.031002s ]
INFO: [ view_parse ] --END-- [ RunTime:0.032002s ]
INFO: [ view_filter ] --START--
INFO: Run Behavior\WriteHtmlCacheBehavior [ RunTime:0.001000s ]
INFO: [ view_filter ] --END-- [ RunTime:0.001000s ]
NOTIC: [2] Cannot modify header information - headers already sent by (output started at D:\wamp\www\onlineorder\ThinkPHP\Library\Think\View.class.php:95) D:\wamp\www\onlineorder\ThinkPHP\Library\Think\Controller.class.php 第 215 行.

[ 2017-05-29T21:41:22+08:00 ] ::1 /onlineorder/index.php/Home/Index/Menu.html
INFO: [ app_begin ] --START--
INFO: Run Behavior\ReadHtmlCacheBehavior [ RunTime:0.001000s ]
INFO: [ app_begin ] --END-- [ RunTime:0.002000s ]
NOTIC: [2048] Declaration of Home\Controller\IndexController::show() should be compatible with Think\Controller::show($content, $charset = '', $contentType = '', $prefix = '') D:\wamp\www\onlineorder\App\Home\Controller\IndexController.class.php 第 131 行.
SQL: SHOW COLUMNS FROM `onlineorder_dishtype` [ RunTime:0.0090s ]
SQL: SELECT * FROM `onlineorder_dishtype`  [ RunTime:0.0010s ]
INFO: [ view_parse ] --START--
INFO: [ template_filter ] --START--
INFO: Run Behavior\ContentReplaceBehavior [ RunTime:0.001000s ]
INFO: [ template_filter ] --END-- [ RunTime:0.001000s ]
INFO: Run Behavior\ParseTemplateBehavior [ RunTime:0.029001s ]
INFO: [ view_parse ] --END-- [ RunTime:0.030001s ]
INFO: [ view_filter ] --START--
INFO: Run Behavior\WriteHtmlCacheBehavior [ RunTime:0.002001s ]
INFO: [ view_filter ] --END-- [ RunTime:0.002001s ]
NOTIC: [2] Cannot modify header information - headers already sent by (output started at D:\wamp\www\onlineorder\ThinkPHP\Library\Think\View.class.php:95) D:\wamp\www\onlineorder\ThinkPHP\Library\Think\Controller.class.php 第 215 行.

[ 2017-05-29T21:41:25+08:00 ] ::1 /onlineorder/index.php/Home/Index/Menu.html
INFO: [ app_begin ] --START--
INFO: Run Behavior\ReadHtmlCacheBehavior [ RunTime:0.001000s ]
INFO: [ app_begin ] --END-- [ RunTime:0.002000s ]
NOTIC: [2048] Declaration of Home\Controller\IndexController::show() should be compatible with Think\Controller::show($content, $charset = '', $contentType = '', $prefix = '') D:\wamp\www\onlineorder\App\Home\Controller\IndexController.class.php 第 131 行.
SQL: SHOW COLUMNS FROM `onlineorder_dishtype` [ RunTime:0.0110s ]
SQL: SELECT * FROM `onlineorder_dishtype`  [ RunTime:0.0010s ]
INFO: [ view_parse ] --START--
INFO: [ template_filter ] --START--
INFO: Run Behavior\ContentReplaceBehavior [ RunTime:0.001000s ]
INFO: [ template_filter ] --END-- [ RunTime:0.001000s ]
INFO: Run Behavior\ParseTemplateBehavior [ RunTime:0.029002s ]
INFO: [ view_parse ] --END-- [ RunTime:0.030002s ]
INFO: [ view_filter ] --START--
INFO: Run Behavior\WriteHtmlCacheBehavior [ RunTime:0.001000s ]
INFO: [ view_filter ] --END-- [ RunTime:0.001000s ]
NOTIC: [2] Cannot modify header information - headers already sent by (output started at D:\wamp\www\onlineorder\ThinkPHP\Library\Think\View.class.php:95) D:\wamp\www\onlineorder\ThinkPHP\Library\Think\Controller.class.php 第 215 行.

[ 2017-05-29T21:47:00+08:00 ] ::1 /onlineorder/index.php/Home/Index/Menu.html
INFO: [ app_begin ] --START--
INFO: Run Behavior\ReadHtmlCacheBehavior [ RunTime:0.003000s ]
INFO: [ app_begin ] --END-- [ RunTime:0.003000s ]
NOTIC: [2048] Declaration of Home\Controller\IndexController::show() should be compatible with Think\Controller::show($content, $charset = '', $contentType = '', $prefix = '') D:\wamp\www\onlineorder\App\Home\Controller\IndexController.class.php 第 132 行.
SQL: SHOW COLUMNS FROM `onlineorder_dishtype` [ RunTime:0.0090s ]
SQL: SELECT * FROM `onlineorder_dishtype`  [ RunTime:0.0000s ]
INFO: [ view_parse ] --START--
INFO: [ template_filter ] --START--
INFO: Run Behavior\ContentReplaceBehavior [ RunTime:0.001000s ]
INFO: [ template_filter ] --END-- [ RunTime:0.001000s ]
INFO: Run Behavior\ParseTemplateBehavior [ RunTime:0.029002s ]
INFO: [ view_parse ] --END-- [ RunTime:0.029002s ]
INFO: [ view_filter ] --START--
INFO: Run Behavior\WriteHtmlCacheBehavior [ RunTime:0.001000s ]
INFO: [ view_filter ] --END-- [ RunTime:0.001000s ]
NOTIC: [2] Cannot modify header information - headers already sent by (output started at D:\wamp\www\onlineorder\ThinkPHP\Library\Think\View.class.php:95) D:\wamp\www\onlineorder\ThinkPHP\Library\Think\Controller.class.php 第 215 行.

[ 2017-05-29T21:47:55+08:00 ] ::1 /onlineorder/index.php/Home/Index/Menu.html
INFO: [ app_begin ] --START--
INFO: Run Behavior\ReadHtmlCacheBehavior [ RunTime:0.001000s ]
INFO: [ app_begin ] --END-- [ RunTime:0.002000s ]
NOTIC: [2048] Declaration of Home\Controller\IndexController::show() should be compatible with Think\Controller::show($content, $charset = '', $contentType = '', $prefix = '') D:\wamp\www\onlineorder\App\Home\Controller\IndexController.class.php 第 132 行.
SQL: SHOW COLUMNS FROM `onlineorder_dishtype` [ RunTime:0.0170s ]
SQL: SELECT * FROM `onlineorder_dishtype`  [ RunTime:0.0010s ]
INFO: [ view_parse ] --START--
INFO: [ template_filter ] --START--
INFO: Run Behavior\ContentReplaceBehavior [ RunTime:0.000000s ]
INFO: [ template_filter ] --END-- [ RunTime:0.000000s ]
INFO: Run Behavior\ParseTemplateBehavior [ RunTime:0.035002s ]
INFO: [ view_parse ] --END-- [ RunTime:0.035002s ]
INFO: [ view_filter ] --START--
INFO: Run Behavior\WriteHtmlCacheBehavior [ RunTime:0.000000s ]
INFO: [ view_filter ] --END-- [ RunTime:0.002000s ]
NOTIC: [2] Cannot modify header information - headers already sent by (output started at D:\wamp\www\onlineorder\ThinkPHP\Library\Think\View.class.php:95) D:\wamp\www\onlineorder\ThinkPHP\Library\Think\Controller.class.php 第 215 行.

[ 2017-05-29T21:49:28+08:00 ] ::1 /onlineorder/index.php/Home/Index/Menu.html
INFO: [ app_begin ] --START--
INFO: Run Behavior\ReadHtmlCacheBehavior [ RunTime:0.001000s ]
INFO: [ app_begin ] --END-- [ RunTime:0.002000s ]
NOTIC: [2048] Declaration of Home\Controller\IndexController::show() should be compatible with Think\Controller::show($content, $charset = '', $contentType = '', $prefix = '') D:\wamp\www\onlineorder\App\Home\Controller\IndexController.class.php 第 132 行.
SQL: SHOW COLUMNS FROM `onlineorder_dishtype` [ RunTime:0.0120s ]
SQL: SELECT * FROM `onlineorder_dishtype`  [ RunTime:0.0000s ]
INFO: [ view_parse ] --START--
INFO: [ template_filter ] --START--
INFO: Run Behavior\ContentReplaceBehavior [ RunTime:0.001000s ]
INFO: [ template_filter ] --END-- [ RunTime:0.001000s ]
INFO: Run Behavior\ParseTemplateBehavior [ RunTime:0.028002s ]
INFO: [ view_parse ] --END-- [ RunTime:0.029002s ]
INFO: [ view_filter ] --START--
INFO: Run Behavior\WriteHtmlCacheBehavior [ RunTime:0.001000s ]
INFO: [ view_filter ] --END-- [ RunTime:0.001000s ]
NOTIC: [2] Cannot modify header information - headers already sent by (output started at D:\wamp\www\onlineorder\ThinkPHP\Library\Think\View.class.php:95) D:\wamp\www\onlineorder\ThinkPHP\Library\Think\Controller.class.php 第 215 行.

[ 2017-05-29T21:49:30+08:00 ] ::1 /onlineorder/index.php/Home/Index/Menu.html
INFO: [ app_begin ] --START--
INFO: Run Behavior\ReadHtmlCacheBehavior [ RunTime:0.001000s ]
INFO: [ app_begin ] --END-- [ RunTime:0.002000s ]
NOTIC: [2048] Declaration of Home\Controller\IndexController::show() should be compatible with Think\Controller::show($content, $charset = '', $contentType = '', $prefix = '') D:\wamp\www\onlineorder\App\Home\Controller\IndexController.class.php 第 132 行.
SQL: SHOW COLUMNS FROM `onlineorder_dishtype` [ RunTime:0.0100s ]
SQL: SELECT * FROM `onlineorder_dishtype`  [ RunTime:0.0000s ]
INFO: [ view_parse ] --START--
INFO: [ template_filter ] --START--
INFO: Run Behavior\ContentReplaceBehavior [ RunTime:0.001000s ]
INFO: [ template_filter ] --END-- [ RunTime:0.001000s ]
INFO: Run Behavior\ParseTemplateBehavior [ RunTime:0.029001s ]
INFO: [ view_parse ] --END-- [ RunTime:0.029001s ]
INFO: [ view_filter ] --START--
INFO: Run Behavior\WriteHtmlCacheBehavior [ RunTime:0.001000s ]
INFO: [ view_filter ] --END-- [ RunTime:0.002001s ]
NOTIC: [2] Cannot modify header information - headers already sent by (output started at D:\wamp\www\onlineorder\ThinkPHP\Library\Think\View.class.php:95) D:\wamp\www\onlineorder\ThinkPHP\Library\Think\Controller.class.php 第 215 行.

[ 2017-05-29T22:40:02+08:00 ] ::1 /onlineorder/index.php/Home/Index/%7B:U('Index/register_handle')%7D
ERR: 非法操作:{:U('Index

