[ 2017-06-02T22:12:47+08:00 ] ::1 /onlineorder/index.php/Home/Menu/detail_Menu/id/%7B:U('Cart/addToCart')%7D
INFO: [ app_begin ] --START--
INFO: Run Behavior\ReadHtmlCacheBehavior [ RunTime:0.003000s ]
INFO: [ app_begin ] --END-- [ RunTime:0.005000s ]
SQL: SHOW COLUMNS FROM `onlineorder_dish` [ RunTime:0.0180s ]
SQL: SHOW COLUMNS FROM `onlineorder_dish` [ RunTime:0.0200s ]
SQL: SELECT a.*,b.name as firstmenuname,c.name as submenuname FROM onlineorder_dish as a,onlineorder_dishtype as b,onlineorder_dishtypeitem as c WHERE ( a.id=45 ) LIMIT 1   [ RunTime:0.0020s ]
INFO: [ view_parse ] --START--
INFO: [ template_filter ] --START--
INFO: Run Behavior\ContentReplaceBehavior [ RunTime:0.001000s ]
INFO: [ template_filter ] --END-- [ RunTime:0.001000s ]
INFO: Run Behavior\ParseTemplateBehavior [ RunTime:0.083005s ]
INFO: [ view_parse ] --END-- [ RunTime:0.084005s ]
INFO: [ view_filter ] --START--
INFO: Run Behavior\WriteHtmlCacheBehavior [ RunTime:0.003000s ]
INFO: [ view_filter ] --END-- [ RunTime:0.003000s ]
INFO: [ app_end ] --START--
INFO: Run Behavior\ShowPageTraceBehavior [ RunTime:0.008001s ]
INFO: [ app_end ] --END-- [ RunTime:0.008001s ]

[ 2017-06-02T22:13:00+08:00 ] ::1 /onlineorder/index.php/Home/Menu/detail_Menu/id/%7B:U('Cart/addToCart')%7D
INFO: [ app_begin ] --START--
INFO: Run Behavior\ReadHtmlCacheBehavior [ RunTime:0.002000s ]
INFO: [ app_begin ] --END-- [ RunTime:0.003000s ]
SQL: SHOW COLUMNS FROM `onlineorder_dish` [ RunTime:0.0130s ]
SQL: SHOW COLUMNS FROM `onlineorder_dish` [ RunTime:0.0140s ]
SQL: SELECT a.*,b.name as firstmenuname,c.name as submenuname FROM onlineorder_dish as a,onlineorder_dishtype as b,onlineorder_dishtypeitem as c WHERE ( a.id=45 ) LIMIT 1   [ RunTime:0.0020s ]
INFO: [ view_parse ] --START--
INFO: [ template_filter ] --START--
INFO: Run Behavior\ContentReplaceBehavior [ RunTime:0.001000s ]
INFO: [ template_filter ] --END-- [ RunTime:0.002000s ]
INFO: Run Behavior\ParseTemplateBehavior [ RunTime:0.059003s ]
INFO: [ view_parse ] --END-- [ RunTime:0.060003s ]
INFO: [ view_filter ] --START--
INFO: Run Behavior\WriteHtmlCacheBehavior [ RunTime:0.002000s ]
INFO: [ view_filter ] --END-- [ RunTime:0.003000s ]
INFO: [ app_end ] --START--
INFO: Run Behavior\ShowPageTraceBehavior [ RunTime:0.005001s ]
INFO: [ app_end ] --END-- [ RunTime:0.005001s ]

[ 2017-06-02T22:13:03+08:00 ] ::1 /onlineorder/index.php/Home/Menu/detail_Menu/id/%7B:U('Cart/addToCart')%7D
INFO: [ app_begin ] --START--
INFO: Run Behavior\ReadHtmlCacheBehavior [ RunTime:0.005000s ]
INFO: [ app_begin ] --END-- [ RunTime:0.006000s ]
SQL: SHOW COLUMNS FROM `onlineorder_dish` [ RunTime:0.0180s ]
SQL: SHOW COLUMNS FROM `onlineorder_dish` [ RunTime:0.0200s ]
SQL: SELECT a.*,b.name as firstmenuname,c.name as submenuname FROM onlineorder_dish as a,onlineorder_dishtype as b,onlineorder_dishtypeitem as c WHERE ( a.id=45 ) LIMIT 1   [ RunTime:0.0020s ]
INFO: [ view_parse ] --START--
INFO: [ template_filter ] --START--
INFO: Run Behavior\ContentReplaceBehavior [ RunTime:0.001000s ]
INFO: [ template_filter ] --END-- [ RunTime:0.001000s ]
INFO: Run Behavior\ParseTemplateBehavior [ RunTime:0.078005s ]
INFO: [ view_parse ] --END-- [ RunTime:0.079005s ]
INFO: [ view_filter ] --START--
INFO: Run Behavior\WriteHtmlCacheBehavior [ RunTime:0.003000s ]
INFO: [ view_filter ] --END-- [ RunTime:0.004000s ]
INFO: [ app_end ] --START--
INFO: Run Behavior\ShowPageTraceBehavior [ RunTime:0.004000s ]
INFO: [ app_end ] --END-- [ RunTime:0.005000s ]

[ 2017-06-02T22:19:27+08:00 ] ::1 /onlineorder/index.php/Home/Menu/detail_Menu/id/%7B:U('Cart/addToCart')%7D
INFO: [ app_begin ] --START--
INFO: Run Behavior\ReadHtmlCacheBehavior [ RunTime:0.006001s ]
INFO: [ app_begin ] --END-- [ RunTime:0.006001s ]
SQL: SHOW COLUMNS FROM `onlineorder_dish` [ RunTime:0.0160s ]
SQL: SHOW COLUMNS FROM `onlineorder_dish` [ RunTime:0.0170s ]
SQL: SELECT a.*,b.name as firstmenuname,c.name as submenuname FROM onlineorder_dish as a,onlineorder_dishtype as b,onlineorder_dishtypeitem as c WHERE ( a.id=45 ) LIMIT 1   [ RunTime:0.0030s ]
INFO: [ view_parse ] --START--
INFO: [ template_filter ] --START--
INFO: Run Behavior\ContentReplaceBehavior [ RunTime:0.001001s ]
INFO: [ template_filter ] --END-- [ RunTime:0.001001s ]
INFO: Run Behavior\ParseTemplateBehavior [ RunTime:0.072004s ]
INFO: [ view_parse ] --END-- [ RunTime:0.073004s ]
INFO: [ view_filter ] --START--
INFO: Run Behavior\WriteHtmlCacheBehavior [ RunTime:0.002000s ]
INFO: [ view_filter ] --END-- [ RunTime:0.003000s ]
INFO: [ app_end ] --START--
INFO: Run Behavior\ShowPageTraceBehavior [ RunTime:0.002000s ]
INFO: [ app_end ] --END-- [ RunTime:0.003000s ]

[ 2017-06-02T22:19:27+08:00 ] ::1 /onlineorder/index.php/Home/Menu/detail_Menu/id/%7B:U('Cart/addToCart')%7D
INFO: [ app_begin ] --START--
INFO: Run Behavior\ReadHtmlCacheBehavior [ RunTime:0.003000s ]
INFO: [ app_begin ] --END-- [ RunTime:0.005000s ]
SQL: SHOW COLUMNS FROM `onlineorder_dish` [ RunTime:0.0120s ]
SQL: SHOW COLUMNS FROM `onlineorder_dish` [ RunTime:0.0110s ]
SQL: SELECT a.*,b.name as firstmenuname,c.name as submenuname FROM onlineorder_dish as a,onlineorder_dishtype as b,onlineorder_dishtypeitem as c WHERE ( a.id=45 ) LIMIT 1   [ RunTime:0.0010s ]
INFO: [ view_parse ] --START--
INFO: [ template_filter ] --START--
INFO: Run Behavior\ContentReplaceBehavior [ RunTime:0.000000s ]
INFO: [ template_filter ] --END-- [ RunTime:0.001000s ]
INFO: Run Behavior\ParseTemplateBehavior [ RunTime:0.049003s ]
INFO: [ view_parse ] --END-- [ RunTime:0.049003s ]
INFO: [ view_filter ] --START--
INFO: Run Behavior\WriteHtmlCacheBehavior [ RunTime:0.002000s ]
INFO: [ view_filter ] --END-- [ RunTime:0.002000s ]
INFO: [ app_end ] --START--
INFO: Run Behavior\ShowPageTraceBehavior [ RunTime:0.003000s ]
INFO: [ app_end ] --END-- [ RunTime:0.003000s ]

[ 2017-06-02T22:19:46+08:00 ] ::1 /onlineorder/index.php/Home/Menu/detail_Menu/id/%7B:U('Cart/addToCart')%7D
INFO: [ app_begin ] --START--
INFO: Run Behavior\ReadHtmlCacheBehavior [ RunTime:0.003000s ]
INFO: [ app_begin ] --END-- [ RunTime:0.005000s ]
SQL: SHOW COLUMNS FROM `onlineorder_dish` [ RunTime:0.0180s ]
SQL: SHOW COLUMNS FROM `onlineorder_dish` [ RunTime:0.0160s ]
SQL: SELECT a.*,b.name as firstmenuname,c.name as submenuname FROM onlineorder_dish as a,onlineorder_dishtype as b,onlineorder_dishtypeitem as c WHERE ( a.id=45 ) LIMIT 1   [ RunTime:0.0020s ]
INFO: [ view_parse ] --START--
INFO: [ template_filter ] --START--
INFO: Run Behavior\ContentReplaceBehavior [ RunTime:0.001000s ]
INFO: [ template_filter ] --END-- [ RunTime:0.001000s ]
INFO: Run Behavior\ParseTemplateBehavior [ RunTime:0.065004s ]
INFO: [ view_parse ] --END-- [ RunTime:0.065004s ]
INFO: [ view_filter ] --START--
INFO: Run Behavior\WriteHtmlCacheBehavior [ RunTime:0.003000s ]
INFO: [ view_filter ] --END-- [ RunTime:0.003000s ]
INFO: [ app_end ] --START--
INFO: Run Behavior\ShowPageTraceBehavior [ RunTime:0.003000s ]
INFO: [ app_end ] --END-- [ RunTime:0.003000s ]

[ 2017-06-02T22:22:02+08:00 ] ::1 /onlineorder/index.php/Home/Menu/detail_Menu/id/%7B:U('Cart/addToCart')%7D
INFO: [ app_begin ] --START--
INFO: Run Behavior\ReadHtmlCacheBehavior [ RunTime:0.005001s ]
INFO: [ app_begin ] --END-- [ RunTime:0.005001s ]
SQL: SHOW COLUMNS FROM `onlineorder_dish` [ RunTime:0.0160s ]
SQL: SHOW COLUMNS FROM `onlineorder_dish` [ RunTime:0.0160s ]
SQL: SELECT a.*,b.name as firstmenuname,c.name as submenuname FROM onlineorder_dish as a,onlineorder_dishtype as b,onlineorder_dishtypeitem as c WHERE ( a.id=45 ) LIMIT 1   [ RunTime:0.0030s ]
INFO: [ view_parse ] --START--
INFO: [ template_filter ] --START--
INFO: Run Behavior\ContentReplaceBehavior [ RunTime:0.000000s ]
INFO: [ template_filter ] --END-- [ RunTime:0.001000s ]
INFO: Run Behavior\ParseTemplateBehavior [ RunTime:0.065004s ]
INFO: [ view_parse ] --END-- [ RunTime:0.066004s ]
INFO: [ view_filter ] --START--
INFO: Run Behavior\WriteHtmlCacheBehavior [ RunTime:0.002000s ]
INFO: [ view_filter ] --END-- [ RunTime:0.003000s ]
INFO: [ app_end ] --START--
INFO: Run Behavior\ShowPageTraceBehavior [ RunTime:0.003000s ]
INFO: [ app_end ] --END-- [ RunTime:0.003000s ]

[ 2017-06-02T22:22:10+08:00 ] ::1 /onlineorder/index.php/Home/Menu/detail_Menu/id/%7B:U('Cart/addToCart')%7D
INFO: [ app_begin ] --START--
INFO: Run Behavior\ReadHtmlCacheBehavior [ RunTime:0.006001s ]
INFO: [ app_begin ] --END-- [ RunTime:0.007001s ]
SQL: SHOW COLUMNS FROM `onlineorder_dish` [ RunTime:0.0130s ]
SQL: SHOW COLUMNS FROM `onlineorder_dish` [ RunTime:0.0160s ]
SQL: SELECT a.*,b.name as firstmenuname,c.name as submenuname FROM onlineorder_dish as a,onlineorder_dishtype as b,onlineorder_dishtypeitem as c WHERE ( a.id=45 ) LIMIT 1   [ RunTime:0.0010s ]
INFO: [ view_parse ] --START--
INFO: [ template_filter ] --START--
INFO: Run Behavior\ContentReplaceBehavior [ RunTime:0.001000s ]
INFO: [ template_filter ] --END-- [ RunTime:0.001000s ]
INFO: Run Behavior\ParseTemplateBehavior [ RunTime:0.050003s ]
INFO: [ view_parse ] --END-- [ RunTime:0.052003s ]
INFO: [ view_filter ] --START--
INFO: Run Behavior\WriteHtmlCacheBehavior [ RunTime:0.003000s ]
INFO: [ view_filter ] --END-- [ RunTime:0.003000s ]
INFO: [ app_end ] --START--
INFO: Run Behavior\ShowPageTraceBehavior [ RunTime:0.002000s ]
INFO: [ app_end ] --END-- [ RunTime:0.003001s ]

[ 2017-06-02T22:50:07+08:00 ] ::1 /onlineorder/index.php/Home/Menu/detail_Menu/id/%7B:U('Cart/addToCart')%7D
INFO: [ app_begin ] --START--
INFO: Run Behavior\ReadHtmlCacheBehavior [ RunTime:0.003000s ]
INFO: [ app_begin ] --END-- [ RunTime:0.005000s ]
SQL: SHOW COLUMNS FROM `onlineorder_dish` [ RunTime:0.0140s ]
SQL: SHOW COLUMNS FROM `onlineorder_dish` [ RunTime:0.0180s ]
SQL: SELECT a.*,b.name as firstmenuname,c.name as submenuname FROM onlineorder_dish as a,onlineorder_dishtype as b,onlineorder_dishtypeitem as c WHERE ( a.id=45 ) LIMIT 1   [ RunTime:0.0020s ]
INFO: [ view_parse ] --START--
INFO: [ template_filter ] --START--
INFO: Run Behavior\ContentReplaceBehavior [ RunTime:0.000000s ]
INFO: [ template_filter ] --END-- [ RunTime:0.002001s ]
INFO: Run Behavior\ParseTemplateBehavior [ RunTime:0.062003s ]
INFO: [ view_parse ] --END-- [ RunTime:0.063004s ]
INFO: [ view_filter ] --START--
INFO: Run Behavior\WriteHtmlCacheBehavior [ RunTime:0.002000s ]
INFO: [ view_filter ] --END-- [ RunTime:0.003000s ]
INFO: [ app_end ] --START--
INFO: Run Behavior\ShowPageTraceBehavior [ RunTime:0.003000s ]
INFO: [ app_end ] --END-- [ RunTime:0.004000s ]

[ 2017-06-02T22:50:13+08:00 ] ::1 /onlineorder/index.php/Home/Menu/detail_Menu/id/%7B:U('Cart/addToCart')%7D
INFO: [ app_begin ] --START--
INFO: Run Behavior\ReadHtmlCacheBehavior [ RunTime:0.003000s ]
INFO: [ app_begin ] --END-- [ RunTime:0.004000s ]
SQL: SHOW COLUMNS FROM `onlineorder_dish` [ RunTime:0.0150s ]
SQL: SHOW COLUMNS FROM `onlineorder_dish` [ RunTime:0.0160s ]
SQL: SELECT a.*,b.name as firstmenuname,c.name as submenuname FROM onlineorder_dish as a,onlineorder_dishtype as b,onlineorder_dishtypeitem as c WHERE ( a.id=45 ) LIMIT 1   [ RunTime:0.0020s ]
INFO: [ view_parse ] --START--
INFO: [ template_filter ] --START--
INFO: Run Behavior\ContentReplaceBehavior [ RunTime:0.000000s ]
INFO: [ template_filter ] --END-- [ RunTime:0.001000s ]
INFO: Run Behavior\ParseTemplateBehavior [ RunTime:0.057004s ]
INFO: [ view_parse ] --END-- [ RunTime:0.059004s ]
INFO: [ view_filter ] --START--
INFO: Run Behavior\WriteHtmlCacheBehavior [ RunTime:0.002000s ]
INFO: [ view_filter ] --END-- [ RunTime:0.002000s ]
INFO: [ app_end ] --START--
INFO: Run Behavior\ShowPageTraceBehavior [ RunTime:0.003000s ]
INFO: [ app_end ] --END-- [ RunTime:0.004000s ]

[ 2017-06-02T22:50:33+08:00 ] ::1 /onlineorder/index.php/Home/Menu/detail_Menu/id/%7B:U('Cart/addToCart')%7D
INFO: [ app_begin ] --START--
INFO: Run Behavior\ReadHtmlCacheBehavior [ RunTime:0.004000s ]
INFO: [ app_begin ] --END-- [ RunTime:0.005000s ]
SQL: SHOW COLUMNS FROM `onlineorder_dish` [ RunTime:0.0150s ]
SQL: SHOW COLUMNS FROM `onlineorder_dish` [ RunTime:0.0170s ]
SQL: SELECT a.*,b.name as firstmenuname,c.name as submenuname FROM onlineorder_dish as a,onlineorder_dishtype as b,onlineorder_dishtypeitem as c WHERE ( a.id=45 ) LIMIT 1   [ RunTime:0.0050s ]
INFO: [ view_parse ] --START--
INFO: [ template_filter ] --START--
INFO: Run Behavior\ContentReplaceBehavior [ RunTime:0.001000s ]
INFO: [ template_filter ] --END-- [ RunTime:0.001000s ]
INFO: Run Behavior\ParseTemplateBehavior [ RunTime:0.068004s ]
INFO: [ view_parse ] --END-- [ RunTime:0.069004s ]
INFO: [ view_filter ] --START--
INFO: Run Behavior\WriteHtmlCacheBehavior [ RunTime:0.009001s ]
INFO: [ view_filter ] --END-- [ RunTime:0.009001s ]
INFO: [ app_end ] --START--
INFO: Run Behavior\ShowPageTraceBehavior [ RunTime:0.004000s ]
INFO: [ app_end ] --END-- [ RunTime:0.004000s ]

[ 2017-06-02T22:53:06+08:00 ] ::1 /onlineorder/index.php/Home/Menu/detail_Menu/id/%7B:U('Cart/addToCart')%7D
INFO: [ app_begin ] --START--
INFO: Run Behavior\ReadHtmlCacheBehavior [ RunTime:0.004000s ]
INFO: [ app_begin ] --END-- [ RunTime:0.005000s ]
SQL: SHOW COLUMNS FROM `onlineorder_dish` [ RunTime:0.0140s ]
SQL: SHOW COLUMNS FROM `onlineorder_dish` [ RunTime:0.0170s ]
SQL: SELECT a.*,b.name as firstmenuname,c.name as submenuname FROM onlineorder_dish as a,onlineorder_dishtype as b,onlineorder_dishtypeitem as c WHERE ( a.id=45 ) LIMIT 1   [ RunTime:0.0020s ]
INFO: [ view_parse ] --START--
INFO: [ template_filter ] --START--
INFO: Run Behavior\ContentReplaceBehavior [ RunTime:0.000000s ]
INFO: [ template_filter ] --END-- [ RunTime:0.001000s ]
INFO: Run Behavior\ParseTemplateBehavior [ RunTime:0.058003s ]
INFO: [ view_parse ] --END-- [ RunTime:0.058003s ]
INFO: [ view_filter ] --START--
INFO: Run Behavior\WriteHtmlCacheBehavior [ RunTime:0.002001s ]
INFO: [ view_filter ] --END-- [ RunTime:0.002001s ]
INFO: [ app_end ] --START--
INFO: Run Behavior\ShowPageTraceBehavior [ RunTime:0.002000s ]
INFO: [ app_end ] --END-- [ RunTime:0.004000s ]

[ 2017-06-02T22:53:13+08:00 ] ::1 /onlineorder/index.php/Home/Menu/detail_Menu/id/%7B:U('Cart/addToCart')%7D
INFO: [ app_begin ] --START--
INFO: Run Behavior\ReadHtmlCacheBehavior [ RunTime:0.004000s ]
INFO: [ app_begin ] --END-- [ RunTime:0.004000s ]
SQL: SHOW COLUMNS FROM `onlineorder_dish` [ RunTime:0.0140s ]
SQL: SHOW COLUMNS FROM `onlineorder_dish` [ RunTime:0.0190s ]
SQL: SELECT a.*,b.name as firstmenuname,c.name as submenuname FROM onlineorder_dish as a,onlineorder_dishtype as b,onlineorder_dishtypeitem as c WHERE ( a.id=45 ) LIMIT 1   [ RunTime:0.0010s ]
INFO: [ view_parse ] --START--
INFO: [ template_filter ] --START--
INFO: Run Behavior\ContentReplaceBehavior [ RunTime:0.000000s ]
INFO: [ template_filter ] --END-- [ RunTime:0.002000s ]
INFO: Run Behavior\ParseTemplateBehavior [ RunTime:0.074004s ]
INFO: [ view_parse ] --END-- [ RunTime:0.075004s ]
INFO: [ view_filter ] --START--
INFO: Run Behavior\WriteHtmlCacheBehavior [ RunTime:0.003000s ]
INFO: [ view_filter ] --END-- [ RunTime:0.004000s ]
INFO: [ app_end ] --START--
INFO: Run Behavior\ShowPageTraceBehavior [ RunTime:0.003000s ]
INFO: [ app_end ] --END-- [ RunTime:0.004000s ]

[ 2017-06-02T22:55:58+08:00 ] ::1 /onlineorder/index.php/Home/Menu/detail_Menu/id/%7B:U('Cart/addToCart')%7D
INFO: [ app_begin ] --START--
INFO: Run Behavior\ReadHtmlCacheBehavior [ RunTime:0.002000s ]
INFO: [ app_begin ] --END-- [ RunTime:0.003000s ]
SQL: SHOW COLUMNS FROM `onlineorder_dish` [ RunTime:0.0140s ]
SQL: SHOW COLUMNS FROM `onlineorder_dish` [ RunTime:0.0150s ]
SQL: SELECT a.*,b.name as firstmenuname,c.name as submenuname FROM onlineorder_dish as a,onlineorder_dishtype as b,onlineorder_dishtypeitem as c WHERE ( a.id=45 ) LIMIT 1   [ RunTime:0.0010s ]
INFO: [ view_parse ] --START--
INFO: [ template_filter ] --START--
INFO: Run Behavior\ContentReplaceBehavior [ RunTime:0.001000s ]
INFO: [ template_filter ] --END-- [ RunTime:0.003000s ]
INFO: Run Behavior\ParseTemplateBehavior [ RunTime:0.056004s ]
INFO: [ view_parse ] --END-- [ RunTime:0.057004s ]
INFO: [ view_filter ] --START--
INFO: Run Behavior\WriteHtmlCacheBehavior [ RunTime:0.005000s ]
INFO: [ view_filter ] --END-- [ RunTime:0.005000s ]
INFO: [ app_end ] --START--
INFO: Run Behavior\ShowPageTraceBehavior [ RunTime:0.003000s ]
INFO: [ app_end ] --END-- [ RunTime:0.003000s ]

[ 2017-06-02T22:59:28+08:00 ] ::1 /onlineorder/index.php/Home/Menu/detail_Menu/id/%7B:U('Cart/addToCart')%7D
INFO: [ app_begin ] --START--
INFO: Run Behavior\ReadHtmlCacheBehavior [ RunTime:0.003000s ]
INFO: [ app_begin ] --END-- [ RunTime:0.004000s ]
SQL: SHOW COLUMNS FROM `onlineorder_dish` [ RunTime:0.0170s ]
SQL: SHOW COLUMNS FROM `onlineorder_dish` [ RunTime:0.0180s ]
SQL: SELECT a.*,b.name as firstmenuname,c.name as submenuname FROM onlineorder_dish as a,onlineorder_dishtype as b,onlineorder_dishtypeitem as c WHERE ( a.id=45 ) LIMIT 1   [ RunTime:0.0020s ]
INFO: [ view_parse ] --START--
INFO: [ template_filter ] --START--
INFO: Run Behavior\ContentReplaceBehavior [ RunTime:0.001000s ]
INFO: [ template_filter ] --END-- [ RunTime:0.001000s ]
INFO: Run Behavior\ParseTemplateBehavior [ RunTime:0.056003s ]
INFO: [ view_parse ] --END-- [ RunTime:0.057003s ]
INFO: [ view_filter ] --START--
INFO: Run Behavior\WriteHtmlCacheBehavior [ RunTime:0.003001s ]
INFO: [ view_filter ] --END-- [ RunTime:0.003001s ]
INFO: [ app_end ] --START--
INFO: Run Behavior\ShowPageTraceBehavior [ RunTime:0.003000s ]
INFO: [ app_end ] --END-- [ RunTime:0.003000s ]

[ 2017-06-02T22:59:35+08:00 ] ::1 /onlineorder/index.php/Home/Menu/detail_Menu/id/%7B:U('Cart/addToCart')%7D
INFO: [ app_begin ] --START--
INFO: Run Behavior\ReadHtmlCacheBehavior [ RunTime:0.003000s ]
INFO: [ app_begin ] --END-- [ RunTime:0.004000s ]
SQL: SHOW COLUMNS FROM `onlineorder_dish` [ RunTime:0.0150s ]
SQL: SHOW COLUMNS FROM `onlineorder_dish` [ RunTime:0.0160s ]
SQL: SELECT a.*,b.name as firstmenuname,c.name as submenuname FROM onlineorder_dish as a,onlineorder_dishtype as b,onlineorder_dishtypeitem as c WHERE ( a.id=45 ) LIMIT 1   [ RunTime:0.0030s ]
INFO: [ view_parse ] --START--
INFO: [ template_filter ] --START--
INFO: Run Behavior\ContentReplaceBehavior [ RunTime:0.001000s ]
INFO: [ template_filter ] --END-- [ RunTime:0.001000s ]
INFO: Run Behavior\ParseTemplateBehavior [ RunTime:0.071004s ]
INFO: [ view_parse ] --END-- [ RunTime:0.072004s ]
INFO: [ view_filter ] --START--
INFO: Run Behavior\WriteHtmlCacheBehavior [ RunTime:0.004000s ]
INFO: [ view_filter ] --END-- [ RunTime:0.004000s ]
INFO: [ app_end ] --START--
INFO: Run Behavior\ShowPageTraceBehavior [ RunTime:0.006000s ]
INFO: [ app_end ] --END-- [ RunTime:0.006000s ]

[ 2017-06-02T22:59:49+08:00 ] ::1 /onlineorder/index.php/Home/Menu/detail_Menu/id/%7B:U('Cart/addToCart')%7D
INFO: [ app_begin ] --START--
INFO: Run Behavior\ReadHtmlCacheBehavior [ RunTime:0.003000s ]
INFO: [ app_begin ] --END-- [ RunTime:0.003000s ]
SQL: SHOW COLUMNS FROM `onlineorder_dish` [ RunTime:0.0140s ]
SQL: SHOW COLUMNS FROM `onlineorder_dish` [ RunTime:0.0150s ]
SQL: SELECT a.*,b.name as firstmenuname,c.name as submenuname FROM onlineorder_dish as a,onlineorder_dishtype as b,onlineorder_dishtypeitem as c WHERE ( a.id=45 ) LIMIT 1   [ RunTime:0.0030s ]
INFO: [ view_parse ] --START--
INFO: [ template_filter ] --START--
INFO: Run Behavior\ContentReplaceBehavior [ RunTime:0.000000s ]
INFO: [ template_filter ] --END-- [ RunTime:0.002000s ]
INFO: Run Behavior\ParseTemplateBehavior [ RunTime:0.066004s ]
INFO: [ view_parse ] --END-- [ RunTime:0.066004s ]
INFO: [ view_filter ] --START--
INFO: Run Behavior\WriteHtmlCacheBehavior [ RunTime:0.005001s ]
INFO: [ view_filter ] --END-- [ RunTime:0.005001s ]
INFO: [ app_end ] --START--
INFO: Run Behavior\ShowPageTraceBehavior [ RunTime:0.004000s ]
INFO: [ app_end ] --END-- [ RunTime:0.004000s ]

[ 2017-06-02T23:00:21+08:00 ] ::1 /onlineorder/index.php/Home/Menu/detail_Menu/id/%7B:U('Cart/addToCart')%7D
INFO: [ app_begin ] --START--
INFO: Run Behavior\ReadHtmlCacheBehavior [ RunTime:0.003000s ]
INFO: [ app_begin ] --END-- [ RunTime:0.004000s ]
SQL: SHOW COLUMNS FROM `onlineorder_dish` [ RunTime:0.0130s ]
SQL: SHOW COLUMNS FROM `onlineorder_dish` [ RunTime:0.0160s ]
SQL: SELECT a.*,b.name as firstmenuname,c.name as submenuname FROM onlineorder_dish as a,onlineorder_dishtype as b,onlineorder_dishtypeitem as c WHERE ( a.id=45 ) LIMIT 1   [ RunTime:0.0010s ]
INFO: [ view_parse ] --START--
INFO: [ template_filter ] --START--
INFO: Run Behavior\ContentReplaceBehavior [ RunTime:0.000000s ]
INFO: [ template_filter ] --END-- [ RunTime:0.001000s ]
INFO: Run Behavior\ParseTemplateBehavior [ RunTime:0.064004s ]
INFO: [ view_parse ] --END-- [ RunTime:0.064004s ]
INFO: [ view_filter ] --START--
INFO: Run Behavior\WriteHtmlCacheBehavior [ RunTime:0.002000s ]
INFO: [ view_filter ] --END-- [ RunTime:0.002000s ]
INFO: [ app_end ] --START--
INFO: Run Behavior\ShowPageTraceBehavior [ RunTime:0.004000s ]
INFO: [ app_end ] --END-- [ RunTime:0.004000s ]

[ 2017-06-02T23:01:30+08:00 ] ::1 /onlineorder/index.php/Home/Menu/detail_Menu/id/%7B:U('Cart/addToCart')%7D
INFO: [ app_begin ] --START--
INFO: Run Behavior\ReadHtmlCacheBehavior [ RunTime:0.004000s ]
INFO: [ app_begin ] --END-- [ RunTime:0.004000s ]
SQL: SHOW COLUMNS FROM `onlineorder_dish` [ RunTime:0.0140s ]
SQL: SHOW COLUMNS FROM `onlineorder_dish` [ RunTime:0.0130s ]
SQL: SELECT a.*,b.name as firstmenuname,c.name as submenuname FROM onlineorder_dish as a,onlineorder_dishtype as b,onlineorder_dishtypeitem as c WHERE ( a.id=45 ) LIMIT 1   [ RunTime:0.0020s ]
INFO: [ view_parse ] --START--
INFO: [ template_filter ] --START--
INFO: Run Behavior\ContentReplaceBehavior [ RunTime:0.001000s ]
INFO: [ template_filter ] --END-- [ RunTime:0.001000s ]
INFO: Run Behavior\ParseTemplateBehavior [ RunTime:0.057003s ]
INFO: [ view_parse ] --END-- [ RunTime:0.059003s ]
INFO: [ view_filter ] --START--
INFO: Run Behavior\WriteHtmlCacheBehavior [ RunTime:0.003001s ]
INFO: [ view_filter ] --END-- [ RunTime:0.003001s ]
INFO: [ app_end ] --START--
INFO: Run Behavior\ShowPageTraceBehavior [ RunTime:0.002000s ]
INFO: [ app_end ] --END-- [ RunTime:0.003000s ]

[ 2017-06-02T23:04:56+08:00 ] ::1 /onlineorder/index.php/Home/Menu/detail_Menu/id/%7B:U('Cart/addToCart')%7D
INFO: [ app_begin ] --START--
INFO: Run Behavior\ReadHtmlCacheBehavior [ RunTime:0.004001s ]
INFO: [ app_begin ] --END-- [ RunTime:0.004001s ]
SQL: SHOW COLUMNS FROM `onlineorder_dish` [ RunTime:0.0130s ]
SQL: SHOW COLUMNS FROM `onlineorder_dish` [ RunTime:0.0170s ]
SQL: SELECT a.*,b.name as firstmenuname,c.name as submenuname FROM onlineorder_dish as a,onlineorder_dishtype as b,onlineorder_dishtypeitem as c WHERE ( a.id=45 ) LIMIT 1   [ RunTime:0.0020s ]
INFO: [ view_parse ] --START--
INFO: [ template_filter ] --START--
INFO: Run Behavior\ContentReplaceBehavior [ RunTime:0.000000s ]
INFO: [ template_filter ] --END-- [ RunTime:0.001000s ]
INFO: Run Behavior\ParseTemplateBehavior [ RunTime:0.059003s ]
INFO: [ view_parse ] --END-- [ RunTime:0.059003s ]
INFO: [ view_filter ] --START--
INFO: Run Behavior\WriteHtmlCacheBehavior [ RunTime:0.002000s ]
INFO: [ view_filter ] --END-- [ RunTime:0.003000s ]
INFO: [ app_end ] --START--
INFO: Run Behavior\ShowPageTraceBehavior [ RunTime:0.004001s ]
INFO: [ app_end ] --END-- [ RunTime:0.004001s ]

[ 2017-06-02T23:05:00+08:00 ] ::1 /onlineorder/index.php/Home/Menu/detail_Menu/id/%7B:U('Cart/addToCart')%7D
INFO: [ app_begin ] --START--
INFO: Run Behavior\ReadHtmlCacheBehavior [ RunTime:0.006000s ]
INFO: [ app_begin ] --END-- [ RunTime:0.007000s ]
SQL: SHOW COLUMNS FROM `onlineorder_dish` [ RunTime:0.0230s ]
SQL: SHOW COLUMNS FROM `onlineorder_dish` [ RunTime:0.0230s ]
SQL: SELECT a.*,b.name as firstmenuname,c.name as submenuname FROM onlineorder_dish as a,onlineorder_dishtype as b,onlineorder_dishtypeitem as c WHERE ( a.id=45 ) LIMIT 1   [ RunTime:0.0030s ]
INFO: [ view_parse ] --START--
INFO: [ template_filter ] --START--
INFO: Run Behavior\ContentReplaceBehavior [ RunTime:0.001000s ]
INFO: [ template_filter ] --END-- [ RunTime:0.002000s ]
INFO: Run Behavior\ParseTemplateBehavior [ RunTime:0.082005s ]
INFO: [ view_parse ] --END-- [ RunTime:0.084005s ]
INFO: [ view_filter ] --START--
INFO: Run Behavior\WriteHtmlCacheBehavior [ RunTime:0.004000s ]
INFO: [ view_filter ] --END-- [ RunTime:0.004000s ]
INFO: [ app_end ] --START--
INFO: Run Behavior\ShowPageTraceBehavior [ RunTime:0.005000s ]
INFO: [ app_end ] --END-- [ RunTime:0.006000s ]

[ 2017-06-02T23:05:09+08:00 ] ::1 /onlineorder/index.php/Home/Menu/detail_Menu/id/%7B:U('Cart/addToCart')%7D
INFO: [ app_begin ] --START--
INFO: Run Behavior\ReadHtmlCacheBehavior [ RunTime:0.004001s ]
INFO: [ app_begin ] --END-- [ RunTime:0.005001s ]
SQL: SHOW COLUMNS FROM `onlineorder_dish` [ RunTime:0.0180s ]
SQL: SHOW COLUMNS FROM `onlineorder_dish` [ RunTime:0.0170s ]
SQL: SELECT a.*,b.name as firstmenuname,c.name as submenuname FROM onlineorder_dish as a,onlineorder_dishtype as b,onlineorder_dishtypeitem as c WHERE ( a.id=45 ) LIMIT 1   [ RunTime:0.0020s ]
INFO: [ view_parse ] --START--
INFO: [ template_filter ] --START--
INFO: Run Behavior\ContentReplaceBehavior [ RunTime:0.001000s ]
INFO: [ template_filter ] --END-- [ RunTime:0.001000s ]
INFO: Run Behavior\ParseTemplateBehavior [ RunTime:0.067004s ]
INFO: [ view_parse ] --END-- [ RunTime:0.068004s ]
INFO: [ view_filter ] --START--
INFO: Run Behavior\WriteHtmlCacheBehavior [ RunTime:0.002000s ]
INFO: [ view_filter ] --END-- [ RunTime:0.004000s ]
INFO: [ app_end ] --START--
INFO: Run Behavior\ShowPageTraceBehavior [ RunTime:0.003001s ]
INFO: [ app_end ] --END-- [ RunTime:0.005001s ]

