[ 2017-06-03T11:10:42+08:00 ] ::1 /onlineorder/index.php/Home/Menu/detail_Menu/id/%7B:U('Cart/addToCart')%7D
INFO: [ app_begin ] --START--
INFO: Run Behavior\ReadHtmlCacheBehavior [ RunTime:0.002000s ]
INFO: [ app_begin ] --END-- [ RunTime:0.002000s ]
SQL: SHOW COLUMNS FROM `onlineorder_dish` [ RunTime:0.0140s ]
SQL: SHOW COLUMNS FROM `onlineorder_dish` [ RunTime:0.0200s ]
SQL: SELECT a.*,b.name as firstmenuname,c.name as submenuname FROM onlineorder_dish as a,onlineorder_dishtype as b,onlineorder_dishtypeitem as c WHERE ( a.id=45 ) LIMIT 1   [ RunTime:0.0020s ]
INFO: [ view_parse ] --START--
INFO: [ template_filter ] --START--
INFO: Run Behavior\ContentReplaceBehavior [ RunTime:0.000000s ]
INFO: [ template_filter ] --END-- [ RunTime:0.001000s ]
INFO: Run Behavior\ParseTemplateBehavior [ RunTime:0.056003s ]
INFO: [ view_parse ] --END-- [ RunTime:0.057003s ]
INFO: [ view_filter ] --START--
INFO: Run Behavior\WriteHtmlCacheBehavior [ RunTime:0.001000s ]
INFO: [ view_filter ] --END-- [ RunTime:0.002000s ]
INFO: [ app_end ] --START--
INFO: Run Behavior\ShowPageTraceBehavior [ RunTime:0.001000s ]
INFO: [ app_end ] --END-- [ RunTime:0.002000s ]

[ 2017-06-03T11:13:58+08:00 ] ::1 /onlineorder/index.php/Home/Menu/detail_Menu/id/%7B:U('Cart/addToCart')%7D
INFO: [ app_begin ] --START--
INFO: Run Behavior\ReadHtmlCacheBehavior [ RunTime:0.003000s ]
INFO: [ app_begin ] --END-- [ RunTime:0.004000s ]
SQL: SHOW COLUMNS FROM `onlineorder_dish` [ RunTime:0.0140s ]
SQL: SHOW COLUMNS FROM `onlineorder_dish` [ RunTime:0.0170s ]
SQL: SELECT a.*,b.name as firstmenuname,c.name as submenuname FROM onlineorder_dish as a,onlineorder_dishtype as b,onlineorder_dishtypeitem as c WHERE ( a.id=45 ) LIMIT 1   [ RunTime:0.0020s ]
INFO: [ view_parse ] --START--
INFO: [ template_filter ] --START--
INFO: Run Behavior\ContentReplaceBehavior [ RunTime:0.001000s ]
INFO: [ template_filter ] --END-- [ RunTime:0.001000s ]
INFO: Run Behavior\ParseTemplateBehavior [ RunTime:0.057003s ]
INFO: [ view_parse ] --END-- [ RunTime:0.057003s ]
INFO: [ view_filter ] --START--
INFO: Run Behavior\WriteHtmlCacheBehavior [ RunTime:0.002000s ]
INFO: [ view_filter ] --END-- [ RunTime:0.002000s ]
INFO: [ app_end ] --START--
INFO: Run Behavior\ShowPageTraceBehavior [ RunTime:0.001000s ]
INFO: [ app_end ] --END-- [ RunTime:0.002000s ]

[ 2017-06-03T11:14:45+08:00 ] ::1 /onlineorder/index.php/Home/Menu/detail_Menu/id/%7B:U('Cart/addToCart')%7D
INFO: [ app_begin ] --START--
INFO: Run Behavior\ReadHtmlCacheBehavior [ RunTime:0.002000s ]
INFO: [ app_begin ] --END-- [ RunTime:0.003000s ]
SQL: SHOW COLUMNS FROM `onlineorder_dish` [ RunTime:0.0600s ]
SQL: SHOW COLUMNS FROM `onlineorder_dish` [ RunTime:0.0140s ]
SQL: SELECT a.*,b.name as firstmenuname,c.name as submenuname FROM onlineorder_dish as a,onlineorder_dishtype as b,onlineorder_dishtypeitem as c WHERE ( a.id=45 ) LIMIT 1   [ RunTime:0.0010s ]
INFO: [ view_parse ] --START--
INFO: [ template_filter ] --START--
INFO: Run Behavior\ContentReplaceBehavior [ RunTime:0.001000s ]
INFO: [ template_filter ] --END-- [ RunTime:0.001000s ]
INFO: Run Behavior\ParseTemplateBehavior [ RunTime:0.050003s ]
INFO: [ view_parse ] --END-- [ RunTime:0.050003s ]
INFO: [ view_filter ] --START--
INFO: Run Behavior\WriteHtmlCacheBehavior [ RunTime:0.002000s ]
INFO: [ view_filter ] --END-- [ RunTime:0.002000s ]
INFO: [ app_end ] --START--
INFO: Run Behavior\ShowPageTraceBehavior [ RunTime:0.001000s ]
INFO: [ app_end ] --END-- [ RunTime:0.002000s ]

[ 2017-06-03T11:16:47+08:00 ] ::1 /onlineorder/index.php/Home/Menu/detail_Menu/id/%7B:U('Cart/addToCart')%7D
INFO: [ app_begin ] --START--
INFO: Run Behavior\ReadHtmlCacheBehavior [ RunTime:0.001000s ]
INFO: [ app_begin ] --END-- [ RunTime:0.002000s ]
SQL: SHOW COLUMNS FROM `onlineorder_dish` [ RunTime:0.0160s ]
SQL: SHOW COLUMNS FROM `onlineorder_dish` [ RunTime:0.0180s ]
SQL: SELECT a.*,b.name as firstmenuname,c.name as submenuname FROM onlineorder_dish as a,onlineorder_dishtype as b,onlineorder_dishtypeitem as c WHERE ( a.id=45 ) LIMIT 1   [ RunTime:0.0020s ]
INFO: [ view_parse ] --START--
INFO: [ template_filter ] --START--
INFO: Run Behavior\ContentReplaceBehavior [ RunTime:0.000000s ]
INFO: [ template_filter ] --END-- [ RunTime:0.001000s ]
INFO: Run Behavior\ParseTemplateBehavior [ RunTime:0.053003s ]
INFO: [ view_parse ] --END-- [ RunTime:0.055003s ]
INFO: [ view_filter ] --START--
INFO: Run Behavior\WriteHtmlCacheBehavior [ RunTime:0.001000s ]
INFO: [ view_filter ] --END-- [ RunTime:0.002000s ]
INFO: [ app_end ] --START--
INFO: Run Behavior\ShowPageTraceBehavior [ RunTime:0.002000s ]
INFO: [ app_end ] --END-- [ RunTime:0.002000s ]

[ 2017-06-03T11:17:53+08:00 ] ::1 /onlineorder/index.php/Home/Menu/detail_Menu/id/%7B:U('Cart/addToCart')%7D
INFO: [ app_begin ] --START--
INFO: Run Behavior\ReadHtmlCacheBehavior [ RunTime:0.002000s ]
INFO: [ app_begin ] --END-- [ RunTime:0.003000s ]
SQL: SHOW COLUMNS FROM `onlineorder_dish` [ RunTime:0.0170s ]
SQL: SHOW COLUMNS FROM `onlineorder_dish` [ RunTime:0.0180s ]
SQL: SELECT a.*,b.name as firstmenuname,c.name as submenuname FROM onlineorder_dish as a,onlineorder_dishtype as b,onlineorder_dishtypeitem as c WHERE ( a.id=45 ) LIMIT 1   [ RunTime:0.0020s ]
INFO: [ view_parse ] --START--
INFO: [ template_filter ] --START--
INFO: Run Behavior\ContentReplaceBehavior [ RunTime:0.001000s ]
INFO: [ template_filter ] --END-- [ RunTime:0.001000s ]
INFO: Run Behavior\ParseTemplateBehavior [ RunTime:0.055003s ]
INFO: [ view_parse ] --END-- [ RunTime:0.055003s ]
INFO: [ view_filter ] --START--
INFO: Run Behavior\WriteHtmlCacheBehavior [ RunTime:0.001000s ]
INFO: [ view_filter ] --END-- [ RunTime:0.002000s ]
INFO: [ app_end ] --START--
INFO: Run Behavior\ShowPageTraceBehavior [ RunTime:0.002000s ]
INFO: [ app_end ] --END-- [ RunTime:0.003000s ]

[ 2017-06-03T11:18:09+08:00 ] ::1 /onlineorder/index.php/Home/Menu/detail_Menu/id/%7B:U('Cart/addToCart')%7D
INFO: [ app_begin ] --START--
INFO: Run Behavior\ReadHtmlCacheBehavior [ RunTime:0.004000s ]
INFO: [ app_begin ] --END-- [ RunTime:0.005000s ]
SQL: SHOW COLUMNS FROM `onlineorder_dish` [ RunTime:0.0160s ]
SQL: SHOW COLUMNS FROM `onlineorder_dish` [ RunTime:0.0160s ]
SQL: SELECT a.*,b.name as firstmenuname,c.name as submenuname FROM onlineorder_dish as a,onlineorder_dishtype as b,onlineorder_dishtypeitem as c WHERE ( a.id=45 ) LIMIT 1   [ RunTime:0.0020s ]
INFO: [ view_parse ] --START--
INFO: [ template_filter ] --START--
INFO: Run Behavior\ContentReplaceBehavior [ RunTime:0.000000s ]
INFO: [ template_filter ] --END-- [ RunTime:0.001000s ]
INFO: Run Behavior\ParseTemplateBehavior [ RunTime:0.055004s ]
INFO: [ view_parse ] --END-- [ RunTime:0.056004s ]
INFO: [ view_filter ] --START--
INFO: Run Behavior\WriteHtmlCacheBehavior [ RunTime:0.001000s ]
INFO: [ view_filter ] --END-- [ RunTime:0.001000s ]
INFO: [ app_end ] --START--
INFO: Run Behavior\ShowPageTraceBehavior [ RunTime:0.001000s ]
INFO: [ app_end ] --END-- [ RunTime:0.001000s ]

[ 2017-06-03T11:19:52+08:00 ] ::1 /onlineorder/index.php/Home/Menu/detail_Menu/id/%7B:U('Cart/addToCart')%7D
INFO: [ app_begin ] --START--
INFO: Run Behavior\ReadHtmlCacheBehavior [ RunTime:0.002000s ]
INFO: [ app_begin ] --END-- [ RunTime:0.002000s ]
SQL: SHOW COLUMNS FROM `onlineorder_dish` [ RunTime:0.0170s ]
SQL: SHOW COLUMNS FROM `onlineorder_dish` [ RunTime:0.0180s ]
SQL: SELECT a.*,b.name as firstmenuname,c.name as submenuname FROM onlineorder_dish as a,onlineorder_dishtype as b,onlineorder_dishtypeitem as c WHERE ( a.id=45 ) LIMIT 1   [ RunTime:0.0010s ]
INFO: [ view_parse ] --START--
INFO: [ template_filter ] --START--
INFO: Run Behavior\ContentReplaceBehavior [ RunTime:0.001000s ]
INFO: [ template_filter ] --END-- [ RunTime:0.003000s ]
INFO: Run Behavior\ParseTemplateBehavior [ RunTime:0.070004s ]
INFO: [ view_parse ] --END-- [ RunTime:0.070004s ]
INFO: [ view_filter ] --START--
INFO: Run Behavior\WriteHtmlCacheBehavior [ RunTime:0.001000s ]
INFO: [ view_filter ] --END-- [ RunTime:0.002000s ]
INFO: [ app_end ] --START--
INFO: Run Behavior\ShowPageTraceBehavior [ RunTime:0.001000s ]
INFO: [ app_end ] --END-- [ RunTime:0.002000s ]

[ 2017-06-03T11:20:43+08:00 ] ::1 /onlineorder/index.php/Home/Menu/detail_Menu/id/%7B:U('Cart/addToCart')%7D
INFO: [ app_begin ] --START--
INFO: Run Behavior\ReadHtmlCacheBehavior [ RunTime:0.001000s ]
INFO: [ app_begin ] --END-- [ RunTime:0.002000s ]
SQL: SHOW COLUMNS FROM `onlineorder_dish` [ RunTime:0.0150s ]
SQL: SHOW COLUMNS FROM `onlineorder_dish` [ RunTime:0.0180s ]
SQL: SELECT a.*,b.name as firstmenuname,c.name as submenuname FROM onlineorder_dish as a,onlineorder_dishtype as b,onlineorder_dishtypeitem as c WHERE ( a.id=45 ) LIMIT 1   [ RunTime:0.0020s ]
INFO: [ view_parse ] --START--
INFO: [ template_filter ] --START--
INFO: Run Behavior\ContentReplaceBehavior [ RunTime:0.001000s ]
INFO: [ template_filter ] --END-- [ RunTime:0.001000s ]
INFO: Run Behavior\ParseTemplateBehavior [ RunTime:0.055003s ]
INFO: [ view_parse ] --END-- [ RunTime:0.056003s ]
INFO: [ view_filter ] --START--
INFO: Run Behavior\WriteHtmlCacheBehavior [ RunTime:0.002000s ]
INFO: [ view_filter ] --END-- [ RunTime:0.002000s ]
INFO: [ app_end ] --START--
INFO: Run Behavior\ShowPageTraceBehavior [ RunTime:0.002000s ]
INFO: [ app_end ] --END-- [ RunTime:0.002000s ]

[ 2017-06-03T11:21:34+08:00 ] ::1 /onlineorder/index.php/Home/Menu/detail_Menu/id/%7B:U('Cart/addToCart')%7D
INFO: [ app_begin ] --START--
INFO: Run Behavior\ReadHtmlCacheBehavior [ RunTime:0.001000s ]
INFO: [ app_begin ] --END-- [ RunTime:0.001000s ]
SQL: SHOW COLUMNS FROM `onlineorder_dish` [ RunTime:0.0170s ]
SQL: SHOW COLUMNS FROM `onlineorder_dish` [ RunTime:0.0170s ]
SQL: SELECT a.*,b.name as firstmenuname,c.name as submenuname FROM onlineorder_dish as a,onlineorder_dishtype as b,onlineorder_dishtypeitem as c WHERE ( a.id=45 ) LIMIT 1   [ RunTime:0.0020s ]
INFO: [ view_parse ] --START--
INFO: [ template_filter ] --START--
INFO: Run Behavior\ContentReplaceBehavior [ RunTime:0.000000s ]
INFO: [ template_filter ] --END-- [ RunTime:0.001000s ]
INFO: Run Behavior\ParseTemplateBehavior [ RunTime:0.045002s ]
INFO: [ view_parse ] --END-- [ RunTime:0.047002s ]
INFO: [ view_filter ] --START--
INFO: Run Behavior\WriteHtmlCacheBehavior [ RunTime:0.001000s ]
INFO: [ view_filter ] --END-- [ RunTime:0.002000s ]
INFO: [ app_end ] --START--
INFO: Run Behavior\ShowPageTraceBehavior [ RunTime:0.001000s ]
INFO: [ app_end ] --END-- [ RunTime:0.002000s ]

[ 2017-06-03T11:23:02+08:00 ] ::1 /onlineorder/index.php/Home/Menu/detail_Menu/id/%7B:U('Cart/addToCart')%7D
INFO: [ app_begin ] --START--
INFO: Run Behavior\ReadHtmlCacheBehavior [ RunTime:0.002000s ]
INFO: [ app_begin ] --END-- [ RunTime:0.003000s ]
SQL: SHOW COLUMNS FROM `onlineorder_dish` [ RunTime:0.0160s ]
SQL: SHOW COLUMNS FROM `onlineorder_dish` [ RunTime:0.0170s ]
SQL: SELECT a.*,b.name as firstmenuname,c.name as submenuname FROM onlineorder_dish as a,onlineorder_dishtype as b,onlineorder_dishtypeitem as c WHERE ( a.id=45 ) LIMIT 1   [ RunTime:0.0020s ]
INFO: [ view_parse ] --START--
INFO: [ template_filter ] --START--
INFO: Run Behavior\ContentReplaceBehavior [ RunTime:0.001000s ]
INFO: [ template_filter ] --END-- [ RunTime:0.001000s ]
INFO: Run Behavior\ParseTemplateBehavior [ RunTime:0.055004s ]
INFO: [ view_parse ] --END-- [ RunTime:0.056004s ]
INFO: [ view_filter ] --START--
INFO: Run Behavior\WriteHtmlCacheBehavior [ RunTime:0.002000s ]
INFO: [ view_filter ] --END-- [ RunTime:0.002000s ]
INFO: [ app_end ] --START--
INFO: Run Behavior\ShowPageTraceBehavior [ RunTime:0.003000s ]
INFO: [ app_end ] --END-- [ RunTime:0.003000s ]

[ 2017-06-03T11:24:36+08:00 ] ::1 /onlineorder/index.php/Home/Menu/detail_Menu/id/%7B:U('Cart/addToCart')%7D
INFO: [ app_begin ] --START--
INFO: Run Behavior\ReadHtmlCacheBehavior [ RunTime:0.002000s ]
INFO: [ app_begin ] --END-- [ RunTime:0.002000s ]
SQL: SHOW COLUMNS FROM `onlineorder_dish` [ RunTime:0.0170s ]
SQL: SHOW COLUMNS FROM `onlineorder_dish` [ RunTime:0.0160s ]
SQL: SELECT a.*,b.name as firstmenuname,c.name as submenuname FROM onlineorder_dish as a,onlineorder_dishtype as b,onlineorder_dishtypeitem as c WHERE ( a.id=45 ) LIMIT 1   [ RunTime:0.0030s ]
INFO: [ view_parse ] --START--
INFO: [ template_filter ] --START--
INFO: Run Behavior\ContentReplaceBehavior [ RunTime:0.000000s ]
INFO: [ template_filter ] --END-- [ RunTime:0.001000s ]
INFO: Run Behavior\ParseTemplateBehavior [ RunTime:0.063004s ]
INFO: [ view_parse ] --END-- [ RunTime:0.064004s ]
INFO: [ view_filter ] --START--
INFO: Run Behavior\WriteHtmlCacheBehavior [ RunTime:0.001000s ]
INFO: [ view_filter ] --END-- [ RunTime:0.001000s ]
INFO: [ app_end ] --START--
INFO: Run Behavior\ShowPageTraceBehavior [ RunTime:0.002000s ]
INFO: [ app_end ] --END-- [ RunTime:0.002000s ]

[ 2017-06-03T11:25:28+08:00 ] ::1 /onlineorder/index.php/Home/Menu/detail_Menu/id/%7B:U('Cart/addToCart')%7D
INFO: [ app_begin ] --START--
INFO: Run Behavior\ReadHtmlCacheBehavior [ RunTime:0.002000s ]
INFO: [ app_begin ] --END-- [ RunTime:0.003000s ]
SQL: SHOW COLUMNS FROM `onlineorder_dish` [ RunTime:0.0180s ]
SQL: SHOW COLUMNS FROM `onlineorder_dish` [ RunTime:0.0210s ]
SQL: SELECT a.*,b.name as firstmenuname,c.name as submenuname FROM onlineorder_dish as a,onlineorder_dishtype as b,onlineorder_dishtypeitem as c WHERE ( a.id=45 ) LIMIT 1   [ RunTime:0.0040s ]
INFO: [ view_parse ] --START--
INFO: [ template_filter ] --START--
INFO: Run Behavior\ContentReplaceBehavior [ RunTime:0.000000s ]
INFO: [ template_filter ] --END-- [ RunTime:0.002000s ]
INFO: Run Behavior\ParseTemplateBehavior [ RunTime:0.077005s ]
INFO: [ view_parse ] --END-- [ RunTime:0.079005s ]
INFO: [ view_filter ] --START--
INFO: Run Behavior\WriteHtmlCacheBehavior [ RunTime:0.001000s ]
INFO: [ view_filter ] --END-- [ RunTime:0.002000s ]
INFO: [ app_end ] --START--
INFO: Run Behavior\ShowPageTraceBehavior [ RunTime:0.002000s ]
INFO: [ app_end ] --END-- [ RunTime:0.004000s ]

[ 2017-06-03T11:26:07+08:00 ] ::1 /onlineorder/index.php/Home/Menu/detail_Menu/id/%7B:U('Cart/addToCart')%7D
INFO: [ app_begin ] --START--
INFO: Run Behavior\ReadHtmlCacheBehavior [ RunTime:0.002000s ]
INFO: [ app_begin ] --END-- [ RunTime:0.003000s ]
SQL: SHOW COLUMNS FROM `onlineorder_dish` [ RunTime:0.0190s ]
SQL: SHOW COLUMNS FROM `onlineorder_dish` [ RunTime:0.0180s ]
SQL: SELECT a.*,b.name as firstmenuname,c.name as submenuname FROM onlineorder_dish as a,onlineorder_dishtype as b,onlineorder_dishtypeitem as c WHERE ( a.id=45 ) LIMIT 1   [ RunTime:0.0020s ]
INFO: [ view_parse ] --START--
INFO: [ template_filter ] --START--
INFO: Run Behavior\ContentReplaceBehavior [ RunTime:0.001000s ]
INFO: [ template_filter ] --END-- [ RunTime:0.001000s ]
INFO: Run Behavior\ParseTemplateBehavior [ RunTime:0.056003s ]
INFO: [ view_parse ] --END-- [ RunTime:0.057003s ]
INFO: [ view_filter ] --START--
INFO: Run Behavior\WriteHtmlCacheBehavior [ RunTime:0.001000s ]
INFO: [ view_filter ] --END-- [ RunTime:0.002000s ]
INFO: [ app_end ] --START--
INFO: Run Behavior\ShowPageTraceBehavior [ RunTime:0.003000s ]
INFO: [ app_end ] --END-- [ RunTime:0.004000s ]

[ 2017-06-03T11:29:37+08:00 ] ::1 /onlineorder/index.php/Home/Menu/detail_Menu/id/%7B:U('Cart/addToCart')%7D
INFO: [ app_begin ] --START--
INFO: Run Behavior\ReadHtmlCacheBehavior [ RunTime:0.003000s ]
INFO: [ app_begin ] --END-- [ RunTime:0.006000s ]
SQL: SHOW COLUMNS FROM `onlineorder_dish` [ RunTime:0.0160s ]
SQL: SHOW COLUMNS FROM `onlineorder_dish` [ RunTime:0.0180s ]
SQL: SELECT a.*,b.name as firstmenuname,c.name as submenuname FROM onlineorder_dish as a,onlineorder_dishtype as b,onlineorder_dishtypeitem as c WHERE ( a.id=45 ) LIMIT 1   [ RunTime:0.0020s ]
INFO: [ view_parse ] --START--
INFO: [ template_filter ] --START--
INFO: Run Behavior\ContentReplaceBehavior [ RunTime:0.000000s ]
INFO: [ template_filter ] --END-- [ RunTime:0.001001s ]
INFO: Run Behavior\ParseTemplateBehavior [ RunTime:0.061003s ]
INFO: [ view_parse ] --END-- [ RunTime:0.061003s ]
INFO: [ view_filter ] --START--
INFO: Run Behavior\WriteHtmlCacheBehavior [ RunTime:0.001001s ]
INFO: [ view_filter ] --END-- [ RunTime:0.002001s ]
INFO: [ app_end ] --START--
INFO: Run Behavior\ShowPageTraceBehavior [ RunTime:0.001000s ]
INFO: [ app_end ] --END-- [ RunTime:0.003000s ]

[ 2017-06-03T11:30:33+08:00 ] ::1 /onlineorder/index.php/Home/Menu/detail_Menu/id/%7B:U('Cart/addToCart')%7D
INFO: [ app_begin ] --START--
INFO: Run Behavior\ReadHtmlCacheBehavior [ RunTime:0.001001s ]
INFO: [ app_begin ] --END-- [ RunTime:0.003001s ]
SQL: SHOW COLUMNS FROM `onlineorder_dish` [ RunTime:0.0200s ]
SQL: SHOW COLUMNS FROM `onlineorder_dish` [ RunTime:0.0180s ]
SQL: SELECT a.*,b.name as firstmenuname,c.name as submenuname FROM onlineorder_dish as a,onlineorder_dishtype as b,onlineorder_dishtypeitem as c WHERE ( a.id=45 ) LIMIT 1   [ RunTime:0.0020s ]
INFO: [ view_parse ] --START--
INFO: [ template_filter ] --START--
INFO: Run Behavior\ContentReplaceBehavior [ RunTime:0.001000s ]
INFO: [ template_filter ] --END-- [ RunTime:0.001000s ]
INFO: Run Behavior\ParseTemplateBehavior [ RunTime:0.065003s ]
INFO: [ view_parse ] --END-- [ RunTime:0.066003s ]
INFO: [ view_filter ] --START--
INFO: Run Behavior\WriteHtmlCacheBehavior [ RunTime:0.001000s ]
INFO: [ view_filter ] --END-- [ RunTime:0.002001s ]
INFO: [ app_end ] --START--
INFO: Run Behavior\ShowPageTraceBehavior [ RunTime:0.001000s ]
INFO: [ app_end ] --END-- [ RunTime:0.002000s ]

[ 2017-06-03T11:35:30+08:00 ] ::1 /onlineorder/index.php/Home/Menu/detail_Menu/id/%7B:U('Cart/addToCart')%7D
INFO: [ app_begin ] --START--
INFO: Run Behavior\ReadHtmlCacheBehavior [ RunTime:0.001000s ]
INFO: [ app_begin ] --END-- [ RunTime:0.003000s ]
SQL: SHOW COLUMNS FROM `onlineorder_dish` [ RunTime:0.0190s ]
SQL: SHOW COLUMNS FROM `onlineorder_dish` [ RunTime:0.0220s ]
SQL: SELECT a.*,b.name as firstmenuname,c.name as submenuname FROM onlineorder_dish as a,onlineorder_dishtype as b,onlineorder_dishtypeitem as c WHERE ( a.id=45 ) LIMIT 1   [ RunTime:0.0010s ]
INFO: [ view_parse ] --START--
INFO: [ template_filter ] --START--
INFO: Run Behavior\ContentReplaceBehavior [ RunTime:0.000000s ]
INFO: [ template_filter ] --END-- [ RunTime:0.001001s ]
INFO: Run Behavior\ParseTemplateBehavior [ RunTime:0.066004s ]
INFO: [ view_parse ] --END-- [ RunTime:0.066004s ]
INFO: [ view_filter ] --START--
INFO: Run Behavior\WriteHtmlCacheBehavior [ RunTime:0.002000s ]
INFO: [ view_filter ] --END-- [ RunTime:0.003000s ]
INFO: [ app_end ] --START--
INFO: Run Behavior\ShowPageTraceBehavior [ RunTime:0.002000s ]
INFO: [ app_end ] --END-- [ RunTime:0.004000s ]

[ 2017-06-03T11:36:14+08:00 ] ::1 /onlineorder/index.php/Home/Menu/detail_Menu/id/%7B:U('Cart/addToCart')%7D
INFO: [ app_begin ] --START--
INFO: Run Behavior\ReadHtmlCacheBehavior [ RunTime:0.007001s ]
INFO: [ app_begin ] --END-- [ RunTime:0.009001s ]
SQL: SHOW COLUMNS FROM `onlineorder_dish` [ RunTime:0.0170s ]
SQL: SHOW COLUMNS FROM `onlineorder_dish` [ RunTime:0.0200s ]
SQL: SELECT a.*,b.name as firstmenuname,c.name as submenuname FROM onlineorder_dish as a,onlineorder_dishtype as b,onlineorder_dishtypeitem as c WHERE ( a.id=45 ) LIMIT 1   [ RunTime:0.0020s ]
INFO: [ view_parse ] --START--
INFO: [ template_filter ] --START--
INFO: Run Behavior\ContentReplaceBehavior [ RunTime:0.001000s ]
INFO: [ template_filter ] --END-- [ RunTime:0.001000s ]
INFO: Run Behavior\ParseTemplateBehavior [ RunTime:0.056003s ]
INFO: [ view_parse ] --END-- [ RunTime:0.057003s ]
INFO: [ view_filter ] --START--
INFO: Run Behavior\WriteHtmlCacheBehavior [ RunTime:0.002000s ]
INFO: [ view_filter ] --END-- [ RunTime:0.003000s ]
INFO: [ app_end ] --START--
INFO: Run Behavior\ShowPageTraceBehavior [ RunTime:0.002001s ]
INFO: [ app_end ] --END-- [ RunTime:0.003001s ]

[ 2017-06-03T11:36:38+08:00 ] ::1 /onlineorder/index.php/Home/Menu/detail_Menu/id/%7B:U('Cart/addToCart')%7D
INFO: [ app_begin ] --START--
INFO: Run Behavior\ReadHtmlCacheBehavior [ RunTime:0.011000s ]
INFO: [ app_begin ] --END-- [ RunTime:0.012000s ]
SQL: SHOW COLUMNS FROM `onlineorder_dish` [ RunTime:0.0220s ]
SQL: SHOW COLUMNS FROM `onlineorder_dish` [ RunTime:0.0240s ]
SQL: SELECT a.*,b.name as firstmenuname,c.name as submenuname FROM onlineorder_dish as a,onlineorder_dishtype as b,onlineorder_dishtypeitem as c WHERE ( a.id=45 ) LIMIT 1   [ RunTime:0.0060s ]
INFO: [ view_parse ] --START--
INFO: [ template_filter ] --START--
INFO: Run Behavior\ContentReplaceBehavior [ RunTime:0.001000s ]
INFO: [ template_filter ] --END-- [ RunTime:0.001000s ]
INFO: Run Behavior\ParseTemplateBehavior [ RunTime:0.060004s ]
INFO: [ view_parse ] --END-- [ RunTime:0.060004s ]
INFO: [ view_filter ] --START--
INFO: Run Behavior\WriteHtmlCacheBehavior [ RunTime:0.003000s ]
INFO: [ view_filter ] --END-- [ RunTime:0.003000s ]
INFO: [ app_end ] --START--
INFO: Run Behavior\ShowPageTraceBehavior [ RunTime:0.002000s ]
INFO: [ app_end ] --END-- [ RunTime:0.003000s ]

[ 2017-06-03T11:39:01+08:00 ] ::1 /onlineorder/index.php/Home/Menu/detail_Menu/id/%7B:U('Cart/addToCart')%7D
INFO: [ app_begin ] --START--
INFO: Run Behavior\ReadHtmlCacheBehavior [ RunTime:0.005000s ]
INFO: [ app_begin ] --END-- [ RunTime:0.006000s ]
SQL: SHOW COLUMNS FROM `onlineorder_dish` [ RunTime:0.0140s ]
SQL: SHOW COLUMNS FROM `onlineorder_dish` [ RunTime:0.0170s ]
SQL: SELECT a.*,b.name as firstmenuname,c.name as submenuname FROM onlineorder_dish as a,onlineorder_dishtype as b,onlineorder_dishtypeitem as c WHERE ( a.id=45 ) LIMIT 1   [ RunTime:0.0010s ]
INFO: [ view_parse ] --START--
INFO: [ template_filter ] --START--
INFO: Run Behavior\ContentReplaceBehavior [ RunTime:0.000000s ]
INFO: [ template_filter ] --END-- [ RunTime:0.002000s ]
INFO: Run Behavior\ParseTemplateBehavior [ RunTime:0.076004s ]
INFO: [ view_parse ] --END-- [ RunTime:0.077004s ]
INFO: [ view_filter ] --START--
INFO: Run Behavior\WriteHtmlCacheBehavior [ RunTime:0.004000s ]
INFO: [ view_filter ] --END-- [ RunTime:0.004000s ]
INFO: [ app_end ] --START--
INFO: Run Behavior\ShowPageTraceBehavior [ RunTime:0.003000s ]
INFO: [ app_end ] --END-- [ RunTime:0.004001s ]

[ 2017-06-03T11:43:53+08:00 ] ::1 /onlineorder/index.php/Home/Menu/detail_Menu/id/%7B:U('Cart/addToCart')%7D
INFO: [ app_begin ] --START--
INFO: Run Behavior\ReadHtmlCacheBehavior [ RunTime:0.002000s ]
INFO: [ app_begin ] --END-- [ RunTime:0.003000s ]
SQL: SHOW COLUMNS FROM `onlineorder_dish` [ RunTime:0.0140s ]
SQL: SHOW COLUMNS FROM `onlineorder_dish` [ RunTime:0.0150s ]
SQL: SELECT a.*,b.name as firstmenuname,c.name as submenuname FROM onlineorder_dish as a,onlineorder_dishtype as b,onlineorder_dishtypeitem as c WHERE ( a.id=45 ) LIMIT 1   [ RunTime:0.0020s ]
INFO: [ view_parse ] --START--
INFO: [ template_filter ] --START--
INFO: Run Behavior\ContentReplaceBehavior [ RunTime:0.001000s ]
INFO: [ template_filter ] --END-- [ RunTime:0.001000s ]
INFO: Run Behavior\ParseTemplateBehavior [ RunTime:0.066004s ]
INFO: [ view_parse ] --END-- [ RunTime:0.068004s ]
INFO: [ view_filter ] --START--
INFO: Run Behavior\WriteHtmlCacheBehavior [ RunTime:0.003000s ]
INFO: [ view_filter ] --END-- [ RunTime:0.005000s ]
INFO: [ app_end ] --START--
INFO: Run Behavior\ShowPageTraceBehavior [ RunTime:0.003000s ]
INFO: [ app_end ] --END-- [ RunTime:0.003000s ]

[ 2017-06-03T11:43:57+08:00 ] ::1 /onlineorder/index.php/Home/Menu/detail_Menu/id/%7B:U('Cart/addToCart')%7D
INFO: [ app_begin ] --START--
INFO: Run Behavior\ReadHtmlCacheBehavior [ RunTime:0.003000s ]
INFO: [ app_begin ] --END-- [ RunTime:0.005000s ]
SQL: SHOW COLUMNS FROM `onlineorder_dish` [ RunTime:0.0180s ]
SQL: SHOW COLUMNS FROM `onlineorder_dish` [ RunTime:0.0200s ]
SQL: SELECT a.*,b.name as firstmenuname,c.name as submenuname FROM onlineorder_dish as a,onlineorder_dishtype as b,onlineorder_dishtypeitem as c WHERE ( a.id=45 ) LIMIT 1   [ RunTime:0.0020s ]
INFO: [ view_parse ] --START--
INFO: [ template_filter ] --START--
INFO: Run Behavior\ContentReplaceBehavior [ RunTime:0.001000s ]
INFO: [ template_filter ] --END-- [ RunTime:0.001000s ]
INFO: Run Behavior\ParseTemplateBehavior [ RunTime:0.064003s ]
INFO: [ view_parse ] --END-- [ RunTime:0.064003s ]
INFO: [ view_filter ] --START--
INFO: Run Behavior\WriteHtmlCacheBehavior [ RunTime:0.003001s ]
INFO: [ view_filter ] --END-- [ RunTime:0.004001s ]
INFO: [ app_end ] --START--
INFO: Run Behavior\ShowPageTraceBehavior [ RunTime:0.005000s ]
INFO: [ app_end ] --END-- [ RunTime:0.006000s ]

[ 2017-06-03T11:52:12+08:00 ] ::1 /onlineorder/index.php/Home/Menu/detail_Menu/id/%7B:U('Cart/addToCart')%7D
INFO: [ app_begin ] --START--
INFO: Run Behavior\ReadHtmlCacheBehavior [ RunTime:0.005000s ]
INFO: [ app_begin ] --END-- [ RunTime:0.005000s ]
SQL: SHOW COLUMNS FROM `onlineorder_dish` [ RunTime:0.0210s ]
SQL: SHOW COLUMNS FROM `onlineorder_dish` [ RunTime:0.0180s ]
SQL: SELECT a.*,b.name as firstmenuname,c.name as submenuname FROM onlineorder_dish as a,onlineorder_dishtype as b,onlineorder_dishtypeitem as c WHERE ( a.id=45 ) LIMIT 1   [ RunTime:0.0020s ]
INFO: [ view_parse ] --START--
INFO: [ template_filter ] --START--
INFO: Run Behavior\ContentReplaceBehavior [ RunTime:0.000000s ]
INFO: [ template_filter ] --END-- [ RunTime:0.001000s ]
INFO: Run Behavior\ParseTemplateBehavior [ RunTime:0.061004s ]
INFO: [ view_parse ] --END-- [ RunTime:0.061004s ]
INFO: [ view_filter ] --START--
INFO: Run Behavior\WriteHtmlCacheBehavior [ RunTime:0.002000s ]
INFO: [ view_filter ] --END-- [ RunTime:0.004000s ]
INFO: [ app_end ] --START--
INFO: Run Behavior\ShowPageTraceBehavior [ RunTime:0.003000s ]
INFO: [ app_end ] --END-- [ RunTime:0.005000s ]

[ 2017-06-03T11:52:42+08:00 ] ::1 /onlineorder/index.php/Home/Menu/detail_Menu/id/%7B:U('Cart/addToCart')%7D
INFO: [ app_begin ] --START--
INFO: Run Behavior\ReadHtmlCacheBehavior [ RunTime:0.004000s ]
INFO: [ app_begin ] --END-- [ RunTime:0.004000s ]
SQL: SHOW COLUMNS FROM `onlineorder_dish` [ RunTime:0.0180s ]
SQL: SHOW COLUMNS FROM `onlineorder_dish` [ RunTime:0.0160s ]
SQL: SELECT a.*,b.name as firstmenuname,c.name as submenuname FROM onlineorder_dish as a,onlineorder_dishtype as b,onlineorder_dishtypeitem as c WHERE ( a.id=45 ) LIMIT 1   [ RunTime:0.0080s ]
INFO: [ view_parse ] --START--
INFO: [ template_filter ] --START--
INFO: Run Behavior\ContentReplaceBehavior [ RunTime:0.001001s ]
INFO: [ template_filter ] --END-- [ RunTime:0.001001s ]
INFO: Run Behavior\ParseTemplateBehavior [ RunTime:0.063004s ]
INFO: [ view_parse ] --END-- [ RunTime:0.063004s ]
INFO: [ view_filter ] --START--
INFO: Run Behavior\WriteHtmlCacheBehavior [ RunTime:0.002000s ]
INFO: [ view_filter ] --END-- [ RunTime:0.003000s ]
INFO: [ app_end ] --START--
INFO: Run Behavior\ShowPageTraceBehavior [ RunTime:0.004000s ]
INFO: [ app_end ] --END-- [ RunTime:0.006000s ]

[ 2017-06-03T11:55:21+08:00 ] ::1 /onlineorder/index.php/Home/Menu/detail_Menu/id/%7B:U(%22Cart/addToCart%22)%7D
INFO: [ app_begin ] --START--
INFO: Run Behavior\ReadHtmlCacheBehavior [ RunTime:0.003000s ]
INFO: [ app_begin ] --END-- [ RunTime:0.004000s ]
SQL: SHOW COLUMNS FROM `onlineorder_dish` [ RunTime:0.0180s ]
SQL: SHOW COLUMNS FROM `onlineorder_dish` [ RunTime:0.0200s ]
SQL: SELECT a.*,b.name as firstmenuname,c.name as submenuname FROM onlineorder_dish as a,onlineorder_dishtype as b,onlineorder_dishtypeitem as c WHERE ( a.id=45 ) LIMIT 1   [ RunTime:0.0010s ]
INFO: [ view_parse ] --START--
INFO: [ template_filter ] --START--
INFO: Run Behavior\ContentReplaceBehavior [ RunTime:0.000000s ]
INFO: [ template_filter ] --END-- [ RunTime:0.001000s ]
INFO: Run Behavior\ParseTemplateBehavior [ RunTime:0.061003s ]
INFO: [ view_parse ] --END-- [ RunTime:0.062003s ]
INFO: [ view_filter ] --START--
INFO: Run Behavior\WriteHtmlCacheBehavior [ RunTime:0.002000s ]
INFO: [ view_filter ] --END-- [ RunTime:0.003000s ]
INFO: [ app_end ] --START--
INFO: Run Behavior\ShowPageTraceBehavior [ RunTime:0.003001s ]
INFO: [ app_end ] --END-- [ RunTime:0.003001s ]

[ 2017-06-03T12:00:37+08:00 ] ::1 /onlineorder/index.php/Home/Cart/addToCart.html
INFO: [ app_begin ] --START--
INFO: Run Behavior\ReadHtmlCacheBehavior [ RunTime:0.003000s ]
INFO: [ app_begin ] --END-- [ RunTime:0.004000s ]

[ 2017-06-03T12:02:52+08:00 ] ::1 /onlineorder/index.php/Home/Cart/addToCart.html
INFO: [ app_begin ] --START--
INFO: Run Behavior\ReadHtmlCacheBehavior [ RunTime:0.003000s ]
INFO: [ app_begin ] --END-- [ RunTime:0.003000s ]

[ 2017-06-03T12:12:31+08:00 ] ::1 /onlineorder/index.php/Home/Menu/Menu.html
ERR: 1054:Champ 'typeid' inconnu dans where clause
 [ SQL语句 ] : SELECT * FROM `onlineorder_cart` WHERE (  `typeid` = '1' ) AND (  `typeid` = '4' ) AND (  `typeid` = '5' ) AND `userid` = 1 AND `dishid` = 44 LIMIT 1  

[ 2017-06-03T12:21:18+08:00 ] ::1 /onlineorder/index.php/Home/Cart/addToCart.html
INFO: [ app_begin ] --START--
INFO: Run Behavior\ReadHtmlCacheBehavior [ RunTime:0.004001s ]
INFO: [ app_begin ] --END-- [ RunTime:0.005001s ]
SQL: SHOW COLUMNS FROM `onlineorder_cart` [ RunTime:0.0160s ]
SQL: SELECT * FROM `onlineorder_cart` WHERE `userid` = 1 AND `dishid` = 46 LIMIT 1   [ RunTime:0.0010s ]
SQL: INSERT INTO `onlineorder_cart` (`id`,`userid`,`dishid`,`dishcount`) VALUES (NULL,'1','46','0') [ RunTime:0.0690s ]
SQL: SHOW COLUMNS FROM `onlineorder_dish` [ RunTime:0.0160s ]
SQL: SELECT * FROM `onlineorder_dish` WHERE ( id=46 ) LIMIT 1   [ RunTime:0.0010s ]

[ 2017-06-03T12:21:38+08:00 ] ::1 /onlineorder/index.php/Home/Cart/addToCart.html
INFO: [ app_begin ] --START--
INFO: Run Behavior\ReadHtmlCacheBehavior [ RunTime:0.003000s ]
INFO: [ app_begin ] --END-- [ RunTime:0.003000s ]
SQL: SHOW COLUMNS FROM `onlineorder_cart` [ RunTime:0.0140s ]
SQL: SELECT * FROM `onlineorder_cart` WHERE `userid` = 1 AND `dishid` = 46 LIMIT 1   [ RunTime:0.0200s ]
SQL: UPDATE `onlineorder_cart` SET `dishcount`='0' WHERE `userid` = 1 AND `dishid` = 46 [ RunTime:0.0310s ]
INFO: [ app_end ] --START--
INFO: Run Behavior\ShowPageTraceBehavior [ RunTime:0.004001s ]
INFO: [ app_end ] --END-- [ RunTime:0.005001s ]

[ 2017-06-03T12:21:57+08:00 ] ::1 /onlineorder/index.php/Home/Cart/addToCart.html
INFO: [ app_begin ] --START--
INFO: Run Behavior\ReadHtmlCacheBehavior [ RunTime:0.002000s ]
INFO: [ app_begin ] --END-- [ RunTime:0.003000s ]
SQL: SHOW COLUMNS FROM `onlineorder_cart` [ RunTime:0.0160s ]
SQL: SELECT * FROM `onlineorder_cart` WHERE `userid` = 1 AND `dishid` = 46 LIMIT 1   [ RunTime:0.0020s ]
SQL: UPDATE `onlineorder_cart` SET `dishcount`='0' WHERE `userid` = 1 AND `dishid` = 46 [ RunTime:0.0060s ]
INFO: [ app_end ] --START--
INFO: Run Behavior\ShowPageTraceBehavior [ RunTime:0.006000s ]
INFO: [ app_end ] --END-- [ RunTime:0.007000s ]

[ 2017-06-03T12:22:33+08:00 ] ::1 /onlineorder/index.php/Home/Cart/addToCart.html
INFO: [ app_begin ] --START--
INFO: Run Behavior\ReadHtmlCacheBehavior [ RunTime:0.003000s ]
INFO: [ app_begin ] --END-- [ RunTime:0.005000s ]
SQL: SHOW COLUMNS FROM `onlineorder_cart` [ RunTime:0.0160s ]
SQL: SELECT * FROM `onlineorder_cart` WHERE `userid` = 1 AND `dishid` = 46 LIMIT 1   [ RunTime:0.0030s ]
SQL: UPDATE `onlineorder_cart` SET `dishcount`='0' WHERE `userid` = 1 AND `dishid` = 46 [ RunTime:0.0150s ]
INFO: [ app_end ] --START--
INFO: Run Behavior\ShowPageTraceBehavior [ RunTime:0.002000s ]
INFO: [ app_end ] --END-- [ RunTime:0.004000s ]

[ 2017-06-03T12:22:38+08:00 ] ::1 /onlineorder/index.php/Home/Cart/addToCart.html
INFO: [ app_begin ] --START--
INFO: Run Behavior\ReadHtmlCacheBehavior [ RunTime:0.003000s ]
INFO: [ app_begin ] --END-- [ RunTime:0.004000s ]
SQL: SHOW COLUMNS FROM `onlineorder_cart` [ RunTime:0.0200s ]
SQL: SELECT * FROM `onlineorder_cart` WHERE `userid` = 1 AND `dishid` = 46 LIMIT 1   [ RunTime:0.0020s ]
SQL: UPDATE `onlineorder_cart` SET `dishcount`='0' WHERE `userid` = 1 AND `dishid` = 46 [ RunTime:0.0080s ]
INFO: [ app_end ] --START--
INFO: Run Behavior\ShowPageTraceBehavior [ RunTime:0.005000s ]
INFO: [ app_end ] --END-- [ RunTime:0.006000s ]

[ 2017-06-03T12:26:03+08:00 ] ::1 /onlineorder/index.php/Home/Cart/addToCart.html
INFO: [ app_begin ] --START--
INFO: Run Behavior\ReadHtmlCacheBehavior [ RunTime:0.005000s ]
INFO: [ app_begin ] --END-- [ RunTime:0.006000s ]
SQL: SHOW COLUMNS FROM `onlineorder_cart` [ RunTime:0.0160s ]
SQL: SELECT * FROM `onlineorder_cart` WHERE `userid` = 1 AND `dishid` = 46 LIMIT 1   [ RunTime:0.0020s ]
SQL: UPDATE `onlineorder_cart` SET `dishcount`='0' WHERE `userid` = 1 AND `dishid` = 46 [ RunTime:0.0160s ]
INFO: [ app_end ] --START--
INFO: Run Behavior\ShowPageTraceBehavior [ RunTime:0.003001s ]
INFO: [ app_end ] --END-- [ RunTime:0.005001s ]

[ 2017-06-03T12:32:04+08:00 ] ::1 /onlineorder/index.php/Home/Cart/addToCart.html
INFO: [ app_begin ] --START--
INFO: Run Behavior\ReadHtmlCacheBehavior [ RunTime:0.002000s ]
INFO: [ app_begin ] --END-- [ RunTime:0.003000s ]
SQL: SHOW COLUMNS FROM `onlineorder_cart` [ RunTime:0.0180s ]
SQL: SELECT * FROM `onlineorder_cart` WHERE `userid` = 1 AND `dishid` = 46 LIMIT 1   [ RunTime:0.0020s ]
ERR: 1064:Erreur de syntaxe près de 'WHERE `userid` = 1 AND `dishid` = 46' à la ligne 1
 [ SQL语句 ] : UPDATE `onlineorder_cart` SET `dishcount`=dishcount+ WHERE `userid` = 1 AND `dishid` = 46
ERR: 1064:Erreur de syntaxe près de 'WHERE `userid` = 1 AND `dishid` = 46' à la ligne 1
 [ SQL语句 ] : UPDATE `onlineorder_cart` SET `dishcount`=dishcount+ WHERE `userid` = 1 AND `dishid` = 46

[ 2017-06-03T12:32:38+08:00 ] ::1 /onlineorder/index.php/Home/Cart/addToCart.html
INFO: [ app_begin ] --START--
INFO: Run Behavior\ReadHtmlCacheBehavior [ RunTime:0.005000s ]
INFO: [ app_begin ] --END-- [ RunTime:0.005000s ]
SQL: SHOW COLUMNS FROM `onlineorder_cart` [ RunTime:0.0140s ]
SQL: SELECT * FROM `onlineorder_cart` WHERE `userid` = 1 AND `dishid` = 46 LIMIT 1   [ RunTime:0.0010s ]
ERR: 1064:Erreur de syntaxe près de 'WHERE `userid` = 1 AND `dishid` = 46' à la ligne 1
 [ SQL语句 ] : UPDATE `onlineorder_cart` SET `dishcount`=dishcount+ WHERE `userid` = 1 AND `dishid` = 46
ERR: 1064:Erreur de syntaxe près de 'WHERE `userid` = 1 AND `dishid` = 46' à la ligne 1
 [ SQL语句 ] : UPDATE `onlineorder_cart` SET `dishcount`=dishcount+ WHERE `userid` = 1 AND `dishid` = 46

[ 2017-06-03T12:32:44+08:00 ] ::1 /onlineorder/index.php/Home/Cart/addToCart.html
INFO: [ app_begin ] --START--
INFO: Run Behavior\ReadHtmlCacheBehavior [ RunTime:0.004000s ]
INFO: [ app_begin ] --END-- [ RunTime:0.004000s ]
SQL: SHOW COLUMNS FROM `onlineorder_cart` [ RunTime:0.0110s ]
SQL: SELECT * FROM `onlineorder_cart` WHERE `userid` = 1 AND `dishid` = 46 LIMIT 1   [ RunTime:0.0010s ]
ERR: 1064:Erreur de syntaxe près de 'WHERE `userid` = 1 AND `dishid` = 46' à la ligne 1
 [ SQL语句 ] : UPDATE `onlineorder_cart` SET `dishcount`=dishcount+ WHERE `userid` = 1 AND `dishid` = 46
ERR: 1064:Erreur de syntaxe près de 'WHERE `userid` = 1 AND `dishid` = 46' à la ligne 1
 [ SQL语句 ] : UPDATE `onlineorder_cart` SET `dishcount`=dishcount+ WHERE `userid` = 1 AND `dishid` = 46

[ 2017-06-03T12:33:18+08:00 ] ::1 /onlineorder/index.php/Home/Cart/addToCart.html
INFO: [ app_begin ] --START--
INFO: Run Behavior\ReadHtmlCacheBehavior [ RunTime:0.003000s ]
INFO: [ app_begin ] --END-- [ RunTime:0.005000s ]
SQL: SHOW COLUMNS FROM `onlineorder_cart` [ RunTime:0.0160s ]
SQL: SELECT * FROM `onlineorder_cart` WHERE `userid` = 1 AND `dishid` = 46 LIMIT 1   [ RunTime:0.0010s ]
SQL: UPDATE `onlineorder_cart` SET `dishcount`='0' WHERE `userid` = 1 AND `dishid` = 46 [ RunTime:0.0250s ]
INFO: [ app_end ] --START--
INFO: Run Behavior\ShowPageTraceBehavior [ RunTime:0.003000s ]
INFO: [ app_end ] --END-- [ RunTime:0.004000s ]

[ 2017-06-03T12:35:17+08:00 ] ::1 /onlineorder/index.php/Home/Cart/addToCart.html
INFO: [ app_begin ] --START--
INFO: Run Behavior\ReadHtmlCacheBehavior [ RunTime:0.003000s ]
INFO: [ app_begin ] --END-- [ RunTime:0.003000s ]
SQL: SHOW COLUMNS FROM `onlineorder_cart` [ RunTime:0.0190s ]
SQL: SELECT * FROM `onlineorder_cart` WHERE `userid` = 1 AND `dishid` = 46 LIMIT 1   [ RunTime:0.0010s ]
SQL: UPDATE `onlineorder_cart` SET `dishcount`='0' WHERE `userid` = 1 AND `dishid` = 46 [ RunTime:0.0130s ]

[ 2017-06-03T12:37:42+08:00 ] ::1 /onlineorder/index.php/Home/Cart/addToCart.html
INFO: [ app_begin ] --START--
INFO: Run Behavior\ReadHtmlCacheBehavior [ RunTime:0.009000s ]
INFO: [ app_begin ] --END-- [ RunTime:0.010000s ]
SQL: SHOW COLUMNS FROM `onlineorder_cart` [ RunTime:0.0160s ]
SQL: SELECT * FROM `onlineorder_cart` WHERE `userid` = 1 AND `dishid` = 46 LIMIT 1   [ RunTime:0.0010s ]
SQL: UPDATE `onlineorder_cart` SET `dishcount`='5' WHERE `userid` = 1 AND `dishid` = 46 [ RunTime:0.0110s ]
SQL: SHOW COLUMNS FROM `onlineorder_dish` [ RunTime:0.0130s ]
SQL: SELECT * FROM `onlineorder_dish` WHERE ( id=46 ) LIMIT 1   [ RunTime:0.0010s ]

[ 2017-06-03T12:43:06+08:00 ] ::1 /onlineorder/index.php/Home/Cart/addToCart.html
INFO: [ app_begin ] --START--
INFO: Run Behavior\ReadHtmlCacheBehavior [ RunTime:0.005001s ]
INFO: [ app_begin ] --END-- [ RunTime:0.007001s ]
SQL: SHOW COLUMNS FROM `onlineorder_cart` [ RunTime:0.0160s ]
SQL: SELECT * FROM `onlineorder_cart` WHERE `userid` = 1 AND `dishid` = 46 LIMIT 1   [ RunTime:0.0010s ]
SQL: UPDATE `onlineorder_cart` SET `dishcount`='5' WHERE `userid` = 1 AND `dishid` = 46 [ RunTime:0.0350s ]

[ 2017-06-03T12:43:18+08:00 ] ::1 /onlineorder/index.php/Home/Cart/addToCart.html
INFO: [ app_begin ] --START--
INFO: Run Behavior\ReadHtmlCacheBehavior [ RunTime:0.003000s ]
INFO: [ app_begin ] --END-- [ RunTime:0.005000s ]
SQL: SHOW COLUMNS FROM `onlineorder_cart` [ RunTime:0.0130s ]
SQL: SELECT * FROM `onlineorder_cart` WHERE `userid` = 1 AND `dishid` = 46 LIMIT 1   [ RunTime:0.0020s ]
SQL: UPDATE `onlineorder_cart` SET `dishcount`='5' WHERE `userid` = 1 AND `dishid` = 46 [ RunTime:0.0260s ]

[ 2017-06-03T12:43:31+08:00 ] ::1 /onlineorder/index.php/Home/Cart/addToCart.html
INFO: [ app_begin ] --START--
INFO: Run Behavior\ReadHtmlCacheBehavior [ RunTime:0.003000s ]
INFO: [ app_begin ] --END-- [ RunTime:0.003000s ]
SQL: SHOW COLUMNS FROM `onlineorder_cart` [ RunTime:0.0110s ]
SQL: SELECT * FROM `onlineorder_cart` WHERE `userid` = 1 AND `dishid` = 46 LIMIT 1   [ RunTime:0.0020s ]
SQL: UPDATE `onlineorder_cart` SET `dishcount`='5' WHERE `userid` = 1 AND `dishid` = 46 [ RunTime:0.0180s ]

[ 2017-06-03T12:44:02+08:00 ] ::1 /onlineorder/index.php/Home/Cart/addToCart.html
INFO: [ app_begin ] --START--
INFO: Run Behavior\ReadHtmlCacheBehavior [ RunTime:0.004000s ]
INFO: [ app_begin ] --END-- [ RunTime:0.004000s ]
SQL: SHOW COLUMNS FROM `onlineorder_cart` [ RunTime:0.0140s ]
SQL: SELECT * FROM `onlineorder_cart` WHERE `userid` = 1 AND `dishid` = 45 LIMIT 1   [ RunTime:0.0030s ]
SQL: INSERT INTO `onlineorder_cart` (`id`,`userid`,`dishid`,`dishcount`) VALUES (NULL,'1','45','0') [ RunTime:0.0150s ]
SQL: SHOW COLUMNS FROM `onlineorder_dish` [ RunTime:0.0130s ]
SQL: SELECT * FROM `onlineorder_dish` WHERE ( id=45 ) LIMIT 1   [ RunTime:0.0010s ]

[ 2017-06-03T12:45:54+08:00 ] ::1 /onlineorder/index.php/Home/Cart/addToCart.html
INFO: [ app_begin ] --START--
INFO: Run Behavior\ReadHtmlCacheBehavior [ RunTime:0.005000s ]
INFO: [ app_begin ] --END-- [ RunTime:0.006001s ]

[ 2017-06-03T12:45:59+08:00 ] ::1 /onlineorder/index.php/Home/Cart/addToCart.html
INFO: [ app_begin ] --START--
INFO: Run Behavior\ReadHtmlCacheBehavior [ RunTime:0.004000s ]
INFO: [ app_begin ] --END-- [ RunTime:0.005000s ]

[ 2017-06-03T12:46:34+08:00 ] ::1 /onlineorder/index.php/Home/Cart/addToCart.html
INFO: [ app_begin ] --START--
INFO: Run Behavior\ReadHtmlCacheBehavior [ RunTime:0.002000s ]
INFO: [ app_begin ] --END-- [ RunTime:0.004000s ]

[ 2017-06-03T12:47:34+08:00 ] ::1 /onlineorder/index.php/Home/Cart/addToCart.html
INFO: [ app_begin ] --START--
INFO: Run Behavior\ReadHtmlCacheBehavior [ RunTime:0.005000s ]
INFO: [ app_begin ] --END-- [ RunTime:0.005000s ]

[ 2017-06-03T12:48:28+08:00 ] ::1 /onlineorder/index.php/Home/Cart/addToCart.html
INFO: [ app_begin ] --START--
INFO: Run Behavior\ReadHtmlCacheBehavior [ RunTime:0.004000s ]
INFO: [ app_begin ] --END-- [ RunTime:0.005000s ]

[ 2017-06-03T12:48:40+08:00 ] ::1 /onlineorder/index.php/Home/Cart/addToCart.html
INFO: [ app_begin ] --START--
INFO: Run Behavior\ReadHtmlCacheBehavior [ RunTime:0.003000s ]
INFO: [ app_begin ] --END-- [ RunTime:0.004000s ]

[ 2017-06-03T12:48:45+08:00 ] ::1 /onlineorder/index.php/Home/Cart/addToCart.html
INFO: [ app_begin ] --START--
INFO: Run Behavior\ReadHtmlCacheBehavior [ RunTime:0.007000s ]
INFO: [ app_begin ] --END-- [ RunTime:0.008000s ]

[ 2017-06-03T12:49:20+08:00 ] ::1 /onlineorder/index.php/Home/Cart/addToCart.html
INFO: [ app_begin ] --START--
INFO: Run Behavior\ReadHtmlCacheBehavior [ RunTime:0.004000s ]
INFO: [ app_begin ] --END-- [ RunTime:0.005000s ]

[ 2017-06-03T12:50:33+08:00 ] ::1 /onlineorder/index.php/Home/Cart/addToCart.html
INFO: [ app_begin ] --START--
INFO: Run Behavior\ReadHtmlCacheBehavior [ RunTime:0.002000s ]
INFO: [ app_begin ] --END-- [ RunTime:0.004000s ]

[ 2017-06-03T12:52:08+08:00 ] ::1 /onlineorder/index.php/Home/Cart/addToCart.html
INFO: [ app_begin ] --START--
INFO: Run Behavior\ReadHtmlCacheBehavior [ RunTime:0.003000s ]
INFO: [ app_begin ] --END-- [ RunTime:0.003000s ]

[ 2017-06-03T12:52:12+08:00 ] ::1 /onlineorder/index.php/Home/Cart/addToCart.html
INFO: [ app_begin ] --START--
INFO: Run Behavior\ReadHtmlCacheBehavior [ RunTime:0.004000s ]
INFO: [ app_begin ] --END-- [ RunTime:0.005000s ]

[ 2017-06-03T12:52:19+08:00 ] ::1 /onlineorder/index.php/Home/Cart/addToCart.html
INFO: [ app_begin ] --START--
INFO: Run Behavior\ReadHtmlCacheBehavior [ RunTime:0.003000s ]
INFO: [ app_begin ] --END-- [ RunTime:0.004000s ]

[ 2017-06-03T12:52:41+08:00 ] ::1 /onlineorder/index.php/Home/Cart/addToCart.html
INFO: [ app_begin ] --START--
INFO: Run Behavior\ReadHtmlCacheBehavior [ RunTime:0.002000s ]
INFO: [ app_begin ] --END-- [ RunTime:0.004000s ]

[ 2017-06-03T12:53:54+08:00 ] ::1 /onlineorder/index.php/Home/Cart/addToCart.html
INFO: [ app_begin ] --START--
INFO: Run Behavior\ReadHtmlCacheBehavior [ RunTime:0.008000s ]
INFO: [ app_begin ] --END-- [ RunTime:0.008000s ]

[ 2017-06-03T12:55:05+08:00 ] ::1 /onlineorder/index.php/Home/Cart/addToCart.html
INFO: [ app_begin ] --START--
INFO: Run Behavior\ReadHtmlCacheBehavior [ RunTime:0.003001s ]
INFO: [ app_begin ] --END-- [ RunTime:0.004001s ]

[ 2017-06-03T13:02:43+08:00 ] ::1 /onlineorder/index.php/Home/Cart/addToCart.html
INFO: [ app_begin ] --START--
INFO: Run Behavior\ReadHtmlCacheBehavior [ RunTime:0.003001s ]
INFO: [ app_begin ] --END-- [ RunTime:0.003001s ]
SQL: SHOW COLUMNS FROM `onlineorder_cart` [ RunTime:0.0120s ]
SQL: SELECT * FROM `onlineorder_cart` WHERE `userid` = 1 AND `dishid` = 44 LIMIT 1   [ RunTime:0.0020s ]
SQL: UPDATE `onlineorder_cart` SET `dishcount`='3' WHERE `userid` = 1 AND `dishid` = 44 [ RunTime:0.0780s ]
SQL: SHOW COLUMNS FROM `onlineorder_dish` [ RunTime:0.0180s ]
SQL: SELECT * FROM `onlineorder_dish` WHERE ( id=44 ) LIMIT 1   [ RunTime:0.0010s ]

[ 2017-06-03T13:04:17+08:00 ] ::1 /onlineorder/index.php/Home/Cart/addToCart.html
INFO: [ app_begin ] --START--
INFO: Run Behavior\ReadHtmlCacheBehavior [ RunTime:0.003000s ]
INFO: [ app_begin ] --END-- [ RunTime:0.003000s ]
SQL: SHOW COLUMNS FROM `onlineorder_cart` [ RunTime:0.0130s ]
SQL: SELECT * FROM `onlineorder_cart` WHERE `userid` = 1 AND `dishid` = 44 LIMIT 1   [ RunTime:0.0010s ]
SQL: UPDATE `onlineorder_cart` SET `dishcount`='4' WHERE `userid` = 1 AND `dishid` = 44 [ RunTime:0.0480s ]
SQL: SHOW COLUMNS FROM `onlineorder_dish` [ RunTime:0.0190s ]
SQL: SELECT * FROM `onlineorder_dish` WHERE ( id=44 ) LIMIT 1   [ RunTime:0.0020s ]

[ 2017-06-03T13:15:02+08:00 ] ::1 /onlineorder/index.php/Home/Cart/addToCart.html
INFO: [ app_begin ] --START--
INFO: Run Behavior\ReadHtmlCacheBehavior [ RunTime:0.003001s ]
INFO: [ app_begin ] --END-- [ RunTime:0.004001s ]
SQL: SHOW COLUMNS FROM `onlineorder_cart` [ RunTime:0.0140s ]
SQL: SELECT * FROM `onlineorder_cart` WHERE `userid` = 1 AND `dishid` = 44 LIMIT 1   [ RunTime:0.0010s ]
SQL: UPDATE `onlineorder_cart` SET `dishcount`='5' WHERE `userid` = 1 AND `dishid` = 44 [ RunTime:0.0260s ]
SQL: SHOW COLUMNS FROM `onlineorder_dish` [ RunTime:0.0140s ]
SQL: SELECT * FROM `onlineorder_dish` WHERE ( id=44 ) LIMIT 1   [ RunTime:0.0010s ]

[ 2017-06-03T13:15:20+08:00 ] ::1 /onlineorder/index.php/Home/Cart/addToCart.html
INFO: [ app_begin ] --START--
INFO: Run Behavior\ReadHtmlCacheBehavior [ RunTime:0.004000s ]
INFO: [ app_begin ] --END-- [ RunTime:0.004000s ]
SQL: SHOW COLUMNS FROM `onlineorder_cart` [ RunTime:0.0170s ]
SQL: SELECT * FROM `onlineorder_cart` WHERE `userid` = 1 AND `dishid` = 44 LIMIT 1   [ RunTime:0.0020s ]
SQL: UPDATE `onlineorder_cart` SET `dishcount`='6' WHERE `userid` = 1 AND `dishid` = 44 [ RunTime:0.0290s ]
SQL: SHOW COLUMNS FROM `onlineorder_dish` [ RunTime:0.0150s ]
SQL: SELECT * FROM `onlineorder_dish` WHERE ( id=44 ) LIMIT 1   [ RunTime:0.0010s ]

[ 2017-06-03T13:15:21+08:00 ] ::1 /onlineorder/index.php/Home/Cart/addToCart.html
INFO: [ app_begin ] --START--
INFO: Run Behavior\ReadHtmlCacheBehavior [ RunTime:0.007001s ]
INFO: [ app_begin ] --END-- [ RunTime:0.007001s ]
SQL: SHOW COLUMNS FROM `onlineorder_cart` [ RunTime:0.0180s ]
SQL: SELECT * FROM `onlineorder_cart` WHERE `userid` = 1 AND `dishid` = 44 LIMIT 1   [ RunTime:0.0020s ]
SQL: UPDATE `onlineorder_cart` SET `dishcount`='12' WHERE `userid` = 1 AND `dishid` = 44 [ RunTime:0.0240s ]
SQL: SHOW COLUMNS FROM `onlineorder_dish` [ RunTime:0.0180s ]
SQL: SELECT * FROM `onlineorder_dish` WHERE ( id=44 ) LIMIT 1   [ RunTime:0.0010s ]

[ 2017-06-03T13:15:22+08:00 ] ::1 /onlineorder/index.php/Home/Cart/addToCart.html
INFO: [ app_begin ] --START--
INFO: Run Behavior\ReadHtmlCacheBehavior [ RunTime:0.009000s ]
INFO: [ app_begin ] --END-- [ RunTime:0.009000s ]
SQL: SHOW COLUMNS FROM `onlineorder_cart` [ RunTime:0.0180s ]
SQL: SELECT * FROM `onlineorder_cart` WHERE `userid` = 1 AND `dishid` = 44 LIMIT 1   [ RunTime:0.0020s ]
SQL: UPDATE `onlineorder_cart` SET `dishcount`='18' WHERE `userid` = 1 AND `dishid` = 44 [ RunTime:0.0070s ]
SQL: SHOW COLUMNS FROM `onlineorder_dish` [ RunTime:0.0180s ]
SQL: SELECT * FROM `onlineorder_dish` WHERE ( id=44 ) LIMIT 1   [ RunTime:0.0020s ]

[ 2017-06-03T13:29:14+08:00 ] ::1 /onlineorder/index.php/Home/Cart/add_cart.html
ERR: 非法操作:add_cart

[ 2017-06-03T13:30:11+08:00 ] ::1 /onlineorder/index.php/Home/Cart/add_cart.html
ERR: 非法操作:add_cart

[ 2017-06-03T13:30:12+08:00 ] ::1 /onlineorder/index.php/Home/Cart/add_cart.html
ERR: 非法操作:add_cart

[ 2017-06-03T13:30:16+08:00 ] ::1 /onlineorder/index.php/Home/Cart/add_cart.html
ERR: 非法操作:add_cart

[ 2017-06-03T13:31:24+08:00 ] ::1 /onlineorder/index.php/Home/Cart/add_cart.html
ERR: 非法操作:add_cart

[ 2017-06-03T13:31:56+08:00 ] ::1 /onlineorder/index.php/Home/Cart/add_cart.html
ERR: 非法操作:add_cart

[ 2017-06-03T13:32:38+08:00 ] ::1 /onlineorder/index.php/Home/Cart/add_cart.html
ERR: 非法操作:add_cart

[ 2017-06-03T13:32:41+08:00 ] ::1 /onlineorder/index.php/Home/Cart/add_cart.html
ERR: 非法操作:add_cart

[ 2017-06-03T14:30:35+08:00 ] ::1 /onlineorder/index.php/Home/Cart/addcart.html
ERR: 1146:La table 'onlineorder.onlineorder_dishitem' n'existe pas
 [ SQL语句 ] : SELECT b.*,a.name,a.price,c.name as dishtype FROM onlineorder_dish as a,onlineorder_cart as b,onlineorder_dishitem as c WHERE ( a.id=b.dishid and a.subdishtypeid=c.id and b.userid=1 ) 

[ 2017-06-03T14:45:36+08:00 ] ::1 /onlineorder/index.php/Home/Cart/addToCart.html
INFO: [ app_begin ] --START--
INFO: Run Behavior\ReadHtmlCacheBehavior [ RunTime:0.002000s ]
INFO: [ app_begin ] --END-- [ RunTime:0.003000s ]
SQL: SHOW COLUMNS FROM `onlineorder_cart` [ RunTime:0.0130s ]
SQL: SELECT * FROM `onlineorder_cart` WHERE `userid` = 1 AND `dishid` = 46 LIMIT 1   [ RunTime:0.0010s ]
SQL: INSERT INTO `onlineorder_cart` (`id`,`userid`,`dishid`,`dishcount`) VALUES (NULL,'1','46','1') [ RunTime:0.0220s ]
SQL: SHOW COLUMNS FROM `onlineorder_dish` [ RunTime:0.0140s ]
SQL: SELECT * FROM `onlineorder_dish` WHERE ( id=46 ) LIMIT 1   [ RunTime:0.0020s ]

[ 2017-06-03T14:45:38+08:00 ] ::1 /onlineorder/index.php/Home/Cart/addToCart.html
INFO: [ app_begin ] --START--
INFO: Run Behavior\ReadHtmlCacheBehavior [ RunTime:0.003001s ]
INFO: [ app_begin ] --END-- [ RunTime:0.005001s ]
SQL: SHOW COLUMNS FROM `onlineorder_cart` [ RunTime:0.0130s ]
SQL: SELECT * FROM `onlineorder_cart` WHERE `userid` = 1 AND `dishid` = 46 LIMIT 1   [ RunTime:0.0020s ]
SQL: UPDATE `onlineorder_cart` SET `dishcount`='2' WHERE `userid` = 1 AND `dishid` = 46 [ RunTime:0.0150s ]
SQL: SHOW COLUMNS FROM `onlineorder_dish` [ RunTime:0.0170s ]
SQL: SELECT * FROM `onlineorder_dish` WHERE ( id=46 ) LIMIT 1   [ RunTime:0.0020s ]

[ 2017-06-03T14:45:43+08:00 ] ::1 /onlineorder/index.php/Home/Cart/addToCart.html
INFO: [ app_begin ] --START--
INFO: Run Behavior\ReadHtmlCacheBehavior [ RunTime:0.003000s ]
INFO: [ app_begin ] --END-- [ RunTime:0.003000s ]
SQL: SHOW COLUMNS FROM `onlineorder_cart` [ RunTime:0.0120s ]
SQL: SELECT * FROM `onlineorder_cart` WHERE `userid` = 1 AND `dishid` = 46 LIMIT 1   [ RunTime:0.0020s ]
SQL: UPDATE `onlineorder_cart` SET `dishcount`='3' WHERE `userid` = 1 AND `dishid` = 46 [ RunTime:0.0260s ]
SQL: SHOW COLUMNS FROM `onlineorder_dish` [ RunTime:0.0160s ]
SQL: SELECT * FROM `onlineorder_dish` WHERE ( id=46 ) LIMIT 1   [ RunTime:0.0010s ]

[ 2017-06-03T14:45:55+08:00 ] ::1 /onlineorder/index.php/Home/Cart/addToCart.html
INFO: [ app_begin ] --START--
INFO: Run Behavior\ReadHtmlCacheBehavior [ RunTime:0.003000s ]
INFO: [ app_begin ] --END-- [ RunTime:0.003000s ]
SQL: SHOW COLUMNS FROM `onlineorder_cart` [ RunTime:0.0170s ]
SQL: SELECT * FROM `onlineorder_cart` WHERE `userid` = 1 AND `dishid` = 46 LIMIT 1   [ RunTime:0.0010s ]
SQL: UPDATE `onlineorder_cart` SET `dishcount`='4' WHERE `userid` = 1 AND `dishid` = 46 [ RunTime:0.0050s ]
SQL: SHOW COLUMNS FROM `onlineorder_dish` [ RunTime:0.0180s ]
SQL: SELECT * FROM `onlineorder_dish` WHERE ( id=46 ) LIMIT 1   [ RunTime:0.0010s ]

[ 2017-06-03T14:46:43+08:00 ] ::1 /onlineorder/index.php/Home/Cart/addToCart.html
INFO: [ app_begin ] --START--
INFO: Run Behavior\ReadHtmlCacheBehavior [ RunTime:0.004001s ]
INFO: [ app_begin ] --END-- [ RunTime:0.005001s ]
SQL: SHOW COLUMNS FROM `onlineorder_cart` [ RunTime:0.0130s ]
SQL: SELECT * FROM `onlineorder_cart` WHERE `userid` = 1 AND `dishid` = 46 LIMIT 1   [ RunTime:0.0020s ]
SQL: UPDATE `onlineorder_cart` SET `dishcount`='5' WHERE `userid` = 1 AND `dishid` = 46 [ RunTime:0.0220s ]
SQL: SHOW COLUMNS FROM `onlineorder_dish` [ RunTime:0.0160s ]
SQL: SELECT * FROM `onlineorder_dish` WHERE ( id=46 ) LIMIT 1   [ RunTime:0.0010s ]

[ 2017-06-03T14:46:57+08:00 ] ::1 /onlineorder/index.php/Home/Cart/addToCart.html
INFO: [ app_begin ] --START--
INFO: Run Behavior\ReadHtmlCacheBehavior [ RunTime:0.003001s ]
INFO: [ app_begin ] --END-- [ RunTime:0.004001s ]
SQL: SHOW COLUMNS FROM `onlineorder_cart` [ RunTime:0.0130s ]
SQL: SELECT * FROM `onlineorder_cart` WHERE `userid` = 1 AND `dishid` = 46 LIMIT 1   [ RunTime:0.0010s ]
SQL: UPDATE `onlineorder_cart` SET `dishcount`='6' WHERE `userid` = 1 AND `dishid` = 46 [ RunTime:0.0480s ]
SQL: SHOW COLUMNS FROM `onlineorder_dish` [ RunTime:0.0160s ]
SQL: SELECT * FROM `onlineorder_dish` WHERE ( id=46 ) LIMIT 1   [ RunTime:0.0010s ]

[ 2017-06-03T14:46:59+08:00 ] ::1 /onlineorder/index.php/Home/Cart/addToCart.html
INFO: [ app_begin ] --START--
INFO: Run Behavior\ReadHtmlCacheBehavior [ RunTime:0.002000s ]
INFO: [ app_begin ] --END-- [ RunTime:0.003000s ]
SQL: SHOW COLUMNS FROM `onlineorder_cart` [ RunTime:0.0190s ]
SQL: SELECT * FROM `onlineorder_cart` WHERE `userid` = 1 AND `dishid` = 46 LIMIT 1   [ RunTime:0.0020s ]
SQL: UPDATE `onlineorder_cart` SET `dishcount`='7' WHERE `userid` = 1 AND `dishid` = 46 [ RunTime:0.0070s ]
SQL: SHOW COLUMNS FROM `onlineorder_dish` [ RunTime:0.0180s ]
SQL: SELECT * FROM `onlineorder_dish` WHERE ( id=46 ) LIMIT 1   [ RunTime:0.0010s ]

[ 2017-06-03T14:47:00+08:00 ] ::1 /onlineorder/index.php/Home/Cart/addToCart.html
INFO: [ app_begin ] --START--
INFO: Run Behavior\ReadHtmlCacheBehavior [ RunTime:0.003000s ]
INFO: [ app_begin ] --END-- [ RunTime:0.004000s ]
SQL: SHOW COLUMNS FROM `onlineorder_cart` [ RunTime:0.0140s ]
SQL: SELECT * FROM `onlineorder_cart` WHERE `userid` = 1 AND `dishid` = 46 LIMIT 1   [ RunTime:0.0010s ]
SQL: UPDATE `onlineorder_cart` SET `dishcount`='8' WHERE `userid` = 1 AND `dishid` = 46 [ RunTime:0.0050s ]
SQL: SHOW COLUMNS FROM `onlineorder_dish` [ RunTime:0.0160s ]
SQL: SELECT * FROM `onlineorder_dish` WHERE ( id=46 ) LIMIT 1   [ RunTime:0.0020s ]

[ 2017-06-03T14:47:01+08:00 ] ::1 /onlineorder/index.php/Home/Cart/addToCart.html
INFO: [ app_begin ] --START--
INFO: Run Behavior\ReadHtmlCacheBehavior [ RunTime:0.003000s ]
INFO: [ app_begin ] --END-- [ RunTime:0.003000s ]
SQL: SHOW COLUMNS FROM `onlineorder_cart` [ RunTime:0.0140s ]
SQL: SELECT * FROM `onlineorder_cart` WHERE `userid` = 1 AND `dishid` = 46 LIMIT 1   [ RunTime:0.0010s ]
SQL: UPDATE `onlineorder_cart` SET `dishcount`='9' WHERE `userid` = 1 AND `dishid` = 46 [ RunTime:0.0060s ]
SQL: SHOW COLUMNS FROM `onlineorder_dish` [ RunTime:0.0160s ]
SQL: SELECT * FROM `onlineorder_dish` WHERE ( id=46 ) LIMIT 1   [ RunTime:0.0010s ]

[ 2017-06-03T14:47:02+08:00 ] ::1 /onlineorder/index.php/Home/Cart/addToCart.html
INFO: [ app_begin ] --START--
INFO: Run Behavior\ReadHtmlCacheBehavior [ RunTime:0.005001s ]
INFO: [ app_begin ] --END-- [ RunTime:0.008001s ]
SQL: SHOW COLUMNS FROM `onlineorder_cart` [ RunTime:0.0260s ]
SQL: SELECT * FROM `onlineorder_cart` WHERE `userid` = 1 AND `dishid` = 46 LIMIT 1   [ RunTime:0.0010s ]
SQL: UPDATE `onlineorder_cart` SET `dishcount`='10' WHERE `userid` = 1 AND `dishid` = 46 [ RunTime:0.0310s ]
SQL: SHOW COLUMNS FROM `onlineorder_dish` [ RunTime:0.0180s ]
SQL: SELECT * FROM `onlineorder_dish` WHERE ( id=46 ) LIMIT 1   [ RunTime:0.0020s ]

[ 2017-06-03T14:48:29+08:00 ] ::1 /onlineorder/index.php/Home/Cart/addToCart.html
INFO: [ app_begin ] --START--
INFO: Run Behavior\ReadHtmlCacheBehavior [ RunTime:0.002000s ]
INFO: [ app_begin ] --END-- [ RunTime:0.003000s ]
SQL: SHOW COLUMNS FROM `onlineorder_cart` [ RunTime:0.0230s ]
SQL: SELECT * FROM `onlineorder_cart` WHERE `userid` = 1 AND `dishid` = 46 LIMIT 1   [ RunTime:0.0020s ]
SQL: UPDATE `onlineorder_cart` SET `dishcount`='11' WHERE `userid` = 1 AND `dishid` = 46 [ RunTime:0.0160s ]
SQL: SHOW COLUMNS FROM `onlineorder_dish` [ RunTime:0.0180s ]
SQL: SELECT * FROM `onlineorder_dish` WHERE ( id=46 ) LIMIT 1   [ RunTime:0.0020s ]

[ 2017-06-03T14:53:42+08:00 ] ::1 /onlineorder/index.php/Home/Menu/sub_Menu.html
INFO: [ app_begin ] --START--
INFO: Run Behavior\ReadHtmlCacheBehavior [ RunTime:0.015600s ]
INFO: [ app_begin ] --END-- [ RunTime:0.015600s ]
SQL: SHOW COLUMNS FROM `onlineorder_dish` [ RunTime:0.0156s ]
SQL: SELECT * FROM `onlineorder_dish` WHERE `subdishtypeid` = 11  [ RunTime:0.0000s ]

[ 2017-06-03T14:53:43+08:00 ] ::1 /onlineorder/index.php/Home/Menu/sub_Menu.html
INFO: [ app_begin ] --START--
INFO: Run Behavior\ReadHtmlCacheBehavior [ RunTime:0.000000s ]
INFO: [ app_begin ] --END-- [ RunTime:0.000000s ]
SQL: SHOW COLUMNS FROM `onlineorder_dish` [ RunTime:0.0000s ]
SQL: SELECT * FROM `onlineorder_dish` WHERE `subdishtypeid` = 10  [ RunTime:0.0166s ]

[ 2017-06-03T14:53:45+08:00 ] ::1 /onlineorder/index.php/Home/Menu/sub_Menu.html
INFO: [ app_begin ] --START--
INFO: Run Behavior\ReadHtmlCacheBehavior [ RunTime:0.000000s ]
INFO: [ app_begin ] --END-- [ RunTime:0.000000s ]
SQL: SHOW COLUMNS FROM `onlineorder_dish` [ RunTime:0.0156s ]
SQL: SELECT * FROM `onlineorder_dish` WHERE `subdishtypeid` = 8  [ RunTime:0.0000s ]

[ 2017-06-03T14:53:47+08:00 ] ::1 /onlineorder/index.php/Home/Menu/first_Menu.html
INFO: [ app_begin ] --START--
INFO: Run Behavior\ReadHtmlCacheBehavior [ RunTime:0.015600s ]
INFO: [ app_begin ] --END-- [ RunTime:0.015600s ]
SQL: SHOW COLUMNS FROM `onlineorder_dish` [ RunTime:0.0156s ]
SQL: SHOW COLUMNS FROM `onlineorder_dish` [ RunTime:0.0156s ]
SQL: SELECT a.* FROM onlineorder_dish as a,onlineorder_dishtype as b,onlineorder_dishtypeitem as c WHERE ( a.subdishtypeid=c.id and c.typeid=b.id and b.id=1 )  [ RunTime:0.0156s ]

[ 2017-06-03T14:53:48+08:00 ] ::1 /onlineorder/index.php/Home/Menu/first_Menu.html
INFO: [ app_begin ] --START--
INFO: Run Behavior\ReadHtmlCacheBehavior [ RunTime:0.000000s ]
INFO: [ app_begin ] --END-- [ RunTime:0.000000s ]
SQL: SHOW COLUMNS FROM `onlineorder_dish` [ RunTime:0.0156s ]
SQL: SHOW COLUMNS FROM `onlineorder_dish` [ RunTime:0.0156s ]
SQL: SELECT a.* FROM onlineorder_dish as a,onlineorder_dishtype as b,onlineorder_dishtypeitem as c WHERE ( a.subdishtypeid=c.id and c.typeid=b.id and b.id=4 )  [ RunTime:0.0000s ]

[ 2017-06-03T14:53:49+08:00 ] ::1 /onlineorder/index.php/Home/Menu/first_Menu.html
INFO: [ app_begin ] --START--
INFO: Run Behavior\ReadHtmlCacheBehavior [ RunTime:0.000000s ]
INFO: [ app_begin ] --END-- [ RunTime:0.000000s ]
SQL: SHOW COLUMNS FROM `onlineorder_dish` [ RunTime:0.0156s ]
SQL: SHOW COLUMNS FROM `onlineorder_dish` [ RunTime:0.0156s ]
SQL: SELECT a.* FROM onlineorder_dish as a,onlineorder_dishtype as b,onlineorder_dishtypeitem as c WHERE ( a.subdishtypeid=c.id and c.typeid=b.id and b.id=5 )  [ RunTime:0.0000s ]

[ 2017-06-03T15:53:52+08:00 ] ::1 /onlineorder/index.php/Home/Cart/addToCart.html
INFO: [ app_begin ] --START--
INFO: Run Behavior\ReadHtmlCacheBehavior [ RunTime:0.005001s ]
INFO: [ app_begin ] --END-- [ RunTime:0.005001s ]
SQL: SHOW COLUMNS FROM `onlineorder_cart` [ RunTime:0.0150s ]
SQL: SELECT * FROM `onlineorder_cart` WHERE `userid` = 1 AND `dishid` = 46 LIMIT 1   [ RunTime:0.0020s ]
SQL: UPDATE `onlineorder_cart` SET `dishcount`='12' WHERE `userid` = 1 AND `dishid` = 46 [ RunTime:0.0700s ]
SQL: SHOW COLUMNS FROM `onlineorder_dish` [ RunTime:0.0130s ]
SQL: SELECT * FROM `onlineorder_dish` WHERE ( id=46 ) LIMIT 1   [ RunTime:0.0010s ]

[ 2017-06-03T15:55:26+08:00 ] ::1 /onlineorder/index.php/Home/Cart/addToCart.html
INFO: [ app_begin ] --START--
INFO: Run Behavior\ReadHtmlCacheBehavior [ RunTime:0.006001s ]
INFO: [ app_begin ] --END-- [ RunTime:0.007001s ]
SQL: SHOW COLUMNS FROM `onlineorder_cart` [ RunTime:0.0200s ]
SQL: SELECT * FROM `onlineorder_cart` WHERE `userid` = 1 AND `dishid` = 47 LIMIT 1   [ RunTime:0.0020s ]
SQL: INSERT INTO `onlineorder_cart` (`id`,`userid`,`dishid`,`dishcount`) VALUES (NULL,'1','47','1') [ RunTime:0.0340s ]
SQL: SHOW COLUMNS FROM `onlineorder_dish` [ RunTime:0.0150s ]
SQL: SELECT * FROM `onlineorder_dish` WHERE ( id=47 ) LIMIT 1   [ RunTime:0.0010s ]

[ 2017-06-03T15:58:28+08:00 ] ::1 /onlineorder/index.php/Home/Cart/addToCart.html
INFO: [ app_begin ] --START--
INFO: Run Behavior\ReadHtmlCacheBehavior [ RunTime:0.003000s ]
INFO: [ app_begin ] --END-- [ RunTime:0.003000s ]
SQL: SHOW COLUMNS FROM `onlineorder_cart` [ RunTime:0.0130s ]
SQL: SELECT * FROM `onlineorder_cart` WHERE `userid` = 1 AND `dishid` = 46 LIMIT 1   [ RunTime:0.0010s ]
SQL: UPDATE `onlineorder_cart` SET `dishcount`='13' WHERE `userid` = 1 AND `dishid` = 46 [ RunTime:0.0380s ]
SQL: SHOW COLUMNS FROM `onlineorder_dish` [ RunTime:0.0170s ]
SQL: SELECT * FROM `onlineorder_dish` WHERE ( id=46 ) LIMIT 1   [ RunTime:0.0010s ]

[ 2017-06-03T15:58:28+08:00 ] ::1 /onlineorder/index.php/Home/Cart/addToCart.html
INFO: [ app_begin ] --START--
INFO: Run Behavior\ReadHtmlCacheBehavior [ RunTime:0.003000s ]
INFO: [ app_begin ] --END-- [ RunTime:0.004000s ]
SQL: SHOW COLUMNS FROM `onlineorder_cart` [ RunTime:0.0190s ]
SQL: SELECT * FROM `onlineorder_cart` WHERE `userid` = 1 AND `dishid` = 46 LIMIT 1   [ RunTime:0.0010s ]
SQL: UPDATE `onlineorder_cart` SET `dishcount`='14' WHERE `userid` = 1 AND `dishid` = 46 [ RunTime:0.0060s ]
SQL: SHOW COLUMNS FROM `onlineorder_dish` [ RunTime:0.0190s ]
SQL: SELECT * FROM `onlineorder_dish` WHERE ( id=46 ) LIMIT 1   [ RunTime:0.0020s ]

[ 2017-06-03T15:58:28+08:00 ] ::1 /onlineorder/index.php/Home/Cart/addToCart.html
INFO: [ app_begin ] --START--
INFO: Run Behavior\ReadHtmlCacheBehavior [ RunTime:0.005000s ]
INFO: [ app_begin ] --END-- [ RunTime:0.005000s ]
SQL: SHOW COLUMNS FROM `onlineorder_cart` [ RunTime:0.0180s ]
SQL: SELECT * FROM `onlineorder_cart` WHERE `userid` = 1 AND `dishid` = 46 LIMIT 1   [ RunTime:0.0020s ]
SQL: UPDATE `onlineorder_cart` SET `dishcount`='15' WHERE `userid` = 1 AND `dishid` = 46 [ RunTime:0.0070s ]
SQL: SHOW COLUMNS FROM `onlineorder_dish` [ RunTime:0.0200s ]
SQL: SELECT * FROM `onlineorder_dish` WHERE ( id=46 ) LIMIT 1   [ RunTime:0.0010s ]

[ 2017-06-03T15:58:29+08:00 ] ::1 /onlineorder/index.php/Home/Cart/addToCart.html
INFO: [ app_begin ] --START--
INFO: Run Behavior\ReadHtmlCacheBehavior [ RunTime:0.009001s ]
INFO: [ app_begin ] --END-- [ RunTime:0.011001s ]
SQL: SHOW COLUMNS FROM `onlineorder_cart` [ RunTime:0.0180s ]
SQL: SELECT * FROM `onlineorder_cart` WHERE `userid` = 1 AND `dishid` = 46 LIMIT 1   [ RunTime:0.0020s ]
SQL: UPDATE `onlineorder_cart` SET `dishcount`='16' WHERE `userid` = 1 AND `dishid` = 46 [ RunTime:0.0250s ]
SQL: SHOW COLUMNS FROM `onlineorder_dish` [ RunTime:0.0190s ]
SQL: SELECT * FROM `onlineorder_dish` WHERE ( id=46 ) LIMIT 1   [ RunTime:0.0010s ]

[ 2017-06-03T16:05:37+08:00 ] ::1 /onlineorder/index.php/Home/Menu/sub_Menu.html
INFO: [ app_begin ] --START--
INFO: Run Behavior\ReadHtmlCacheBehavior [ RunTime:0.002001s ]
INFO: [ app_begin ] --END-- [ RunTime:0.002001s ]
SQL: SHOW COLUMNS FROM `onlineorder_dish` [ RunTime:0.0120s ]
SQL: SELECT * FROM `onlineorder_dish` WHERE `subdishtypeid` = 1  [ RunTime:0.0010s ]

[ 2017-06-03T16:06:00+08:00 ] ::1 /onlineorder/index.php/Home/Menu/first_Menu.html
INFO: [ app_begin ] --START--
INFO: Run Behavior\ReadHtmlCacheBehavior [ RunTime:0.002000s ]
INFO: [ app_begin ] --END-- [ RunTime:0.003000s ]
SQL: SHOW COLUMNS FROM `onlineorder_dish` [ RunTime:0.0120s ]
SQL: SHOW COLUMNS FROM `onlineorder_dish` [ RunTime:0.0110s ]
SQL: SELECT a.* FROM onlineorder_dish as a,onlineorder_dishtype as b,onlineorder_dishtypeitem as c WHERE ( a.subdishtypeid=c.id and c.typeid=b.id and b.id=1 )  [ RunTime:0.0010s ]

[ 2017-06-03T16:16:06+08:00 ] ::1 /onlineorder/index.php/Home/Cart/addcart.html
ERR: 1064:Erreur de syntaxe près de ')' à la ligne 1
 [ SQL语句 ] : SELECT b.*,a.name,a.price,c.name as dishtype FROM onlineorder_dish as a,onlineorder_cart as b,onlineorder_dishtypeitem as c WHERE ( a.id=b.dishid and a.subdishtypeid=c.id and b.userid= ) 

[ 2017-06-03T16:22:03+08:00 ] ::1 /onlineorder/index.php/Home/Cart/deleteFromCart.html
INFO: [ app_begin ] --START--
INFO: Run Behavior\ReadHtmlCacheBehavior [ RunTime:0.002000s ]
INFO: [ app_begin ] --END-- [ RunTime:0.002000s ]
SQL: SHOW COLUMNS FROM `onlineorder_cart` [ RunTime:0.0120s ]
SQL: DELETE FROM `onlineorder_cart` WHERE `userid` = 1 AND `dishid` = 46 [ RunTime:0.0830s ]

[ 2017-06-03T16:22:07+08:00 ] ::1 /onlineorder/index.php/Home/Cart/deleteFromCart.html
INFO: [ app_begin ] --START--
INFO: Run Behavior\ReadHtmlCacheBehavior [ RunTime:0.002000s ]
INFO: [ app_begin ] --END-- [ RunTime:0.003000s ]
SQL: SHOW COLUMNS FROM `onlineorder_cart` [ RunTime:0.0120s ]
SQL: DELETE FROM `onlineorder_cart` WHERE `userid` = 1 AND `dishid` = 44 [ RunTime:0.0160s ]

[ 2017-06-03T16:32:36+08:00 ] ::1 /onlineorder/index.php/Home/Index_Admin/liuyan.html
ERR: 无法加载控制器:Index_Admin

[ 2017-06-03T16:33:26+08:00 ] ::1 /onlineorder/index.php/Home/Index_Admin/liuyan.html
ERR: 无法加载控制器:Index_Admin

[ 2017-06-03T16:33:29+08:00 ] ::1 /onlineorder/index.php/Home/Index_Admin/liuyan.html
ERR: 无法加载控制器:Index_Admin

[ 2017-06-03T16:33:52+08:00 ] ::1 /onlineorder/index.php/Home/Index_Admin/liuyan.html
ERR: 无法加载控制器:Index_Admin

[ 2017-06-03T16:36:48+08:00 ] ::1 /onlineorder/index.php/Home/Liuyan/handle.html
ERR: 1452:Cannot add or update a child row: a foreign key constraint fails (`onlineorder`.`onlineorder_comment`, CONSTRAINT `onlineorder_comment_ibfk_1` FOREIGN KEY (`userid`) REFERENCES `onlineorder_user` (`id`) ON DELETE CASCADE ON UPDATE CASCADE)
 [ SQL语句 ] : INSERT INTO `onlineorder_comment` (`content`,`scorc`) VALUES ('dgdfgzd','3')

[ 2017-06-03T16:39:20+08:00 ] ::1 /onlineorder/index.php/Home/Index/liuyan.html
ERR: 非法操作:liuyan

[ 2017-06-03T16:40:32+08:00 ] ::1 /onlineorder/index.php/Home/Index/liuyan.html
ERR: 非法操作:liuyan

[ 2017-06-03T17:52:21+08:00 ] ::1 /onlineorder/index.php/Home/Cart/getTotal.html
ERR: 1048:Le champ 'totalprice' ne peut être vide (null)
 [ SQL语句 ] : INSERT INTO `onlineorder_order` (`id`,`userid`,`seatid`,`totalprice`,`mealtime`,`creattime`) VALUES (NULL,'1','2',NULL,'2017/06/03','2017/06/03')

[ 2017-06-03T18:28:03+08:00 ] ::1 /onlineorder/index.php/Home/Cart/addToCart.html
INFO: [ app_begin ] --START--
INFO: Run Behavior\ReadHtmlCacheBehavior [ RunTime:0.003000s ]
INFO: [ app_begin ] --END-- [ RunTime:0.005000s ]
SQL: SHOW COLUMNS FROM `onlineorder_cart` [ RunTime:0.0150s ]
SQL: SELECT * FROM `onlineorder_cart` WHERE `userid` = 1 AND `dishid` = 44 LIMIT 1   [ RunTime:0.0010s ]
SQL: INSERT INTO `onlineorder_cart` (`id`,`userid`,`dishid`,`dishcount`) VALUES (NULL,'1','44','1') [ RunTime:0.0220s ]
SQL: SHOW COLUMNS FROM `onlineorder_dish` [ RunTime:0.0160s ]
SQL: SELECT * FROM `onlineorder_dish` WHERE ( id=44 ) LIMIT 1   [ RunTime:0.0020s ]

[ 2017-06-03T18:28:06+08:00 ] ::1 /onlineorder/index.php/Home/Cart/addToCart.html
INFO: [ app_begin ] --START--
INFO: Run Behavior\ReadHtmlCacheBehavior [ RunTime:0.005001s ]
INFO: [ app_begin ] --END-- [ RunTime:0.006001s ]
SQL: SHOW COLUMNS FROM `onlineorder_cart` [ RunTime:0.0140s ]
SQL: SELECT * FROM `onlineorder_cart` WHERE `userid` = 1 AND `dishid` = 44 LIMIT 1   [ RunTime:0.0020s ]
SQL: UPDATE `onlineorder_cart` SET `dishcount`='2' WHERE `userid` = 1 AND `dishid` = 44 [ RunTime:0.0180s ]
SQL: SHOW COLUMNS FROM `onlineorder_dish` [ RunTime:0.0140s ]
SQL: SELECT * FROM `onlineorder_dish` WHERE ( id=44 ) LIMIT 1   [ RunTime:0.0010s ]

[ 2017-06-03T18:28:24+08:00 ] ::1 /onlineorder/index.php/Home/Cart/addToCart.html
INFO: [ app_begin ] --START--
INFO: Run Behavior\ReadHtmlCacheBehavior [ RunTime:0.002000s ]
INFO: [ app_begin ] --END-- [ RunTime:0.003000s ]
SQL: SHOW COLUMNS FROM `onlineorder_cart` [ RunTime:0.0140s ]
SQL: SELECT * FROM `onlineorder_cart` WHERE `userid` = 1 AND `dishid` = 47 LIMIT 1   [ RunTime:0.0010s ]
SQL: UPDATE `onlineorder_cart` SET `dishcount`='2' WHERE `userid` = 1 AND `dishid` = 47 [ RunTime:0.0040s ]
SQL: SHOW COLUMNS FROM `onlineorder_dish` [ RunTime:0.0160s ]
SQL: SELECT * FROM `onlineorder_dish` WHERE ( id=47 ) LIMIT 1   [ RunTime:0.0030s ]

[ 2017-06-03T22:12:57+08:00 ] ::1 /onlineorder/index.php/Home/Cart/addToCart.html
INFO: [ app_begin ] --START--
INFO: Run Behavior\ReadHtmlCacheBehavior [ RunTime:0.002000s ]
INFO: [ app_begin ] --END-- [ RunTime:0.003000s ]
NOTIC: [8] Undefined index: userid D:\wamp\www\onlineorder\App\Home\Controller\CartController.class.php 第 26 行.
INFO: [ app_end ] --START--
INFO: Run Behavior\ShowPageTraceBehavior [ RunTime:0.002000s ]
INFO: [ app_end ] --END-- [ RunTime:0.003000s ]

[ 2017-06-03T22:13:02+08:00 ] ::1 /onlineorder/index.php/Home/Cart/addToCart.html
INFO: [ app_begin ] --START--
INFO: Run Behavior\ReadHtmlCacheBehavior [ RunTime:0.002000s ]
INFO: [ app_begin ] --END-- [ RunTime:0.003000s ]
NOTIC: [8] Undefined index: userid D:\wamp\www\onlineorder\App\Home\Controller\CartController.class.php 第 26 行.
INFO: [ app_end ] --START--
INFO: Run Behavior\ShowPageTraceBehavior [ RunTime:0.003000s ]
INFO: [ app_end ] --END-- [ RunTime:0.003000s ]

[ 2017-06-03T22:13:13+08:00 ] ::1 /onlineorder/index.php/Home/Cart/addToCart.html
INFO: [ app_begin ] --START--
INFO: Run Behavior\ReadHtmlCacheBehavior [ RunTime:0.002000s ]
INFO: [ app_begin ] --END-- [ RunTime:0.002000s ]
NOTIC: [8] Undefined index: userid D:\wamp\www\onlineorder\App\Home\Controller\CartController.class.php 第 26 行.
INFO: [ app_end ] --START--
INFO: Run Behavior\ShowPageTraceBehavior [ RunTime:0.001000s ]
INFO: [ app_end ] --END-- [ RunTime:0.001000s ]

[ 2017-06-03T22:18:34+08:00 ] ::1 /onlineorder/index.php/Home/Cart/addToCart.html
INFO: [ app_begin ] --START--
INFO: Run Behavior\ReadHtmlCacheBehavior [ RunTime:0.005000s ]
INFO: [ app_begin ] --END-- [ RunTime:0.007000s ]
SQL: SHOW COLUMNS FROM `onlineorder_cart` [ RunTime:0.0690s ]
SQL: SELECT * FROM `onlineorder_cart` WHERE `userid` = 1 AND `dishid` = 53 LIMIT 1   [ RunTime:0.0870s ]
SQL: INSERT INTO `onlineorder_cart` (`id`,`userid`,`dishid`,`dishcount`) VALUES (NULL,'1','53','1') [ RunTime:0.0160s ]
SQL: SHOW COLUMNS FROM `onlineorder_dish` [ RunTime:0.0170s ]
SQL: SELECT * FROM `onlineorder_dish` WHERE ( id=53 ) LIMIT 1   [ RunTime:0.0040s ]

