[ 2017-05-30T00:20:02+08:00 ] ::1 /onlineorder/index.php/Home/Index/sub_Menu.html
INFO: [ app_begin ] --START--
INFO: Run Behavior\ReadHtmlCacheBehavior [ RunTime:0.001000s ]
INFO: [ app_begin ] --END-- [ RunTime:0.002000s ]
NOTIC: [2048] Declaration of Home\Controller\IndexController::show() should be compatible with Think\Controller::show($content, $charset = '', $contentType = '', $prefix = '') D:\wamp\www\onlineorder\App\Home\Controller\IndexController.class.php 第 150 行.
ERR: 参数错误或者未定义:id

[ 2017-05-30T00:26:44+08:00 ] ::1 /onlineorder/index.php/Home/Index/sub_Menu.html
INFO: [ app_begin ] --START--
INFO: Run Behavior\ReadHtmlCacheBehavior [ RunTime:0.001000s ]
INFO: [ app_begin ] --END-- [ RunTime:0.002000s ]
NOTIC: [2048] Declaration of Home\Controller\IndexController::show() should be compatible with Think\Controller::show($content, $charset = '', $contentType = '', $prefix = '') D:\wamp\www\onlineorder\App\Home\Controller\IndexController.class.php 第 150 行.
ERR: 参数错误或者未定义:id

[ 2017-05-30T00:26:48+08:00 ] ::1 /onlineorder/index.php/Home/Index/sub_Menu.html
INFO: [ app_begin ] --START--
INFO: Run Behavior\ReadHtmlCacheBehavior [ RunTime:0.002000s ]
INFO: [ app_begin ] --END-- [ RunTime:0.003000s ]
NOTIC: [2048] Declaration of Home\Controller\IndexController::show() should be compatible with Think\Controller::show($content, $charset = '', $contentType = '', $prefix = '') D:\wamp\www\onlineorder\App\Home\Controller\IndexController.class.php 第 150 行.
ERR: 参数错误或者未定义:id

[ 2017-05-30T00:28:19+08:00 ] ::1 /onlineorder/index.php/Home/Index/sub_Menu.html
INFO: [ app_begin ] --START--
INFO: Run Behavior\ReadHtmlCacheBehavior [ RunTime:0.002000s ]
INFO: [ app_begin ] --END-- [ RunTime:0.003000s ]
NOTIC: [2048] Declaration of Home\Controller\IndexController::show() should be compatible with Think\Controller::show($content, $charset = '', $contentType = '', $prefix = '') D:\wamp\www\onlineorder\App\Home\Controller\IndexController.class.php 第 150 行.
ERR: 参数错误或者未定义:id

[ 2017-05-30T00:28:22+08:00 ] ::1 /onlineorder/index.php/Home/Index/sub_Menu.html
INFO: [ app_begin ] --START--
INFO: Run Behavior\ReadHtmlCacheBehavior [ RunTime:0.002000s ]
INFO: [ app_begin ] --END-- [ RunTime:0.002000s ]
NOTIC: [2048] Declaration of Home\Controller\IndexController::show() should be compatible with Think\Controller::show($content, $charset = '', $contentType = '', $prefix = '') D:\wamp\www\onlineorder\App\Home\Controller\IndexController.class.php 第 150 行.
ERR: 参数错误或者未定义:id

[ 2017-05-30T00:29:09+08:00 ] ::1 /onlineorder/index.php/Home/Index/sub_Menu.html
INFO: [ app_begin ] --START--
INFO: Run Behavior\ReadHtmlCacheBehavior [ RunTime:0.003000s ]
INFO: [ app_begin ] --END-- [ RunTime:0.003000s ]
NOTIC: [2048] Declaration of Home\Controller\IndexController::show() should be compatible with Think\Controller::show($content, $charset = '', $contentType = '', $prefix = '') D:\wamp\www\onlineorder\App\Home\Controller\IndexController.class.php 第 150 行.
ERR: 参数错误或者未定义:id

[ 2017-05-30T00:29:12+08:00 ] ::1 /onlineorder/index.php/Home/Index/sub_Menu.html
INFO: [ app_begin ] --START--
INFO: Run Behavior\ReadHtmlCacheBehavior [ RunTime:0.002001s ]
INFO: [ app_begin ] --END-- [ RunTime:0.003001s ]
NOTIC: [2048] Declaration of Home\Controller\IndexController::show() should be compatible with Think\Controller::show($content, $charset = '', $contentType = '', $prefix = '') D:\wamp\www\onlineorder\App\Home\Controller\IndexController.class.php 第 150 行.
ERR: 参数错误或者未定义:id

[ 2017-05-30T00:29:19+08:00 ] ::1 /onlineorder/index.php/Home/Index/sub_Menu.html
INFO: [ app_begin ] --START--
INFO: Run Behavior\ReadHtmlCacheBehavior [ RunTime:0.002000s ]
INFO: [ app_begin ] --END-- [ RunTime:0.002000s ]
NOTIC: [2048] Declaration of Home\Controller\IndexController::show() should be compatible with Think\Controller::show($content, $charset = '', $contentType = '', $prefix = '') D:\wamp\www\onlineorder\App\Home\Controller\IndexController.class.php 第 150 行.
ERR: 参数错误或者未定义:id

[ 2017-05-30T00:36:53+08:00 ] ::1 /onlineorder/index.php/Home/Index/sub_Menu.html
INFO: [ app_begin ] --START--
INFO: Run Behavior\ReadHtmlCacheBehavior [ RunTime:0.002000s ]
INFO: [ app_begin ] --END-- [ RunTime:0.003000s ]
NOTIC: [2048] Declaration of Home\Controller\IndexController::show() should be compatible with Think\Controller::show($content, $charset = '', $contentType = '', $prefix = '') D:\wamp\www\onlineorder\App\Home\Controller\IndexController.class.php 第 151 行.
ERR: 参数错误或者未定义:id

[ 2017-05-30T00:40:28+08:00 ] ::1 /onlineorder/index.php/Home/Index/sub_Menu.html
INFO: [ app_begin ] --START--
INFO: Run Behavior\ReadHtmlCacheBehavior [ RunTime:0.002000s ]
INFO: [ app_begin ] --END-- [ RunTime:0.003000s ]
NOTIC: [2048] Declaration of Home\Controller\IndexController::show() should be compatible with Think\Controller::show($content, $charset = '', $contentType = '', $prefix = '') D:\wamp\www\onlineorder\App\Home\Controller\IndexController.class.php 第 151 行.
ERR: 参数错误或者未定义:id

[ 2017-05-30T00:40:31+08:00 ] ::1 /onlineorder/index.php/Home/Index/sub_Menu.html
INFO: [ app_begin ] --START--
INFO: Run Behavior\ReadHtmlCacheBehavior [ RunTime:0.002001s ]
INFO: [ app_begin ] --END-- [ RunTime:0.003001s ]
NOTIC: [2048] Declaration of Home\Controller\IndexController::show() should be compatible with Think\Controller::show($content, $charset = '', $contentType = '', $prefix = '') D:\wamp\www\onlineorder\App\Home\Controller\IndexController.class.php 第 151 行.
ERR: 参数错误或者未定义:id

[ 2017-05-30T00:40:33+08:00 ] ::1 /onlineorder/index.php/Home/Index/sub_Menu.html
INFO: [ app_begin ] --START--
INFO: Run Behavior\ReadHtmlCacheBehavior [ RunTime:0.002000s ]
INFO: [ app_begin ] --END-- [ RunTime:0.002000s ]
NOTIC: [2048] Declaration of Home\Controller\IndexController::show() should be compatible with Think\Controller::show($content, $charset = '', $contentType = '', $prefix = '') D:\wamp\www\onlineorder\App\Home\Controller\IndexController.class.php 第 151 行.
ERR: 参数错误或者未定义:id

[ 2017-05-30T00:41:12+08:00 ] ::1 /onlineorder/index.php/Home/Index/sub_Menu.html
INFO: [ app_begin ] --START--
INFO: Run Behavior\ReadHtmlCacheBehavior [ RunTime:0.003000s ]
INFO: [ app_begin ] --END-- [ RunTime:0.004000s ]
NOTIC: [2048] Declaration of Home\Controller\IndexController::show() should be compatible with Think\Controller::show($content, $charset = '', $contentType = '', $prefix = '') D:\wamp\www\onlineorder\App\Home\Controller\IndexController.class.php 第 154 行.
ERR: 参数错误或者未定义:id

[ 2017-05-30T00:41:50+08:00 ] ::1 /onlineorder/index.php/Home/Index/sub_Menu.html
INFO: [ app_begin ] --START--
INFO: Run Behavior\ReadHtmlCacheBehavior [ RunTime:0.002000s ]
INFO: [ app_begin ] --END-- [ RunTime:0.004000s ]
NOTIC: [2048] Declaration of Home\Controller\IndexController::show() should be compatible with Think\Controller::show($content, $charset = '', $contentType = '', $prefix = '') D:\wamp\www\onlineorder\App\Home\Controller\IndexController.class.php 第 154 行.
ERR: 参数错误或者未定义:id

[ 2017-05-30T00:43:28+08:00 ] ::1 /onlineorder/index.php/Home/Index/sub_Menu.html
INFO: [ app_begin ] --START--
INFO: Run Behavior\ReadHtmlCacheBehavior [ RunTime:0.001000s ]
INFO: [ app_begin ] --END-- [ RunTime:0.002000s ]
NOTIC: [2048] Declaration of Home\Controller\IndexController::show() should be compatible with Think\Controller::show($content, $charset = '', $contentType = '', $prefix = '') D:\wamp\www\onlineorder\App\Home\Controller\IndexController.class.php 第 154 行.
ERR: 参数错误或者未定义:id

[ 2017-05-30T00:49:49+08:00 ] ::1 /onlineorder/index.php/Home/Index/sub_Menu.html
INFO: [ app_begin ] --START--
INFO: Run Behavior\ReadHtmlCacheBehavior [ RunTime:0.003000s ]
INFO: [ app_begin ] --END-- [ RunTime:0.005000s ]
NOTIC: [2048] Declaration of Home\Controller\IndexController::show() should be compatible with Think\Controller::show($content, $charset = '', $contentType = '', $prefix = '') D:\wamp\www\onlineorder\App\Home\Controller\IndexController.class.php 第 160 行.
ERR: 参数错误或者未定义:id

[ 2017-05-30T00:53:12+08:00 ] ::1 /onlineorder/index.php/Home/Index/sub_Menu/id/Arrayid.html
ERR: 1054:Champ 'dishtypeitem' inconnu dans where clause
 [ SQL语句 ] : SELECT * FROM `onlineorder_dish` WHERE ( dishtypeitem=1 ) 

[ 2017-05-30T00:53:12+08:00 ] ::1 /onlineorder/index.php/Home/Index/sub_Menu.html
INFO: [ app_begin ] --START--
INFO: Run Behavior\ReadHtmlCacheBehavior [ RunTime:0.002000s ]
INFO: [ app_begin ] --END-- [ RunTime:0.003000s ]
NOTIC: [2048] Declaration of Home\Controller\IndexController::show() should be compatible with Think\Controller::show($content, $charset = '', $contentType = '', $prefix = '') D:\wamp\www\onlineorder\App\Home\Controller\IndexController.class.php 第 161 行.
ERR: 参数错误或者未定义:id

[ 2017-05-30T12:19:23+08:00 ] ::1 /onlineorder/index.php/Home/Index/sub_Menu.html
INFO: [ app_begin ] --START--
INFO: Run Behavior\ReadHtmlCacheBehavior [ RunTime:0.003000s ]
INFO: [ app_begin ] --END-- [ RunTime:0.003000s ]
NOTIC: [2048] Declaration of Home\Controller\IndexController::show() should be compatible with Think\Controller::show($content, $charset = '', $contentType = '', $prefix = '') D:\wamp\www\onlineorder\App\Home\Controller\IndexController.class.php 第 161 行.
ERR: 参数错误或者未定义:id

[ 2017-05-30T12:19:27+08:00 ] ::1 /onlineorder/index.php/Home/Index/sub_Menu.html
INFO: [ app_begin ] --START--
INFO: Run Behavior\ReadHtmlCacheBehavior [ RunTime:0.002000s ]
INFO: [ app_begin ] --END-- [ RunTime:0.004000s ]
NOTIC: [2048] Declaration of Home\Controller\IndexController::show() should be compatible with Think\Controller::show($content, $charset = '', $contentType = '', $prefix = '') D:\wamp\www\onlineorder\App\Home\Controller\IndexController.class.php 第 161 行.
ERR: 参数错误或者未定义:id

[ 2017-05-30T15:41:53+08:00 ] ::1 /onlineorder/
ERR: 模板不存在:./App/Home/View/Index/index.html

[ 2017-05-30T16:59:07+08:00 ] ::1 /onlineorder/
ERR: 模板不存在:./App/Home/View/Index/index.html

[ 2017-05-30T17:10:45+08:00 ] ::1 /onlineorder/index.php/Home/Index/index.html
ERR: 模板不存在:./App/Home/View/Default/layout.html

[ 2017-05-30T17:11:22+08:00 ] ::1 /onlineorder/index.php/Home/Index/index.html
ERR: 模板不存在:./App/Home/View/Default/layout.html

[ 2017-05-30T17:14:48+08:00 ] ::1 /onlineorder/index.php/Home/Index/index.html
ERR: XML标签语法错误

[ 2017-05-30T17:15:25+08:00 ] ::1 /onlineorder/index.php/Home/Index/index.html
ERR: XML标签语法错误

[ 2017-05-30T17:15:42+08:00 ] ::1 /onlineorder/index.php/Home/Index/index.html
ERR: XML标签语法错误

[ 2017-05-30T17:16:18+08:00 ] ::1 /onlineorder/index.php/Home/Index/index.html
ERR: XML标签语法错误

[ 2017-05-30T17:16:19+08:00 ] ::1 /onlineorder/index.php/Home/Index/index.html
ERR: XML标签语法错误

[ 2017-05-30T17:16:55+08:00 ] ::1 /onlineorder/index.php/Home/Index/index.html
ERR: XML标签语法错误

[ 2017-05-30T17:16:58+08:00 ] ::1 /onlineorder/index.php/Home/
ERR: XML标签语法错误

[ 2017-05-30T17:22:46+08:00 ] ::1 /onlineorder/index.php/Home/
ERR: XML标签语法错误

[ 2017-05-30T17:23:31+08:00 ] ::1 /onlineorder/index.php/Home/
ERR: XML标签语法错误

[ 2017-05-30T17:23:31+08:00 ] ::1 /onlineorder/index.php/Home/
ERR: XML标签语法错误

[ 2017-05-30T17:23:32+08:00 ] ::1 /onlineorder/index.php/Home/Index/index.html
ERR: XML标签语法错误

[ 2017-05-30T17:23:34+08:00 ] ::1 /onlineorder/index.php/Home/Index/index.html
ERR: XML标签语法错误

[ 2017-05-30T17:23:34+08:00 ] ::1 /onlineorder/index.php/Home/Index/index.html
ERR: XML标签语法错误

[ 2017-05-30T17:26:44+08:00 ] ::1 /onlineorder/index.php/Home/Index/index.html
ERR: XML标签语法错误

[ 2017-05-30T17:28:17+08:00 ] ::1 /onlineorder/index.php/Home/Index/index.html
ERR: XML标签语法错误

[ 2017-05-30T17:28:26+08:00 ] ::1 /onlineorder/index.php/Home/Index/index.html
ERR: XML标签语法错误

[ 2017-05-30T17:30:55+08:00 ] ::1 /onlineorder/index.php/Home/Index/index.html
ERR: XML标签语法错误

[ 2017-05-30T17:33:06+08:00 ] ::1 /onlineorder/index.php/Home/Default/Index/index.html
ERR: 无法加载控制器:Default

[ 2017-05-30T17:33:46+08:00 ] ::1 /onlineorder/index.php/Home/Default/Index/index.html
ERR: 无法加载控制器:Default

[ 2017-05-30T17:33:47+08:00 ] ::1 /onlineorder/index.php/Home/Default/Index/index.html
ERR: 无法加载控制器:Default

[ 2017-05-30T17:35:29+08:00 ] ::1 /onlineorder/index.php/Home/
ERR: XML标签语法错误

[ 2017-05-30T17:37:12+08:00 ] ::1 /onlineorder/index.php/Home/
ERR: XML标签语法错误

[ 2017-05-30T17:37:36+08:00 ] ::1 /onlineorder/index.php/Home/
ERR: XML标签语法错误

[ 2017-05-30T17:37:37+08:00 ] ::1 /onlineorder/index.php/Home/
ERR: XML标签语法错误

[ 2017-05-30T17:38:39+08:00 ] ::1 /onlineorder/index.php/Home/Index/index.html
ERR: XML标签语法错误

[ 2017-05-30T17:39:00+08:00 ] ::1 /onlineorder/index.php/Home/Index/index.html
ERR: XML标签语法错误

[ 2017-05-30T17:39:01+08:00 ] ::1 /onlineorder/index.php/Home/Index/index.html
ERR: XML标签语法错误

[ 2017-05-30T17:39:01+08:00 ] ::1 /onlineorder/index.php/Home/Index/index.html
ERR: XML标签语法错误

[ 2017-05-30T17:39:02+08:00 ] ::1 /onlineorder/index.php/Home/Index/index.html
ERR: XML标签语法错误

[ 2017-05-30T17:39:07+08:00 ] ::1 /onlineorder/index.php/Home/
ERR: XML标签语法错误

[ 2017-05-30T17:39:37+08:00 ] ::1 /onlineorder/index.php/Home/
ERR: XML标签语法错误

[ 2017-05-30T17:39:37+08:00 ] ::1 /onlineorder/index.php/Home/
ERR: XML标签语法错误

[ 2017-05-30T17:39:38+08:00 ] ::1 /onlineorder/index.php/Home/
ERR: XML标签语法错误

[ 2017-05-30T17:39:38+08:00 ] ::1 /onlineorder/index.php/Home/
ERR: XML标签语法错误

[ 2017-05-30T17:39:39+08:00 ] ::1 /onlineorder/index.php/Home/
ERR: XML标签语法错误

[ 2017-05-30T17:43:02+08:00 ] ::1 /onlineorder/index.php/Home/
ERR: XML标签语法错误

[ 2017-05-30T17:43:05+08:00 ] ::1 /onlineorder/index.php/Home/
ERR: XML标签语法错误

[ 2017-05-30T17:43:05+08:00 ] ::1 /onlineorder/index.php/Home/
ERR: XML标签语法错误

[ 2017-05-30T17:43:05+08:00 ] ::1 /onlineorder/index.php/Home/
ERR: XML标签语法错误

[ 2017-05-30T17:43:06+08:00 ] ::1 /onlineorder/index.php/Home/
ERR: XML标签语法错误

[ 2017-05-30T17:43:06+08:00 ] ::1 /onlineorder/index.php/Home/
ERR: XML标签语法错误

[ 2017-05-30T17:43:06+08:00 ] ::1 /onlineorder/index.php/Home/
ERR: XML标签语法错误

[ 2017-05-30T17:43:06+08:00 ] ::1 /onlineorder/index.php/Home/
ERR: XML标签语法错误

[ 2017-05-30T17:43:08+08:00 ] ::1 /onlineorder/index.php/Home/
ERR: XML标签语法错误

[ 2017-05-30T17:43:09+08:00 ] ::1 /onlineorder/index.php/Home/
ERR: XML标签语法错误

[ 2017-05-30T17:43:09+08:00 ] ::1 /onlineorder/index.php/Home/
ERR: XML标签语法错误

[ 2017-05-30T17:43:09+08:00 ] ::1 /onlineorder/index.php/Home/
ERR: XML标签语法错误

[ 2017-05-30T17:43:55+08:00 ] ::1 /onlineorder/index.php/Home/
ERR: XML标签语法错误

[ 2017-05-30T17:44:07+08:00 ] ::1 /onlineorder/index.php/Home/
ERR: XML标签语法错误

[ 2017-05-30T17:44:08+08:00 ] ::1 /onlineorder/index.php/Home/
ERR: XML标签语法错误

[ 2017-05-30T17:44:08+08:00 ] ::1 /onlineorder/index.php/Home/
ERR: XML标签语法错误

[ 2017-05-30T17:44:09+08:00 ] ::1 /onlineorder/index.php/Home/
ERR: XML标签语法错误

[ 2017-05-30T17:44:09+08:00 ] ::1 /onlineorder/index.php/Home/
ERR: XML标签语法错误

[ 2017-05-30T17:44:09+08:00 ] ::1 /onlineorder/index.php/Home/
ERR: XML标签语法错误

[ 2017-05-30T17:44:09+08:00 ] ::1 /onlineorder/index.php/Home/
ERR: XML标签语法错误

[ 2017-05-30T17:44:10+08:00 ] ::1 /onlineorder/index.php/Home/
ERR: XML标签语法错误

[ 2017-05-30T17:44:10+08:00 ] ::1 /onlineorder/index.php/Home/
ERR: XML标签语法错误

[ 2017-05-30T17:45:06+08:00 ] ::1 /onlineorder/index.php/Home/
ERR: XML标签语法错误

[ 2017-05-30T17:45:07+08:00 ] ::1 /onlineorder/index.php/Home/
ERR: XML标签语法错误

[ 2017-05-30T17:45:07+08:00 ] ::1 /onlineorder/index.php/Home/
ERR: XML标签语法错误

[ 2017-05-30T17:45:08+08:00 ] ::1 /onlineorder/index.php/Home/
ERR: XML标签语法错误

[ 2017-05-30T17:45:08+08:00 ] ::1 /onlineorder/index.php/Home/
ERR: XML标签语法错误

[ 2017-05-30T17:45:08+08:00 ] ::1 /onlineorder/index.php/Home/
ERR: XML标签语法错误

[ 2017-05-30T17:45:08+08:00 ] ::1 /onlineorder/index.php/Home/
ERR: XML标签语法错误

[ 2017-05-30T17:45:09+08:00 ] ::1 /onlineorder/index.php/Home/
ERR: XML标签语法错误

[ 2017-05-30T17:45:09+08:00 ] ::1 /onlineorder/index.php/Home/
ERR: XML标签语法错误

[ 2017-05-30T17:45:20+08:00 ] ::1 /onlineorder/index.php/Home/
ERR: XML标签语法错误

[ 2017-05-30T17:45:21+08:00 ] ::1 /onlineorder/index.php/Home/
ERR: XML标签语法错误

[ 2017-05-30T17:45:21+08:00 ] ::1 /onlineorder/index.php/Home/
ERR: XML标签语法错误

[ 2017-05-30T17:45:21+08:00 ] ::1 /onlineorder/index.php/Home/
ERR: XML标签语法错误

[ 2017-05-30T17:45:22+08:00 ] ::1 /onlineorder/index.php/Home/
ERR: XML标签语法错误

[ 2017-05-30T17:45:22+08:00 ] ::1 /onlineorder/index.php/Home/
ERR: XML标签语法错误

[ 2017-05-30T17:45:22+08:00 ] ::1 /onlineorder/index.php/Home/
ERR: XML标签语法错误

[ 2017-05-30T17:45:22+08:00 ] ::1 /onlineorder/index.php/Home/
ERR: XML标签语法错误

[ 2017-05-30T17:45:22+08:00 ] ::1 /onlineorder/index.php/Home/
ERR: XML标签语法错误

[ 2017-05-30T17:45:23+08:00 ] ::1 /onlineorder/index.php/Home/
ERR: XML标签语法错误

[ 2017-05-30T17:45:23+08:00 ] ::1 /onlineorder/index.php/Home/
ERR: XML标签语法错误

[ 2017-05-30T17:45:23+08:00 ] ::1 /onlineorder/index.php/Home/
ERR: XML标签语法错误

[ 2017-05-30T17:45:47+08:00 ] ::1 /onlineorder/index.php/Home/
ERR: XML标签语法错误

[ 2017-05-30T17:45:47+08:00 ] ::1 /onlineorder/index.php/Home/
ERR: XML标签语法错误

[ 2017-05-30T17:45:48+08:00 ] ::1 /onlineorder/index.php/Home/
ERR: XML标签语法错误

[ 2017-05-30T17:46:03+08:00 ] ::1 /onlineorder/index.php/Home/
ERR: XML标签语法错误

[ 2017-05-30T17:46:04+08:00 ] ::1 /onlineorder/index.php/Home/
ERR: XML标签语法错误

[ 2017-05-30T17:46:04+08:00 ] ::1 /onlineorder/index.php/Home/
ERR: XML标签语法错误

[ 2017-05-30T17:46:04+08:00 ] ::1 /onlineorder/index.php/Home/
ERR: XML标签语法错误

[ 2017-05-30T17:46:06+08:00 ] ::1 /onlineorder/index.php/Home/
ERR: XML标签语法错误

[ 2017-05-30T17:46:06+08:00 ] ::1 /onlineorder/index.php/Home/
ERR: XML标签语法错误

[ 2017-05-30T17:46:06+08:00 ] ::1 /onlineorder/index.php/Home/
ERR: XML标签语法错误

[ 2017-05-30T17:46:07+08:00 ] ::1 /onlineorder/index.php/Home/
ERR: XML标签语法错误

[ 2017-05-30T17:46:07+08:00 ] ::1 /onlineorder/index.php/Home/
ERR: XML标签语法错误

[ 2017-05-30T17:46:26+08:00 ] ::1 /onlineorder/index.php/Home/
ERR: XML标签语法错误

[ 2017-05-30T17:46:27+08:00 ] ::1 /onlineorder/index.php/Home/
ERR: XML标签语法错误

[ 2017-05-30T17:46:27+08:00 ] ::1 /onlineorder/index.php/Home/
ERR: XML标签语法错误

[ 2017-05-30T17:46:27+08:00 ] ::1 /onlineorder/index.php/Home/
ERR: XML标签语法错误

[ 2017-05-30T17:46:27+08:00 ] ::1 /onlineorder/index.php/Home/
ERR: XML标签语法错误

[ 2017-05-30T17:46:28+08:00 ] ::1 /onlineorder/index.php/Home/
ERR: XML标签语法错误

[ 2017-05-30T17:46:28+08:00 ] ::1 /onlineorder/index.php/Home/
ERR: XML标签语法错误

[ 2017-05-30T17:46:28+08:00 ] ::1 /onlineorder/index.php/Home/
ERR: XML标签语法错误

[ 2017-05-30T17:46:29+08:00 ] ::1 /onlineorder/index.php/Home/
ERR: XML标签语法错误

[ 2017-05-30T17:46:29+08:00 ] ::1 /onlineorder/index.php/Home/
ERR: XML标签语法错误

[ 2017-05-30T17:46:29+08:00 ] ::1 /onlineorder/index.php/Home/
ERR: XML标签语法错误

[ 2017-05-30T17:46:30+08:00 ] ::1 /onlineorder/index.php/Home/
ERR: XML标签语法错误

[ 2017-05-30T17:46:30+08:00 ] ::1 /onlineorder/index.php/Home/
ERR: XML标签语法错误

[ 2017-05-30T17:47:14+08:00 ] ::1 /onlineorder/index.php/Home/
ERR: XML标签语法错误

[ 2017-05-30T17:47:15+08:00 ] ::1 /onlineorder/index.php/Home/
ERR: XML标签语法错误

[ 2017-05-30T17:47:15+08:00 ] ::1 /onlineorder/index.php/Home/
ERR: XML标签语法错误

[ 2017-05-30T17:47:15+08:00 ] ::1 /onlineorder/index.php/Home/
ERR: XML标签语法错误

[ 2017-05-30T17:47:16+08:00 ] ::1 /onlineorder/index.php/Home/
ERR: XML标签语法错误

[ 2017-05-30T17:47:16+08:00 ] ::1 /onlineorder/index.php/Home/
ERR: XML标签语法错误

[ 2017-05-30T17:51:07+08:00 ] ::1 /onlineorder/index.php/Home/
ERR: XML标签语法错误

[ 2017-05-30T17:51:08+08:00 ] ::1 /onlineorder/index.php/Home/
ERR: XML标签语法错误

[ 2017-05-30T17:51:08+08:00 ] ::1 /onlineorder/index.php/Home/
ERR: XML标签语法错误

[ 2017-05-30T17:51:09+08:00 ] ::1 /onlineorder/index.php/Home/
ERR: XML标签语法错误

[ 2017-05-30T17:52:10+08:00 ] ::1 /onlineorder/index.php/Home/
ERR: XML标签语法错误

[ 2017-05-30T17:52:23+08:00 ] ::1 /onlineorder/index.php/Home/
ERR: XML标签语法错误

[ 2017-05-30T17:52:24+08:00 ] ::1 /onlineorder/index.php/Home/
ERR: XML标签语法错误

[ 2017-05-30T17:52:24+08:00 ] ::1 /onlineorder/index.php/Home/
ERR: XML标签语法错误

[ 2017-05-30T17:52:25+08:00 ] ::1 /onlineorder/index.php/Home/
ERR: XML标签语法错误

[ 2017-05-30T17:52:36+08:00 ] ::1 /onlineorder/index.php/Home/
ERR: XML标签语法错误

[ 2017-05-30T17:52:37+08:00 ] ::1 /onlineorder/index.php/Home/
ERR: XML标签语法错误

[ 2017-05-30T17:52:50+08:00 ] ::1 /onlineorder/index.php/Home/
ERR: XML标签语法错误

[ 2017-05-30T17:52:51+08:00 ] ::1 /onlineorder/index.php/Home/
ERR: XML标签语法错误

[ 2017-05-30T17:52:51+08:00 ] ::1 /onlineorder/index.php/Home/
ERR: XML标签语法错误

[ 2017-05-30T17:56:07+08:00 ] ::1 /onlineorder/index.php/Home/
ERR: XML标签语法错误

[ 2017-05-30T17:59:47+08:00 ] ::1 /onlineorder/index.php/Home/
ERR: XML标签语法错误

[ 2017-05-30T18:00:17+08:00 ] ::1 /onlineorder/index.php/Home/
ERR: XML标签语法错误

[ 2017-05-30T18:00:18+08:00 ] ::1 /onlineorder/index.php/Home/
ERR: XML标签语法错误

[ 2017-05-30T18:00:18+08:00 ] ::1 /onlineorder/index.php/Home/
ERR: XML标签语法错误

[ 2017-05-30T18:00:18+08:00 ] ::1 /onlineorder/index.php/Home/
ERR: XML标签语法错误

[ 2017-05-30T18:00:19+08:00 ] ::1 /onlineorder/index.php/Home/
ERR: XML标签语法错误

[ 2017-05-30T18:00:19+08:00 ] ::1 /onlineorder/index.php/Home/
ERR: XML标签语法错误

[ 2017-05-30T18:00:19+08:00 ] ::1 /onlineorder/index.php/Home/
ERR: XML标签语法错误

[ 2017-05-30T18:00:20+08:00 ] ::1 /onlineorder/index.php/Home/
ERR: XML标签语法错误

[ 2017-05-30T18:00:20+08:00 ] ::1 /onlineorder/index.php/Home/
ERR: XML标签语法错误

[ 2017-05-30T18:00:20+08:00 ] ::1 /onlineorder/index.php/Home/
ERR: XML标签语法错误

[ 2017-05-30T18:00:20+08:00 ] ::1 /onlineorder/index.php/Home/
ERR: XML标签语法错误

[ 2017-05-30T18:00:20+08:00 ] ::1 /onlineorder/index.php/Home/
ERR: XML标签语法错误

[ 2017-05-30T18:00:20+08:00 ] ::1 /onlineorder/index.php/Home/
ERR: XML标签语法错误

[ 2017-05-30T18:00:20+08:00 ] ::1 /onlineorder/index.php/Home/
ERR: XML标签语法错误

[ 2017-05-30T18:00:20+08:00 ] ::1 /onlineorder/index.php/Home/
ERR: XML标签语法错误

[ 2017-05-30T18:00:20+08:00 ] ::1 /onlineorder/index.php/Home/
ERR: XML标签语法错误

[ 2017-05-30T18:00:20+08:00 ] ::1 /onlineorder/index.php/Home/
ERR: XML标签语法错误

[ 2017-05-30T18:00:20+08:00 ] ::1 /onlineorder/index.php/Home/
ERR: XML标签语法错误

[ 2017-05-30T18:00:20+08:00 ] ::1 /onlineorder/index.php/Home/
ERR: XML标签语法错误

[ 2017-05-30T18:00:20+08:00 ] ::1 /onlineorder/index.php/Home/
ERR: XML标签语法错误

[ 2017-05-30T18:00:20+08:00 ] ::1 /onlineorder/index.php/Home/
ERR: XML标签语法错误

[ 2017-05-30T18:00:21+08:00 ] ::1 /onlineorder/index.php/Home/
ERR: XML标签语法错误

[ 2017-05-30T18:00:21+08:00 ] ::1 /onlineorder/index.php/Home/
ERR: XML标签语法错误

[ 2017-05-30T18:00:21+08:00 ] ::1 /onlineorder/index.php/Home/
ERR: XML标签语法错误

[ 2017-05-30T18:00:21+08:00 ] ::1 /onlineorder/index.php/Home/
ERR: XML标签语法错误

[ 2017-05-30T18:00:32+08:00 ] ::1 /onlineorder/index.php/Home/
ERR: XML标签语法错误

[ 2017-05-30T18:00:33+08:00 ] ::1 /onlineorder/index.php/Home/
ERR: XML标签语法错误

[ 2017-05-30T18:00:33+08:00 ] ::1 /onlineorder/index.php/Home/
ERR: XML标签语法错误

[ 2017-05-30T18:00:34+08:00 ] ::1 /onlineorder/index.php/Home/
ERR: XML标签语法错误

[ 2017-05-30T18:00:34+08:00 ] ::1 /onlineorder/index.php/Home/
ERR: XML标签语法错误

[ 2017-05-30T18:00:34+08:00 ] ::1 /onlineorder/index.php/Home/
ERR: XML标签语法错误

[ 2017-05-30T18:00:34+08:00 ] ::1 /onlineorder/index.php/Home/
ERR: XML标签语法错误

[ 2017-05-30T18:00:35+08:00 ] ::1 /onlineorder/index.php/Home/
ERR: XML标签语法错误

[ 2017-05-30T18:00:35+08:00 ] ::1 /onlineorder/index.php/Home/
ERR: XML标签语法错误

[ 2017-05-30T18:00:36+08:00 ] ::1 /onlineorder/index.php/Home/
ERR: XML标签语法错误

[ 2017-05-30T18:00:36+08:00 ] ::1 /onlineorder/index.php/Home/
ERR: XML标签语法错误

[ 2017-05-30T18:00:36+08:00 ] ::1 /onlineorder/index.php/Home/
ERR: XML标签语法错误

[ 2017-05-30T18:00:36+08:00 ] ::1 /onlineorder/index.php/Home/
ERR: XML标签语法错误

[ 2017-05-30T18:00:36+08:00 ] ::1 /onlineorder/index.php/Home/
ERR: XML标签语法错误

[ 2017-05-30T18:00:36+08:00 ] ::1 /onlineorder/index.php/Home/
ERR: XML标签语法错误

[ 2017-05-30T18:00:36+08:00 ] ::1 /onlineorder/index.php/Home/
ERR: XML标签语法错误

[ 2017-05-30T18:00:36+08:00 ] ::1 /onlineorder/index.php/Home/
ERR: XML标签语法错误

[ 2017-05-30T18:00:48+08:00 ] ::1 /onlineorder/index.php/Home/
ERR: XML标签语法错误

[ 2017-05-30T18:00:48+08:00 ] ::1 /onlineorder/index.php/Home/
ERR: XML标签语法错误

[ 2017-05-30T18:00:49+08:00 ] ::1 /onlineorder/index.php/Home/
ERR: XML标签语法错误

[ 2017-05-30T18:00:49+08:00 ] ::1 /onlineorder/index.php/Home/
ERR: XML标签语法错误

[ 2017-05-30T18:00:49+08:00 ] ::1 /onlineorder/index.php/Home/
ERR: XML标签语法错误

[ 2017-05-30T18:00:49+08:00 ] ::1 /onlineorder/index.php/Home/
ERR: XML标签语法错误

[ 2017-05-30T18:00:49+08:00 ] ::1 /onlineorder/index.php/Home/
ERR: XML标签语法错误

[ 2017-05-30T18:00:50+08:00 ] ::1 /onlineorder/index.php/Home/
ERR: XML标签语法错误

[ 2017-05-30T18:00:50+08:00 ] ::1 /onlineorder/index.php/Home/
ERR: XML标签语法错误

[ 2017-05-30T18:16:27+08:00 ] ::1 /onlineorder/index.php/Home/Index/sub_Menu.html
INFO: [ app_begin ] --START--
INFO: Run Behavior\ReadHtmlCacheBehavior [ RunTime:0.004000s ]
INFO: [ app_begin ] --END-- [ RunTime:0.005000s ]
NOTIC: [2048] Declaration of Home\Controller\IndexController::show() should be compatible with Think\Controller::show($content, $charset = '', $contentType = '', $prefix = '') D:\wamp\www\onlineorder\App\Home\Controller\IndexController.class.php 第 161 行.
ERR: 参数错误或者未定义:id

[ 2017-05-30T18:32:35+08:00 ] ::1 /onlineorder/index.php/Home/Index/sub_Menu.html
INFO: [ app_begin ] --START--
INFO: Run Behavior\ReadHtmlCacheBehavior [ RunTime:0.004001s ]
INFO: [ app_begin ] --END-- [ RunTime:0.004001s ]
NOTIC: [2048] Declaration of Home\Controller\IndexController::show() should be compatible with Think\Controller::show($content, $charset = '', $contentType = '', $prefix = '') D:\wamp\www\onlineorder\App\Home\Controller\IndexController.class.php 第 163 行.
ERR: 参数错误或者未定义:id

[ 2017-05-30T18:42:18+08:00 ] ::1 /onlineorder/index.php/Home/Index/sub_Menu.html
INFO: [ app_begin ] --START--
INFO: Run Behavior\ReadHtmlCacheBehavior [ RunTime:0.003000s ]
INFO: [ app_begin ] --END-- [ RunTime:0.003000s ]
NOTIC: [2048] Declaration of Home\Controller\IndexController::show() should be compatible with Think\Controller::show($content, $charset = '', $contentType = '', $prefix = '') D:\wamp\www\onlineorder\App\Home\Controller\IndexController.class.php 第 163 行.
SQL: SHOW COLUMNS FROM `onlineorder_dish` [ RunTime:0.0230s ]
SQL: SELECT * FROM `onlineorder_dish` WHERE `subdishtypeid` = 0  [ RunTime:0.0010s ]

[ 2017-05-30T18:42:29+08:00 ] ::1 /onlineorder/index.php/Home/Index/sub_Menu.html
INFO: [ app_begin ] --START--
INFO: Run Behavior\ReadHtmlCacheBehavior [ RunTime:0.007001s ]
INFO: [ app_begin ] --END-- [ RunTime:0.008001s ]
NOTIC: [2048] Declaration of Home\Controller\IndexController::show() should be compatible with Think\Controller::show($content, $charset = '', $contentType = '', $prefix = '') D:\wamp\www\onlineorder\App\Home\Controller\IndexController.class.php 第 163 行.
SQL: SHOW COLUMNS FROM `onlineorder_dish` [ RunTime:0.0180s ]
SQL: SELECT * FROM `onlineorder_dish` WHERE `subdishtypeid` = 1  [ RunTime:0.0020s ]

[ 2017-05-30T18:42:32+08:00 ] ::1 /onlineorder/index.php/Home/Index/sub_Menu.html
INFO: [ app_begin ] --START--
INFO: Run Behavior\ReadHtmlCacheBehavior [ RunTime:0.003000s ]
INFO: [ app_begin ] --END-- [ RunTime:0.004000s ]
NOTIC: [2048] Declaration of Home\Controller\IndexController::show() should be compatible with Think\Controller::show($content, $charset = '', $contentType = '', $prefix = '') D:\wamp\www\onlineorder\App\Home\Controller\IndexController.class.php 第 163 行.
SQL: SHOW COLUMNS FROM `onlineorder_dish` [ RunTime:0.0320s ]
SQL: SELECT * FROM `onlineorder_dish` WHERE `subdishtypeid` = 2  [ RunTime:0.0000s ]

[ 2017-05-30T18:42:34+08:00 ] ::1 /onlineorder/index.php/Home/Index/sub_Menu.html
INFO: [ app_begin ] --START--
INFO: Run Behavior\ReadHtmlCacheBehavior [ RunTime:0.006000s ]
INFO: [ app_begin ] --END-- [ RunTime:0.006000s ]
NOTIC: [2048] Declaration of Home\Controller\IndexController::show() should be compatible with Think\Controller::show($content, $charset = '', $contentType = '', $prefix = '') D:\wamp\www\onlineorder\App\Home\Controller\IndexController.class.php 第 163 行.
SQL: SHOW COLUMNS FROM `onlineorder_dish` [ RunTime:0.0200s ]
SQL: SELECT * FROM `onlineorder_dish` WHERE `subdishtypeid` = 7  [ RunTime:0.0010s ]

[ 2017-05-30T18:42:39+08:00 ] ::1 /onlineorder/index.php/Home/Index/sub_Menu.html
INFO: [ app_begin ] --START--
INFO: Run Behavior\ReadHtmlCacheBehavior [ RunTime:0.005000s ]
INFO: [ app_begin ] --END-- [ RunTime:0.005000s ]
NOTIC: [2048] Declaration of Home\Controller\IndexController::show() should be compatible with Think\Controller::show($content, $charset = '', $contentType = '', $prefix = '') D:\wamp\www\onlineorder\App\Home\Controller\IndexController.class.php 第 163 行.
SQL: SHOW COLUMNS FROM `onlineorder_dish` [ RunTime:0.0180s ]
SQL: SELECT * FROM `onlineorder_dish` WHERE `subdishtypeid` = 7  [ RunTime:0.0010s ]

[ 2017-05-30T18:42:41+08:00 ] ::1 /onlineorder/index.php/Home/Index/sub_Menu.html
INFO: [ app_begin ] --START--
INFO: Run Behavior\ReadHtmlCacheBehavior [ RunTime:0.004000s ]
INFO: [ app_begin ] --END-- [ RunTime:0.005000s ]
NOTIC: [2048] Declaration of Home\Controller\IndexController::show() should be compatible with Think\Controller::show($content, $charset = '', $contentType = '', $prefix = '') D:\wamp\www\onlineorder\App\Home\Controller\IndexController.class.php 第 163 行.
SQL: SHOW COLUMNS FROM `onlineorder_dish` [ RunTime:0.0170s ]
SQL: SELECT * FROM `onlineorder_dish` WHERE `subdishtypeid` = 8  [ RunTime:0.0010s ]

[ 2017-05-30T18:42:43+08:00 ] ::1 /onlineorder/index.php/Home/Index/sub_Menu.html
INFO: [ app_begin ] --START--
INFO: Run Behavior\ReadHtmlCacheBehavior [ RunTime:0.005000s ]
INFO: [ app_begin ] --END-- [ RunTime:0.006001s ]
NOTIC: [2048] Declaration of Home\Controller\IndexController::show() should be compatible with Think\Controller::show($content, $charset = '', $contentType = '', $prefix = '') D:\wamp\www\onlineorder\App\Home\Controller\IndexController.class.php 第 163 行.
SQL: SHOW COLUMNS FROM `onlineorder_dish` [ RunTime:0.0270s ]
SQL: SELECT * FROM `onlineorder_dish` WHERE `subdishtypeid` = 9  [ RunTime:0.0020s ]

[ 2017-05-30T18:43:01+08:00 ] ::1 /onlineorder/index.php/Home/Index/sub_Menu.html
INFO: [ app_begin ] --START--
INFO: Run Behavior\ReadHtmlCacheBehavior [ RunTime:0.003000s ]
INFO: [ app_begin ] --END-- [ RunTime:0.004000s ]
NOTIC: [2048] Declaration of Home\Controller\IndexController::show() should be compatible with Think\Controller::show($content, $charset = '', $contentType = '', $prefix = '') D:\wamp\www\onlineorder\App\Home\Controller\IndexController.class.php 第 163 行.
SQL: SHOW COLUMNS FROM `onlineorder_dish` [ RunTime:0.0170s ]
SQL: SELECT * FROM `onlineorder_dish` WHERE `subdishtypeid` = 1  [ RunTime:0.0010s ]

[ 2017-05-30T18:52:10+08:00 ] ::1 /onlineorder/index.php/Home/Index/sub_Menu.html
INFO: [ app_begin ] --START--
INFO: Run Behavior\ReadHtmlCacheBehavior [ RunTime:0.008000s ]
INFO: [ app_begin ] --END-- [ RunTime:0.009001s ]
NOTIC: [2048] Declaration of Home\Controller\IndexController::show() should be compatible with Think\Controller::show($content, $charset = '', $contentType = '', $prefix = '') D:\wamp\www\onlineorder\App\Home\Controller\IndexController.class.php 第 163 行.
SQL: SHOW COLUMNS FROM `onlineorder_dish` [ RunTime:0.0190s ]
SQL: SELECT * FROM `onlineorder_dish` WHERE `subdishtypeid` = 1  [ RunTime:0.0010s ]

[ 2017-05-30T18:52:19+08:00 ] ::1 /onlineorder/index.php/Home/Index/sub_Menu.html
INFO: [ app_begin ] --START--
INFO: Run Behavior\ReadHtmlCacheBehavior [ RunTime:0.004000s ]
INFO: [ app_begin ] --END-- [ RunTime:0.005000s ]
NOTIC: [2048] Declaration of Home\Controller\IndexController::show() should be compatible with Think\Controller::show($content, $charset = '', $contentType = '', $prefix = '') D:\wamp\www\onlineorder\App\Home\Controller\IndexController.class.php 第 163 行.
SQL: SHOW COLUMNS FROM `onlineorder_dish` [ RunTime:0.0230s ]
SQL: SELECT * FROM `onlineorder_dish` WHERE `subdishtypeid` = 1  [ RunTime:0.0010s ]

[ 2017-05-30T18:52:21+08:00 ] ::1 /onlineorder/index.php/Home/Index/sub_Menu.html
INFO: [ app_begin ] --START--
INFO: Run Behavior\ReadHtmlCacheBehavior [ RunTime:0.004000s ]
INFO: [ app_begin ] --END-- [ RunTime:0.006000s ]
NOTIC: [2048] Declaration of Home\Controller\IndexController::show() should be compatible with Think\Controller::show($content, $charset = '', $contentType = '', $prefix = '') D:\wamp\www\onlineorder\App\Home\Controller\IndexController.class.php 第 163 行.
SQL: SHOW COLUMNS FROM `onlineorder_dish` [ RunTime:0.0190s ]
SQL: SELECT * FROM `onlineorder_dish` WHERE `subdishtypeid` = 2  [ RunTime:0.0020s ]

[ 2017-05-30T18:52:24+08:00 ] ::1 /onlineorder/index.php/Home/Index/sub_Menu.html
INFO: [ app_begin ] --START--
INFO: Run Behavior\ReadHtmlCacheBehavior [ RunTime:0.004000s ]
INFO: [ app_begin ] --END-- [ RunTime:0.004000s ]
NOTIC: [2048] Declaration of Home\Controller\IndexController::show() should be compatible with Think\Controller::show($content, $charset = '', $contentType = '', $prefix = '') D:\wamp\www\onlineorder\App\Home\Controller\IndexController.class.php 第 163 行.
SQL: SHOW COLUMNS FROM `onlineorder_dish` [ RunTime:0.0180s ]
SQL: SELECT * FROM `onlineorder_dish` WHERE `subdishtypeid` = 1  [ RunTime:0.0020s ]

[ 2017-05-30T18:52:28+08:00 ] ::1 /onlineorder/index.php/Home/Index/sub_Menu.html
INFO: [ app_begin ] --START--
INFO: Run Behavior\ReadHtmlCacheBehavior [ RunTime:0.005000s ]
INFO: [ app_begin ] --END-- [ RunTime:0.005000s ]
NOTIC: [2048] Declaration of Home\Controller\IndexController::show() should be compatible with Think\Controller::show($content, $charset = '', $contentType = '', $prefix = '') D:\wamp\www\onlineorder\App\Home\Controller\IndexController.class.php 第 163 行.
SQL: SHOW COLUMNS FROM `onlineorder_dish` [ RunTime:0.0170s ]
SQL: SELECT * FROM `onlineorder_dish` WHERE `subdishtypeid` = 1  [ RunTime:0.0010s ]

[ 2017-05-30T18:52:46+08:00 ] ::1 /onlineorder/index.php/Home/Index/sub_Menu.html
INFO: [ app_begin ] --START--
INFO: Run Behavior\ReadHtmlCacheBehavior [ RunTime:0.004000s ]
INFO: [ app_begin ] --END-- [ RunTime:0.005000s ]
NOTIC: [2048] Declaration of Home\Controller\IndexController::show() should be compatible with Think\Controller::show($content, $charset = '', $contentType = '', $prefix = '') D:\wamp\www\onlineorder\App\Home\Controller\IndexController.class.php 第 163 行.
SQL: SHOW COLUMNS FROM `onlineorder_dish` [ RunTime:0.0190s ]
SQL: SELECT * FROM `onlineorder_dish` WHERE `subdishtypeid` = 1  [ RunTime:0.0010s ]

[ 2017-05-30T18:52:51+08:00 ] ::1 /onlineorder/index.php/Home/Index/sub_Menu.html
INFO: [ app_begin ] --START--
INFO: Run Behavior\ReadHtmlCacheBehavior [ RunTime:0.005000s ]
INFO: [ app_begin ] --END-- [ RunTime:0.005000s ]
NOTIC: [2048] Declaration of Home\Controller\IndexController::show() should be compatible with Think\Controller::show($content, $charset = '', $contentType = '', $prefix = '') D:\wamp\www\onlineorder\App\Home\Controller\IndexController.class.php 第 163 行.
SQL: SHOW COLUMNS FROM `onlineorder_dish` [ RunTime:0.0170s ]
SQL: SELECT * FROM `onlineorder_dish` WHERE `subdishtypeid` = 2  [ RunTime:0.0010s ]

[ 2017-05-30T18:53:56+08:00 ] ::1 /onlineorder/index.php/Home/Index/sub_Menu.html
INFO: [ app_begin ] --START--
INFO: Run Behavior\ReadHtmlCacheBehavior [ RunTime:0.004000s ]
INFO: [ app_begin ] --END-- [ RunTime:0.004000s ]
NOTIC: [2048] Declaration of Home\Controller\IndexController::show() should be compatible with Think\Controller::show($content, $charset = '', $contentType = '', $prefix = '') D:\wamp\www\onlineorder\App\Home\Controller\IndexController.class.php 第 163 行.
SQL: SHOW COLUMNS FROM `onlineorder_dish` [ RunTime:0.0170s ]
SQL: SELECT * FROM `onlineorder_dish` WHERE `subdishtypeid` = 1  [ RunTime:0.0020s ]

[ 2017-05-30T18:54:18+08:00 ] ::1 /onlineorder/index.php/Home/Index/sub_Menu.html
INFO: [ app_begin ] --START--
INFO: Run Behavior\ReadHtmlCacheBehavior [ RunTime:0.004000s ]
INFO: [ app_begin ] --END-- [ RunTime:0.004000s ]
NOTIC: [2048] Declaration of Home\Controller\IndexController::show() should be compatible with Think\Controller::show($content, $charset = '', $contentType = '', $prefix = '') D:\wamp\www\onlineorder\App\Home\Controller\IndexController.class.php 第 163 行.
SQL: SHOW COLUMNS FROM `onlineorder_dish` [ RunTime:0.0210s ]
SQL: SELECT * FROM `onlineorder_dish` WHERE `subdishtypeid` = 1  [ RunTime:0.0010s ]

[ 2017-05-30T19:01:04+08:00 ] ::1 /onlineorder/index.php/Home/Index/sub_Menu.html
INFO: [ app_begin ] --START--
INFO: Run Behavior\ReadHtmlCacheBehavior [ RunTime:0.004000s ]
INFO: [ app_begin ] --END-- [ RunTime:0.006000s ]
NOTIC: [2048] Declaration of Home\Controller\IndexController::show() should be compatible with Think\Controller::show($content, $charset = '', $contentType = '', $prefix = '') D:\wamp\www\onlineorder\App\Home\Controller\IndexController.class.php 第 163 行.
SQL: SHOW COLUMNS FROM `onlineorder_dish` [ RunTime:0.0200s ]
SQL: SELECT * FROM `onlineorder_dish` WHERE `subdishtypeid` = 1  [ RunTime:0.0010s ]

[ 2017-05-30T19:01:08+08:00 ] ::1 /onlineorder/index.php/Home/Index/sub_Menu.html
INFO: [ app_begin ] --START--
INFO: Run Behavior\ReadHtmlCacheBehavior [ RunTime:0.004000s ]
INFO: [ app_begin ] --END-- [ RunTime:0.004000s ]
NOTIC: [2048] Declaration of Home\Controller\IndexController::show() should be compatible with Think\Controller::show($content, $charset = '', $contentType = '', $prefix = '') D:\wamp\www\onlineorder\App\Home\Controller\IndexController.class.php 第 163 行.
SQL: SHOW COLUMNS FROM `onlineorder_dish` [ RunTime:0.0180s ]
SQL: SELECT * FROM `onlineorder_dish` WHERE `subdishtypeid` = 2  [ RunTime:0.0010s ]

[ 2017-05-30T19:01:12+08:00 ] ::1 /onlineorder/index.php/Home/Index/sub_Menu.html
INFO: [ app_begin ] --START--
INFO: Run Behavior\ReadHtmlCacheBehavior [ RunTime:0.005000s ]
INFO: [ app_begin ] --END-- [ RunTime:0.006000s ]
NOTIC: [2048] Declaration of Home\Controller\IndexController::show() should be compatible with Think\Controller::show($content, $charset = '', $contentType = '', $prefix = '') D:\wamp\www\onlineorder\App\Home\Controller\IndexController.class.php 第 163 行.
SQL: SHOW COLUMNS FROM `onlineorder_dish` [ RunTime:0.0240s ]
SQL: SELECT * FROM `onlineorder_dish` WHERE `subdishtypeid` = 9  [ RunTime:0.0010s ]

[ 2017-05-30T19:01:15+08:00 ] ::1 /onlineorder/index.php/Home/Index/sub_Menu.html
INFO: [ app_begin ] --START--
INFO: Run Behavior\ReadHtmlCacheBehavior [ RunTime:0.005001s ]
INFO: [ app_begin ] --END-- [ RunTime:0.006001s ]
NOTIC: [2048] Declaration of Home\Controller\IndexController::show() should be compatible with Think\Controller::show($content, $charset = '', $contentType = '', $prefix = '') D:\wamp\www\onlineorder\App\Home\Controller\IndexController.class.php 第 163 行.
SQL: SHOW COLUMNS FROM `onlineorder_dish` [ RunTime:0.0260s ]
SQL: SELECT * FROM `onlineorder_dish` WHERE `subdishtypeid` = 7  [ RunTime:0.0020s ]

[ 2017-05-30T19:01:21+08:00 ] ::1 /onlineorder/index.php/Home/Index/sub_Menu.html
INFO: [ app_begin ] --START--
INFO: Run Behavior\ReadHtmlCacheBehavior [ RunTime:0.006000s ]
INFO: [ app_begin ] --END-- [ RunTime:0.006000s ]
NOTIC: [2048] Declaration of Home\Controller\IndexController::show() should be compatible with Think\Controller::show($content, $charset = '', $contentType = '', $prefix = '') D:\wamp\www\onlineorder\App\Home\Controller\IndexController.class.php 第 163 行.
SQL: SHOW COLUMNS FROM `onlineorder_dish` [ RunTime:0.0240s ]
SQL: SELECT * FROM `onlineorder_dish` WHERE `subdishtypeid` = 2  [ RunTime:0.0050s ]

[ 2017-05-30T19:01:22+08:00 ] ::1 /onlineorder/index.php/Home/Index/sub_Menu.html
INFO: [ app_begin ] --START--
INFO: Run Behavior\ReadHtmlCacheBehavior [ RunTime:0.004001s ]
INFO: [ app_begin ] --END-- [ RunTime:0.004001s ]
NOTIC: [2048] Declaration of Home\Controller\IndexController::show() should be compatible with Think\Controller::show($content, $charset = '', $contentType = '', $prefix = '') D:\wamp\www\onlineorder\App\Home\Controller\IndexController.class.php 第 163 行.
SQL: SHOW COLUMNS FROM `onlineorder_dish` [ RunTime:0.0220s ]
SQL: SELECT * FROM `onlineorder_dish` WHERE `subdishtypeid` = 10  [ RunTime:0.0010s ]

[ 2017-05-30T19:01:25+08:00 ] ::1 /onlineorder/index.php/Home/Index/sub_Menu.html
INFO: [ app_begin ] --START--
INFO: Run Behavior\ReadHtmlCacheBehavior [ RunTime:0.004000s ]
INFO: [ app_begin ] --END-- [ RunTime:0.004000s ]
NOTIC: [2048] Declaration of Home\Controller\IndexController::show() should be compatible with Think\Controller::show($content, $charset = '', $contentType = '', $prefix = '') D:\wamp\www\onlineorder\App\Home\Controller\IndexController.class.php 第 163 行.
SQL: SHOW COLUMNS FROM `onlineorder_dish` [ RunTime:0.0170s ]
SQL: SELECT * FROM `onlineorder_dish` WHERE `subdishtypeid` = 11  [ RunTime:0.0010s ]

[ 2017-05-30T19:01:27+08:00 ] ::1 /onlineorder/index.php/Home/Index/sub_Menu.html
INFO: [ app_begin ] --START--
INFO: Run Behavior\ReadHtmlCacheBehavior [ RunTime:0.004000s ]
INFO: [ app_begin ] --END-- [ RunTime:0.004000s ]
NOTIC: [2048] Declaration of Home\Controller\IndexController::show() should be compatible with Think\Controller::show($content, $charset = '', $contentType = '', $prefix = '') D:\wamp\www\onlineorder\App\Home\Controller\IndexController.class.php 第 163 行.
SQL: SHOW COLUMNS FROM `onlineorder_dish` [ RunTime:0.0160s ]
SQL: SELECT * FROM `onlineorder_dish` WHERE `subdishtypeid` = 3  [ RunTime:0.0010s ]

[ 2017-05-30T19:01:29+08:00 ] ::1 /onlineorder/index.php/Home/Index/sub_Menu.html
INFO: [ app_begin ] --START--
INFO: Run Behavior\ReadHtmlCacheBehavior [ RunTime:0.003000s ]
INFO: [ app_begin ] --END-- [ RunTime:0.004000s ]
NOTIC: [2048] Declaration of Home\Controller\IndexController::show() should be compatible with Think\Controller::show($content, $charset = '', $contentType = '', $prefix = '') D:\wamp\www\onlineorder\App\Home\Controller\IndexController.class.php 第 163 行.
SQL: SHOW COLUMNS FROM `onlineorder_dish` [ RunTime:0.0170s ]
SQL: SELECT * FROM `onlineorder_dish` WHERE `subdishtypeid` = 5  [ RunTime:0.0010s ]

[ 2017-05-30T19:01:30+08:00 ] ::1 /onlineorder/index.php/Home/Index/sub_Menu.html
INFO: [ app_begin ] --START--
INFO: Run Behavior\ReadHtmlCacheBehavior [ RunTime:0.003000s ]
INFO: [ app_begin ] --END-- [ RunTime:0.004000s ]
NOTIC: [2048] Declaration of Home\Controller\IndexController::show() should be compatible with Think\Controller::show($content, $charset = '', $contentType = '', $prefix = '') D:\wamp\www\onlineorder\App\Home\Controller\IndexController.class.php 第 163 行.
SQL: SHOW COLUMNS FROM `onlineorder_dish` [ RunTime:0.0170s ]
SQL: SELECT * FROM `onlineorder_dish` WHERE `subdishtypeid` = 6  [ RunTime:0.0010s ]

[ 2017-05-30T19:02:06+08:00 ] ::1 /onlineorder/index.php/Home/Index/sub_Menu.html
INFO: [ app_begin ] --START--
INFO: Run Behavior\ReadHtmlCacheBehavior [ RunTime:0.003000s ]
INFO: [ app_begin ] --END-- [ RunTime:0.003000s ]
NOTIC: [2048] Declaration of Home\Controller\IndexController::show() should be compatible with Think\Controller::show($content, $charset = '', $contentType = '', $prefix = '') D:\wamp\www\onlineorder\App\Home\Controller\IndexController.class.php 第 163 行.
SQL: SHOW COLUMNS FROM `onlineorder_dish` [ RunTime:0.0170s ]
SQL: SELECT * FROM `onlineorder_dish` WHERE `subdishtypeid` = 6  [ RunTime:0.0010s ]

[ 2017-05-30T19:02:09+08:00 ] ::1 /onlineorder/index.php/Home/Index/sub_Menu.html
INFO: [ app_begin ] --START--
INFO: Run Behavior\ReadHtmlCacheBehavior [ RunTime:0.004001s ]
INFO: [ app_begin ] --END-- [ RunTime:0.005001s ]
NOTIC: [2048] Declaration of Home\Controller\IndexController::show() should be compatible with Think\Controller::show($content, $charset = '', $contentType = '', $prefix = '') D:\wamp\www\onlineorder\App\Home\Controller\IndexController.class.php 第 163 行.
SQL: SHOW COLUMNS FROM `onlineorder_dish` [ RunTime:0.0170s ]
SQL: SELECT * FROM `onlineorder_dish` WHERE `subdishtypeid` = 1  [ RunTime:0.0020s ]

[ 2017-05-30T19:02:11+08:00 ] ::1 /onlineorder/index.php/Home/Index/sub_Menu.html
INFO: [ app_begin ] --START--
INFO: Run Behavior\ReadHtmlCacheBehavior [ RunTime:0.006000s ]
INFO: [ app_begin ] --END-- [ RunTime:0.006000s ]
NOTIC: [2048] Declaration of Home\Controller\IndexController::show() should be compatible with Think\Controller::show($content, $charset = '', $contentType = '', $prefix = '') D:\wamp\www\onlineorder\App\Home\Controller\IndexController.class.php 第 163 行.
SQL: SHOW COLUMNS FROM `onlineorder_dish` [ RunTime:0.0220s ]
SQL: SELECT * FROM `onlineorder_dish` WHERE `subdishtypeid` = 2  [ RunTime:0.0050s ]

[ 2017-05-30T19:02:13+08:00 ] ::1 /onlineorder/index.php/Home/Index/sub_Menu.html
INFO: [ app_begin ] --START--
INFO: Run Behavior\ReadHtmlCacheBehavior [ RunTime:0.005001s ]
INFO: [ app_begin ] --END-- [ RunTime:0.006001s ]
NOTIC: [2048] Declaration of Home\Controller\IndexController::show() should be compatible with Think\Controller::show($content, $charset = '', $contentType = '', $prefix = '') D:\wamp\www\onlineorder\App\Home\Controller\IndexController.class.php 第 163 行.
SQL: SHOW COLUMNS FROM `onlineorder_dish` [ RunTime:0.0200s ]
SQL: SELECT * FROM `onlineorder_dish` WHERE `subdishtypeid` = 7  [ RunTime:0.0010s ]

[ 2017-05-30T19:02:37+08:00 ] ::1 /onlineorder/index.php/Home/Index/sub_Menu.html
INFO: [ app_begin ] --START--
INFO: Run Behavior\ReadHtmlCacheBehavior [ RunTime:0.004000s ]
INFO: [ app_begin ] --END-- [ RunTime:0.004000s ]
NOTIC: [2048] Declaration of Home\Controller\IndexController::show() should be compatible with Think\Controller::show($content, $charset = '', $contentType = '', $prefix = '') D:\wamp\www\onlineorder\App\Home\Controller\IndexController.class.php 第 163 行.
SQL: SHOW COLUMNS FROM `onlineorder_dish` [ RunTime:0.0200s ]
SQL: SELECT * FROM `onlineorder_dish` WHERE `subdishtypeid` = 1  [ RunTime:0.0020s ]

[ 2017-05-30T19:02:39+08:00 ] ::1 /onlineorder/index.php/Home/Index/sub_Menu.html
INFO: [ app_begin ] --START--
INFO: Run Behavior\ReadHtmlCacheBehavior [ RunTime:0.004001s ]
INFO: [ app_begin ] --END-- [ RunTime:0.004001s ]
NOTIC: [2048] Declaration of Home\Controller\IndexController::show() should be compatible with Think\Controller::show($content, $charset = '', $contentType = '', $prefix = '') D:\wamp\www\onlineorder\App\Home\Controller\IndexController.class.php 第 163 行.
SQL: SHOW COLUMNS FROM `onlineorder_dish` [ RunTime:0.0180s ]
SQL: SELECT * FROM `onlineorder_dish` WHERE `subdishtypeid` = 2  [ RunTime:0.0020s ]

[ 2017-05-30T19:02:40+08:00 ] ::1 /onlineorder/index.php/Home/Index/sub_Menu.html
INFO: [ app_begin ] --START--
INFO: Run Behavior\ReadHtmlCacheBehavior [ RunTime:0.003000s ]
INFO: [ app_begin ] --END-- [ RunTime:0.004000s ]
NOTIC: [2048] Declaration of Home\Controller\IndexController::show() should be compatible with Think\Controller::show($content, $charset = '', $contentType = '', $prefix = '') D:\wamp\www\onlineorder\App\Home\Controller\IndexController.class.php 第 163 行.
SQL: SHOW COLUMNS FROM `onlineorder_dish` [ RunTime:0.0160s ]
SQL: SELECT * FROM `onlineorder_dish` WHERE `subdishtypeid` = 7  [ RunTime:0.0010s ]

[ 2017-05-30T19:02:42+08:00 ] ::1 /onlineorder/index.php/Home/Index/sub_Menu.html
INFO: [ app_begin ] --START--
INFO: Run Behavior\ReadHtmlCacheBehavior [ RunTime:0.003001s ]
INFO: [ app_begin ] --END-- [ RunTime:0.004001s ]
NOTIC: [2048] Declaration of Home\Controller\IndexController::show() should be compatible with Think\Controller::show($content, $charset = '', $contentType = '', $prefix = '') D:\wamp\www\onlineorder\App\Home\Controller\IndexController.class.php 第 163 行.
SQL: SHOW COLUMNS FROM `onlineorder_dish` [ RunTime:0.0220s ]
SQL: SELECT * FROM `onlineorder_dish` WHERE `subdishtypeid` = 8  [ RunTime:0.0010s ]

[ 2017-05-30T19:02:45+08:00 ] ::1 /onlineorder/index.php/Home/Index/sub_Menu.html
INFO: [ app_begin ] --START--
INFO: Run Behavior\ReadHtmlCacheBehavior [ RunTime:0.004000s ]
INFO: [ app_begin ] --END-- [ RunTime:0.004000s ]
NOTIC: [2048] Declaration of Home\Controller\IndexController::show() should be compatible with Think\Controller::show($content, $charset = '', $contentType = '', $prefix = '') D:\wamp\www\onlineorder\App\Home\Controller\IndexController.class.php 第 163 行.
SQL: SHOW COLUMNS FROM `onlineorder_dish` [ RunTime:0.0170s ]
SQL: SELECT * FROM `onlineorder_dish` WHERE `subdishtypeid` = 9  [ RunTime:0.0010s ]

[ 2017-05-30T19:17:53+08:00 ] ::1 /onlineorder/index.php/Home/Menu/detail_Menu.htmlArray
ERR: 无法加载控制器:Menu

[ 2017-05-30T19:18:07+08:00 ] ::1 /onlineorder/index.php/Home/Index/sub_Menu.html
INFO: [ app_begin ] --START--
INFO: Run Behavior\ReadHtmlCacheBehavior [ RunTime:0.003000s ]
INFO: [ app_begin ] --END-- [ RunTime:0.003000s ]
NOTIC: [2048] Declaration of Home\Controller\IndexController::show() should be compatible with Think\Controller::show($content, $charset = '', $contentType = '', $prefix = '') D:\wamp\www\onlineorder\App\Home\Controller\IndexController.class.php 第 163 行.
SQL: SHOW COLUMNS FROM `onlineorder_dish` [ RunTime:0.0170s ]
SQL: SELECT * FROM `onlineorder_dish` WHERE `subdishtypeid` = 11  [ RunTime:0.0010s ]

[ 2017-05-30T19:18:08+08:00 ] ::1 /onlineorder/index.php/Home/Menu/detail_Menu/id/%2Bdata%5Bi%5D.id%2B.html
ERR: 无法加载控制器:Menu

[ 2017-05-30T19:24:28+08:00 ] ::1 /onlineorder/index.php/Home/Menu/detail_Menu.htmlArray
ERR: 无法加载控制器:Menu

[ 2017-05-30T19:24:59+08:00 ] ::1 /onlineorder/index.php/Home/Index/detail_Menu.htmlArray
ERR: 非法操作:detail_Menu.htmlArray

[ 2017-05-30T19:25:51+08:00 ] ::1 /onlineorder/index.php/Home/Index/detail_Menu.htmlArray
ERR: 非法操作:detail_Menu.htmlArray

[ 2017-05-30T19:26:26+08:00 ] ::1 /onlineorder/index.php/Home/Index/detail_Menu.htmlArray
ERR: 非法操作:detail_Menu.htmlArray

[ 2017-05-30T19:27:01+08:00 ] ::1 /onlineorder/index.php/Home/Index/detail_Menu.htmlArray
ERR: 非法操作:detail_Menu.htmlArray

[ 2017-05-30T19:28:37+08:00 ] ::1 /onlineorder/index.php/Home/Menu/detail_Menu/id/Arrayid.html
ERR: 无法加载控制器:Menu

[ 2017-05-30T19:28:54+08:00 ] ::1 /onlineorder/index.php/Home/Menu/detail_Menu/id/Arrayid.html
ERR: 无法加载控制器:Menu

[ 2017-05-30T19:28:54+08:00 ] ::1 /onlineorder/index.php/Home/Menu/detail_Menu/id/Arrayid.html
ERR: 无法加载控制器:Menu

[ 2017-05-30T19:32:16+08:00 ] ::1 /onlineorder/index.php/Home/Menu/detail_Menu.html
ERR: 无法加载控制器:Menu

[ 2017-05-30T23:00:18+08:00 ] ::1 /onlineorder/index.php/Home/Index/sub_Menu.html
INFO: [ app_begin ] --START--
INFO: Run Behavior\ReadHtmlCacheBehavior [ RunTime:0.005000s ]
INFO: [ app_begin ] --END-- [ RunTime:0.005000s ]
NOTIC: [2048] Declaration of Home\Controller\IndexController::show() should be compatible with Think\Controller::show($content, $charset = '', $contentType = '', $prefix = '') D:\wamp\www\onlineorder\App\Home\Controller\IndexController.class.php 第 163 行.
SQL: SHOW COLUMNS FROM `onlineorder_dish` [ RunTime:0.0180s ]
SQL: SELECT * FROM `onlineorder_dish` WHERE `subdishtypeid` = 1  [ RunTime:0.0020s ]

[ 2017-05-30T23:00:21+08:00 ] ::1 /onlineorder/index.php/Home/Index/sub_Menu.html
INFO: [ app_begin ] --START--
INFO: Run Behavior\ReadHtmlCacheBehavior [ RunTime:0.004000s ]
INFO: [ app_begin ] --END-- [ RunTime:0.005000s ]
NOTIC: [2048] Declaration of Home\Controller\IndexController::show() should be compatible with Think\Controller::show($content, $charset = '', $contentType = '', $prefix = '') D:\wamp\www\onlineorder\App\Home\Controller\IndexController.class.php 第 163 行.
SQL: SHOW COLUMNS FROM `onlineorder_dish` [ RunTime:0.0210s ]
SQL: SELECT * FROM `onlineorder_dish` WHERE `subdishtypeid` = 11  [ RunTime:0.0020s ]

