[ 2017-05-28T12:42:08+08:00 ] ::1 /onlineorder/index.php/Home/Index/%7B:U('Index/register_handle')%7D
ERR: 非法操作:{:U('Index

[ 2017-05-28T12:43:53+08:00 ] ::1 /onlineorder/index.php/Home/Index/%7B:U('Index/register_handle')%7D
ERR: 非法操作:{:U('Index

[ 2017-05-28T12:48:55+08:00 ] ::1 /onlineorder/index.php/Home/Index/%7B:U('Index/register_handle')%7D
ERR: 非法操作:{:U('Index

[ 2017-05-28T12:50:42+08:00 ] ::1 /onlineorder/index.php/Home/Index/%7B:U('Index/register_handle')%7D
ERR: 非法操作:{:U('Index

[ 2017-05-28T12:54:31+08:00 ] ::1 /onlineorder/index.php/Home/Index/%7B:U('Index/register_handle')%7D
ERR: 非法操作:{:U('Index

[ 2017-05-28T12:56:31+08:00 ] ::1 /onlineorder/index.php/Home/Index/%7B:U('Index/register_handle')%7D
ERR: 非法操作:{:U('Index

[ 2017-05-28T12:57:57+08:00 ] ::1 /onlineorder/index.php/Home/Index/%7B:U('Index/register_handle')%7D
ERR: 非法操作:{:U('Index

[ 2017-05-28T12:58:45+08:00 ] ::1 /onlineorder/index.php/Home/Index/%3C%7B%3E:U('Index/register_handle')%7D
ERR: 非法操作::U('Index

[ 2017-05-28T12:59:36+08:00 ] ::1 /onlineorder/index.php/Home/Index/U('Index/register_handle')
ERR: 非法操作:U('Index

[ 2017-05-28T13:05:16+08:00 ] ::1 /onlineorder/index.php/Home/Index/%7B:U('Index/register_handle')%7D
ERR: 非法操作:{:U('Index

[ 2017-05-28T13:11:56+08:00 ] ::1 /onlineorder/index.php/Home/Index/%7B:U('Index/register_handle')%7D
ERR: 非法操作:{:U('Index

[ 2017-05-28T13:15:00+08:00 ] ::1 /onlineorder/index.php/Home/Index/%7B:U('Index/register_handle')%7D
ERR: 非法操作:{:U('Index

[ 2017-05-28T13:15:36+08:00 ] ::1 /onlineorder/index.php/Home/Index/%7BU('Index/register_handle')%7D
ERR: 非法操作:{U('Index

[ 2017-05-28T13:16:14+08:00 ] ::1 /onlineorder/index.php/Home/Index/%7BU('Index/register_handle')%7D
ERR: 非法操作:{U('Index

[ 2017-05-28T13:17:32+08:00 ] ::1 /onlineorder/index.php/Home/Index/%7BU('Index/register_handle')%7D
ERR: 非法操作:{U('Index

[ 2017-05-28T13:18:16+08:00 ] ::1 /onlineorder/index.php/Home/Index/%7B:U('Index/register_handle')%7D
ERR: 非法操作:{:U('Index

[ 2017-05-28T13:19:25+08:00 ] ::1 /onlineorder/index.php/Home/Index/%7B:U('Index//register_handle')%7D
ERR: 非法操作:{:U('Index

[ 2017-05-28T13:20:27+08:00 ] ::1 /onlineorder/index.php/Home/Index/%7B:U('Index/register_handle')%7D
ERR: 非法操作:{:U('Index

[ 2017-05-28T13:22:33+08:00 ] ::1 /onlineorder/index.php/Home/Index/%7B:U('Index/register_handle')%7D
ERR: 非法操作:{:U('Index

[ 2017-05-28T13:23:25+08:00 ] ::1 /onlineorder/index.php/Home/Index/%7B:U('Index/register_handle')%7D
ERR: 非法操作:{:U('Index

[ 2017-05-28T13:24:30+08:00 ] ::1 /onlineorder/index.php/Home/Index/%7B:U('Index/register_handle')%7D
ERR: 非法操作:{:U('Index

[ 2017-05-28T13:26:56+08:00 ] ::1 /onlineorder/index.php/Home/Index/%7B:U('Index/login_handle')%7D
ERR: 非法操作:{:U('Index

[ 2017-05-28T13:28:47+08:00 ] ::1 /onlineorder/index.php/Home/Index/%7B:U('Index/login_handle')%7D
ERR: 非法操作:{:U('Index

