[ 2017-06-04T14:09:32+08:00 ] ::1 /onlineorder/index.php/Home/Menu/sub_Menu.html
INFO: [ app_begin ] --START--
INFO: Run Behavior\ReadHtmlCacheBehavior [ RunTime:0.002000s ]
INFO: [ app_begin ] --END-- [ RunTime:0.002000s ]
SQL: SHOW COLUMNS FROM `onlineorder_dish` [ RunTime:0.0110s ]
SQL: SELECT * FROM `onlineorder_dish` WHERE `subdishtypeid` = 1  [ RunTime:0.0460s ]

[ 2017-06-04T14:10:54+08:00 ] ::1 /onlineorder/index.php/Home/Menu/sub_Menu.html
INFO: [ app_begin ] --START--
INFO: Run Behavior\ReadHtmlCacheBehavior [ RunTime:0.002000s ]
INFO: [ app_begin ] --END-- [ RunTime:0.003000s ]
SQL: SHOW COLUMNS FROM `onlineorder_dish` [ RunTime:0.0150s ]
SQL: SELECT * FROM `onlineorder_dish` WHERE `subdishtypeid` = 1  [ RunTime:0.0020s ]

[ 2017-06-04T14:11:08+08:00 ] ::1 /onlineorder/index.php/Home/Menu/sub_Menu.html
INFO: [ app_begin ] --START--
INFO: Run Behavior\ReadHtmlCacheBehavior [ RunTime:0.002000s ]
INFO: [ app_begin ] --END-- [ RunTime:0.002000s ]
SQL: SHOW COLUMNS FROM `onlineorder_dish` [ RunTime:0.0110s ]
SQL: SELECT * FROM `onlineorder_dish` WHERE `subdishtypeid` = 1  [ RunTime:0.0010s ]

[ 2017-06-04T14:11:55+08:00 ] ::1 /onlineorder/index.php/Home/Menu/sub_Menu.html
INFO: [ app_begin ] --START--
INFO: Run Behavior\ReadHtmlCacheBehavior [ RunTime:0.001000s ]
INFO: [ app_begin ] --END-- [ RunTime:0.002000s ]
SQL: SHOW COLUMNS FROM `onlineorder_dish` [ RunTime:0.0110s ]
SQL: SELECT * FROM `onlineorder_dish` WHERE `subdishtypeid` = 1  [ RunTime:0.0010s ]

[ 2017-06-04T14:11:57+08:00 ] ::1 /onlineorder/index.php/Home/Menu/sub_Menu.html
INFO: [ app_begin ] --START--
INFO: Run Behavior\ReadHtmlCacheBehavior [ RunTime:0.001000s ]
INFO: [ app_begin ] --END-- [ RunTime:0.002000s ]
SQL: SHOW COLUMNS FROM `onlineorder_dish` [ RunTime:0.0120s ]
SQL: SELECT * FROM `onlineorder_dish` WHERE `subdishtypeid` = 2  [ RunTime:0.0010s ]

[ 2017-06-04T14:12:42+08:00 ] ::1 /onlineorder/index.php/Home/Menu/sub_Menu.html
INFO: [ app_begin ] --START--
INFO: Run Behavior\ReadHtmlCacheBehavior [ RunTime:0.002000s ]
INFO: [ app_begin ] --END-- [ RunTime:0.002000s ]
SQL: SHOW COLUMNS FROM `onlineorder_dish` [ RunTime:0.0190s ]
SQL: SELECT * FROM `onlineorder_dish` WHERE `subdishtypeid` = 1  [ RunTime:0.0020s ]

[ 2017-06-04T14:13:24+08:00 ] ::1 /onlineorder/index.php/Home/Menu/sub_Menu.html
INFO: [ app_begin ] --START--
INFO: Run Behavior\ReadHtmlCacheBehavior [ RunTime:0.002001s ]
INFO: [ app_begin ] --END-- [ RunTime:0.002001s ]
SQL: SHOW COLUMNS FROM `onlineorder_dish` [ RunTime:0.0250s ]
SQL: SELECT * FROM `onlineorder_dish` WHERE `subdishtypeid` = 1  [ RunTime:0.0010s ]

[ 2017-06-04T14:13:46+08:00 ] ::1 /onlineorder/index.php/Home/Menu/sub_Menu.html
INFO: [ app_begin ] --START--
INFO: Run Behavior\ReadHtmlCacheBehavior [ RunTime:0.002000s ]
INFO: [ app_begin ] --END-- [ RunTime:0.002000s ]
SQL: SHOW COLUMNS FROM `onlineorder_dish` [ RunTime:0.0110s ]
SQL: SELECT * FROM `onlineorder_dish` WHERE `subdishtypeid` = 2  [ RunTime:0.0010s ]

[ 2017-06-04T14:24:09+08:00 ] ::1 /onlineorder/index.php/Home/Menu/sub_Menu.html
INFO: [ app_begin ] --START--
INFO: Run Behavior\ReadHtmlCacheBehavior [ RunTime:0.002000s ]
INFO: [ app_begin ] --END-- [ RunTime:0.002000s ]
SQL: SHOW COLUMNS FROM `onlineorder_dish` [ RunTime:0.0110s ]
SQL: SELECT * FROM `onlineorder_dish` WHERE `subdishtypeid` = 2  [ RunTime:0.0020s ]

[ 2017-06-04T14:44:00+08:00 ] ::1 /onlineorder/index.php/Home/Menu/sub_Menu.html
INFO: [ app_begin ] --START--
INFO: Run Behavior\ReadHtmlCacheBehavior [ RunTime:0.002000s ]
INFO: [ app_begin ] --END-- [ RunTime:0.003000s ]
SQL: SHOW COLUMNS FROM `onlineorder_dish` [ RunTime:0.0110s ]
SQL: SELECT * FROM `onlineorder_dish` WHERE `subdishtypeid` = 7  [ RunTime:0.0020s ]

[ 2017-06-04T14:45:25+08:00 ] ::1 /onlineorder/index.php/Home/Menu/sub_Menu.html
INFO: [ app_begin ] --START--
INFO: Run Behavior\ReadHtmlCacheBehavior [ RunTime:0.001000s ]
INFO: [ app_begin ] --END-- [ RunTime:0.002000s ]
SQL: SHOW COLUMNS FROM `onlineorder_dish` [ RunTime:0.0130s ]
SQL: SELECT * FROM `onlineorder_dish` WHERE `subdishtypeid` = 7  [ RunTime:0.0020s ]

[ 2017-06-04T14:46:17+08:00 ] ::1 /onlineorder/index.php/Home/Menu/sub_Menu.html
INFO: [ app_begin ] --START--
INFO: Run Behavior\ReadHtmlCacheBehavior [ RunTime:0.001000s ]
INFO: [ app_begin ] --END-- [ RunTime:0.003000s ]
SQL: SHOW COLUMNS FROM `onlineorder_dish` [ RunTime:0.0390s ]
SQL: SELECT * FROM `onlineorder_dish` WHERE `subdishtypeid` = 1  [ RunTime:0.0020s ]

[ 2017-06-04T14:46:35+08:00 ] ::1 /onlineorder/index.php/Home/Menu/sub_Menu.html
INFO: [ app_begin ] --START--
INFO: Run Behavior\ReadHtmlCacheBehavior [ RunTime:0.001000s ]
INFO: [ app_begin ] --END-- [ RunTime:0.002000s ]
SQL: SHOW COLUMNS FROM `onlineorder_dish` [ RunTime:0.0120s ]
SQL: SELECT * FROM `onlineorder_dish` WHERE `subdishtypeid` = 1  [ RunTime:0.0010s ]

[ 2017-06-04T14:46:38+08:00 ] ::1 /onlineorder/index.php/Home/Menu/sub_Menu.html
INFO: [ app_begin ] --START--
INFO: Run Behavior\ReadHtmlCacheBehavior [ RunTime:0.002000s ]
INFO: [ app_begin ] --END-- [ RunTime:0.002000s ]
SQL: SHOW COLUMNS FROM `onlineorder_dish` [ RunTime:0.0160s ]
SQL: SELECT * FROM `onlineorder_dish` WHERE `subdishtypeid` = 2  [ RunTime:0.0020s ]

[ 2017-06-04T14:46:44+08:00 ] ::1 /onlineorder/index.php/Home/Menu/sub_Menu.html
INFO: [ app_begin ] --START--
INFO: Run Behavior\ReadHtmlCacheBehavior [ RunTime:0.001000s ]
INFO: [ app_begin ] --END-- [ RunTime:0.002000s ]
SQL: SHOW COLUMNS FROM `onlineorder_dish` [ RunTime:0.0120s ]
SQL: SELECT * FROM `onlineorder_dish` WHERE `subdishtypeid` = 7  [ RunTime:0.0010s ]

[ 2017-06-04T14:47:03+08:00 ] ::1 /onlineorder/index.php/Home/Menu/sub_Menu.html
INFO: [ app_begin ] --START--
INFO: Run Behavior\ReadHtmlCacheBehavior [ RunTime:0.001000s ]
INFO: [ app_begin ] --END-- [ RunTime:0.002000s ]
SQL: SHOW COLUMNS FROM `onlineorder_dish` [ RunTime:0.0110s ]
SQL: SELECT * FROM `onlineorder_dish` WHERE `subdishtypeid` = 2  [ RunTime:0.0020s ]

[ 2017-06-04T14:48:37+08:00 ] ::1 /onlineorder/index.php/Home/Menu/sub_Menu.html
INFO: [ app_begin ] --START--
INFO: Run Behavior\ReadHtmlCacheBehavior [ RunTime:0.001000s ]
INFO: [ app_begin ] --END-- [ RunTime:0.002001s ]
SQL: SHOW COLUMNS FROM `onlineorder_dish` [ RunTime:0.0110s ]
SQL: SELECT * FROM `onlineorder_dish` WHERE `subdishtypeid` = 2  [ RunTime:0.0010s ]

[ 2017-06-04T15:06:35+08:00 ] ::1 /onlineorder/index.php/Home/Menu/sub_Menu.html
INFO: [ app_begin ] --START--
INFO: Run Behavior\ReadHtmlCacheBehavior [ RunTime:0.000000s ]
INFO: [ app_begin ] --END-- [ RunTime:0.000000s ]
SQL: SHOW COLUMNS FROM `onlineorder_dish` [ RunTime:0.0000s ]
SQL: SELECT * FROM `onlineorder_dish` WHERE `subdishtypeid` = 8  [ RunTime:0.0000s ]

[ 2017-06-04T15:06:41+08:00 ] ::1 /onlineorder/index.php/Home/Menu/sub_Menu.html
INFO: [ app_begin ] --START--
INFO: Run Behavior\ReadHtmlCacheBehavior [ RunTime:0.000000s ]
INFO: [ app_begin ] --END-- [ RunTime:0.000000s ]
SQL: SHOW COLUMNS FROM `onlineorder_dish` [ RunTime:0.0156s ]
SQL: SELECT * FROM `onlineorder_dish` WHERE `subdishtypeid` = 9  [ RunTime:0.0000s ]

[ 2017-06-04T15:21:26+08:00 ] ::1 /onlineorder/index.php/Home/Menu/sub_Menu.html
INFO: [ app_begin ] --START--
INFO: Run Behavior\ReadHtmlCacheBehavior [ RunTime:0.002000s ]
INFO: [ app_begin ] --END-- [ RunTime:0.003000s ]
SQL: SHOW COLUMNS FROM `onlineorder_dish` [ RunTime:0.0340s ]
SQL: SELECT * FROM `onlineorder_dish` WHERE `subdishtypeid` = 9  [ RunTime:0.0010s ]

[ 2017-06-04T15:27:03+08:00 ] ::1 /onlineorder/index.php/Home/Menu/sub_Menu.html
INFO: [ app_begin ] --START--
INFO: Run Behavior\ReadHtmlCacheBehavior [ RunTime:0.002001s ]
INFO: [ app_begin ] --END-- [ RunTime:0.002001s ]
SQL: SHOW COLUMNS FROM `onlineorder_dish` [ RunTime:0.0160s ]
SQL: SELECT * FROM `onlineorder_dish` WHERE `subdishtypeid` = 5  [ RunTime:0.0010s ]

[ 2017-06-04T15:30:33+08:00 ] ::1 /onlineorder/index.php/Home/Menu/sub_Menu.html
INFO: [ app_begin ] --START--
INFO: Run Behavior\ReadHtmlCacheBehavior [ RunTime:0.001000s ]
INFO: [ app_begin ] --END-- [ RunTime:0.002000s ]
SQL: SHOW COLUMNS FROM `onlineorder_dish` [ RunTime:0.0120s ]
SQL: SELECT * FROM `onlineorder_dish` WHERE `subdishtypeid` = 6  [ RunTime:0.0010s ]

[ 2017-06-04T15:30:33+08:00 ] ::1 /onlineorder/index.php/Home/Menu/sub_Menu.html
INFO: [ app_begin ] --START--
INFO: Run Behavior\ReadHtmlCacheBehavior [ RunTime:0.001001s ]
INFO: [ app_begin ] --END-- [ RunTime:0.002001s ]
SQL: SHOW COLUMNS FROM `onlineorder_dish` [ RunTime:0.0120s ]
SQL: SELECT * FROM `onlineorder_dish` WHERE `subdishtypeid` = 5  [ RunTime:0.0020s ]

[ 2017-06-04T15:30:41+08:00 ] ::1 /onlineorder/index.php/Home/Menu/sub_Menu.html
INFO: [ app_begin ] --START--
INFO: Run Behavior\ReadHtmlCacheBehavior [ RunTime:0.002000s ]
INFO: [ app_begin ] --END-- [ RunTime:0.002000s ]
SQL: SHOW COLUMNS FROM `onlineorder_dish` [ RunTime:0.0120s ]
SQL: SELECT * FROM `onlineorder_dish` WHERE `subdishtypeid` = 6  [ RunTime:0.0020s ]

[ 2017-06-04T15:30:46+08:00 ] ::1 /onlineorder/index.php/Home/Menu/sub_Menu.html
INFO: [ app_begin ] --START--
INFO: Run Behavior\ReadHtmlCacheBehavior [ RunTime:0.002000s ]
INFO: [ app_begin ] --END-- [ RunTime:0.002000s ]
SQL: SHOW COLUMNS FROM `onlineorder_dish` [ RunTime:0.0120s ]
SQL: SELECT * FROM `onlineorder_dish` WHERE `subdishtypeid` = 5  [ RunTime:0.0010s ]

[ 2017-06-04T15:33:11+08:00 ] ::1 /onlineorder/index.php/Home/Menu/sub_Menu.html
INFO: [ app_begin ] --START--
INFO: Run Behavior\ReadHtmlCacheBehavior [ RunTime:0.015600s ]
INFO: [ app_begin ] --END-- [ RunTime:0.015600s ]
SQL: SHOW COLUMNS FROM `onlineorder_dish` [ RunTime:0.0156s ]
SQL: SELECT * FROM `onlineorder_dish` WHERE `subdishtypeid` = 5  [ RunTime:0.0000s ]

[ 2017-06-04T15:33:20+08:00 ] ::1 /onlineorder/index.php/Home/Menu/sub_Menu.html
INFO: [ app_begin ] --START--
INFO: Run Behavior\ReadHtmlCacheBehavior [ RunTime:0.000000s ]
INFO: [ app_begin ] --END-- [ RunTime:0.000000s ]
SQL: SHOW COLUMNS FROM `onlineorder_dish` [ RunTime:0.0010s ]
SQL: SELECT * FROM `onlineorder_dish` WHERE `subdishtypeid` = 6  [ RunTime:0.0000s ]

[ 2017-06-04T15:40:13+08:00 ] ::1 /onlineorder/index.php/Home/Menu/sub_Menu.html
INFO: [ app_begin ] --START--
INFO: Run Behavior\ReadHtmlCacheBehavior [ RunTime:0.002000s ]
INFO: [ app_begin ] --END-- [ RunTime:0.003000s ]
SQL: SHOW COLUMNS FROM `onlineorder_dish` [ RunTime:0.0130s ]
SQL: SELECT * FROM `onlineorder_dish` WHERE `subdishtypeid` = 6  [ RunTime:0.0020s ]

[ 2017-06-04T15:42:32+08:00 ] ::1 /onlineorder/index.php/Home/Menu/sub_Menu.html
INFO: [ app_begin ] --START--
INFO: Run Behavior\ReadHtmlCacheBehavior [ RunTime:0.001000s ]
INFO: [ app_begin ] --END-- [ RunTime:0.003000s ]
SQL: SHOW COLUMNS FROM `onlineorder_dish` [ RunTime:0.0110s ]
SQL: SELECT * FROM `onlineorder_dish` WHERE `subdishtypeid` = 6  [ RunTime:0.0010s ]

[ 2017-06-04T15:44:27+08:00 ] ::1 /onlineorder/index.php/Home/Menu/sub_Menu.html
INFO: [ app_begin ] --START--
INFO: Run Behavior\ReadHtmlCacheBehavior [ RunTime:0.002000s ]
INFO: [ app_begin ] --END-- [ RunTime:0.002000s ]
SQL: SHOW COLUMNS FROM `onlineorder_dish` [ RunTime:0.0130s ]
SQL: SELECT * FROM `onlineorder_dish` WHERE `subdishtypeid` = 6  [ RunTime:0.0020s ]

[ 2017-06-04T15:44:40+08:00 ] ::1 /onlineorder/index.php/Home/Menu/first_Menu.html
INFO: [ app_begin ] --START--
INFO: Run Behavior\ReadHtmlCacheBehavior [ RunTime:0.001000s ]
INFO: [ app_begin ] --END-- [ RunTime:0.002000s ]
SQL: SHOW COLUMNS FROM `onlineorder_dish` [ RunTime:0.0120s ]
SQL: SHOW COLUMNS FROM `onlineorder_dish` [ RunTime:0.0150s ]
SQL: SELECT a.* FROM onlineorder_dish as a,onlineorder_dishtype as b,onlineorder_dishtypeitem as c WHERE ( a.subdishtypeid=c.id and c.typeid=b.id and b.id=1 )  [ RunTime:0.0540s ]

[ 2017-06-04T16:00:14+08:00 ] ::1 /onlineorder/index.php/Home/Menu/sub_Menu.html
INFO: [ app_begin ] --START--
INFO: Run Behavior\ReadHtmlCacheBehavior [ RunTime:0.015600s ]
INFO: [ app_begin ] --END-- [ RunTime:0.015600s ]
SQL: SHOW COLUMNS FROM `onlineorder_dish` [ RunTime:0.0120s ]
SQL: SELECT * FROM `onlineorder_dish` WHERE `subdishtypeid` = 3  [ RunTime:0.0010s ]

[ 2017-06-04T16:00:24+08:00 ] ::1 /onlineorder/index.php/Home/Menu/sub_Menu.html
INFO: [ app_begin ] --START--
INFO: Run Behavior\ReadHtmlCacheBehavior [ RunTime:0.000000s ]
INFO: [ app_begin ] --END-- [ RunTime:0.000000s ]
SQL: SHOW COLUMNS FROM `onlineorder_dish` [ RunTime:0.0156s ]
SQL: SELECT * FROM `onlineorder_dish` WHERE `subdishtypeid` = 1  [ RunTime:0.0000s ]

[ 2017-06-04T16:00:27+08:00 ] ::1 /onlineorder/index.php/Home/Menu/sub_Menu.html
INFO: [ app_begin ] --START--
INFO: Run Behavior\ReadHtmlCacheBehavior [ RunTime:0.000000s ]
INFO: [ app_begin ] --END-- [ RunTime:0.000000s ]
SQL: SHOW COLUMNS FROM `onlineorder_dish` [ RunTime:0.0156s ]
SQL: SELECT * FROM `onlineorder_dish` WHERE `subdishtypeid` = 2  [ RunTime:0.0000s ]

[ 2017-06-04T16:00:30+08:00 ] ::1 /onlineorder/index.php/Home/Menu/sub_Menu.html
INFO: [ app_begin ] --START--
INFO: Run Behavior\ReadHtmlCacheBehavior [ RunTime:0.000000s ]
INFO: [ app_begin ] --END-- [ RunTime:0.000000s ]
SQL: SHOW COLUMNS FROM `onlineorder_dish` [ RunTime:0.0156s ]
SQL: SELECT * FROM `onlineorder_dish` WHERE `subdishtypeid` = 7  [ RunTime:0.0000s ]

[ 2017-06-04T16:00:32+08:00 ] ::1 /onlineorder/index.php/Home/Menu/sub_Menu.html
INFO: [ app_begin ] --START--
INFO: Run Behavior\ReadHtmlCacheBehavior [ RunTime:0.000000s ]
INFO: [ app_begin ] --END-- [ RunTime:0.000000s ]
SQL: SHOW COLUMNS FROM `onlineorder_dish` [ RunTime:0.0000s ]
SQL: SELECT * FROM `onlineorder_dish` WHERE `subdishtypeid` = 8  [ RunTime:0.0000s ]

[ 2017-06-04T16:00:34+08:00 ] ::1 /onlineorder/index.php/Home/Menu/sub_Menu.html
INFO: [ app_begin ] --START--
INFO: Run Behavior\ReadHtmlCacheBehavior [ RunTime:0.000000s ]
INFO: [ app_begin ] --END-- [ RunTime:0.000000s ]
SQL: SHOW COLUMNS FROM `onlineorder_dish` [ RunTime:0.0000s ]
SQL: SELECT * FROM `onlineorder_dish` WHERE `subdishtypeid` = 9  [ RunTime:0.0000s ]

[ 2017-06-04T16:00:37+08:00 ] ::1 /onlineorder/index.php/Home/Menu/sub_Menu.html
INFO: [ app_begin ] --START--
INFO: Run Behavior\ReadHtmlCacheBehavior [ RunTime:0.015600s ]
INFO: [ app_begin ] --END-- [ RunTime:0.015600s ]
SQL: SHOW COLUMNS FROM `onlineorder_dish` [ RunTime:0.0156s ]
SQL: SELECT * FROM `onlineorder_dish` WHERE `subdishtypeid` = 5  [ RunTime:0.0000s ]

[ 2017-06-04T16:00:40+08:00 ] ::1 /onlineorder/index.php/Home/Menu/sub_Menu.html
INFO: [ app_begin ] --START--
INFO: Run Behavior\ReadHtmlCacheBehavior [ RunTime:0.000000s ]
INFO: [ app_begin ] --END-- [ RunTime:0.000000s ]
SQL: SHOW COLUMNS FROM `onlineorder_dish` [ RunTime:0.0156s ]
SQL: SELECT * FROM `onlineorder_dish` WHERE `subdishtypeid` = 6  [ RunTime:0.0000s ]

[ 2017-06-04T16:00:43+08:00 ] ::1 /onlineorder/index.php/Home/Menu/sub_Menu.html
INFO: [ app_begin ] --START--
INFO: Run Behavior\ReadHtmlCacheBehavior [ RunTime:0.000000s ]
INFO: [ app_begin ] --END-- [ RunTime:0.000000s ]
SQL: SHOW COLUMNS FROM `onlineorder_dish` [ RunTime:0.0156s ]
SQL: SELECT * FROM `onlineorder_dish` WHERE `subdishtypeid` = 3  [ RunTime:0.0156s ]

[ 2017-06-04T16:02:34+08:00 ] ::1 /onlineorder/index.php/Home/Menu/sub_Menu.html
INFO: [ app_begin ] --START--
INFO: Run Behavior\ReadHtmlCacheBehavior [ RunTime:0.002000s ]
INFO: [ app_begin ] --END-- [ RunTime:0.002000s ]
SQL: SHOW COLUMNS FROM `onlineorder_dish` [ RunTime:0.0130s ]
SQL: SELECT * FROM `onlineorder_dish` WHERE `subdishtypeid` = 3  [ RunTime:0.0010s ]

[ 2017-06-04T16:10:13+08:00 ] ::1 /onlineorder/index.php/Home/Menu/sub_Menu.html
INFO: [ app_begin ] --START--
INFO: Run Behavior\ReadHtmlCacheBehavior [ RunTime:0.002000s ]
INFO: [ app_begin ] --END-- [ RunTime:0.002000s ]
SQL: SHOW COLUMNS FROM `onlineorder_dish` [ RunTime:0.0100s ]
SQL: SELECT * FROM `onlineorder_dish` WHERE `subdishtypeid` = 4  [ RunTime:0.0010s ]

[ 2017-06-04T16:10:48+08:00 ] ::1 /onlineorder/index.php/Home/Menu/sub_Menu.html
INFO: [ app_begin ] --START--
INFO: Run Behavior\ReadHtmlCacheBehavior [ RunTime:0.001000s ]
INFO: [ app_begin ] --END-- [ RunTime:0.002000s ]
SQL: SHOW COLUMNS FROM `onlineorder_dish` [ RunTime:0.0110s ]
SQL: SELECT * FROM `onlineorder_dish` WHERE `subdishtypeid` = 4  [ RunTime:0.0010s ]

[ 2017-06-04T16:10:49+08:00 ] ::1 /onlineorder/index.php/Home/Menu/sub_Menu.html
INFO: [ app_begin ] --START--
INFO: Run Behavior\ReadHtmlCacheBehavior [ RunTime:0.001000s ]
INFO: [ app_begin ] --END-- [ RunTime:0.002000s ]
SQL: SHOW COLUMNS FROM `onlineorder_dish` [ RunTime:0.0120s ]
SQL: SELECT * FROM `onlineorder_dish` WHERE `subdishtypeid` = 4  [ RunTime:0.0010s ]

[ 2017-06-04T16:10:50+08:00 ] ::1 /onlineorder/index.php/Home/Menu/sub_Menu.html
INFO: [ app_begin ] --START--
INFO: Run Behavior\ReadHtmlCacheBehavior [ RunTime:0.001000s ]
INFO: [ app_begin ] --END-- [ RunTime:0.002000s ]
SQL: SHOW COLUMNS FROM `onlineorder_dish` [ RunTime:0.0110s ]
SQL: SELECT * FROM `onlineorder_dish` WHERE `subdishtypeid` = 4  [ RunTime:0.0010s ]

[ 2017-06-04T16:10:50+08:00 ] ::1 /onlineorder/index.php/Home/Menu/sub_Menu.html
INFO: [ app_begin ] --START--
INFO: Run Behavior\ReadHtmlCacheBehavior [ RunTime:0.002000s ]
INFO: [ app_begin ] --END-- [ RunTime:0.003000s ]
SQL: SHOW COLUMNS FROM `onlineorder_dish` [ RunTime:0.0120s ]
SQL: SELECT * FROM `onlineorder_dish` WHERE `subdishtypeid` = 4  [ RunTime:0.0010s ]

[ 2017-06-04T16:10:50+08:00 ] ::1 /onlineorder/index.php/Home/Menu/sub_Menu.html
INFO: [ app_begin ] --START--
INFO: Run Behavior\ReadHtmlCacheBehavior [ RunTime:0.001001s ]
INFO: [ app_begin ] --END-- [ RunTime:0.002001s ]
SQL: SHOW COLUMNS FROM `onlineorder_dish` [ RunTime:0.0110s ]
SQL: SELECT * FROM `onlineorder_dish` WHERE `subdishtypeid` = 4  [ RunTime:0.0010s ]

[ 2017-06-04T16:10:51+08:00 ] ::1 /onlineorder/index.php/Home/Menu/sub_Menu.html
INFO: [ app_begin ] --START--
INFO: Run Behavior\ReadHtmlCacheBehavior [ RunTime:0.001000s ]
INFO: [ app_begin ] --END-- [ RunTime:0.002000s ]
SQL: SHOW COLUMNS FROM `onlineorder_dish` [ RunTime:0.0260s ]
SQL: SELECT * FROM `onlineorder_dish` WHERE `subdishtypeid` = 4  [ RunTime:0.0010s ]

[ 2017-06-04T16:10:54+08:00 ] ::1 /onlineorder/index.php/Home/Menu/first_Menu.html
INFO: [ app_begin ] --START--
INFO: Run Behavior\ReadHtmlCacheBehavior [ RunTime:0.001000s ]
INFO: [ app_begin ] --END-- [ RunTime:0.002000s ]
SQL: SHOW COLUMNS FROM `onlineorder_dish` [ RunTime:0.0130s ]
SQL: SHOW COLUMNS FROM `onlineorder_dish` [ RunTime:0.0130s ]
SQL: SELECT a.* FROM onlineorder_dish as a,onlineorder_dishtype as b,onlineorder_dishtypeitem as c WHERE ( a.subdishtypeid=c.id and c.typeid=b.id and b.id=5 )  [ RunTime:0.0210s ]

[ 2017-06-04T16:11:09+08:00 ] ::1 /onlineorder/index.php/Home/Menu/sub_Menu.html
INFO: [ app_begin ] --START--
INFO: Run Behavior\ReadHtmlCacheBehavior [ RunTime:0.002000s ]
INFO: [ app_begin ] --END-- [ RunTime:0.002000s ]
SQL: SHOW COLUMNS FROM `onlineorder_dish` [ RunTime:0.0120s ]
SQL: SELECT * FROM `onlineorder_dish` WHERE `subdishtypeid` = 5  [ RunTime:0.0020s ]

[ 2017-06-04T16:11:12+08:00 ] ::1 /onlineorder/index.php/Home/Menu/sub_Menu.html
INFO: [ app_begin ] --START--
INFO: Run Behavior\ReadHtmlCacheBehavior [ RunTime:0.001000s ]
INFO: [ app_begin ] --END-- [ RunTime:0.002000s ]
SQL: SHOW COLUMNS FROM `onlineorder_dish` [ RunTime:0.0120s ]
SQL: SELECT * FROM `onlineorder_dish` WHERE `subdishtypeid` = 3  [ RunTime:0.0010s ]

[ 2017-06-04T16:11:16+08:00 ] ::1 /onlineorder/index.php/Home/Menu/sub_Menu.html
INFO: [ app_begin ] --START--
INFO: Run Behavior\ReadHtmlCacheBehavior [ RunTime:0.002000s ]
INFO: [ app_begin ] --END-- [ RunTime:0.002000s ]
SQL: SHOW COLUMNS FROM `onlineorder_dish` [ RunTime:0.0120s ]
SQL: SELECT * FROM `onlineorder_dish` WHERE `subdishtypeid` = 4  [ RunTime:0.0010s ]

[ 2017-06-04T16:11:18+08:00 ] ::1 /onlineorder/index.php/Home/Menu/first_Menu.html
INFO: [ app_begin ] --START--
INFO: Run Behavior\ReadHtmlCacheBehavior [ RunTime:0.001000s ]
INFO: [ app_begin ] --END-- [ RunTime:0.002000s ]
SQL: SHOW COLUMNS FROM `onlineorder_dish` [ RunTime:0.0140s ]
SQL: SHOW COLUMNS FROM `onlineorder_dish` [ RunTime:0.0140s ]
SQL: SELECT a.* FROM onlineorder_dish as a,onlineorder_dishtype as b,onlineorder_dishtypeitem as c WHERE ( a.subdishtypeid=c.id and c.typeid=b.id and b.id=5 )  [ RunTime:0.0020s ]

[ 2017-06-04T16:11:21+08:00 ] ::1 /onlineorder/index.php/Home/Menu/first_Menu.html
INFO: [ app_begin ] --START--
INFO: Run Behavior\ReadHtmlCacheBehavior [ RunTime:0.001000s ]
INFO: [ app_begin ] --END-- [ RunTime:0.001000s ]
SQL: SHOW COLUMNS FROM `onlineorder_dish` [ RunTime:0.0110s ]
SQL: SHOW COLUMNS FROM `onlineorder_dish` [ RunTime:0.0110s ]
SQL: SELECT a.* FROM onlineorder_dish as a,onlineorder_dishtype as b,onlineorder_dishtypeitem as c WHERE ( a.subdishtypeid=c.id and c.typeid=b.id and b.id=4 )  [ RunTime:0.0290s ]

[ 2017-06-04T16:11:59+08:00 ] ::1 /onlineorder/index.php/Home/Menu/first_Menu.html
INFO: [ app_begin ] --START--
INFO: Run Behavior\ReadHtmlCacheBehavior [ RunTime:0.002000s ]
INFO: [ app_begin ] --END-- [ RunTime:0.002000s ]
SQL: SHOW COLUMNS FROM `onlineorder_dish` [ RunTime:0.0140s ]
SQL: SHOW COLUMNS FROM `onlineorder_dish` [ RunTime:0.0130s ]
SQL: SELECT a.* FROM onlineorder_dish as a,onlineorder_dishtype as b,onlineorder_dishtypeitem as c WHERE ( a.subdishtypeid=c.id and c.typeid=b.id and b.id=4 )  [ RunTime:0.0020s ]

[ 2017-06-04T16:12:06+08:00 ] ::1 /onlineorder/index.php/Home/Menu/first_Menu.html
INFO: [ app_begin ] --START--
INFO: Run Behavior\ReadHtmlCacheBehavior [ RunTime:0.002000s ]
INFO: [ app_begin ] --END-- [ RunTime:0.002000s ]
SQL: SHOW COLUMNS FROM `onlineorder_dish` [ RunTime:0.0120s ]
SQL: SHOW COLUMNS FROM `onlineorder_dish` [ RunTime:0.0140s ]
SQL: SELECT a.* FROM onlineorder_dish as a,onlineorder_dishtype as b,onlineorder_dishtypeitem as c WHERE ( a.subdishtypeid=c.id and c.typeid=b.id and b.id=4 )  [ RunTime:0.0020s ]

[ 2017-06-04T16:12:08+08:00 ] ::1 /onlineorder/index.php/Home/Menu/first_Menu.html
INFO: [ app_begin ] --START--
INFO: Run Behavior\ReadHtmlCacheBehavior [ RunTime:0.001000s ]
INFO: [ app_begin ] --END-- [ RunTime:0.003000s ]
SQL: SHOW COLUMNS FROM `onlineorder_dish` [ RunTime:0.0120s ]
SQL: SHOW COLUMNS FROM `onlineorder_dish` [ RunTime:0.0130s ]
SQL: SELECT a.* FROM onlineorder_dish as a,onlineorder_dishtype as b,onlineorder_dishtypeitem as c WHERE ( a.subdishtypeid=c.id and c.typeid=b.id and b.id=5 )  [ RunTime:0.0010s ]

[ 2017-06-04T16:12:13+08:00 ] ::1 /onlineorder/index.php/Home/Menu/first_Menu.html
INFO: [ app_begin ] --START--
INFO: Run Behavior\ReadHtmlCacheBehavior [ RunTime:0.001000s ]
INFO: [ app_begin ] --END-- [ RunTime:0.002000s ]
SQL: SHOW COLUMNS FROM `onlineorder_dish` [ RunTime:0.0130s ]
SQL: SHOW COLUMNS FROM `onlineorder_dish` [ RunTime:0.0140s ]
SQL: SELECT a.* FROM onlineorder_dish as a,onlineorder_dishtype as b,onlineorder_dishtypeitem as c WHERE ( a.subdishtypeid=c.id and c.typeid=b.id and b.id=4 )  [ RunTime:0.0020s ]

[ 2017-06-04T16:12:15+08:00 ] ::1 /onlineorder/index.php/Home/Menu/first_Menu.html
INFO: [ app_begin ] --START--
INFO: Run Behavior\ReadHtmlCacheBehavior [ RunTime:0.001000s ]
INFO: [ app_begin ] --END-- [ RunTime:0.001000s ]
SQL: SHOW COLUMNS FROM `onlineorder_dish` [ RunTime:0.0110s ]
SQL: SHOW COLUMNS FROM `onlineorder_dish` [ RunTime:0.0120s ]
SQL: SELECT a.* FROM onlineorder_dish as a,onlineorder_dishtype as b,onlineorder_dishtypeitem as c WHERE ( a.subdishtypeid=c.id and c.typeid=b.id and b.id=1 )  [ RunTime:0.0150s ]

[ 2017-06-04T16:12:31+08:00 ] ::1 /onlineorder/index.php/Home/Menu/first_Menu.html
INFO: [ app_begin ] --START--
INFO: Run Behavior\ReadHtmlCacheBehavior [ RunTime:0.002000s ]
INFO: [ app_begin ] --END-- [ RunTime:0.002000s ]
SQL: SHOW COLUMNS FROM `onlineorder_dish` [ RunTime:0.0110s ]
SQL: SHOW COLUMNS FROM `onlineorder_dish` [ RunTime:0.0150s ]
SQL: SELECT a.* FROM onlineorder_dish as a,onlineorder_dishtype as b,onlineorder_dishtypeitem as c WHERE ( a.subdishtypeid=c.id and c.typeid=b.id and b.id=4 )  [ RunTime:0.0020s ]

[ 2017-06-04T16:12:33+08:00 ] ::1 /onlineorder/index.php/Home/Menu/first_Menu.html
INFO: [ app_begin ] --START--
INFO: Run Behavior\ReadHtmlCacheBehavior [ RunTime:0.001000s ]
INFO: [ app_begin ] --END-- [ RunTime:0.002000s ]
SQL: SHOW COLUMNS FROM `onlineorder_dish` [ RunTime:0.0120s ]
SQL: SHOW COLUMNS FROM `onlineorder_dish` [ RunTime:0.0120s ]
SQL: SELECT a.* FROM onlineorder_dish as a,onlineorder_dishtype as b,onlineorder_dishtypeitem as c WHERE ( a.subdishtypeid=c.id and c.typeid=b.id and b.id=5 )  [ RunTime:0.0010s ]

[ 2017-06-04T16:17:12+08:00 ] ::1 /onlineorder/index.php/Home/Menu/sub_Menu.html
INFO: [ app_begin ] --START--
INFO: Run Behavior\ReadHtmlCacheBehavior [ RunTime:0.001000s ]
INFO: [ app_begin ] --END-- [ RunTime:0.002000s ]
SQL: SHOW COLUMNS FROM `onlineorder_dish` [ RunTime:0.0120s ]
SQL: SELECT * FROM `onlineorder_dish` WHERE `subdishtypeid` = 4  [ RunTime:0.0020s ]

[ 2017-06-04T16:20:39+08:00 ] ::1 /onlineorder/index.php/Home/Menu/sub_Menu.html
INFO: [ app_begin ] --START--
INFO: Run Behavior\ReadHtmlCacheBehavior [ RunTime:0.002000s ]
INFO: [ app_begin ] --END-- [ RunTime:0.002000s ]
SQL: SHOW COLUMNS FROM `onlineorder_dish` [ RunTime:0.0130s ]
SQL: SELECT * FROM `onlineorder_dish` WHERE `subdishtypeid` = 4  [ RunTime:0.0020s ]

[ 2017-06-04T16:37:40+08:00 ] ::1 /onlineorder/index.php/Home/Menu/sub_Menu.html
INFO: [ app_begin ] --START--
INFO: Run Behavior\ReadHtmlCacheBehavior [ RunTime:0.000000s ]
INFO: [ app_begin ] --END-- [ RunTime:0.000000s ]
SQL: SHOW COLUMNS FROM `onlineorder_dish` [ RunTime:0.0156s ]
SQL: SELECT * FROM `onlineorder_dish` WHERE `subdishtypeid` = 10  [ RunTime:0.0000s ]

[ 2017-06-04T16:39:50+08:00 ] ::1 /onlineorder/index.php/Home/Menu/first_Menu.html
INFO: [ app_begin ] --START--
INFO: Run Behavior\ReadHtmlCacheBehavior [ RunTime:0.001001s ]
INFO: [ app_begin ] --END-- [ RunTime:0.002001s ]
SQL: SHOW COLUMNS FROM `onlineorder_dish` [ RunTime:0.0120s ]
SQL: SHOW COLUMNS FROM `onlineorder_dish` [ RunTime:0.0120s ]
SQL: SELECT a.* FROM onlineorder_dish as a,onlineorder_dishtype as b,onlineorder_dishtypeitem as c WHERE ( a.subdishtypeid=c.id and c.typeid=b.id and b.id=5 )  [ RunTime:0.0620s ]

[ 2017-06-04T16:39:58+08:00 ] ::1 /onlineorder/index.php/Home/Menu/sub_Menu.html
INFO: [ app_begin ] --START--
INFO: Run Behavior\ReadHtmlCacheBehavior [ RunTime:0.002000s ]
INFO: [ app_begin ] --END-- [ RunTime:0.003000s ]
SQL: SHOW COLUMNS FROM `onlineorder_dish` [ RunTime:0.0120s ]
SQL: SELECT * FROM `onlineorder_dish` WHERE `subdishtypeid` = 3  [ RunTime:0.0020s ]

[ 2017-06-04T16:40:01+08:00 ] ::1 /onlineorder/index.php/Home/Menu/sub_Menu.html
INFO: [ app_begin ] --START--
INFO: Run Behavior\ReadHtmlCacheBehavior [ RunTime:0.002000s ]
INFO: [ app_begin ] --END-- [ RunTime:0.003000s ]
SQL: SHOW COLUMNS FROM `onlineorder_dish` [ RunTime:0.0120s ]
SQL: SELECT * FROM `onlineorder_dish` WHERE `subdishtypeid` = 4  [ RunTime:0.0010s ]

[ 2017-06-04T16:40:03+08:00 ] ::1 /onlineorder/index.php/Home/Menu/sub_Menu.html
INFO: [ app_begin ] --START--
INFO: Run Behavior\ReadHtmlCacheBehavior [ RunTime:0.001000s ]
INFO: [ app_begin ] --END-- [ RunTime:0.002000s ]
SQL: SHOW COLUMNS FROM `onlineorder_dish` [ RunTime:0.0130s ]
SQL: SELECT * FROM `onlineorder_dish` WHERE `subdishtypeid` = 10  [ RunTime:0.0010s ]

[ 2017-06-04T16:40:06+08:00 ] ::1 /onlineorder/index.php/Home/Menu/sub_Menu.html
INFO: [ app_begin ] --START--
INFO: Run Behavior\ReadHtmlCacheBehavior [ RunTime:0.000000s ]
INFO: [ app_begin ] --END-- [ RunTime:0.000000s ]
SQL: SHOW COLUMNS FROM `onlineorder_dish` [ RunTime:0.0156s ]
SQL: SELECT * FROM `onlineorder_dish` WHERE `subdishtypeid` = 11  [ RunTime:0.0000s ]

[ 2017-06-04T16:40:13+08:00 ] ::1 /onlineorder/index.php/Home/Menu/sub_Menu.html
INFO: [ app_begin ] --START--
INFO: Run Behavior\ReadHtmlCacheBehavior [ RunTime:0.001000s ]
INFO: [ app_begin ] --END-- [ RunTime:0.001000s ]
SQL: SHOW COLUMNS FROM `onlineorder_dish` [ RunTime:0.0156s ]
SQL: SELECT * FROM `onlineorder_dish` WHERE `subdishtypeid` = 5  [ RunTime:0.2122s ]

[ 2017-06-04T16:40:17+08:00 ] ::1 /onlineorder/index.php/Home/Menu/sub_Menu.html
INFO: [ app_begin ] --START--
INFO: Run Behavior\ReadHtmlCacheBehavior [ RunTime:0.000000s ]
INFO: [ app_begin ] --END-- [ RunTime:0.000000s ]
SQL: SHOW COLUMNS FROM `onlineorder_dish` [ RunTime:0.0156s ]
SQL: SELECT * FROM `onlineorder_dish` WHERE `subdishtypeid` = 6  [ RunTime:0.0312s ]

[ 2017-06-04T16:40:19+08:00 ] ::1 /onlineorder/index.php/Home/Menu/sub_Menu.html
INFO: [ app_begin ] --START--
INFO: Run Behavior\ReadHtmlCacheBehavior [ RunTime:0.000000s ]
INFO: [ app_begin ] --END-- [ RunTime:0.000000s ]
SQL: SHOW COLUMNS FROM `onlineorder_dish` [ RunTime:0.0156s ]
SQL: SELECT * FROM `onlineorder_dish` WHERE `subdishtypeid` = 8  [ RunTime:0.0000s ]

[ 2017-06-04T16:40:20+08:00 ] ::1 /onlineorder/index.php/Home/Menu/sub_Menu.html
INFO: [ app_begin ] --START--
INFO: Run Behavior\ReadHtmlCacheBehavior [ RunTime:0.000000s ]
INFO: [ app_begin ] --END-- [ RunTime:0.000000s ]
SQL: SHOW COLUMNS FROM `onlineorder_dish` [ RunTime:0.0000s ]
SQL: SELECT * FROM `onlineorder_dish` WHERE `subdishtypeid` = 9  [ RunTime:0.0156s ]

[ 2017-06-04T16:40:21+08:00 ] ::1 /onlineorder/index.php/Home/Menu/sub_Menu.html
INFO: [ app_begin ] --START--
INFO: Run Behavior\ReadHtmlCacheBehavior [ RunTime:0.000000s ]
INFO: [ app_begin ] --END-- [ RunTime:0.000000s ]
SQL: SHOW COLUMNS FROM `onlineorder_dish` [ RunTime:0.0156s ]
SQL: SELECT * FROM `onlineorder_dish` WHERE `subdishtypeid` = 7  [ RunTime:0.0000s ]

[ 2017-06-04T16:40:21+08:00 ] ::1 /onlineorder/index.php/Home/Menu/sub_Menu.html
INFO: [ app_begin ] --START--
INFO: Run Behavior\ReadHtmlCacheBehavior [ RunTime:0.000000s ]
INFO: [ app_begin ] --END-- [ RunTime:0.000000s ]
SQL: SHOW COLUMNS FROM `onlineorder_dish` [ RunTime:0.0156s ]
SQL: SELECT * FROM `onlineorder_dish` WHERE `subdishtypeid` = 2  [ RunTime:0.0498s ]

[ 2017-06-04T16:40:22+08:00 ] ::1 /onlineorder/index.php/Home/Menu/sub_Menu.html
INFO: [ app_begin ] --START--
INFO: Run Behavior\ReadHtmlCacheBehavior [ RunTime:0.000000s ]
INFO: [ app_begin ] --END-- [ RunTime:0.000000s ]
SQL: SHOW COLUMNS FROM `onlineorder_dish` [ RunTime:0.0156s ]
SQL: SELECT * FROM `onlineorder_dish` WHERE `subdishtypeid` = 1  [ RunTime:0.0000s ]

[ 2017-06-04T16:40:25+08:00 ] ::1 /onlineorder/index.php/Home/Menu/sub_Menu.html
INFO: [ app_begin ] --START--
INFO: Run Behavior\ReadHtmlCacheBehavior [ RunTime:0.000000s ]
INFO: [ app_begin ] --END-- [ RunTime:0.000000s ]
SQL: SHOW COLUMNS FROM `onlineorder_dish` [ RunTime:0.0156s ]
SQL: SELECT * FROM `onlineorder_dish` WHERE `subdishtypeid` = 7  [ RunTime:0.0000s ]

[ 2017-06-04T16:40:25+08:00 ] ::1 /onlineorder/index.php/Home/Menu/sub_Menu.html
INFO: [ app_begin ] --START--
INFO: Run Behavior\ReadHtmlCacheBehavior [ RunTime:0.000000s ]
INFO: [ app_begin ] --END-- [ RunTime:0.000000s ]
SQL: SHOW COLUMNS FROM `onlineorder_dish` [ RunTime:0.0156s ]
SQL: SELECT * FROM `onlineorder_dish` WHERE `subdishtypeid` = 8  [ RunTime:0.0000s ]

[ 2017-06-04T16:40:29+08:00 ] ::1 /onlineorder/index.php/Home/Menu/sub_Menu.html
INFO: [ app_begin ] --START--
INFO: Run Behavior\ReadHtmlCacheBehavior [ RunTime:0.015600s ]
INFO: [ app_begin ] --END-- [ RunTime:0.015600s ]
SQL: SHOW COLUMNS FROM `onlineorder_dish` [ RunTime:0.0156s ]
SQL: SELECT * FROM `onlineorder_dish` WHERE `subdishtypeid` = 11  [ RunTime:0.0156s ]

[ 2017-06-04T17:04:29+08:00 ] ::1 /onlineorder/index.php/Home/Menu/sub_Menu.html
INFO: [ app_begin ] --START--
INFO: Run Behavior\ReadHtmlCacheBehavior [ RunTime:0.002000s ]
INFO: [ app_begin ] --END-- [ RunTime:0.002000s ]
SQL: SHOW COLUMNS FROM `onlineorder_dish` [ RunTime:0.0140s ]
SQL: SELECT * FROM `onlineorder_dish` WHERE `subdishtypeid` = 11  [ RunTime:0.0010s ]

[ 2017-06-04T17:04:30+08:00 ] ::1 /onlineorder/index.php/Home/Menu/sub_Menu.html
INFO: [ app_begin ] --START--
INFO: Run Behavior\ReadHtmlCacheBehavior [ RunTime:0.003000s ]
INFO: [ app_begin ] --END-- [ RunTime:0.003000s ]
SQL: SHOW COLUMNS FROM `onlineorder_dish` [ RunTime:0.0110s ]
SQL: SELECT * FROM `onlineorder_dish` WHERE `subdishtypeid` = 11  [ RunTime:0.0010s ]

[ 2017-06-04T17:10:49+08:00 ] ::1 /onlineorder/index.php/Home/Menu/sub_Menu.html
INFO: [ app_begin ] --START--
INFO: Run Behavior\ReadHtmlCacheBehavior [ RunTime:0.002000s ]
INFO: [ app_begin ] --END-- [ RunTime:0.002000s ]
SQL: SHOW COLUMNS FROM `onlineorder_dish` [ RunTime:0.0150s ]
SQL: SELECT * FROM `onlineorder_dish` WHERE `subdishtypeid` = 11  [ RunTime:0.0030s ]

[ 2017-06-04T17:11:46+08:00 ] ::1 /onlineorder/index.php/Home/Menu/sub_Menu.html
INFO: [ app_begin ] --START--
INFO: Run Behavior\ReadHtmlCacheBehavior [ RunTime:0.002000s ]
INFO: [ app_begin ] --END-- [ RunTime:0.003000s ]
SQL: SHOW COLUMNS FROM `onlineorder_dish` [ RunTime:0.0100s ]
SQL: SELECT * FROM `onlineorder_dish` WHERE `subdishtypeid` = 11  [ RunTime:0.0010s ]

[ 2017-06-04T17:11:50+08:00 ] ::1 /onlineorder/index.php/Home/Menu/sub_Menu.html
INFO: [ app_begin ] --START--
INFO: Run Behavior\ReadHtmlCacheBehavior [ RunTime:0.001000s ]
INFO: [ app_begin ] --END-- [ RunTime:0.002001s ]
SQL: SHOW COLUMNS FROM `onlineorder_dish` [ RunTime:0.0120s ]
SQL: SELECT * FROM `onlineorder_dish` WHERE `subdishtypeid` = 10  [ RunTime:0.0010s ]

[ 2017-06-04T17:11:53+08:00 ] ::1 /onlineorder/index.php/Home/Menu/sub_Menu.html
INFO: [ app_begin ] --START--
INFO: Run Behavior\ReadHtmlCacheBehavior [ RunTime:0.001000s ]
INFO: [ app_begin ] --END-- [ RunTime:0.002000s ]
SQL: SHOW COLUMNS FROM `onlineorder_dish` [ RunTime:0.0140s ]
SQL: SELECT * FROM `onlineorder_dish` WHERE `subdishtypeid` = 4  [ RunTime:0.0010s ]

[ 2017-06-04T17:11:57+08:00 ] ::1 /onlineorder/index.php/Home/Menu/sub_Menu.html
INFO: [ app_begin ] --START--
INFO: Run Behavior\ReadHtmlCacheBehavior [ RunTime:0.001000s ]
INFO: [ app_begin ] --END-- [ RunTime:0.002000s ]
SQL: SHOW COLUMNS FROM `onlineorder_dish` [ RunTime:0.0180s ]
SQL: SELECT * FROM `onlineorder_dish` WHERE `subdishtypeid` = 3  [ RunTime:0.0020s ]

[ 2017-06-04T17:12:03+08:00 ] ::1 /onlineorder/index.php/Home/Menu/sub_Menu.html
INFO: [ app_begin ] --START--
INFO: Run Behavior\ReadHtmlCacheBehavior [ RunTime:0.001000s ]
INFO: [ app_begin ] --END-- [ RunTime:0.003001s ]
SQL: SHOW COLUMNS FROM `onlineorder_dish` [ RunTime:0.0140s ]
SQL: SELECT * FROM `onlineorder_dish` WHERE `subdishtypeid` = 3  [ RunTime:0.0010s ]

[ 2017-06-04T17:12:04+08:00 ] ::1 /onlineorder/index.php/Home/Menu/first_Menu.html
INFO: [ app_begin ] --START--
INFO: Run Behavior\ReadHtmlCacheBehavior [ RunTime:0.002000s ]
INFO: [ app_begin ] --END-- [ RunTime:0.002000s ]
SQL: SHOW COLUMNS FROM `onlineorder_dish` [ RunTime:0.0130s ]
SQL: SHOW COLUMNS FROM `onlineorder_dish` [ RunTime:0.0140s ]
SQL: SELECT a.* FROM onlineorder_dish as a,onlineorder_dishtype as b,onlineorder_dishtypeitem as c WHERE ( a.subdishtypeid=c.id and c.typeid=b.id and b.id=5 )  [ RunTime:0.0640s ]

[ 2017-06-04T17:12:12+08:00 ] ::1 /onlineorder/index.php/Home/Menu/first_Menu.html
INFO: [ app_begin ] --START--
INFO: Run Behavior\ReadHtmlCacheBehavior [ RunTime:0.001000s ]
INFO: [ app_begin ] --END-- [ RunTime:0.001000s ]
SQL: SHOW COLUMNS FROM `onlineorder_dish` [ RunTime:0.0120s ]
SQL: SHOW COLUMNS FROM `onlineorder_dish` [ RunTime:0.0120s ]
SQL: SELECT a.* FROM onlineorder_dish as a,onlineorder_dishtype as b,onlineorder_dishtypeitem as c WHERE ( a.subdishtypeid=c.id and c.typeid=b.id and b.id=4 )  [ RunTime:0.0500s ]

[ 2017-06-04T17:12:16+08:00 ] ::1 /onlineorder/index.php/Home/Menu/sub_Menu.html
INFO: [ app_begin ] --START--
INFO: Run Behavior\ReadHtmlCacheBehavior [ RunTime:0.002000s ]
INFO: [ app_begin ] --END-- [ RunTime:0.002000s ]
SQL: SHOW COLUMNS FROM `onlineorder_dish` [ RunTime:0.0150s ]
SQL: SELECT * FROM `onlineorder_dish` WHERE `subdishtypeid` = 5  [ RunTime:0.0020s ]

[ 2017-06-04T17:12:19+08:00 ] ::1 /onlineorder/index.php/Home/Menu/sub_Menu.html
INFO: [ app_begin ] --START--
INFO: Run Behavior\ReadHtmlCacheBehavior [ RunTime:0.001000s ]
INFO: [ app_begin ] --END-- [ RunTime:0.001000s ]
SQL: SHOW COLUMNS FROM `onlineorder_dish` [ RunTime:0.0130s ]
SQL: SELECT * FROM `onlineorder_dish` WHERE `subdishtypeid` = 6  [ RunTime:0.0020s ]

[ 2017-06-04T17:12:22+08:00 ] ::1 /onlineorder/index.php/Home/Menu/first_Menu.html
INFO: [ app_begin ] --START--
INFO: Run Behavior\ReadHtmlCacheBehavior [ RunTime:0.002000s ]
INFO: [ app_begin ] --END-- [ RunTime:0.003000s ]
SQL: SHOW COLUMNS FROM `onlineorder_dish` [ RunTime:0.0170s ]
SQL: SHOW COLUMNS FROM `onlineorder_dish` [ RunTime:0.0170s ]
SQL: SELECT a.* FROM onlineorder_dish as a,onlineorder_dishtype as b,onlineorder_dishtypeitem as c WHERE ( a.subdishtypeid=c.id and c.typeid=b.id and b.id=1 )  [ RunTime:0.0540s ]

[ 2017-06-04T17:12:31+08:00 ] ::1 /onlineorder/index.php/Home/Menu/sub_Menu.html
INFO: [ app_begin ] --START--
INFO: Run Behavior\ReadHtmlCacheBehavior [ RunTime:0.001000s ]
INFO: [ app_begin ] --END-- [ RunTime:0.002000s ]
SQL: SHOW COLUMNS FROM `onlineorder_dish` [ RunTime:0.0130s ]
SQL: SELECT * FROM `onlineorder_dish` WHERE `subdishtypeid` = 2  [ RunTime:0.0010s ]

[ 2017-06-04T17:12:36+08:00 ] ::1 /onlineorder/index.php/Home/Menu/sub_Menu.html
INFO: [ app_begin ] --START--
INFO: Run Behavior\ReadHtmlCacheBehavior [ RunTime:0.002000s ]
INFO: [ app_begin ] --END-- [ RunTime:0.002000s ]
SQL: SHOW COLUMNS FROM `onlineorder_dish` [ RunTime:0.0110s ]
SQL: SELECT * FROM `onlineorder_dish` WHERE `subdishtypeid` = 2  [ RunTime:0.0010s ]

[ 2017-06-04T17:12:38+08:00 ] ::1 /onlineorder/index.php/Home/Menu/sub_Menu.html
INFO: [ app_begin ] --START--
INFO: Run Behavior\ReadHtmlCacheBehavior [ RunTime:0.001000s ]
INFO: [ app_begin ] --END-- [ RunTime:0.003001s ]
SQL: SHOW COLUMNS FROM `onlineorder_dish` [ RunTime:0.0150s ]
SQL: SELECT * FROM `onlineorder_dish` WHERE `subdishtypeid` = 2  [ RunTime:0.0020s ]

[ 2017-06-04T17:12:40+08:00 ] ::1 /onlineorder/index.php/Home/Menu/sub_Menu.html
INFO: [ app_begin ] --START--
INFO: Run Behavior\ReadHtmlCacheBehavior [ RunTime:0.001000s ]
INFO: [ app_begin ] --END-- [ RunTime:0.003000s ]
SQL: SHOW COLUMNS FROM `onlineorder_dish` [ RunTime:0.0130s ]
SQL: SELECT * FROM `onlineorder_dish` WHERE `subdishtypeid` = 1  [ RunTime:0.0010s ]

[ 2017-06-04T17:12:44+08:00 ] ::1 /onlineorder/index.php/Home/Menu/sub_Menu.html
INFO: [ app_begin ] --START--
INFO: Run Behavior\ReadHtmlCacheBehavior [ RunTime:0.002000s ]
INFO: [ app_begin ] --END-- [ RunTime:0.003000s ]
SQL: SHOW COLUMNS FROM `onlineorder_dish` [ RunTime:0.0120s ]
SQL: SELECT * FROM `onlineorder_dish` WHERE `subdishtypeid` = 7  [ RunTime:0.0020s ]

[ 2017-06-04T17:12:46+08:00 ] ::1 /onlineorder/index.php/Home/Menu/sub_Menu.html
INFO: [ app_begin ] --START--
INFO: Run Behavior\ReadHtmlCacheBehavior [ RunTime:0.002000s ]
INFO: [ app_begin ] --END-- [ RunTime:0.004001s ]
SQL: SHOW COLUMNS FROM `onlineorder_dish` [ RunTime:0.0120s ]
SQL: SELECT * FROM `onlineorder_dish` WHERE `subdishtypeid` = 8  [ RunTime:0.0010s ]

[ 2017-06-04T17:12:49+08:00 ] ::1 /onlineorder/index.php/Home/Menu/sub_Menu.html
INFO: [ app_begin ] --START--
INFO: Run Behavior\ReadHtmlCacheBehavior [ RunTime:0.001000s ]
INFO: [ app_begin ] --END-- [ RunTime:0.001000s ]
SQL: SHOW COLUMNS FROM `onlineorder_dish` [ RunTime:0.0120s ]
SQL: SELECT * FROM `onlineorder_dish` WHERE `subdishtypeid` = 9  [ RunTime:0.0010s ]

[ 2017-06-04T17:12:53+08:00 ] ::1 /onlineorder/index.php/Home/Menu/first_Menu.html
INFO: [ app_begin ] --START--
INFO: Run Behavior\ReadHtmlCacheBehavior [ RunTime:0.001000s ]
INFO: [ app_begin ] --END-- [ RunTime:0.003000s ]
SQL: SHOW COLUMNS FROM `onlineorder_dish` [ RunTime:0.0170s ]
SQL: SHOW COLUMNS FROM `onlineorder_dish` [ RunTime:0.0160s ]
SQL: SELECT a.* FROM onlineorder_dish as a,onlineorder_dishtype as b,onlineorder_dishtypeitem as c WHERE ( a.subdishtypeid=c.id and c.typeid=b.id and b.id=1 )  [ RunTime:0.0030s ]

[ 2017-06-04T18:48:52+08:00 ] ::1 /onlineorder/index.php/Home/Menu/sub_Menu.html
INFO: [ app_begin ] --START--
INFO: Run Behavior\ReadHtmlCacheBehavior [ RunTime:0.002000s ]
INFO: [ app_begin ] --END-- [ RunTime:0.002000s ]
SQL: SHOW COLUMNS FROM `onlineorder_dish` [ RunTime:0.0120s ]
SQL: SELECT * FROM `onlineorder_dish` WHERE `subdishtypeid` = 9  [ RunTime:0.0650s ]

[ 2017-06-04T18:48:56+08:00 ] ::1 /onlineorder/index.php/Home/Cart/addToCart.html
INFO: [ app_begin ] --START--
INFO: Run Behavior\ReadHtmlCacheBehavior [ RunTime:0.003000s ]
INFO: [ app_begin ] --END-- [ RunTime:0.004000s ]
SQL: SHOW COLUMNS FROM `onlineorder_cart` [ RunTime:0.0170s ]
SQL: SELECT * FROM `onlineorder_cart` WHERE `userid` = 1 AND `dishid` = 103 LIMIT 1   [ RunTime:0.0470s ]
SQL: INSERT INTO `onlineorder_cart` (`id`,`userid`,`dishid`,`dishcount`) VALUES (NULL,'1','103','1') [ RunTime:0.0160s ]
SQL: SHOW COLUMNS FROM `onlineorder_dish` [ RunTime:0.0150s ]
SQL: SELECT * FROM `onlineorder_dish` WHERE ( id=103 ) LIMIT 1   [ RunTime:0.0010s ]

[ 2017-06-04T18:49:03+08:00 ] ::1 /onlineorder/index.php/Home/Cart/addToCart.html
INFO: [ app_begin ] --START--
INFO: Run Behavior\ReadHtmlCacheBehavior [ RunTime:0.002000s ]
INFO: [ app_begin ] --END-- [ RunTime:0.003000s ]
SQL: SHOW COLUMNS FROM `onlineorder_cart` [ RunTime:0.0150s ]
SQL: SELECT * FROM `onlineorder_cart` WHERE `userid` = 1 AND `dishid` = 61 LIMIT 1   [ RunTime:0.0010s ]
SQL: INSERT INTO `onlineorder_cart` (`id`,`userid`,`dishid`,`dishcount`) VALUES (NULL,'1','61','1') [ RunTime:0.0910s ]
SQL: SHOW COLUMNS FROM `onlineorder_dish` [ RunTime:0.0180s ]
SQL: SELECT * FROM `onlineorder_dish` WHERE ( id=61 ) LIMIT 1   [ RunTime:0.0010s ]

[ 2017-06-04T18:49:09+08:00 ] ::1 /onlineorder/index.php/Home/Cart/addToCart.html
INFO: [ app_begin ] --START--
INFO: Run Behavior\ReadHtmlCacheBehavior [ RunTime:0.002000s ]
INFO: [ app_begin ] --END-- [ RunTime:0.003000s ]
SQL: SHOW COLUMNS FROM `onlineorder_cart` [ RunTime:0.0170s ]
SQL: SELECT * FROM `onlineorder_cart` WHERE `userid` = 1 AND `dishid` = 66 LIMIT 1   [ RunTime:0.0400s ]
SQL: INSERT INTO `onlineorder_cart` (`id`,`userid`,`dishid`,`dishcount`) VALUES (NULL,'1','66','1') [ RunTime:0.0210s ]
SQL: SHOW COLUMNS FROM `onlineorder_dish` [ RunTime:0.0180s ]
SQL: SELECT * FROM `onlineorder_dish` WHERE ( id=66 ) LIMIT 1   [ RunTime:0.0010s ]

[ 2017-06-04T18:57:29+08:00 ] ::1 /onlineorder/index.php/Home/Cart/addcart.html
ERR: 1064:Erreur de syntaxe près de ')' à la ligne 1
 [ SQL语句 ] : SELECT b.*,a.name,a.price,c.name as dishtype FROM onlineorder_dish as a,onlineorder_cart as b,onlineorder_dishtypeitem as c WHERE ( a.id=b.dishid and a.subdishtypeid=c.id and b.userid= ) 

[ 2017-06-04T18:58:35+08:00 ] ::1 /onlineorder/index.php/Home/Cart/addcart.html
ERR: 1064:Erreur de syntaxe près de ')' à la ligne 1
 [ SQL语句 ] : SELECT b.*,a.name,a.price,c.name as dishtype FROM onlineorder_dish as a,onlineorder_cart as b,onlineorder_dishtypeitem as c WHERE ( a.id=b.dishid and a.subdishtypeid=c.id and b.userid= ) 

[ 2017-06-04T18:58:37+08:00 ] ::1 /onlineorder/index.php/Home/Cart/addcart.html
ERR: 1064:Erreur de syntaxe près de ')' à la ligne 1
 [ SQL语句 ] : SELECT b.*,a.name,a.price,c.name as dishtype FROM onlineorder_dish as a,onlineorder_cart as b,onlineorder_dishtypeitem as c WHERE ( a.id=b.dishid and a.subdishtypeid=c.id and b.userid= ) 

[ 2017-06-04T18:58:40+08:00 ] ::1 /onlineorder/index.php/Home/Cart/addToCart.html
INFO: [ app_begin ] --START--
INFO: Run Behavior\ReadHtmlCacheBehavior [ RunTime:0.001000s ]
INFO: [ app_begin ] --END-- [ RunTime:0.002000s ]
NOTIC: [8] Undefined index: userid D:\wamp\www\onlineorder\App\Home\Controller\CartController.class.php 第 26 行.
INFO: [ app_end ] --START--
INFO: Run Behavior\ShowPageTraceBehavior [ RunTime:0.003000s ]
INFO: [ app_end ] --END-- [ RunTime:0.003000s ]

[ 2017-06-04T19:02:08+08:00 ] ::1 /onlineorder/index.php/Home/Cart/deleteFromCart.html
INFO: [ app_begin ] --START--
INFO: Run Behavior\ReadHtmlCacheBehavior [ RunTime:0.002000s ]
INFO: [ app_begin ] --END-- [ RunTime:0.003000s ]
SQL: SHOW COLUMNS FROM `onlineorder_cart` [ RunTime:0.0140s ]
SQL: DELETE FROM `onlineorder_cart` WHERE `userid` = 1 AND `dishid` = 103 [ RunTime:0.1320s ]

[ 2017-06-04T19:02:12+08:00 ] ::1 /onlineorder/index.php/Home/Cart/deleteFromCart.html
INFO: [ app_begin ] --START--
INFO: Run Behavior\ReadHtmlCacheBehavior [ RunTime:0.002000s ]
INFO: [ app_begin ] --END-- [ RunTime:0.002000s ]
SQL: SHOW COLUMNS FROM `onlineorder_cart` [ RunTime:0.0390s ]
SQL: DELETE FROM `onlineorder_cart` WHERE `userid` = 1 AND `dishid` = 103 [ RunTime:0.0010s ]
NOTIC: [8] Undefined variable: his D:\wamp\www\onlineorder\App\Home\Controller\CartController.class.php 第 71 行.

[ 2017-06-04T19:02:33+08:00 ] ::1 /onlineorder/index.php/Home/Cart/deleteFromCart.html
INFO: [ app_begin ] --START--
INFO: Run Behavior\ReadHtmlCacheBehavior [ RunTime:0.001000s ]
INFO: [ app_begin ] --END-- [ RunTime:0.002000s ]
SQL: SHOW COLUMNS FROM `onlineorder_cart` [ RunTime:0.0110s ]
SQL: DELETE FROM `onlineorder_cart` WHERE `userid` = 1 AND `dishid` = 61 [ RunTime:0.0030s ]

[ 2017-06-04T19:02:44+08:00 ] ::1 /onlineorder/index.php/Home/Cart/addToCart.html
INFO: [ app_begin ] --START--
INFO: Run Behavior\ReadHtmlCacheBehavior [ RunTime:0.002000s ]
INFO: [ app_begin ] --END-- [ RunTime:0.004000s ]
SQL: SHOW COLUMNS FROM `onlineorder_cart` [ RunTime:0.0230s ]
SQL: SELECT * FROM `onlineorder_cart` WHERE `userid` = 1 AND `dishid` = 60 LIMIT 1   [ RunTime:0.0010s ]
SQL: INSERT INTO `onlineorder_cart` (`id`,`userid`,`dishid`,`dishcount`) VALUES (NULL,'1','60','1') [ RunTime:0.0220s ]
SQL: SHOW COLUMNS FROM `onlineorder_dish` [ RunTime:0.0200s ]
SQL: SELECT * FROM `onlineorder_dish` WHERE ( id=60 ) LIMIT 1   [ RunTime:0.0020s ]

[ 2017-06-04T19:05:12+08:00 ] ::1 /onlineorder/index.php/Home/Cart/addcart.html
ERR: 1064:Erreur de syntaxe près de ')' à la ligne 1
 [ SQL语句 ] : SELECT b.*,a.name,a.price,c.name as dishtype FROM onlineorder_dish as a,onlineorder_cart as b,onlineorder_dishtypeitem as c WHERE ( a.id=b.dishid and a.subdishtypeid=c.id and b.userid= ) 

[ 2017-06-04T19:30:55+08:00 ] ::1 /onlineorder/index.php/Home/Cart/addToCart.html
INFO: [ app_begin ] --START--
INFO: Run Behavior\ReadHtmlCacheBehavior [ RunTime:0.003000s ]
INFO: [ app_begin ] --END-- [ RunTime:0.004000s ]
SQL: SHOW COLUMNS FROM `onlineorder_cart` [ RunTime:0.0440s ]
SQL: SELECT * FROM `onlineorder_cart` WHERE `userid` = 1 AND `dishid` = 56 LIMIT 1   [ RunTime:0.0020s ]
SQL: INSERT INTO `onlineorder_cart` (`id`,`userid`,`dishid`,`dishcount`) VALUES (NULL,'1','56','1') [ RunTime:0.0340s ]
SQL: SHOW COLUMNS FROM `onlineorder_dish` [ RunTime:0.0200s ]
SQL: SELECT * FROM `onlineorder_dish` WHERE ( id=56 ) LIMIT 1   [ RunTime:0.0010s ]

[ 2017-06-04T19:30:57+08:00 ] ::1 /onlineorder/index.php/Home/Cart/addToCart.html
INFO: [ app_begin ] --START--
INFO: Run Behavior\ReadHtmlCacheBehavior [ RunTime:0.003000s ]
INFO: [ app_begin ] --END-- [ RunTime:0.004001s ]
SQL: SHOW COLUMNS FROM `onlineorder_cart` [ RunTime:0.0180s ]
SQL: SELECT * FROM `onlineorder_cart` WHERE `userid` = 1 AND `dishid` = 56 LIMIT 1   [ RunTime:0.0010s ]
SQL: UPDATE `onlineorder_cart` SET `dishcount`='2' WHERE `userid` = 1 AND `dishid` = 56 [ RunTime:0.0260s ]
SQL: SHOW COLUMNS FROM `onlineorder_dish` [ RunTime:0.0170s ]
SQL: SELECT * FROM `onlineorder_dish` WHERE ( id=56 ) LIMIT 1   [ RunTime:0.0010s ]

[ 2017-06-04T19:30:59+08:00 ] ::1 /onlineorder/index.php/Home/Cart/addToCart.html
INFO: [ app_begin ] --START--
INFO: Run Behavior\ReadHtmlCacheBehavior [ RunTime:0.005000s ]
INFO: [ app_begin ] --END-- [ RunTime:0.005000s ]
SQL: SHOW COLUMNS FROM `onlineorder_cart` [ RunTime:0.0180s ]
SQL: SELECT * FROM `onlineorder_cart` WHERE `userid` = 1 AND `dishid` = 56 LIMIT 1   [ RunTime:0.0070s ]
SQL: UPDATE `onlineorder_cart` SET `dishcount`='3' WHERE `userid` = 1 AND `dishid` = 56 [ RunTime:0.0650s ]
SQL: SHOW COLUMNS FROM `onlineorder_dish` [ RunTime:0.0180s ]
SQL: SELECT * FROM `onlineorder_dish` WHERE ( id=56 ) LIMIT 1   [ RunTime:0.0030s ]

[ 2017-06-04T21:36:16+08:00 ] ::1 /onlineorder/index.php/Home/Cart/deleteFromCart.html
INFO: [ app_begin ] --START--
INFO: Run Behavior\ReadHtmlCacheBehavior [ RunTime:0.000839s ]
INFO: [ app_begin ] --END-- [ RunTime:0.000918s ]
SQL: SHOW COLUMNS FROM `onlineorder_cart` [ RunTime:0.0020s ]
SQL: DELETE FROM `onlineorder_cart` WHERE `userid` = 1 AND `dishid` = 56 [ RunTime:0.0423s ]

[ 2017-06-04T21:36:18+08:00 ] ::1 /onlineorder/index.php/Home/Cart/deleteFromCart.html
INFO: [ app_begin ] --START--
INFO: Run Behavior\ReadHtmlCacheBehavior [ RunTime:0.000568s ]
INFO: [ app_begin ] --END-- [ RunTime:0.000635s ]
SQL: SHOW COLUMNS FROM `onlineorder_cart` [ RunTime:0.0019s ]
SQL: DELETE FROM `onlineorder_cart` WHERE `userid` = 1 AND `dishid` = 60 [ RunTime:0.0352s ]

[ 2017-06-04T22:52:03+08:00 ] ::1 /onlineorder/index.php/Home/Cart/deleteFromCart.html
INFO: [ app_begin ] --START--
INFO: Run Behavior\ReadHtmlCacheBehavior [ RunTime:0.000799s ]
INFO: [ app_begin ] --END-- [ RunTime:0.000859s ]
SQL: SHOW COLUMNS FROM `onlineorder_cart` [ RunTime:0.0007s ]
SQL: DELETE FROM `onlineorder_cart` WHERE `userid` = 1 AND `dishid` = 66 [ RunTime:0.0534s ]

[ 2017-06-04T22:52:17+08:00 ] ::1 /onlineorder/index.php/Home/Cart/addToCart.html
INFO: [ app_begin ] --START--
INFO: Run Behavior\ReadHtmlCacheBehavior [ RunTime:0.000742s ]
INFO: [ app_begin ] --END-- [ RunTime:0.000787s ]
SQL: SHOW COLUMNS FROM `onlineorder_cart` [ RunTime:0.0006s ]
SQL: SELECT * FROM `onlineorder_cart` WHERE `userid` = 1 AND `dishid` = 55 LIMIT 1   [ RunTime:0.0003s ]
SQL: INSERT INTO `onlineorder_cart` (`id`,`userid`,`dishid`,`dishcount`) VALUES (NULL,'1','55','2') [ RunTime:0.0693s ]
SQL: SHOW COLUMNS FROM `onlineorder_dish` [ RunTime:0.0188s ]
SQL: SELECT * FROM `onlineorder_dish` WHERE ( id=55 ) LIMIT 1   [ RunTime:0.0006s ]

[ 2017-06-04T22:52:24+08:00 ] ::1 /onlineorder/index.php/Home/Cart/addToCart.html
INFO: [ app_begin ] --START--
INFO: Run Behavior\ReadHtmlCacheBehavior [ RunTime:0.001255s ]
INFO: [ app_begin ] --END-- [ RunTime:0.001347s ]
SQL: SHOW COLUMNS FROM `onlineorder_cart` [ RunTime:0.0007s ]
SQL: SELECT * FROM `onlineorder_cart` WHERE `userid` = 1 AND `dishid` = 56 LIMIT 1   [ RunTime:0.0004s ]
SQL: INSERT INTO `onlineorder_cart` (`id`,`userid`,`dishid`,`dishcount`) VALUES (NULL,'1','56','2') [ RunTime:0.0423s ]
SQL: SHOW COLUMNS FROM `onlineorder_dish` [ RunTime:0.0013s ]
SQL: SELECT * FROM `onlineorder_dish` WHERE ( id=56 ) LIMIT 1   [ RunTime:0.0006s ]

[ 2017-06-04T23:02:43+08:00 ] ::1 /onlineorder/index.php/Home/Menu/first_Menu.html
INFO: [ app_begin ] --START--
INFO: Run Behavior\ReadHtmlCacheBehavior [ RunTime:0.000517s ]
INFO: [ app_begin ] --END-- [ RunTime:0.000558s ]
SQL: SHOW COLUMNS FROM `onlineorder_dish` [ RunTime:0.0014s ]
SQL: SHOW COLUMNS FROM `onlineorder_dish` [ RunTime:0.0005s ]
SQL: SELECT a.* FROM onlineorder_dish as a,onlineorder_dishtype as b,onlineorder_dishtypeitem as c WHERE ( a.subdishtypeid=c.id and c.typeid=b.id and b.id=1 )  [ RunTime:0.0009s ]

[ 2017-06-04T23:02:46+08:00 ] ::1 /onlineorder/index.php/Home/Menu/sub_Menu.html
INFO: [ app_begin ] --START--
INFO: Run Behavior\ReadHtmlCacheBehavior [ RunTime:0.000527s ]
INFO: [ app_begin ] --END-- [ RunTime:0.000571s ]
SQL: SHOW COLUMNS FROM `onlineorder_dish` [ RunTime:0.0015s ]
SQL: SELECT * FROM `onlineorder_dish` WHERE `subdishtypeid` = 1  [ RunTime:0.0004s ]

[ 2017-06-04T23:02:50+08:00 ] ::1 /onlineorder/index.php/Home/Menu/sub_Menu.html
INFO: [ app_begin ] --START--
INFO: Run Behavior\ReadHtmlCacheBehavior [ RunTime:0.000486s ]
INFO: [ app_begin ] --END-- [ RunTime:0.000543s ]
SQL: SHOW COLUMNS FROM `onlineorder_dish` [ RunTime:0.0015s ]
SQL: SELECT * FROM `onlineorder_dish` WHERE `subdishtypeid` = 2  [ RunTime:0.0005s ]

[ 2017-06-04T23:02:52+08:00 ] ::1 /onlineorder/index.php/Home/Menu/sub_Menu.html
INFO: [ app_begin ] --START--
INFO: Run Behavior\ReadHtmlCacheBehavior [ RunTime:0.000513s ]
INFO: [ app_begin ] --END-- [ RunTime:0.000554s ]
SQL: SHOW COLUMNS FROM `onlineorder_dish` [ RunTime:0.0017s ]
SQL: SELECT * FROM `onlineorder_dish` WHERE `subdishtypeid` = 7  [ RunTime:0.0004s ]

[ 2017-06-04T23:02:53+08:00 ] ::1 /onlineorder/index.php/Home/Menu/sub_Menu.html
INFO: [ app_begin ] --START--
INFO: Run Behavior\ReadHtmlCacheBehavior [ RunTime:0.000490s ]
INFO: [ app_begin ] --END-- [ RunTime:0.000532s ]
SQL: SHOW COLUMNS FROM `onlineorder_dish` [ RunTime:0.0006s ]
SQL: SELECT * FROM `onlineorder_dish` WHERE `subdishtypeid` = 8  [ RunTime:0.0005s ]

[ 2017-06-04T23:02:54+08:00 ] ::1 /onlineorder/index.php/Home/Menu/sub_Menu.html
INFO: [ app_begin ] --START--
INFO: Run Behavior\ReadHtmlCacheBehavior [ RunTime:0.000498s ]
INFO: [ app_begin ] --END-- [ RunTime:0.000539s ]
SQL: SHOW COLUMNS FROM `onlineorder_dish` [ RunTime:0.0006s ]
SQL: SELECT * FROM `onlineorder_dish` WHERE `subdishtypeid` = 9  [ RunTime:0.0004s ]

[ 2017-06-04T23:02:55+08:00 ] ::1 /onlineorder/index.php/Home/Menu/first_Menu.html
INFO: [ app_begin ] --START--
INFO: Run Behavior\ReadHtmlCacheBehavior [ RunTime:0.000761s ]
INFO: [ app_begin ] --END-- [ RunTime:0.000812s ]
SQL: SHOW COLUMNS FROM `onlineorder_dish` [ RunTime:0.0017s ]
SQL: SHOW COLUMNS FROM `onlineorder_dish` [ RunTime:0.0005s ]
SQL: SELECT a.* FROM onlineorder_dish as a,onlineorder_dishtype as b,onlineorder_dishtypeitem as c WHERE ( a.subdishtypeid=c.id and c.typeid=b.id and b.id=4 )  [ RunTime:0.0006s ]

[ 2017-06-04T23:02:57+08:00 ] ::1 /onlineorder/index.php/Home/Menu/sub_Menu.html
INFO: [ app_begin ] --START--
INFO: Run Behavior\ReadHtmlCacheBehavior [ RunTime:0.000596s ]
INFO: [ app_begin ] --END-- [ RunTime:0.000651s ]
SQL: SHOW COLUMNS FROM `onlineorder_dish` [ RunTime:0.0131s ]
SQL: SELECT * FROM `onlineorder_dish` WHERE `subdishtypeid` = 5  [ RunTime:0.0005s ]

[ 2017-06-04T23:02:57+08:00 ] ::1 /onlineorder/index.php/Home/Menu/sub_Menu.html
INFO: [ app_begin ] --START--
INFO: Run Behavior\ReadHtmlCacheBehavior [ RunTime:0.000522s ]
INFO: [ app_begin ] --END-- [ RunTime:0.000567s ]
SQL: SHOW COLUMNS FROM `onlineorder_dish` [ RunTime:0.0014s ]
SQL: SELECT * FROM `onlineorder_dish` WHERE `subdishtypeid` = 6  [ RunTime:0.0004s ]

[ 2017-06-04T23:02:58+08:00 ] ::1 /onlineorder/index.php/Home/Menu/first_Menu.html
INFO: [ app_begin ] --START--
INFO: Run Behavior\ReadHtmlCacheBehavior [ RunTime:0.000482s ]
INFO: [ app_begin ] --END-- [ RunTime:0.000525s ]
SQL: SHOW COLUMNS FROM `onlineorder_dish` [ RunTime:0.0006s ]
SQL: SHOW COLUMNS FROM `onlineorder_dish` [ RunTime:0.0005s ]
SQL: SELECT a.* FROM onlineorder_dish as a,onlineorder_dishtype as b,onlineorder_dishtypeitem as c WHERE ( a.subdishtypeid=c.id and c.typeid=b.id and b.id=5 )  [ RunTime:0.0007s ]

[ 2017-06-04T23:02:59+08:00 ] ::1 /onlineorder/index.php/Home/Menu/sub_Menu.html
INFO: [ app_begin ] --START--
INFO: Run Behavior\ReadHtmlCacheBehavior [ RunTime:0.000558s ]
INFO: [ app_begin ] --END-- [ RunTime:0.000603s ]
SQL: SHOW COLUMNS FROM `onlineorder_dish` [ RunTime:0.0006s ]
SQL: SELECT * FROM `onlineorder_dish` WHERE `subdishtypeid` = 3  [ RunTime:0.0004s ]

[ 2017-06-04T23:03:00+08:00 ] ::1 /onlineorder/index.php/Home/Menu/sub_Menu.html
INFO: [ app_begin ] --START--
INFO: Run Behavior\ReadHtmlCacheBehavior [ RunTime:0.000549s ]
INFO: [ app_begin ] --END-- [ RunTime:0.000590s ]
SQL: SHOW COLUMNS FROM `onlineorder_dish` [ RunTime:0.0015s ]
SQL: SELECT * FROM `onlineorder_dish` WHERE `subdishtypeid` = 4  [ RunTime:0.0005s ]

[ 2017-06-04T23:03:01+08:00 ] ::1 /onlineorder/index.php/Home/Menu/sub_Menu.html
INFO: [ app_begin ] --START--
INFO: Run Behavior\ReadHtmlCacheBehavior [ RunTime:0.000485s ]
INFO: [ app_begin ] --END-- [ RunTime:0.000526s ]
SQL: SHOW COLUMNS FROM `onlineorder_dish` [ RunTime:0.0019s ]
SQL: SELECT * FROM `onlineorder_dish` WHERE `subdishtypeid` = 10  [ RunTime:0.0004s ]

[ 2017-06-04T23:03:02+08:00 ] ::1 /onlineorder/index.php/Home/Menu/sub_Menu.html
INFO: [ app_begin ] --START--
INFO: Run Behavior\ReadHtmlCacheBehavior [ RunTime:0.000627s ]
INFO: [ app_begin ] --END-- [ RunTime:0.000684s ]
SQL: SHOW COLUMNS FROM `onlineorder_dish` [ RunTime:0.0006s ]
SQL: SELECT * FROM `onlineorder_dish` WHERE `subdishtypeid` = 11  [ RunTime:0.0006s ]

[ 2017-06-04T23:04:06+08:00 ] ::1 /onlineorder/index.php/Home/Menu/sub_Menu.html
INFO: [ app_begin ] --START--
INFO: Run Behavior\ReadHtmlCacheBehavior [ RunTime:0.000736s ]
INFO: [ app_begin ] --END-- [ RunTime:0.000787s ]
SQL: SHOW COLUMNS FROM `onlineorder_dish` [ RunTime:0.0006s ]
SQL: SELECT * FROM `onlineorder_dish` WHERE `subdishtypeid` = 11  [ RunTime:0.0004s ]

[ 2017-06-04T23:04:08+08:00 ] ::1 /onlineorder/index.php/Home/Menu/sub_Menu.html
INFO: [ app_begin ] --START--
INFO: Run Behavior\ReadHtmlCacheBehavior [ RunTime:0.000699s ]
INFO: [ app_begin ] --END-- [ RunTime:0.000755s ]
SQL: SHOW COLUMNS FROM `onlineorder_dish` [ RunTime:0.0006s ]
SQL: SELECT * FROM `onlineorder_dish` WHERE `subdishtypeid` = 10  [ RunTime:0.0004s ]

[ 2017-06-04T23:04:11+08:00 ] ::1 /onlineorder/index.php/Home/Menu/sub_Menu.html
INFO: [ app_begin ] --START--
INFO: Run Behavior\ReadHtmlCacheBehavior [ RunTime:0.000647s ]
INFO: [ app_begin ] --END-- [ RunTime:0.000692s ]
SQL: SHOW COLUMNS FROM `onlineorder_dish` [ RunTime:0.0006s ]
SQL: SELECT * FROM `onlineorder_dish` WHERE `subdishtypeid` = 4  [ RunTime:0.0005s ]

[ 2017-06-04T23:04:11+08:00 ] ::1 /onlineorder/index.php/Home/Menu/sub_Menu.html
INFO: [ app_begin ] --START--
INFO: Run Behavior\ReadHtmlCacheBehavior [ RunTime:0.000651s ]
INFO: [ app_begin ] --END-- [ RunTime:0.000702s ]
SQL: SHOW COLUMNS FROM `onlineorder_dish` [ RunTime:0.0007s ]
SQL: SELECT * FROM `onlineorder_dish` WHERE `subdishtypeid` = 3  [ RunTime:0.0004s ]

[ 2017-06-04T23:04:12+08:00 ] ::1 /onlineorder/index.php/Home/Menu/first_Menu.html
INFO: [ app_begin ] --START--
INFO: Run Behavior\ReadHtmlCacheBehavior [ RunTime:0.000671s ]
INFO: [ app_begin ] --END-- [ RunTime:0.000714s ]
SQL: SHOW COLUMNS FROM `onlineorder_dish` [ RunTime:0.0006s ]
SQL: SHOW COLUMNS FROM `onlineorder_dish` [ RunTime:0.0005s ]
SQL: SELECT a.* FROM onlineorder_dish as a,onlineorder_dishtype as b,onlineorder_dishtypeitem as c WHERE ( a.subdishtypeid=c.id and c.typeid=b.id and b.id=5 )  [ RunTime:0.0007s ]

[ 2017-06-04T23:04:13+08:00 ] ::1 /onlineorder/index.php/Home/Menu/first_Menu.html
INFO: [ app_begin ] --START--
INFO: Run Behavior\ReadHtmlCacheBehavior [ RunTime:0.000747s ]
INFO: [ app_begin ] --END-- [ RunTime:0.000802s ]
SQL: SHOW COLUMNS FROM `onlineorder_dish` [ RunTime:0.0007s ]
SQL: SHOW COLUMNS FROM `onlineorder_dish` [ RunTime:0.0006s ]
SQL: SELECT a.* FROM onlineorder_dish as a,onlineorder_dishtype as b,onlineorder_dishtypeitem as c WHERE ( a.subdishtypeid=c.id and c.typeid=b.id and b.id=4 )  [ RunTime:0.0009s ]

[ 2017-06-04T23:04:14+08:00 ] ::1 /onlineorder/index.php/Home/Menu/first_Menu.html
INFO: [ app_begin ] --START--
INFO: Run Behavior\ReadHtmlCacheBehavior [ RunTime:0.000709s ]
INFO: [ app_begin ] --END-- [ RunTime:0.000753s ]
SQL: SHOW COLUMNS FROM `onlineorder_dish` [ RunTime:0.0005s ]
SQL: SHOW COLUMNS FROM `onlineorder_dish` [ RunTime:0.0005s ]
SQL: SELECT a.* FROM onlineorder_dish as a,onlineorder_dishtype as b,onlineorder_dishtypeitem as c WHERE ( a.subdishtypeid=c.id and c.typeid=b.id and b.id=1 )  [ RunTime:0.0008s ]

[ 2017-06-04T23:09:35+08:00 ] ::1 /onlineorder/index.php/Home/Index/register_handle.html
ERR: 1054:Unknown column 'libitao' in 'where clause'
 [ SQL语句 ] : SELECT * FROM `onlineorder_user` WHERE ( name=libitao ) LIMIT 1  

[ 2017-06-04T23:16:55+08:00 ] ::1 /onlineorder/index.php/Home/Menu/first_Menu.html
INFO: [ app_begin ] --START--
INFO: Run Behavior\ReadHtmlCacheBehavior [ RunTime:0.000395s ]
INFO: [ app_begin ] --END-- [ RunTime:0.000435s ]
SQL: SHOW COLUMNS FROM `onlineorder_dish` [ RunTime:0.0006s ]
SQL: SHOW COLUMNS FROM `onlineorder_dish` [ RunTime:0.0005s ]
SQL: SELECT a.* FROM onlineorder_dish as a,onlineorder_dishtype as b,onlineorder_dishtypeitem as c WHERE ( a.subdishtypeid=c.id and c.typeid=b.id and b.id=1 )  [ RunTime:0.0008s ]

[ 2017-06-04T23:16:57+08:00 ] ::1 /onlineorder/index.php/Home/Menu/sub_Menu.html
INFO: [ app_begin ] --START--
INFO: Run Behavior\ReadHtmlCacheBehavior [ RunTime:0.000360s ]
INFO: [ app_begin ] --END-- [ RunTime:0.000400s ]
SQL: SHOW COLUMNS FROM `onlineorder_dish` [ RunTime:0.0006s ]
SQL: SELECT * FROM `onlineorder_dish` WHERE `subdishtypeid` = 1  [ RunTime:0.0004s ]

[ 2017-06-04T23:16:58+08:00 ] ::1 /onlineorder/index.php/Home/Menu/first_Menu.html
INFO: [ app_begin ] --START--
INFO: Run Behavior\ReadHtmlCacheBehavior [ RunTime:0.000478s ]
INFO: [ app_begin ] --END-- [ RunTime:0.000529s ]
SQL: SHOW COLUMNS FROM `onlineorder_dish` [ RunTime:0.0006s ]
SQL: SHOW COLUMNS FROM `onlineorder_dish` [ RunTime:0.0006s ]
SQL: SELECT a.* FROM onlineorder_dish as a,onlineorder_dishtype as b,onlineorder_dishtypeitem as c WHERE ( a.subdishtypeid=c.id and c.typeid=b.id and b.id=1 )  [ RunTime:0.0007s ]

[ 2017-06-04T23:17:05+08:00 ] ::1 /onlineorder/index.php/Home/Menu/first_Menu.html
INFO: [ app_begin ] --START--
INFO: Run Behavior\ReadHtmlCacheBehavior [ RunTime:0.000413s ]
INFO: [ app_begin ] --END-- [ RunTime:0.000456s ]
SQL: SHOW COLUMNS FROM `onlineorder_dish` [ RunTime:0.0006s ]
SQL: SHOW COLUMNS FROM `onlineorder_dish` [ RunTime:0.0005s ]
SQL: SELECT a.* FROM onlineorder_dish as a,onlineorder_dishtype as b,onlineorder_dishtypeitem as c WHERE ( a.subdishtypeid=c.id and c.typeid=b.id and b.id=1 )  [ RunTime:0.0008s ]

[ 2017-06-04T23:17:20+08:00 ] ::1 /onlineorder/index.php/Home/Menu/first_Menu.html
INFO: [ app_begin ] --START--
INFO: Run Behavior\ReadHtmlCacheBehavior [ RunTime:0.000529s ]
INFO: [ app_begin ] --END-- [ RunTime:0.000603s ]
SQL: SHOW COLUMNS FROM `onlineorder_dish` [ RunTime:0.0006s ]
SQL: SHOW COLUMNS FROM `onlineorder_dish` [ RunTime:0.0005s ]
SQL: SELECT a.* FROM onlineorder_dish as a,onlineorder_dishtype as b,onlineorder_dishtypeitem as c WHERE ( a.subdishtypeid=c.id and c.typeid=b.id and b.id=1 )  [ RunTime:0.0007s ]

[ 2017-06-04T23:18:26+08:00 ] ::1 /onlineorder/index.php/Home/Cart/addToCart.html
INFO: [ app_begin ] --START--
INFO: Run Behavior\ReadHtmlCacheBehavior [ RunTime:0.000431s ]
INFO: [ app_begin ] --END-- [ RunTime:0.000486s ]
SQL: SHOW COLUMNS FROM `onlineorder_cart` [ RunTime:0.0008s ]
SQL: SELECT * FROM `onlineorder_cart` WHERE `userid` = 36 AND `dishid` = 105 LIMIT 1   [ RunTime:0.0005s ]
SQL: INSERT INTO `onlineorder_cart` (`id`,`userid`,`dishid`,`dishcount`) VALUES (NULL,'36','105','1') [ RunTime:0.0807s ]
SQL: SHOW COLUMNS FROM `onlineorder_dish` [ RunTime:0.0007s ]
SQL: SELECT * FROM `onlineorder_dish` WHERE ( id=105 ) LIMIT 1   [ RunTime:0.0004s ]

[ 2017-06-04T23:18:30+08:00 ] ::1 /onlineorder/index.php/Home/Cart/addToCart.html
INFO: [ app_begin ] --START--
INFO: Run Behavior\ReadHtmlCacheBehavior [ RunTime:0.000359s ]
INFO: [ app_begin ] --END-- [ RunTime:0.000399s ]
SQL: SHOW COLUMNS FROM `onlineorder_cart` [ RunTime:0.0005s ]
SQL: SELECT * FROM `onlineorder_cart` WHERE `userid` = 36 AND `dishid` = 105 LIMIT 1   [ RunTime:0.0003s ]
SQL: UPDATE `onlineorder_cart` SET `dishcount`='2' WHERE `userid` = 36 AND `dishid` = 105 [ RunTime:0.0583s ]
SQL: SHOW COLUMNS FROM `onlineorder_dish` [ RunTime:0.0008s ]
SQL: SELECT * FROM `onlineorder_dish` WHERE ( id=105 ) LIMIT 1   [ RunTime:0.0005s ]

[ 2017-06-04T23:19:04+08:00 ] ::1 /onlineorder/index.php/Home/Menu/first_Menu.html
INFO: [ app_begin ] --START--
INFO: Run Behavior\ReadHtmlCacheBehavior [ RunTime:0.000367s ]
INFO: [ app_begin ] --END-- [ RunTime:0.000407s ]
SQL: SHOW COLUMNS FROM `onlineorder_dish` [ RunTime:0.0008s ]
SQL: SHOW COLUMNS FROM `onlineorder_dish` [ RunTime:0.0006s ]
SQL: SELECT a.* FROM onlineorder_dish as a,onlineorder_dishtype as b,onlineorder_dishtypeitem as c WHERE ( a.subdishtypeid=c.id and c.typeid=b.id and b.id=1 )  [ RunTime:0.0007s ]

[ 2017-06-04T23:19:13+08:00 ] ::1 /onlineorder/index.php/Home/Menu/sub_Menu.html
INFO: [ app_begin ] --START--
INFO: Run Behavior\ReadHtmlCacheBehavior [ RunTime:0.000363s ]
INFO: [ app_begin ] --END-- [ RunTime:0.000403s ]
SQL: SHOW COLUMNS FROM `onlineorder_dish` [ RunTime:0.0008s ]
SQL: SELECT * FROM `onlineorder_dish` WHERE `subdishtypeid` = 8  [ RunTime:0.0005s ]

[ 2017-06-04T23:20:26+08:00 ] ::1 /onlineorder/index.php/Home/Cart/addToCart.html
INFO: [ app_begin ] --START--
INFO: Run Behavior\ReadHtmlCacheBehavior [ RunTime:0.000445s ]
INFO: [ app_begin ] --END-- [ RunTime:0.000502s ]
SQL: SHOW COLUMNS FROM `onlineorder_cart` [ RunTime:0.0009s ]
SQL: SELECT * FROM `onlineorder_cart` WHERE `userid` = 36 AND `dishid` = 93 LIMIT 1   [ RunTime:0.0006s ]
SQL: INSERT INTO `onlineorder_cart` (`id`,`userid`,`dishid`,`dishcount`) VALUES (NULL,'36','93','1') [ RunTime:0.0763s ]
SQL: SHOW COLUMNS FROM `onlineorder_dish` [ RunTime:0.0012s ]
SQL: SELECT * FROM `onlineorder_dish` WHERE ( id=93 ) LIMIT 1   [ RunTime:0.0009s ]

[ 2017-06-04T23:20:38+08:00 ] ::1 /onlineorder/index.php/Home/Menu/sub_Menu.html
INFO: [ app_begin ] --START--
INFO: Run Behavior\ReadHtmlCacheBehavior [ RunTime:0.000355s ]
INFO: [ app_begin ] --END-- [ RunTime:0.000395s ]
SQL: SHOW COLUMNS FROM `onlineorder_dish` [ RunTime:0.0007s ]
SQL: SELECT * FROM `onlineorder_dish` WHERE `subdishtypeid` = 8  [ RunTime:0.0004s ]

[ 2017-06-04T23:20:43+08:00 ] ::1 /onlineorder/index.php/Home/Menu/sub_Menu.html
INFO: [ app_begin ] --START--
INFO: Run Behavior\ReadHtmlCacheBehavior [ RunTime:0.000402s ]
INFO: [ app_begin ] --END-- [ RunTime:0.000451s ]
SQL: SHOW COLUMNS FROM `onlineorder_dish` [ RunTime:0.0006s ]
SQL: SELECT * FROM `onlineorder_dish` WHERE `subdishtypeid` = 1  [ RunTime:0.0005s ]

[ 2017-06-04T23:21:00+08:00 ] ::1 /onlineorder/index.php/Home/Cart/addToCart.html
INFO: [ app_begin ] --START--
INFO: Run Behavior\ReadHtmlCacheBehavior [ RunTime:0.000692s ]
INFO: [ app_begin ] --END-- [ RunTime:0.000769s ]
SQL: SHOW COLUMNS FROM `onlineorder_cart` [ RunTime:0.0007s ]
SQL: SELECT * FROM `onlineorder_cart` WHERE `userid` = 36 AND `dishid` = 72 LIMIT 1   [ RunTime:0.0004s ]
SQL: INSERT INTO `onlineorder_cart` (`id`,`userid`,`dishid`,`dishcount`) VALUES (NULL,'36','72','1') [ RunTime:0.0638s ]
SQL: SHOW COLUMNS FROM `onlineorder_dish` [ RunTime:0.0006s ]
SQL: SELECT * FROM `onlineorder_dish` WHERE ( id=72 ) LIMIT 1   [ RunTime:0.0002s ]

[ 2017-06-04T23:21:08+08:00 ] ::1 /onlineorder/index.php/Home/Menu/sub_Menu.html
INFO: [ app_begin ] --START--
INFO: Run Behavior\ReadHtmlCacheBehavior [ RunTime:0.000623s ]
INFO: [ app_begin ] --END-- [ RunTime:0.000692s ]
SQL: SHOW COLUMNS FROM `onlineorder_dish` [ RunTime:0.0009s ]
SQL: SELECT * FROM `onlineorder_dish` WHERE `subdishtypeid` = 3  [ RunTime:0.0004s ]

[ 2017-06-04T23:21:26+08:00 ] ::1 /onlineorder/index.php/Home/Cart/addToCart.html
INFO: [ app_begin ] --START--
INFO: Run Behavior\ReadHtmlCacheBehavior [ RunTime:0.000412s ]
INFO: [ app_begin ] --END-- [ RunTime:0.000459s ]
SQL: SHOW COLUMNS FROM `onlineorder_cart` [ RunTime:0.0005s ]
SQL: SELECT * FROM `onlineorder_cart` WHERE `userid` = 36 AND `dishid` = 118 LIMIT 1   [ RunTime:0.0003s ]
SQL: INSERT INTO `onlineorder_cart` (`id`,`userid`,`dishid`,`dishcount`) VALUES (NULL,'36','118','1') [ RunTime:0.0726s ]
SQL: SHOW COLUMNS FROM `onlineorder_dish` [ RunTime:0.0008s ]
SQL: SELECT * FROM `onlineorder_dish` WHERE ( id=118 ) LIMIT 1   [ RunTime:0.0013s ]

[ 2017-06-04T23:21:35+08:00 ] ::1 /onlineorder/index.php/Home/Menu/sub_Menu.html
INFO: [ app_begin ] --START--
INFO: Run Behavior\ReadHtmlCacheBehavior [ RunTime:0.000357s ]
INFO: [ app_begin ] --END-- [ RunTime:0.000397s ]
SQL: SHOW COLUMNS FROM `onlineorder_dish` [ RunTime:0.0006s ]
SQL: SELECT * FROM `onlineorder_dish` WHERE `subdishtypeid` = 3  [ RunTime:0.0005s ]

[ 2017-06-04T23:21:51+08:00 ] ::1 /onlineorder/index.php/Home/Cart/addToCart.html
INFO: [ app_begin ] --START--
INFO: Run Behavior\ReadHtmlCacheBehavior [ RunTime:0.000377s ]
INFO: [ app_begin ] --END-- [ RunTime:0.000421s ]
SQL: SHOW COLUMNS FROM `onlineorder_cart` [ RunTime:0.0007s ]
SQL: SELECT * FROM `onlineorder_cart` WHERE `userid` = 36 AND `dishid` = 125 LIMIT 1   [ RunTime:0.0008s ]
SQL: INSERT INTO `onlineorder_cart` (`id`,`userid`,`dishid`,`dishcount`) VALUES (NULL,'36','125','1') [ RunTime:0.0237s ]
SQL: SHOW COLUMNS FROM `onlineorder_dish` [ RunTime:0.0009s ]
SQL: SELECT * FROM `onlineorder_dish` WHERE ( id=125 ) LIMIT 1   [ RunTime:0.0004s ]

[ 2017-06-04T23:23:04+08:00 ] ::1 /onlineorder/index.php/Home/Menu/sub_Menu.html
INFO: [ app_begin ] --START--
INFO: Run Behavior\ReadHtmlCacheBehavior [ RunTime:0.000354s ]
INFO: [ app_begin ] --END-- [ RunTime:0.000394s ]
SQL: SHOW COLUMNS FROM `onlineorder_dish` [ RunTime:0.0006s ]
SQL: SELECT * FROM `onlineorder_dish` WHERE `subdishtypeid` = 5  [ RunTime:0.0004s ]

[ 2017-06-04T23:23:08+08:00 ] ::1 /onlineorder/index.php/Home/Cart/addToCart.html
INFO: [ app_begin ] --START--
INFO: Run Behavior\ReadHtmlCacheBehavior [ RunTime:0.000560s ]
INFO: [ app_begin ] --END-- [ RunTime:0.000620s ]
SQL: SHOW COLUMNS FROM `onlineorder_cart` [ RunTime:0.0005s ]
SQL: SELECT * FROM `onlineorder_cart` WHERE `userid` = 36 AND `dishid` = 111 LIMIT 1   [ RunTime:0.0003s ]
SQL: INSERT INTO `onlineorder_cart` (`id`,`userid`,`dishid`,`dishcount`) VALUES (NULL,'36','111','1') [ RunTime:0.0586s ]
SQL: SHOW COLUMNS FROM `onlineorder_dish` [ RunTime:0.0009s ]
SQL: SELECT * FROM `onlineorder_dish` WHERE ( id=111 ) LIMIT 1   [ RunTime:0.0159s ]

[ 2017-06-04T23:23:13+08:00 ] ::1 /onlineorder/index.php/Home/Menu/sub_Menu.html
INFO: [ app_begin ] --START--
INFO: Run Behavior\ReadHtmlCacheBehavior [ RunTime:0.000511s ]
INFO: [ app_begin ] --END-- [ RunTime:0.000552s ]
SQL: SHOW COLUMNS FROM `onlineorder_dish` [ RunTime:0.0006s ]
SQL: SELECT * FROM `onlineorder_dish` WHERE `subdishtypeid` = 5  [ RunTime:0.0005s ]

[ 2017-06-04T23:23:59+08:00 ] ::1 /onlineorder/index.php/Home/Menu/sub_Menu.html
INFO: [ app_begin ] --START--
INFO: Run Behavior\ReadHtmlCacheBehavior [ RunTime:0.000361s ]
INFO: [ app_begin ] --END-- [ RunTime:0.000400s ]
SQL: SHOW COLUMNS FROM `onlineorder_dish` [ RunTime:0.0008s ]
SQL: SELECT * FROM `onlineorder_dish` WHERE `subdishtypeid` = 9  [ RunTime:0.0005s ]

[ 2017-06-04T23:24:01+08:00 ] ::1 /onlineorder/index.php/Home/Menu/sub_Menu.html
INFO: [ app_begin ] --START--
INFO: Run Behavior\ReadHtmlCacheBehavior [ RunTime:0.000358s ]
INFO: [ app_begin ] --END-- [ RunTime:0.000408s ]
SQL: SHOW COLUMNS FROM `onlineorder_dish` [ RunTime:0.0008s ]
SQL: SELECT * FROM `onlineorder_dish` WHERE `subdishtypeid` = 9  [ RunTime:0.0004s ]

[ 2017-06-04T23:24:10+08:00 ] ::1 /onlineorder/index.php/Home/Cart/addToCart.html
INFO: [ app_begin ] --START--
INFO: Run Behavior\ReadHtmlCacheBehavior [ RunTime:0.000584s ]
INFO: [ app_begin ] --END-- [ RunTime:0.000647s ]
SQL: SHOW COLUMNS FROM `onlineorder_cart` [ RunTime:0.0006s ]
SQL: SELECT * FROM `onlineorder_cart` WHERE `userid` = 36 AND `dishid` = 99 LIMIT 1   [ RunTime:0.0004s ]
SQL: INSERT INTO `onlineorder_cart` (`id`,`userid`,`dishid`,`dishcount`) VALUES (NULL,'36','99','1') [ RunTime:0.0617s ]
SQL: SHOW COLUMNS FROM `onlineorder_dish` [ RunTime:0.0009s ]
SQL: SELECT * FROM `onlineorder_dish` WHERE ( id=99 ) LIMIT 1   [ RunTime:0.0006s ]

[ 2017-06-04T23:24:57+08:00 ] ::1 /onlineorder/index.php/Home/Menu/sub_Menu.html
INFO: [ app_begin ] --START--
INFO: Run Behavior\ReadHtmlCacheBehavior [ RunTime:0.000383s ]
INFO: [ app_begin ] --END-- [ RunTime:0.000424s ]
SQL: SHOW COLUMNS FROM `onlineorder_dish` [ RunTime:0.0006s ]
SQL: SELECT * FROM `onlineorder_dish` WHERE `subdishtypeid` = 6  [ RunTime:0.0004s ]

[ 2017-06-04T23:25:02+08:00 ] ::1 /onlineorder/index.php/Home/Cart/addToCart.html
INFO: [ app_begin ] --START--
INFO: Run Behavior\ReadHtmlCacheBehavior [ RunTime:0.000422s ]
INFO: [ app_begin ] --END-- [ RunTime:0.000471s ]
SQL: SHOW COLUMNS FROM `onlineorder_cart` [ RunTime:0.0006s ]
SQL: SELECT * FROM `onlineorder_cart` WHERE `userid` = 36 AND `dishid` = 112 LIMIT 1   [ RunTime:0.0003s ]
SQL: INSERT INTO `onlineorder_cart` (`id`,`userid`,`dishid`,`dishcount`) VALUES (NULL,'36','112','1') [ RunTime:0.0448s ]
SQL: SHOW COLUMNS FROM `onlineorder_dish` [ RunTime:0.0018s ]
SQL: SELECT * FROM `onlineorder_dish` WHERE ( id=112 ) LIMIT 1   [ RunTime:0.0005s ]

