[ 2017-05-28T10:55:36+08:00 ] ::1 /onlineorder/admin.php/Index/css/reset.css
ERR: 非法操作:css

[ 2017-05-28T10:55:36+08:00 ] ::1 /onlineorder/admin.php/Index/css/content.css
ERR: 非法操作:css

[ 2017-05-28T10:56:17+08:00 ] ::1 /onlineorder/admin.php/Index/css/reset.css
ERR: 非法操作:css

[ 2017-05-28T10:56:17+08:00 ] ::1 /onlineorder/admin.php/Index/css/content.css
ERR: 非法操作:css

[ 2017-05-28T12:54:11+08:00 ] ::1 /onlineorder/admin.php/Index/css/reset.css
ERR: 非法操作:css

[ 2017-05-28T12:54:11+08:00 ] ::1 /onlineorder/admin.php/Index/css/content.css
ERR: 非法操作:css

[ 2017-05-28T13:38:18+08:00 ] ::1 /onlineorder/admin.php/Index/css/reset.css
ERR: 非法操作:css

[ 2017-05-28T13:38:18+08:00 ] ::1 /onlineorder/admin.php/Index/css/content.css
ERR: 非法操作:css

[ 2017-05-28T13:42:18+08:00 ] ::1 /onlineorder/admin.php/Order/getData.html
INFO: [ app_begin ] --START--
INFO: Run Behavior\ReadHtmlCacheBehavior [ RunTime:0.002000s ]
INFO: [ app_begin ] --END-- [ RunTime:0.002000s ]
SQL: SHOW COLUMNS FROM `onlineorder_orderitem` [ RunTime:0.0110s ]
SQL: SHOW COLUMNS FROM `onlineorder_orderitem` [ RunTime:0.0120s ]
SQL: SELECT a.*,b.name as dishname,b.price,c.name as dishtype FROM onlineorder_orderitem as a,onlineorder_dish as b,onlineorder_dishtype as c WHERE ( orderid=1 and a.dishid=b.id and b.dishtypeid=c.id )  [ RunTime:0.0010s ]

[ 2017-05-28T13:42:21+08:00 ] ::1 /onlineorder/admin.php/Order/getData.html
INFO: [ app_begin ] --START--
INFO: Run Behavior\ReadHtmlCacheBehavior [ RunTime:0.002000s ]
INFO: [ app_begin ] --END-- [ RunTime:0.003000s ]
SQL: SHOW COLUMNS FROM `onlineorder_orderitem` [ RunTime:0.0110s ]
SQL: SHOW COLUMNS FROM `onlineorder_orderitem` [ RunTime:0.0100s ]
SQL: SELECT a.*,b.name as dishname,b.price,c.name as dishtype FROM onlineorder_orderitem as a,onlineorder_dish as b,onlineorder_dishtype as c WHERE ( orderid=2 and a.dishid=b.id and b.dishtypeid=c.id )  [ RunTime:0.0010s ]

[ 2017-05-28T20:22:43+08:00 ] ::1 /onlineorder/admin.php/Index/css/reset.css
ERR: 非法操作:css

[ 2017-05-28T20:22:43+08:00 ] ::1 /onlineorder/admin.php/Index/css/content.css
ERR: 非法操作:css

[ 2017-05-28T20:40:25+08:00 ] ::1 /onlineorder/admin.php/Index/css/reset.css
ERR: 非法操作:css

[ 2017-05-28T20:40:25+08:00 ] ::1 /onlineorder/admin.php/Index/css/content.css
ERR: 非法操作:css

[ 2017-05-28T20:42:00+08:00 ] ::1 /onlineorder/admin.php/Order/getData.html
INFO: [ app_begin ] --START--
INFO: Run Behavior\ReadHtmlCacheBehavior [ RunTime:0.002000s ]
INFO: [ app_begin ] --END-- [ RunTime:0.003000s ]
SQL: SHOW COLUMNS FROM `onlineorder_orderitem` [ RunTime:0.0100s ]
SQL: SHOW COLUMNS FROM `onlineorder_orderitem` [ RunTime:0.0100s ]
SQL: SELECT a.*,b.name as dishname,b.price,c.name as dishtype FROM onlineorder_orderitem as a,onlineorder_dish as b,onlineorder_dishtype as c WHERE ( orderid=1 and a.dishid=b.id and b.dishtypeid=c.id )  [ RunTime:0.0010s ]

[ 2017-05-28T20:47:33+08:00 ] ::1 /onlineorder/admin.php/Index/css/reset.css
ERR: 非法操作:css

[ 2017-05-28T20:47:33+08:00 ] ::1 /onlineorder/admin.php/Index/css/content.css
ERR: 非法操作:css

[ 2017-05-28T20:52:47+08:00 ] ::1 /onlineorder/admin.php/Index/css/reset.css
ERR: 非法操作:css

[ 2017-05-28T20:52:47+08:00 ] ::1 /onlineorder/admin.php/Index/css/content.css
ERR: 非法操作:css

[ 2017-05-28T20:53:14+08:00 ] ::1 /onlineorder/admin.php/Index/css/reset.css
ERR: 非法操作:css

[ 2017-05-28T20:53:14+08:00 ] ::1 /onlineorder/admin.php/Index/css/content.css
ERR: 非法操作:css

[ 2017-05-28T20:58:56+08:00 ] ::1 /onlineorder/admin.php/Index/css/reset.css
ERR: 非法操作:css

[ 2017-05-28T20:58:56+08:00 ] ::1 /onlineorder/admin.php/Index/css/content.css
ERR: 非法操作:css

[ 2017-05-28T21:32:48+08:00 ] ::1 /onlineorder/admin.php/Index/css/reset.css
ERR: 非法操作:css

[ 2017-05-28T21:32:49+08:00 ] ::1 /onlineorder/admin.php/Index/css/content.css
ERR: 非法操作:css

[ 2017-05-28T21:33:27+08:00 ] ::1 /onlineorder/admin.php/Index/css/reset.css
ERR: 非法操作:css

[ 2017-05-28T21:33:27+08:00 ] ::1 /onlineorder/admin.php/Index/css/content.css
ERR: 非法操作:css

[ 2017-05-28T21:34:19+08:00 ] ::1 /onlineorder/admin.php/Index/css/content.css
ERR: 非法操作:css

[ 2017-05-28T21:34:19+08:00 ] ::1 /onlineorder/admin.php/Index/css/reset.css
ERR: 非法操作:css

[ 2017-05-28T21:34:51+08:00 ] ::1 /onlineorder/admin.php/Index/css/reset.css
ERR: 非法操作:css

[ 2017-05-28T21:34:51+08:00 ] ::1 /onlineorder/admin.php/Index/css/content.css
ERR: 非法操作:css

[ 2017-05-28T21:37:08+08:00 ] ::1 /onlineorder/admin.php/Index/css/reset.css
ERR: 非法操作:css

[ 2017-05-28T21:37:08+08:00 ] ::1 /onlineorder/admin.php/Index/css/content.css
ERR: 非法操作:css

[ 2017-05-28T21:46:02+08:00 ] ::1 /onlineorder/admin.php/Index/css/content.css
ERR: 非法操作:css

[ 2017-05-28T21:46:02+08:00 ] ::1 /onlineorder/admin.php/Index/css/reset.css
ERR: 非法操作:css

[ 2017-05-28T21:46:08+08:00 ] ::1 /onlineorder/admin.php/Dish/getSubtype.html
INFO: [ app_begin ] --START--
INFO: Run Behavior\ReadHtmlCacheBehavior [ RunTime:0.002001s ]
INFO: [ app_begin ] --END-- [ RunTime:0.003001s ]
ERR: 非法操作:getSubtype

[ 2017-05-28T21:47:04+08:00 ] ::1 /onlineorder/admin.php/Index/css/reset.css
ERR: 非法操作:css

[ 2017-05-28T21:47:04+08:00 ] ::1 /onlineorder/admin.php/Index/css/content.css
ERR: 非法操作:css

[ 2017-05-28T21:47:10+08:00 ] ::1 /onlineorder/admin.php/Dish/getSubtype.html
INFO: [ app_begin ] --START--
INFO: Run Behavior\ReadHtmlCacheBehavior [ RunTime:0.002000s ]
INFO: [ app_begin ] --END-- [ RunTime:0.003000s ]
SQL: SHOW COLUMNS FROM `onlineorder_dishtypeitem` [ RunTime:0.0156s ]
SQL: SELECT * FROM `onlineorder_dishtypeitem` WHERE `typeid` = 4  [ RunTime:0.0000s ]

[ 2017-05-28T22:00:17+08:00 ] ::1 /onlineorder/admin.php/Index/css/content.css
ERR: 非法操作:css

[ 2017-05-28T22:00:17+08:00 ] ::1 /onlineorder/admin.php/Index/css/reset.css
ERR: 非法操作:css

[ 2017-05-28T22:00:22+08:00 ] ::1 /onlineorder/admin.php/Dish/getSubtype.html
INFO: [ app_begin ] --START--
INFO: Run Behavior\ReadHtmlCacheBehavior [ RunTime:0.002000s ]
INFO: [ app_begin ] --END-- [ RunTime:0.003000s ]
SQL: SHOW COLUMNS FROM `onlineorder_dishtypeitem` [ RunTime:0.0000s ]
SQL: SELECT * FROM `onlineorder_dishtypeitem` WHERE `typeid` = 4  [ RunTime:0.0000s ]

[ 2017-05-28T22:02:13+08:00 ] ::1 /onlineorder/admin.php/Index/css/reset.css
ERR: 非法操作:css

[ 2017-05-28T22:02:13+08:00 ] ::1 /onlineorder/admin.php/Index/css/content.css
ERR: 非法操作:css

[ 2017-05-28T22:02:17+08:00 ] ::1 /onlineorder/admin.php/Dish/getSubtype.html
INFO: [ app_begin ] --START--
INFO: Run Behavior\ReadHtmlCacheBehavior [ RunTime:0.002000s ]
INFO: [ app_begin ] --END-- [ RunTime:0.003000s ]
SQL: SHOW COLUMNS FROM `onlineorder_dishtypeitem` [ RunTime:0.0000s ]
SQL: SELECT * FROM `onlineorder_dishtypeitem` WHERE `typeid` = 4  [ RunTime:0.0000s ]

[ 2017-05-28T22:06:50+08:00 ] ::1 /onlineorder/admin.php/Index/css/content.css
ERR: 非法操作:css

[ 2017-05-28T22:06:50+08:00 ] ::1 /onlineorder/admin.php/Index/css/reset.css
ERR: 非法操作:css

[ 2017-05-28T22:06:54+08:00 ] ::1 /onlineorder/admin.php/Dish/getSubtype.html
INFO: [ app_begin ] --START--
INFO: Run Behavior\ReadHtmlCacheBehavior [ RunTime:0.003000s ]
INFO: [ app_begin ] --END-- [ RunTime:0.003000s ]
SQL: SHOW COLUMNS FROM `onlineorder_dishtypeitem` [ RunTime:0.0156s ]
SQL: SELECT name as sub_name,id as sub_id FROM `onlineorder_dishtypeitem` WHERE `typeid` = 4  [ RunTime:0.0000s ]

[ 2017-05-28T22:07:46+08:00 ] ::1 /onlineorder/admin.php/Dish/getSubtype.html
INFO: [ app_begin ] --START--
INFO: Run Behavior\ReadHtmlCacheBehavior [ RunTime:0.000000s ]
INFO: [ app_begin ] --END-- [ RunTime:0.000000s ]
SQL: SHOW COLUMNS FROM `onlineorder_dishtypeitem` [ RunTime:0.0000s ]
SQL: SELECT name as sub_name,id as sub_id FROM `onlineorder_dishtypeitem` WHERE `typeid` = 4  [ RunTime:0.0000s ]

[ 2017-05-28T22:08:04+08:00 ] ::1 /onlineorder/admin.php/Index/css/content.css
ERR: 非法操作:css

[ 2017-05-28T22:08:05+08:00 ] ::1 /onlineorder/admin.php/Index/css/reset.css
ERR: 非法操作:css

[ 2017-05-28T22:08:09+08:00 ] ::1 /onlineorder/admin.php/Dish/getSubtype.html
INFO: [ app_begin ] --START--
INFO: Run Behavior\ReadHtmlCacheBehavior [ RunTime:0.003001s ]
INFO: [ app_begin ] --END-- [ RunTime:0.004001s ]
SQL: SHOW COLUMNS FROM `onlineorder_dishtypeitem` [ RunTime:0.0156s ]
SQL: SELECT name as sub_name,id as sub_id FROM `onlineorder_dishtypeitem` WHERE `typeid` = 4  [ RunTime:0.0000s ]

[ 2017-05-28T22:10:31+08:00 ] ::1 /onlineorder/admin.php/Index/css/content.css
ERR: 非法操作:css

[ 2017-05-28T22:10:31+08:00 ] ::1 /onlineorder/admin.php/Index/css/reset.css
ERR: 非法操作:css

[ 2017-05-28T22:10:34+08:00 ] ::1 /onlineorder/admin.php/Dish/getSubtype.html
INFO: [ app_begin ] --START--
INFO: Run Behavior\ReadHtmlCacheBehavior [ RunTime:0.002000s ]
INFO: [ app_begin ] --END-- [ RunTime:0.003000s ]
SQL: SHOW COLUMNS FROM `onlineorder_dishtypeitem` [ RunTime:0.0000s ]
SQL: SELECT name as sub_name,id as sub_id FROM `onlineorder_dishtypeitem` WHERE `typeid` = 4  [ RunTime:0.0000s ]

[ 2017-05-28T22:11:44+08:00 ] ::1 /onlineorder/admin.php/Index/css/content.css
ERR: 非法操作:css

[ 2017-05-28T22:11:44+08:00 ] ::1 /onlineorder/admin.php/Index/css/reset.css
ERR: 非法操作:css

[ 2017-05-28T22:11:48+08:00 ] ::1 /onlineorder/admin.php/Dish/getSubtype.html
INFO: [ app_begin ] --START--
INFO: Run Behavior\ReadHtmlCacheBehavior [ RunTime:0.002000s ]
INFO: [ app_begin ] --END-- [ RunTime:0.002000s ]
SQL: SHOW COLUMNS FROM `onlineorder_dishtypeitem` [ RunTime:0.0000s ]
SQL: SELECT name as sub_name,id as sub_id FROM `onlineorder_dishtypeitem` WHERE `typeid` = 5  [ RunTime:0.0156s ]

[ 2017-05-28T22:11:52+08:00 ] ::1 /onlineorder/admin.php/Dish/getSubtype.html
INFO: [ app_begin ] --START--
INFO: Run Behavior\ReadHtmlCacheBehavior [ RunTime:0.002001s ]
INFO: [ app_begin ] --END-- [ RunTime:0.003001s ]
SQL: SHOW COLUMNS FROM `onlineorder_dishtypeitem` [ RunTime:0.0000s ]
SQL: SELECT name as sub_name,id as sub_id FROM `onlineorder_dishtypeitem` WHERE `typeid` = 1  [ RunTime:0.0000s ]

[ 2017-05-28T22:11:53+08:00 ] ::1 /onlineorder/admin.php/Dish/getSubtype.html
INFO: [ app_begin ] --START--
INFO: Run Behavior\ReadHtmlCacheBehavior [ RunTime:0.002000s ]
INFO: [ app_begin ] --END-- [ RunTime:0.004000s ]
SQL: SHOW COLUMNS FROM `onlineorder_dishtypeitem` [ RunTime:0.0156s ]
SQL: SELECT name as sub_name,id as sub_id FROM `onlineorder_dishtypeitem` WHERE `typeid` = 4  [ RunTime:0.0000s ]

[ 2017-05-28T22:12:37+08:00 ] ::1 /onlineorder/admin.php/Dish/getSubtype.html
INFO: [ app_begin ] --START--
INFO: Run Behavior\ReadHtmlCacheBehavior [ RunTime:0.003001s ]
INFO: [ app_begin ] --END-- [ RunTime:0.004001s ]
SQL: SHOW COLUMNS FROM `onlineorder_dishtypeitem` [ RunTime:0.0000s ]
SQL: SELECT name as sub_name,id as sub_id FROM `onlineorder_dishtypeitem` WHERE `typeid` = 1  [ RunTime:0.0000s ]

[ 2017-05-28T22:12:38+08:00 ] ::1 /onlineorder/admin.php/Dish/getSubtype.html
INFO: [ app_begin ] --START--
INFO: Run Behavior\ReadHtmlCacheBehavior [ RunTime:0.004000s ]
INFO: [ app_begin ] --END-- [ RunTime:0.004000s ]
SQL: SHOW COLUMNS FROM `onlineorder_dishtypeitem` [ RunTime:0.0000s ]
SQL: SELECT name as sub_name,id as sub_id FROM `onlineorder_dishtypeitem` WHERE `typeid` = 4  [ RunTime:0.0000s ]

[ 2017-05-28T22:12:40+08:00 ] ::1 /onlineorder/admin.php/Dish/getSubtype.html
INFO: [ app_begin ] --START--
INFO: Run Behavior\ReadHtmlCacheBehavior [ RunTime:0.003000s ]
INFO: [ app_begin ] --END-- [ RunTime:0.003000s ]
SQL: SHOW COLUMNS FROM `onlineorder_dishtypeitem` [ RunTime:0.0156s ]
SQL: SELECT name as sub_name,id as sub_id FROM `onlineorder_dishtypeitem` WHERE `typeid` = 5  [ RunTime:0.0000s ]

[ 2017-05-28T22:12:44+08:00 ] ::1 /onlineorder/admin.php/Dish/getSubtype.html
INFO: [ app_begin ] --START--
INFO: Run Behavior\ReadHtmlCacheBehavior [ RunTime:0.002000s ]
INFO: [ app_begin ] --END-- [ RunTime:0.002000s ]
SQL: SHOW COLUMNS FROM `onlineorder_dishtypeitem` [ RunTime:0.0156s ]
SQL: SELECT name as sub_name,id as sub_id FROM `onlineorder_dishtypeitem` WHERE `typeid` = 4  [ RunTime:0.0000s ]

[ 2017-05-28T22:12:46+08:00 ] ::1 /onlineorder/admin.php/Dish/getSubtype.html
INFO: [ app_begin ] --START--
INFO: Run Behavior\ReadHtmlCacheBehavior [ RunTime:0.002000s ]
INFO: [ app_begin ] --END-- [ RunTime:0.003000s ]
SQL: SHOW COLUMNS FROM `onlineorder_dishtypeitem` [ RunTime:0.0156s ]
SQL: SELECT name as sub_name,id as sub_id FROM `onlineorder_dishtypeitem` WHERE `typeid` = 1  [ RunTime:0.0000s ]

