[ 2017-06-04T00:00:00+08:00 ] ::1 /onlineorder/admin.php/Dish/getSubtype.html
INFO: [ app_begin ] --START--
INFO: Run Behavior\ReadHtmlCacheBehavior [ RunTime:0.002000s ]
INFO: [ app_begin ] --END-- [ RunTime:0.002000s ]
SQL: SHOW COLUMNS FROM `onlineorder_dishtypeitem` [ RunTime:0.0120s ]
SQL: SELECT name as sub_name,id as sub_id FROM `onlineorder_dishtypeitem` WHERE `typeid` = 4  [ RunTime:0.0010s ]

[ 2017-06-04T13:08:18+08:00 ] ::1 /onlineorder/admin.php/Index/css/content.css
ERR: 非法操作:css

[ 2017-06-04T13:08:18+08:00 ] ::1 /onlineorder/admin.php/Index/css/reset.css
ERR: 非法操作:css

[ 2017-06-04T13:13:57+08:00 ] ::1 /onlineorder/admin.php/Dish/Delete.html
INFO: [ app_begin ] --START--
INFO: Run Behavior\ReadHtmlCacheBehavior [ RunTime:0.002000s ]
INFO: [ app_begin ] --END-- [ RunTime:0.003000s ]
SQL: SHOW COLUMNS FROM `onlineorder_dish` [ RunTime:0.0110s ]
SQL: DELETE FROM `onlineorder_dish` WHERE `id` = 57 [ RunTime:0.0040s ]
SQL: SELECT * FROM `onlineorder_dish` WHERE `id` = 57 LIMIT 1   [ RunTime:0.0000s ]
NOTIC: [8] Undefined index: middle_pic D:\wamp\www\onlineorder\App\Admin\Controller\DishController.class.php 第 234 行.
NOTIC: [8] Undefined index: big_pic1 D:\wamp\www\onlineorder\App\Admin\Controller\DishController.class.php 第 235 行.
NOTIC: [8] Undefined index: big_pic2 D:\wamp\www\onlineorder\App\Admin\Controller\DishController.class.php 第 236 行.
NOTIC: [8] Undefined index: big_pic3 D:\wamp\www\onlineorder\App\Admin\Controller\DishController.class.php 第 237 行.
NOTIC: [2] unlink(): Invalid argument D:\wamp\www\onlineorder\App\Admin\Controller\DishController.class.php 第 239 行.
NOTIC: [2] unlink(): Invalid argument D:\wamp\www\onlineorder\App\Admin\Controller\DishController.class.php 第 240 行.
NOTIC: [2] unlink(): Invalid argument D:\wamp\www\onlineorder\App\Admin\Controller\DishController.class.php 第 241 行.
NOTIC: [2] unlink(): Invalid argument D:\wamp\www\onlineorder\App\Admin\Controller\DishController.class.php 第 242 行.
NOTIC: [2] unlink(): Invalid argument D:\wamp\www\onlineorder\App\Admin\Controller\DishController.class.php 第 243 行.

[ 2017-06-04T13:14:43+08:00 ] ::1 /onlineorder/admin.php/Dish/Delete.html
INFO: [ app_begin ] --START--
INFO: Run Behavior\ReadHtmlCacheBehavior [ RunTime:0.003000s ]
INFO: [ app_begin ] --END-- [ RunTime:0.003000s ]
SQL: SHOW COLUMNS FROM `onlineorder_dish` [ RunTime:0.0170s ]
SQL: DELETE FROM `onlineorder_dish` WHERE `id` = 58 [ RunTime:0.0710s ]
SQL: SELECT * FROM `onlineorder_dish` WHERE `id` = 58 LIMIT 1   [ RunTime:0.0010s ]
NOTIC: [8] Undefined index: middle_pic D:\wamp\www\onlineorder\App\Admin\Controller\DishController.class.php 第 234 行.
NOTIC: [8] Undefined index: big_pic1 D:\wamp\www\onlineorder\App\Admin\Controller\DishController.class.php 第 235 行.
NOTIC: [8] Undefined index: big_pic2 D:\wamp\www\onlineorder\App\Admin\Controller\DishController.class.php 第 236 行.
NOTIC: [8] Undefined index: big_pic3 D:\wamp\www\onlineorder\App\Admin\Controller\DishController.class.php 第 237 行.
NOTIC: [2] unlink(): Invalid argument D:\wamp\www\onlineorder\App\Admin\Controller\DishController.class.php 第 239 行.
NOTIC: [2] unlink(): Invalid argument D:\wamp\www\onlineorder\App\Admin\Controller\DishController.class.php 第 240 行.
NOTIC: [2] unlink(): Invalid argument D:\wamp\www\onlineorder\App\Admin\Controller\DishController.class.php 第 241 行.
NOTIC: [2] unlink(): Invalid argument D:\wamp\www\onlineorder\App\Admin\Controller\DishController.class.php 第 242 行.
NOTIC: [2] unlink(): Invalid argument D:\wamp\www\onlineorder\App\Admin\Controller\DishController.class.php 第 243 行.

[ 2017-06-04T13:17:21+08:00 ] ::1 /onlineorder/admin.php/Index/css/reset.css
ERR: 非法操作:css

[ 2017-06-04T13:17:21+08:00 ] ::1 /onlineorder/admin.php/Index/css/content.css
ERR: 非法操作:css

[ 2017-06-04T13:18:52+08:00 ] ::1 /onlineorder/admin.php/Index/css/reset.css
ERR: 非法操作:css

[ 2017-06-04T13:18:52+08:00 ] ::1 /onlineorder/admin.php/Index/css/content.css
ERR: 非法操作:css

[ 2017-06-04T13:26:12+08:00 ] ::1 /onlineorder/admin.php/Dish/Delete.html
INFO: [ app_begin ] --START--
INFO: Run Behavior\ReadHtmlCacheBehavior [ RunTime:0.004001s ]
INFO: [ app_begin ] --END-- [ RunTime:0.005001s ]
SQL: SHOW COLUMNS FROM `onlineorder_dish` [ RunTime:0.0120s ]
SQL: DELETE FROM `onlineorder_dish` WHERE `id` = 62 [ RunTime:0.0140s ]
SQL: SELECT * FROM `onlineorder_dish` WHERE `id` = 62 LIMIT 1   [ RunTime:0.0010s ]
NOTIC: [8] Undefined index: middle_pic D:\wamp\www\onlineorder\App\Admin\Controller\DishController.class.php 第 234 行.
NOTIC: [8] Undefined index: big_pic1 D:\wamp\www\onlineorder\App\Admin\Controller\DishController.class.php 第 235 行.
NOTIC: [8] Undefined index: big_pic2 D:\wamp\www\onlineorder\App\Admin\Controller\DishController.class.php 第 236 行.
NOTIC: [8] Undefined index: big_pic3 D:\wamp\www\onlineorder\App\Admin\Controller\DishController.class.php 第 237 行.
NOTIC: [2] unlink(): Invalid argument D:\wamp\www\onlineorder\App\Admin\Controller\DishController.class.php 第 239 行.
NOTIC: [2] unlink(): Invalid argument D:\wamp\www\onlineorder\App\Admin\Controller\DishController.class.php 第 240 行.
NOTIC: [2] unlink(): Invalid argument D:\wamp\www\onlineorder\App\Admin\Controller\DishController.class.php 第 241 行.
NOTIC: [2] unlink(): Invalid argument D:\wamp\www\onlineorder\App\Admin\Controller\DishController.class.php 第 242 行.
NOTIC: [2] unlink(): Invalid argument D:\wamp\www\onlineorder\App\Admin\Controller\DishController.class.php 第 243 行.

[ 2017-06-04T13:26:46+08:00 ] ::1 /onlineorder/admin.php/Dish/Delete.html
INFO: [ app_begin ] --START--
INFO: Run Behavior\ReadHtmlCacheBehavior [ RunTime:0.002000s ]
INFO: [ app_begin ] --END-- [ RunTime:0.003000s ]
SQL: SHOW COLUMNS FROM `onlineorder_dish` [ RunTime:0.0120s ]
SQL: DELETE FROM `onlineorder_dish` WHERE `id` = 63 [ RunTime:0.1580s ]
SQL: SELECT * FROM `onlineorder_dish` WHERE `id` = 63 LIMIT 1   [ RunTime:0.0010s ]
NOTIC: [8] Undefined index: middle_pic D:\wamp\www\onlineorder\App\Admin\Controller\DishController.class.php 第 234 行.
NOTIC: [8] Undefined index: big_pic1 D:\wamp\www\onlineorder\App\Admin\Controller\DishController.class.php 第 235 行.
NOTIC: [8] Undefined index: big_pic2 D:\wamp\www\onlineorder\App\Admin\Controller\DishController.class.php 第 236 行.
NOTIC: [8] Undefined index: big_pic3 D:\wamp\www\onlineorder\App\Admin\Controller\DishController.class.php 第 237 行.
NOTIC: [2] unlink(): Invalid argument D:\wamp\www\onlineorder\App\Admin\Controller\DishController.class.php 第 239 行.
NOTIC: [2] unlink(): Invalid argument D:\wamp\www\onlineorder\App\Admin\Controller\DishController.class.php 第 240 行.
NOTIC: [2] unlink(): Invalid argument D:\wamp\www\onlineorder\App\Admin\Controller\DishController.class.php 第 241 行.
NOTIC: [2] unlink(): Invalid argument D:\wamp\www\onlineorder\App\Admin\Controller\DishController.class.php 第 242 行.
NOTIC: [2] unlink(): Invalid argument D:\wamp\www\onlineorder\App\Admin\Controller\DishController.class.php 第 243 行.

[ 2017-06-04T13:28:49+08:00 ] ::1 /onlineorder/admin.php/Dish/Delete.html
INFO: [ app_begin ] --START--
INFO: Run Behavior\ReadHtmlCacheBehavior [ RunTime:0.002000s ]
INFO: [ app_begin ] --END-- [ RunTime:0.002000s ]
SQL: SHOW COLUMNS FROM `onlineorder_dish` [ RunTime:0.0130s ]
SQL: DELETE FROM `onlineorder_dish` WHERE `id` = 65 [ RunTime:0.0110s ]
SQL: SELECT * FROM `onlineorder_dish` WHERE `id` = 65 LIMIT 1   [ RunTime:0.0010s ]
NOTIC: [8] Undefined index: middle_pic D:\wamp\www\onlineorder\App\Admin\Controller\DishController.class.php 第 234 行.
NOTIC: [8] Undefined index: big_pic1 D:\wamp\www\onlineorder\App\Admin\Controller\DishController.class.php 第 235 行.
NOTIC: [8] Undefined index: big_pic2 D:\wamp\www\onlineorder\App\Admin\Controller\DishController.class.php 第 236 行.
NOTIC: [8] Undefined index: big_pic3 D:\wamp\www\onlineorder\App\Admin\Controller\DishController.class.php 第 237 行.
NOTIC: [2] unlink(): Invalid argument D:\wamp\www\onlineorder\App\Admin\Controller\DishController.class.php 第 239 行.
NOTIC: [2] unlink(): Invalid argument D:\wamp\www\onlineorder\App\Admin\Controller\DishController.class.php 第 240 行.
NOTIC: [2] unlink(): Invalid argument D:\wamp\www\onlineorder\App\Admin\Controller\DishController.class.php 第 241 行.
NOTIC: [2] unlink(): Invalid argument D:\wamp\www\onlineorder\App\Admin\Controller\DishController.class.php 第 242 行.
NOTIC: [2] unlink(): Invalid argument D:\wamp\www\onlineorder\App\Admin\Controller\DishController.class.php 第 243 行.

[ 2017-06-04T14:46:30+08:00 ] ::1 /onlineorder/admin.php/Dish/Delete.html
INFO: [ app_begin ] --START--
INFO: Run Behavior\ReadHtmlCacheBehavior [ RunTime:0.002001s ]
INFO: [ app_begin ] --END-- [ RunTime:0.003001s ]
SQL: SHOW COLUMNS FROM `onlineorder_dish` [ RunTime:0.0110s ]
SQL: DELETE FROM `onlineorder_dish` WHERE `id` = 59 [ RunTime:0.1410s ]
SQL: SELECT * FROM `onlineorder_dish` WHERE `id` = 59 LIMIT 1   [ RunTime:0.0010s ]
NOTIC: [8] Undefined index: middle_pic D:\wamp\www\onlineorder\App\Admin\Controller\DishController.class.php 第 234 行.
NOTIC: [8] Undefined index: big_pic1 D:\wamp\www\onlineorder\App\Admin\Controller\DishController.class.php 第 235 行.
NOTIC: [8] Undefined index: big_pic2 D:\wamp\www\onlineorder\App\Admin\Controller\DishController.class.php 第 236 行.
NOTIC: [8] Undefined index: big_pic3 D:\wamp\www\onlineorder\App\Admin\Controller\DishController.class.php 第 237 行.
NOTIC: [2] unlink(): Invalid argument D:\wamp\www\onlineorder\App\Admin\Controller\DishController.class.php 第 239 行.
NOTIC: [2] unlink(): Invalid argument D:\wamp\www\onlineorder\App\Admin\Controller\DishController.class.php 第 240 行.
NOTIC: [2] unlink(): Invalid argument D:\wamp\www\onlineorder\App\Admin\Controller\DishController.class.php 第 241 行.
NOTIC: [2] unlink(): Invalid argument D:\wamp\www\onlineorder\App\Admin\Controller\DishController.class.php 第 242 行.
NOTIC: [2] unlink(): Invalid argument D:\wamp\www\onlineorder\App\Admin\Controller\DishController.class.php 第 243 行.

[ 2017-06-04T15:25:48+08:00 ] ::1 /onlineorder/admin.php/Dish/getSubtype.html
INFO: [ app_begin ] --START--
INFO: Run Behavior\ReadHtmlCacheBehavior [ RunTime:0.002000s ]
INFO: [ app_begin ] --END-- [ RunTime:0.002000s ]
SQL: SHOW COLUMNS FROM `onlineorder_dishtypeitem` [ RunTime:0.0050s ]
SQL: SELECT name as sub_name,id as sub_id FROM `onlineorder_dishtypeitem` WHERE `typeid` = 4  [ RunTime:0.0000s ]

[ 2017-06-04T15:27:25+08:00 ] ::1 /onlineorder/admin.php/Dish/getSubtype.html
INFO: [ app_begin ] --START--
INFO: Run Behavior\ReadHtmlCacheBehavior [ RunTime:0.002000s ]
INFO: [ app_begin ] --END-- [ RunTime:0.002000s ]
SQL: SHOW COLUMNS FROM `onlineorder_dishtypeitem` [ RunTime:0.0156s ]
SQL: SELECT name as sub_name,id as sub_id FROM `onlineorder_dishtypeitem` WHERE `typeid` = 5  [ RunTime:0.0000s ]

[ 2017-06-04T15:27:26+08:00 ] ::1 /onlineorder/admin.php/Dish/getSubtype.html
INFO: [ app_begin ] --START--
INFO: Run Behavior\ReadHtmlCacheBehavior [ RunTime:0.002000s ]
INFO: [ app_begin ] --END-- [ RunTime:0.002000s ]
SQL: SHOW COLUMNS FROM `onlineorder_dishtypeitem` [ RunTime:0.0156s ]
SQL: SELECT name as sub_name,id as sub_id FROM `onlineorder_dishtypeitem` WHERE `typeid` = 4  [ RunTime:0.0000s ]

[ 2017-06-04T15:28:38+08:00 ] ::1 /onlineorder/admin.php/Dish/getSubtype.html
INFO: [ app_begin ] --START--
INFO: Run Behavior\ReadHtmlCacheBehavior [ RunTime:0.002000s ]
INFO: [ app_begin ] --END-- [ RunTime:0.002000s ]
SQL: SHOW COLUMNS FROM `onlineorder_dishtypeitem` [ RunTime:0.0000s ]
SQL: SELECT name as sub_name,id as sub_id FROM `onlineorder_dishtypeitem` WHERE `typeid` = 4  [ RunTime:0.0000s ]

[ 2017-06-04T15:29:04+08:00 ] ::1 /onlineorder/admin.php/Dish/getSubtype.html
INFO: [ app_begin ] --START--
INFO: Run Behavior\ReadHtmlCacheBehavior [ RunTime:0.001000s ]
INFO: [ app_begin ] --END-- [ RunTime:0.002000s ]
SQL: SHOW COLUMNS FROM `onlineorder_dishtypeitem` [ RunTime:0.0030s ]
SQL: SELECT name as sub_name,id as sub_id FROM `onlineorder_dishtypeitem` WHERE `typeid` = 4  [ RunTime:0.0000s ]

[ 2017-06-04T15:29:57+08:00 ] ::1 /onlineorder/admin.php/Dish/getSubtype.html
INFO: [ app_begin ] --START--
INFO: Run Behavior\ReadHtmlCacheBehavior [ RunTime:0.001001s ]
INFO: [ app_begin ] --END-- [ RunTime:0.002001s ]
SQL: SHOW COLUMNS FROM `onlineorder_dishtypeitem` [ RunTime:0.0156s ]
SQL: SELECT name as sub_name,id as sub_id FROM `onlineorder_dishtypeitem` WHERE `typeid` = 4  [ RunTime:0.0000s ]

[ 2017-06-04T15:32:25+08:00 ] ::1 /onlineorder/admin.php/Dish/getSubtype.html
INFO: [ app_begin ] --START--
INFO: Run Behavior\ReadHtmlCacheBehavior [ RunTime:0.002000s ]
INFO: [ app_begin ] --END-- [ RunTime:0.003000s ]
SQL: SHOW COLUMNS FROM `onlineorder_dishtypeitem` [ RunTime:0.0156s ]
SQL: SELECT name as sub_name,id as sub_id FROM `onlineorder_dishtypeitem` WHERE `typeid` = 4  [ RunTime:0.0000s ]

[ 2017-06-04T15:37:07+08:00 ] ::1 /onlineorder/admin.php/Dish/getSubtype.html
INFO: [ app_begin ] --START--
INFO: Run Behavior\ReadHtmlCacheBehavior [ RunTime:0.002000s ]
INFO: [ app_begin ] --END-- [ RunTime:0.002000s ]
SQL: SHOW COLUMNS FROM `onlineorder_dishtypeitem` [ RunTime:0.0156s ]
SQL: SELECT name as sub_name,id as sub_id FROM `onlineorder_dishtypeitem` WHERE `typeid` = 4  [ RunTime:0.0000s ]

[ 2017-06-04T15:37:54+08:00 ] ::1 /onlineorder/admin.php/Dish/getSubtype.html
INFO: [ app_begin ] --START--
INFO: Run Behavior\ReadHtmlCacheBehavior [ RunTime:0.001000s ]
INFO: [ app_begin ] --END-- [ RunTime:0.002000s ]
SQL: SHOW COLUMNS FROM `onlineorder_dishtypeitem` [ RunTime:0.0156s ]
SQL: SELECT name as sub_name,id as sub_id FROM `onlineorder_dishtypeitem` WHERE `typeid` = 4  [ RunTime:0.0000s ]

[ 2017-06-04T15:40:31+08:00 ] ::1 /onlineorder/admin.php/Dish/getSubtype.html
INFO: [ app_begin ] --START--
INFO: Run Behavior\ReadHtmlCacheBehavior [ RunTime:0.001000s ]
INFO: [ app_begin ] --END-- [ RunTime:0.001000s ]
SQL: SHOW COLUMNS FROM `onlineorder_dishtypeitem` [ RunTime:0.0156s ]
SQL: SELECT name as sub_name,id as sub_id FROM `onlineorder_dishtypeitem` WHERE `typeid` = 4  [ RunTime:0.0000s ]

[ 2017-06-04T15:42:09+08:00 ] ::1 /onlineorder/admin.php/Dish/getSubtype.html
INFO: [ app_begin ] --START--
INFO: Run Behavior\ReadHtmlCacheBehavior [ RunTime:0.001000s ]
INFO: [ app_begin ] --END-- [ RunTime:0.001000s ]
SQL: SHOW COLUMNS FROM `onlineorder_dishtypeitem` [ RunTime:0.0156s ]
SQL: SELECT name as sub_name,id as sub_id FROM `onlineorder_dishtypeitem` WHERE `typeid` = 4  [ RunTime:0.0000s ]

[ 2017-06-04T15:43:01+08:00 ] ::1 /onlineorder/admin.php/Dish/getSubtype.html
INFO: [ app_begin ] --START--
INFO: Run Behavior\ReadHtmlCacheBehavior [ RunTime:0.002000s ]
INFO: [ app_begin ] --END-- [ RunTime:0.002000s ]
SQL: SHOW COLUMNS FROM `onlineorder_dishtypeitem` [ RunTime:0.0000s ]
SQL: SELECT name as sub_name,id as sub_id FROM `onlineorder_dishtypeitem` WHERE `typeid` = 4  [ RunTime:0.0000s ]

[ 2017-06-04T15:52:33+08:00 ] ::1 /onlineorder/admin.php/Dish/getSubtype.html
INFO: [ app_begin ] --START--
INFO: Run Behavior\ReadHtmlCacheBehavior [ RunTime:0.001001s ]
INFO: [ app_begin ] --END-- [ RunTime:0.002001s ]
SQL: SHOW COLUMNS FROM `onlineorder_dishtypeitem` [ RunTime:0.0000s ]
SQL: SELECT name as sub_name,id as sub_id FROM `onlineorder_dishtypeitem` WHERE `typeid` = 5  [ RunTime:0.0000s ]

[ 2017-06-04T15:53:28+08:00 ] ::1 /onlineorder/admin.php/Dish/getSubtype.html
INFO: [ app_begin ] --START--
INFO: Run Behavior\ReadHtmlCacheBehavior [ RunTime:0.001000s ]
INFO: [ app_begin ] --END-- [ RunTime:0.002000s ]
SQL: SHOW COLUMNS FROM `onlineorder_dishtypeitem` [ RunTime:0.0000s ]
SQL: SELECT name as sub_name,id as sub_id FROM `onlineorder_dishtypeitem` WHERE `typeid` = 5  [ RunTime:0.0000s ]

[ 2017-06-04T15:54:14+08:00 ] ::1 /onlineorder/admin.php/Dish/getSubtype.html
INFO: [ app_begin ] --START--
INFO: Run Behavior\ReadHtmlCacheBehavior [ RunTime:0.002000s ]
INFO: [ app_begin ] --END-- [ RunTime:0.002000s ]
SQL: SHOW COLUMNS FROM `onlineorder_dishtypeitem` [ RunTime:0.0000s ]
SQL: SELECT name as sub_name,id as sub_id FROM `onlineorder_dishtypeitem` WHERE `typeid` = 5  [ RunTime:0.0156s ]

[ 2017-06-04T15:55:35+08:00 ] ::1 /onlineorder/admin.php/Dish/getSubtype.html
INFO: [ app_begin ] --START--
INFO: Run Behavior\ReadHtmlCacheBehavior [ RunTime:0.001000s ]
INFO: [ app_begin ] --END-- [ RunTime:0.003000s ]
SQL: SHOW COLUMNS FROM `onlineorder_dishtypeitem` [ RunTime:0.0156s ]
SQL: SELECT name as sub_name,id as sub_id FROM `onlineorder_dishtypeitem` WHERE `typeid` = 5  [ RunTime:0.0000s ]

[ 2017-06-04T15:56:43+08:00 ] ::1 /onlineorder/admin.php/Dish/getSubtype.html
INFO: [ app_begin ] --START--
INFO: Run Behavior\ReadHtmlCacheBehavior [ RunTime:0.001000s ]
INFO: [ app_begin ] --END-- [ RunTime:0.003000s ]
SQL: SHOW COLUMNS FROM `onlineorder_dishtypeitem` [ RunTime:0.0156s ]
SQL: SELECT name as sub_name,id as sub_id FROM `onlineorder_dishtypeitem` WHERE `typeid` = 5  [ RunTime:0.0000s ]

[ 2017-06-04T15:57:17+08:00 ] ::1 /onlineorder/admin.php/Dish/getSubtype.html
INFO: [ app_begin ] --START--
INFO: Run Behavior\ReadHtmlCacheBehavior [ RunTime:0.001000s ]
INFO: [ app_begin ] --END-- [ RunTime:0.003000s ]
SQL: SHOW COLUMNS FROM `onlineorder_dishtypeitem` [ RunTime:0.0100s ]
SQL: SELECT name as sub_name,id as sub_id FROM `onlineorder_dishtypeitem` WHERE `typeid` = 5  [ RunTime:0.0010s ]

[ 2017-06-04T15:58:08+08:00 ] ::1 /onlineorder/admin.php/Dish/getSubtype.html
INFO: [ app_begin ] --START--
INFO: Run Behavior\ReadHtmlCacheBehavior [ RunTime:0.002001s ]
INFO: [ app_begin ] --END-- [ RunTime:0.002001s ]
SQL: SHOW COLUMNS FROM `onlineorder_dishtypeitem` [ RunTime:0.0156s ]
SQL: SELECT name as sub_name,id as sub_id FROM `onlineorder_dishtypeitem` WHERE `typeid` = 5  [ RunTime:0.0000s ]

[ 2017-06-04T15:58:51+08:00 ] ::1 /onlineorder/admin.php/Dish/getSubtype.html
INFO: [ app_begin ] --START--
INFO: Run Behavior\ReadHtmlCacheBehavior [ RunTime:0.002000s ]
INFO: [ app_begin ] --END-- [ RunTime:0.002000s ]
SQL: SHOW COLUMNS FROM `onlineorder_dishtypeitem` [ RunTime:0.0000s ]
SQL: SELECT name as sub_name,id as sub_id FROM `onlineorder_dishtypeitem` WHERE `typeid` = 5  [ RunTime:0.0000s ]

[ 2017-06-04T16:02:07+08:00 ] ::1 /onlineorder/admin.php/Dish/getSubtype.html
INFO: [ app_begin ] --START--
INFO: Run Behavior\ReadHtmlCacheBehavior [ RunTime:0.001000s ]
INFO: [ app_begin ] --END-- [ RunTime:0.003000s ]
SQL: SHOW COLUMNS FROM `onlineorder_dishtypeitem` [ RunTime:0.0000s ]
SQL: SELECT name as sub_name,id as sub_id FROM `onlineorder_dishtypeitem` WHERE `typeid` = 5  [ RunTime:0.0156s ]

[ 2017-06-04T16:08:25+08:00 ] ::1 /onlineorder/admin.php/Dish/getSubtype.html
INFO: [ app_begin ] --START--
INFO: Run Behavior\ReadHtmlCacheBehavior [ RunTime:0.002000s ]
INFO: [ app_begin ] --END-- [ RunTime:0.002000s ]
SQL: SHOW COLUMNS FROM `onlineorder_dishtypeitem` [ RunTime:0.0156s ]
SQL: SELECT name as sub_name,id as sub_id FROM `onlineorder_dishtypeitem` WHERE `typeid` = 5  [ RunTime:0.0000s ]

[ 2017-06-04T16:09:01+08:00 ] ::1 /onlineorder/admin.php/Dish/getSubtype.html
INFO: [ app_begin ] --START--
INFO: Run Behavior\ReadHtmlCacheBehavior [ RunTime:0.001000s ]
INFO: [ app_begin ] --END-- [ RunTime:0.002000s ]
SQL: SHOW COLUMNS FROM `onlineorder_dishtypeitem` [ RunTime:0.0156s ]
SQL: SELECT name as sub_name,id as sub_id FROM `onlineorder_dishtypeitem` WHERE `typeid` = 4  [ RunTime:0.0000s ]

[ 2017-06-04T16:09:02+08:00 ] ::1 /onlineorder/admin.php/Dish/getSubtype.html
INFO: [ app_begin ] --START--
INFO: Run Behavior\ReadHtmlCacheBehavior [ RunTime:0.002000s ]
INFO: [ app_begin ] --END-- [ RunTime:0.002000s ]
SQL: SHOW COLUMNS FROM `onlineorder_dishtypeitem` [ RunTime:0.0040s ]
SQL: SELECT name as sub_name,id as sub_id FROM `onlineorder_dishtypeitem` WHERE `typeid` = 5  [ RunTime:0.0000s ]

[ 2017-06-04T16:10:29+08:00 ] ::1 /onlineorder/admin.php/Dish/getSubtype.html
INFO: [ app_begin ] --START--
INFO: Run Behavior\ReadHtmlCacheBehavior [ RunTime:0.001000s ]
INFO: [ app_begin ] --END-- [ RunTime:0.002000s ]
SQL: SHOW COLUMNS FROM `onlineorder_dishtypeitem` [ RunTime:0.0156s ]
SQL: SELECT name as sub_name,id as sub_id FROM `onlineorder_dishtypeitem` WHERE `typeid` = 5  [ RunTime:0.0000s ]

[ 2017-06-04T16:12:54+08:00 ] ::1 /onlineorder/admin.php/Dish/getSubtype.html
INFO: [ app_begin ] --START--
INFO: Run Behavior\ReadHtmlCacheBehavior [ RunTime:0.001000s ]
INFO: [ app_begin ] --END-- [ RunTime:0.002000s ]
SQL: SHOW COLUMNS FROM `onlineorder_dishtypeitem` [ RunTime:0.0010s ]
SQL: SELECT name as sub_name,id as sub_id FROM `onlineorder_dishtypeitem` WHERE `typeid` = 5  [ RunTime:0.0000s ]

[ 2017-06-04T16:13:49+08:00 ] ::1 /onlineorder/admin.php/Dish/getSubtype.html
INFO: [ app_begin ] --START--
INFO: Run Behavior\ReadHtmlCacheBehavior [ RunTime:0.001000s ]
INFO: [ app_begin ] --END-- [ RunTime:0.003000s ]
SQL: SHOW COLUMNS FROM `onlineorder_dishtypeitem` [ RunTime:0.0020s ]
SQL: SELECT name as sub_name,id as sub_id FROM `onlineorder_dishtypeitem` WHERE `typeid` = 5  [ RunTime:0.0000s ]

[ 2017-06-04T16:14:24+08:00 ] ::1 /onlineorder/admin.php/Dish/getSubtype.html
INFO: [ app_begin ] --START--
INFO: Run Behavior\ReadHtmlCacheBehavior [ RunTime:0.001000s ]
INFO: [ app_begin ] --END-- [ RunTime:0.002000s ]
SQL: SHOW COLUMNS FROM `onlineorder_dishtypeitem` [ RunTime:0.0156s ]
SQL: SELECT name as sub_name,id as sub_id FROM `onlineorder_dishtypeitem` WHERE `typeid` = 5  [ RunTime:0.0000s ]

[ 2017-06-04T16:15:41+08:00 ] ::1 /onlineorder/admin.php/Dish/getSubtype.html
INFO: [ app_begin ] --START--
INFO: Run Behavior\ReadHtmlCacheBehavior [ RunTime:0.001000s ]
INFO: [ app_begin ] --END-- [ RunTime:0.002000s ]
SQL: SHOW COLUMNS FROM `onlineorder_dishtypeitem` [ RunTime:0.0156s ]
SQL: SELECT name as sub_name,id as sub_id FROM `onlineorder_dishtypeitem` WHERE `typeid` = 5  [ RunTime:0.0000s ]

[ 2017-06-04T16:16:32+08:00 ] ::1 /onlineorder/admin.php/Dish/getSubtype.html
INFO: [ app_begin ] --START--
INFO: Run Behavior\ReadHtmlCacheBehavior [ RunTime:0.001001s ]
INFO: [ app_begin ] --END-- [ RunTime:0.002001s ]
SQL: SHOW COLUMNS FROM `onlineorder_dishtypeitem` [ RunTime:0.0156s ]
SQL: SELECT name as sub_name,id as sub_id FROM `onlineorder_dishtypeitem` WHERE `typeid` = 5  [ RunTime:0.0000s ]

[ 2017-06-04T16:17:43+08:00 ] ::1 /onlineorder/admin.php/Dish/getSubtype.html
INFO: [ app_begin ] --START--
INFO: Run Behavior\ReadHtmlCacheBehavior [ RunTime:0.001000s ]
INFO: [ app_begin ] --END-- [ RunTime:0.002000s ]
SQL: SHOW COLUMNS FROM `onlineorder_dishtypeitem` [ RunTime:0.0156s ]
SQL: SELECT name as sub_name,id as sub_id FROM `onlineorder_dishtypeitem` WHERE `typeid` = 5  [ RunTime:0.0000s ]

[ 2017-06-04T16:18:06+08:00 ] ::1 /onlineorder/admin.php/Dish/getSubtype.html
INFO: [ app_begin ] --START--
INFO: Run Behavior\ReadHtmlCacheBehavior [ RunTime:0.001000s ]
INFO: [ app_begin ] --END-- [ RunTime:0.002000s ]
SQL: SHOW COLUMNS FROM `onlineorder_dishtypeitem` [ RunTime:0.0216s ]
SQL: SELECT name as sub_name,id as sub_id FROM `onlineorder_dishtypeitem` WHERE `typeid` = 5  [ RunTime:0.0010s ]

[ 2017-06-04T16:19:21+08:00 ] ::1 /onlineorder/admin.php/Dish/getSubtype.html
INFO: [ app_begin ] --START--
INFO: Run Behavior\ReadHtmlCacheBehavior [ RunTime:0.004000s ]
INFO: [ app_begin ] --END-- [ RunTime:0.004000s ]
SQL: SHOW COLUMNS FROM `onlineorder_dishtypeitem` [ RunTime:0.0120s ]
SQL: SELECT name as sub_name,id as sub_id FROM `onlineorder_dishtypeitem` WHERE `typeid` = 5  [ RunTime:0.0010s ]

[ 2017-06-04T16:29:49+08:00 ] ::1 /onlineorder/admin.php/Dish/getSubtype.html
INFO: [ app_begin ] --START--
INFO: Run Behavior\ReadHtmlCacheBehavior [ RunTime:0.001000s ]
INFO: [ app_begin ] --END-- [ RunTime:0.002000s ]
SQL: SHOW COLUMNS FROM `onlineorder_dishtypeitem` [ RunTime:0.0100s ]
SQL: SELECT name as sub_name,id as sub_id FROM `onlineorder_dishtypeitem` WHERE `typeid` = 5  [ RunTime:0.0708s ]

[ 2017-06-04T16:31:19+08:00 ] ::1 /onlineorder/admin.php/Dish/getSubtype.html
INFO: [ app_begin ] --START--
INFO: Run Behavior\ReadHtmlCacheBehavior [ RunTime:0.002000s ]
INFO: [ app_begin ] --END-- [ RunTime:0.003000s ]
SQL: SHOW COLUMNS FROM `onlineorder_dishtypeitem` [ RunTime:0.0156s ]
SQL: SELECT name as sub_name,id as sub_id FROM `onlineorder_dishtypeitem` WHERE `typeid` = 5  [ RunTime:0.0000s ]

[ 2017-06-04T16:31:58+08:00 ] ::1 /onlineorder/admin.php/Dish/getSubtype.html
INFO: [ app_begin ] --START--
INFO: Run Behavior\ReadHtmlCacheBehavior [ RunTime:0.001000s ]
INFO: [ app_begin ] --END-- [ RunTime:0.002000s ]
SQL: SHOW COLUMNS FROM `onlineorder_dishtypeitem` [ RunTime:0.0030s ]
SQL: SELECT name as sub_name,id as sub_id FROM `onlineorder_dishtypeitem` WHERE `typeid` = 4  [ RunTime:0.0000s ]

[ 2017-06-04T16:31:59+08:00 ] ::1 /onlineorder/admin.php/Dish/getSubtype.html
INFO: [ app_begin ] --START--
INFO: Run Behavior\ReadHtmlCacheBehavior [ RunTime:0.002000s ]
INFO: [ app_begin ] --END-- [ RunTime:0.002000s ]
SQL: SHOW COLUMNS FROM `onlineorder_dishtypeitem` [ RunTime:0.0030s ]
SQL: SELECT name as sub_name,id as sub_id FROM `onlineorder_dishtypeitem` WHERE `typeid` = 5  [ RunTime:0.0000s ]

[ 2017-06-04T16:33:12+08:00 ] ::1 /onlineorder/admin.php/Dish/getSubtype.html
INFO: [ app_begin ] --START--
INFO: Run Behavior\ReadHtmlCacheBehavior [ RunTime:0.001000s ]
INFO: [ app_begin ] --END-- [ RunTime:0.002000s ]
SQL: SHOW COLUMNS FROM `onlineorder_dishtypeitem` [ RunTime:0.0156s ]
SQL: SELECT name as sub_name,id as sub_id FROM `onlineorder_dishtypeitem` WHERE `typeid` = 5  [ RunTime:0.0000s ]

[ 2017-06-04T16:33:55+08:00 ] ::1 /onlineorder/admin.php/Dish/getSubtype.html
INFO: [ app_begin ] --START--
INFO: Run Behavior\ReadHtmlCacheBehavior [ RunTime:0.002000s ]
INFO: [ app_begin ] --END-- [ RunTime:0.004000s ]
SQL: SHOW COLUMNS FROM `onlineorder_dishtypeitem` [ RunTime:0.0110s ]
SQL: SELECT name as sub_name,id as sub_id FROM `onlineorder_dishtypeitem` WHERE `typeid` = 5  [ RunTime:0.0010s ]

[ 2017-06-04T16:35:02+08:00 ] ::1 /onlineorder/admin.php/Dish/getSubtype.html
INFO: [ app_begin ] --START--
INFO: Run Behavior\ReadHtmlCacheBehavior [ RunTime:0.003000s ]
INFO: [ app_begin ] --END-- [ RunTime:0.004000s ]
SQL: SHOW COLUMNS FROM `onlineorder_dishtypeitem` [ RunTime:0.0000s ]
SQL: SELECT name as sub_name,id as sub_id FROM `onlineorder_dishtypeitem` WHERE `typeid` = 5  [ RunTime:0.0000s ]

[ 2017-06-04T16:36:18+08:00 ] ::1 /onlineorder/admin.php/Dish/getSubtype.html
INFO: [ app_begin ] --START--
INFO: Run Behavior\ReadHtmlCacheBehavior [ RunTime:0.002000s ]
INFO: [ app_begin ] --END-- [ RunTime:0.002000s ]
SQL: SHOW COLUMNS FROM `onlineorder_dishtypeitem` [ RunTime:0.0156s ]
SQL: SELECT name as sub_name,id as sub_id FROM `onlineorder_dishtypeitem` WHERE `typeid` = 5  [ RunTime:0.0000s ]

[ 2017-06-04T16:37:13+08:00 ] ::1 /onlineorder/admin.php/Dish/getSubtype.html
INFO: [ app_begin ] --START--
INFO: Run Behavior\ReadHtmlCacheBehavior [ RunTime:0.001000s ]
INFO: [ app_begin ] --END-- [ RunTime:0.002001s ]
SQL: SHOW COLUMNS FROM `onlineorder_dishtypeitem` [ RunTime:0.0110s ]
SQL: SELECT name as sub_name,id as sub_id FROM `onlineorder_dishtypeitem` WHERE `typeid` = 5  [ RunTime:0.0000s ]

[ 2017-06-04T16:40:53+08:00 ] ::1 /onlineorder/admin.php/Dish/getData.html
INFO: [ app_begin ] --START--
INFO: Run Behavior\ReadHtmlCacheBehavior [ RunTime:0.002000s ]
INFO: [ app_begin ] --END-- [ RunTime:0.002000s ]
SQL: SHOW COLUMNS FROM `onlineorder_dish` [ RunTime:0.0030s ]
SQL: SELECT a.id,a.name,b.name as subdishtype,c.name as dishtype,`price`,`info`,`sellcount`,`small_pic`,`middle_pic`,`big_pic1`,`big_pic2`,`big_pic3` FROM onlineorder_dish as a,onlineorder_dishtypeitem as b,onlineorder_dishtype as c WHERE ( b.id=a.subdishtypeid and c.id=b.typeid ) AND `subdishtypeid` = '11' ORDER BY id  [ RunTime:0.0312s ]

[ 2017-06-04T16:40:59+08:00 ] ::1 /onlineorder/admin.php/Dish/Delete.html
INFO: [ app_begin ] --START--
INFO: Run Behavior\ReadHtmlCacheBehavior [ RunTime:0.001000s ]
INFO: [ app_begin ] --END-- [ RunTime:0.003000s ]
SQL: SHOW COLUMNS FROM `onlineorder_dish` [ RunTime:0.0120s ]
SQL: DELETE FROM `onlineorder_dish` WHERE `id` = 122 [ RunTime:0.3710s ]
SQL: SELECT * FROM `onlineorder_dish` WHERE `id` = 122 LIMIT 1   [ RunTime:0.0010s ]
NOTIC: [8] Undefined index: middle_pic D:\wamp\www\onlineorder\App\Admin\Controller\DishController.class.php 第 234 行.
NOTIC: [8] Undefined index: big_pic1 D:\wamp\www\onlineorder\App\Admin\Controller\DishController.class.php 第 235 行.
NOTIC: [8] Undefined index: big_pic2 D:\wamp\www\onlineorder\App\Admin\Controller\DishController.class.php 第 236 行.
NOTIC: [8] Undefined index: big_pic3 D:\wamp\www\onlineorder\App\Admin\Controller\DishController.class.php 第 237 行.
NOTIC: [2] unlink(): Invalid argument D:\wamp\www\onlineorder\App\Admin\Controller\DishController.class.php 第 239 行.
NOTIC: [2] unlink(): Invalid argument D:\wamp\www\onlineorder\App\Admin\Controller\DishController.class.php 第 240 行.
NOTIC: [2] unlink(): Invalid argument D:\wamp\www\onlineorder\App\Admin\Controller\DishController.class.php 第 241 行.
NOTIC: [2] unlink(): Invalid argument D:\wamp\www\onlineorder\App\Admin\Controller\DishController.class.php 第 242 行.
NOTIC: [2] unlink(): Invalid argument D:\wamp\www\onlineorder\App\Admin\Controller\DishController.class.php 第 243 行.

[ 2017-06-04T17:02:11+08:00 ] ::1 /onlineorder/admin.php/Dish/getSubtype.html
INFO: [ app_begin ] --START--
INFO: Run Behavior\ReadHtmlCacheBehavior [ RunTime:0.003000s ]
INFO: [ app_begin ] --END-- [ RunTime:0.004000s ]
SQL: SHOW COLUMNS FROM `onlineorder_dishtypeitem` [ RunTime:0.0440s ]
SQL: SELECT name as sub_name,id as sub_id FROM `onlineorder_dishtypeitem` WHERE `typeid` = 5  [ RunTime:0.0750s ]

[ 2017-06-04T17:03:43+08:00 ] ::1 /onlineorder/admin.php/Dish/getSubtype.html
INFO: [ app_begin ] --START--
INFO: Run Behavior\ReadHtmlCacheBehavior [ RunTime:0.002001s ]
INFO: [ app_begin ] --END-- [ RunTime:0.003001s ]
SQL: SHOW COLUMNS FROM `onlineorder_dishtypeitem` [ RunTime:0.0100s ]
SQL: SELECT name as sub_name,id as sub_id FROM `onlineorder_dishtypeitem` WHERE `typeid` = 5  [ RunTime:0.0020s ]

[ 2017-06-04T17:05:06+08:00 ] ::1 /onlineorder/admin.php/Dish/getSubtype.html
INFO: [ app_begin ] --START--
INFO: Run Behavior\ReadHtmlCacheBehavior [ RunTime:0.001000s ]
INFO: [ app_begin ] --END-- [ RunTime:0.002000s ]
SQL: SHOW COLUMNS FROM `onlineorder_dishtypeitem` [ RunTime:0.0100s ]
SQL: SELECT name as sub_name,id as sub_id FROM `onlineorder_dishtypeitem` WHERE `typeid` = 5  [ RunTime:0.0010s ]

[ 2017-06-04T17:06:04+08:00 ] ::1 /onlineorder/admin.php/Dish/getSubtype.html
INFO: [ app_begin ] --START--
INFO: Run Behavior\ReadHtmlCacheBehavior [ RunTime:0.003000s ]
INFO: [ app_begin ] --END-- [ RunTime:0.003000s ]
SQL: SHOW COLUMNS FROM `onlineorder_dishtypeitem` [ RunTime:0.0320s ]
SQL: SELECT name as sub_name,id as sub_id FROM `onlineorder_dishtypeitem` WHERE `typeid` = 5  [ RunTime:0.0010s ]

[ 2017-06-04T17:07:10+08:00 ] ::1 /onlineorder/admin.php/Dish/getSubtype.html
INFO: [ app_begin ] --START--
INFO: Run Behavior\ReadHtmlCacheBehavior [ RunTime:0.002000s ]
INFO: [ app_begin ] --END-- [ RunTime:0.002000s ]
SQL: SHOW COLUMNS FROM `onlineorder_dishtypeitem` [ RunTime:0.0130s ]
SQL: SELECT name as sub_name,id as sub_id FROM `onlineorder_dishtypeitem` WHERE `typeid` = 5  [ RunTime:0.0010s ]

[ 2017-06-04T17:07:28+08:00 ] ::1 /onlineorder/admin.php/Dish/getSubtype.html
INFO: [ app_begin ] --START--
INFO: Run Behavior\ReadHtmlCacheBehavior [ RunTime:0.002000s ]
INFO: [ app_begin ] --END-- [ RunTime:0.002000s ]
SQL: SHOW COLUMNS FROM `onlineorder_dishtypeitem` [ RunTime:0.0140s ]
SQL: SELECT name as sub_name,id as sub_id FROM `onlineorder_dishtypeitem` WHERE `typeid` = 5  [ RunTime:0.0010s ]

[ 2017-06-04T17:08:05+08:00 ] ::1 /onlineorder/admin.php/Dish/getSubtype.html
INFO: [ app_begin ] --START--
INFO: Run Behavior\ReadHtmlCacheBehavior [ RunTime:0.002000s ]
INFO: [ app_begin ] --END-- [ RunTime:0.002000s ]
SQL: SHOW COLUMNS FROM `onlineorder_dishtypeitem` [ RunTime:0.0130s ]
SQL: SELECT name as sub_name,id as sub_id FROM `onlineorder_dishtypeitem` WHERE `typeid` = 5  [ RunTime:0.0010s ]

[ 2017-06-04T17:10:28+08:00 ] ::1 /onlineorder/admin.php/Dish/getSubtype.html
INFO: [ app_begin ] --START--
INFO: Run Behavior\ReadHtmlCacheBehavior [ RunTime:0.002001s ]
INFO: [ app_begin ] --END-- [ RunTime:0.002001s ]
SQL: SHOW COLUMNS FROM `onlineorder_dishtypeitem` [ RunTime:0.0110s ]
SQL: SELECT name as sub_name,id as sub_id FROM `onlineorder_dishtypeitem` WHERE `typeid` = 4  [ RunTime:0.0010s ]

[ 2017-06-04T17:10:29+08:00 ] ::1 /onlineorder/admin.php/Dish/getSubtype.html
INFO: [ app_begin ] --START--
INFO: Run Behavior\ReadHtmlCacheBehavior [ RunTime:0.001000s ]
INFO: [ app_begin ] --END-- [ RunTime:0.002000s ]
SQL: SHOW COLUMNS FROM `onlineorder_dishtypeitem` [ RunTime:0.0110s ]
SQL: SELECT name as sub_name,id as sub_id FROM `onlineorder_dishtypeitem` WHERE `typeid` = 5  [ RunTime:0.0000s ]

[ 2017-06-04T17:11:09+08:00 ] ::1 /onlineorder/admin.php/Dish/getSubtype.html
INFO: [ app_begin ] --START--
INFO: Run Behavior\ReadHtmlCacheBehavior [ RunTime:0.002000s ]
INFO: [ app_begin ] --END-- [ RunTime:0.002000s ]
SQL: SHOW COLUMNS FROM `onlineorder_dishtypeitem` [ RunTime:0.0110s ]
SQL: SELECT name as sub_name,id as sub_id FROM `onlineorder_dishtypeitem` WHERE `typeid` = 5  [ RunTime:0.0010s ]

[ 2017-06-04T19:32:27+08:00 ] ::1 /onlineorder/admin.php/Index/css/reset.css
ERR: 非法操作:css

[ 2017-06-04T19:32:27+08:00 ] ::1 /onlineorder/admin.php/Index/css/content.css
ERR: 非法操作:css

[ 2017-06-04T20:51:43+08:00 ] ::1 /onlineorder/admin.php/Log/login.html
ERR: SQLSTATE[HY000] [1045] Access denied for user 'root'@'localhost' (using password: NO)

[ 2017-06-04T20:52:44+08:00 ] ::1 /onlineorder/admin.php/Index/css/reset.css
ERR: 非法操作:css

[ 2017-06-04T20:52:44+08:00 ] ::1 /onlineorder/admin.php/Index/css/content.css
ERR: 非法操作:css

[ 2017-06-04T20:52:53+08:00 ] ::1 /onlineorder/admin.php/Dish/dishlist.html
ERR: 1054:Unknown column 'big_pic2' in 'field list'
 [ SQL语句 ] : SELECT a.id,a.name,b.name as subdishtype,c.name as dishtype,`price`,`info`,`sellcount`,`small_pic`,`middle_pic`,`big_pic1`,`big_pic2`,`big_pic3` FROM onlineorder_dish as a,onlineorder_dishtypeitem as b,onlineorder_dishtype as c WHERE ( b.id=a.subdishtypeid and c.id=b.typeid ) ORDER BY id LIMIT 0,8  

[ 2017-06-04T20:56:43+08:00 ] ::1 /onlineorder/admin.php/Dish/dishlist.html
ERR: 1054:Unknown column 'big_pic2' in 'field list'
 [ SQL语句 ] : SELECT a.id,a.name,b.name as subdishtype,c.name as dishtype,`price`,`info`,`sellcount`,`small_pic`,`middle_pic`,`big_pic1`,`big_pic2`,`big_pic3` FROM onlineorder_dish as a,onlineorder_dishtypeitem as b,onlineorder_dishtype as c WHERE ( b.id=a.subdishtypeid and c.id=b.typeid ) ORDER BY id LIMIT 0,8  

[ 2017-06-04T20:56:44+08:00 ] ::1 /onlineorder/admin.php/Dish/dishlist.html
ERR: 1054:Unknown column 'big_pic2' in 'field list'
 [ SQL语句 ] : SELECT a.id,a.name,b.name as subdishtype,c.name as dishtype,`price`,`info`,`sellcount`,`small_pic`,`middle_pic`,`big_pic1`,`big_pic2`,`big_pic3` FROM onlineorder_dish as a,onlineorder_dishtypeitem as b,onlineorder_dishtype as c WHERE ( b.id=a.subdishtypeid and c.id=b.typeid ) ORDER BY id LIMIT 0,8  

[ 2017-06-04T20:56:45+08:00 ] ::1 /onlineorder/admin.php/Index/css/content.css
ERR: 非法操作:css

[ 2017-06-04T20:56:45+08:00 ] ::1 /onlineorder/admin.php/Index/css/reset.css
ERR: 非法操作:css

[ 2017-06-04T20:56:48+08:00 ] ::1 /onlineorder/admin.php/Dish/dishlist.html
ERR: 1054:Unknown column 'big_pic2' in 'field list'
 [ SQL语句 ] : SELECT a.id,a.name,b.name as subdishtype,c.name as dishtype,`price`,`info`,`sellcount`,`small_pic`,`middle_pic`,`big_pic1`,`big_pic2`,`big_pic3` FROM onlineorder_dish as a,onlineorder_dishtypeitem as b,onlineorder_dishtype as c WHERE ( b.id=a.subdishtypeid and c.id=b.typeid ) ORDER BY id LIMIT 0,8  

[ 2017-06-04T20:58:32+08:00 ] ::1 /onlineorder/admin.php/Dish/getData.html
INFO: [ app_begin ] --START--
INFO: Run Behavior\ReadHtmlCacheBehavior [ RunTime:0.001944s ]
INFO: [ app_begin ] --END-- [ RunTime:0.002126s ]
SQL: SHOW COLUMNS FROM `onlineorder_dish` [ RunTime:0.0039s ]
ERR: 1054:Unknown column 'big_pic2' in 'field list'
 [ SQL语句 ] : SELECT a.id,a.name,b.name as subdishtype,c.name as dishtype,`price`,`info`,`sellcount`,`small_pic`,`middle_pic`,`big_pic1`,`big_pic2`,`big_pic3` FROM onlineorder_dish as a,onlineorder_dishtypeitem as b,onlineorder_dishtype as c WHERE ( b.id=a.subdishtypeid and c.id=b.typeid ) AND `subdishtypeid` = '2' ORDER BY id 
ERR: 1054:Unknown column 'big_pic2' in 'field list'
 [ SQL语句 ] : SELECT a.id,a.name,b.name as subdishtype,c.name as dishtype,`price`,`info`,`sellcount`,`small_pic`,`middle_pic`,`big_pic1`,`big_pic2`,`big_pic3` FROM onlineorder_dish as a,onlineorder_dishtypeitem as b,onlineorder_dishtype as c WHERE ( b.id=a.subdishtypeid and c.id=b.typeid ) AND `subdishtypeid` = '2' ORDER BY id 

[ 2017-06-04T20:58:35+08:00 ] ::1 /onlineorder/admin.php/Dish/getData.html
INFO: [ app_begin ] --START--
INFO: Run Behavior\ReadHtmlCacheBehavior [ RunTime:0.000520s ]
INFO: [ app_begin ] --END-- [ RunTime:0.000561s ]
SQL: SHOW COLUMNS FROM `onlineorder_dish` [ RunTime:0.0145s ]
ERR: 1054:Unknown column 'big_pic2' in 'field list'
 [ SQL语句 ] : SELECT a.id,a.name,b.name as subdishtype,c.name as dishtype,`price`,`info`,`sellcount`,`small_pic`,`middle_pic`,`big_pic1`,`big_pic2`,`big_pic3` FROM onlineorder_dish as a,onlineorder_dishtypeitem as b,onlineorder_dishtype as c WHERE ( b.id=a.subdishtypeid and c.id=b.typeid ) AND `subdishtypeid` = '1' ORDER BY id 
ERR: 1054:Unknown column 'big_pic2' in 'field list'
 [ SQL语句 ] : SELECT a.id,a.name,b.name as subdishtype,c.name as dishtype,`price`,`info`,`sellcount`,`small_pic`,`middle_pic`,`big_pic1`,`big_pic2`,`big_pic3` FROM onlineorder_dish as a,onlineorder_dishtypeitem as b,onlineorder_dishtype as c WHERE ( b.id=a.subdishtypeid and c.id=b.typeid ) AND `subdishtypeid` = '1' ORDER BY id 

[ 2017-06-04T20:58:38+08:00 ] ::1 /onlineorder/admin.php/Dish/getData.html
INFO: [ app_begin ] --START--
INFO: Run Behavior\ReadHtmlCacheBehavior [ RunTime:0.000641s ]
INFO: [ app_begin ] --END-- [ RunTime:0.000699s ]
SQL: SHOW COLUMNS FROM `onlineorder_dish` [ RunTime:0.0018s ]
ERR: 1054:Unknown column 'big_pic2' in 'field list'
 [ SQL语句 ] : SELECT a.id,a.name,b.name as subdishtype,c.name as dishtype,`price`,`info`,`sellcount`,`small_pic`,`middle_pic`,`big_pic1`,`big_pic2`,`big_pic3` FROM onlineorder_dish as a,onlineorder_dishtypeitem as b,onlineorder_dishtype as c WHERE ( b.id=a.subdishtypeid and c.id=b.typeid ) AND `subdishtypeid` = '4' ORDER BY id 
ERR: 1054:Unknown column 'big_pic2' in 'field list'
 [ SQL语句 ] : SELECT a.id,a.name,b.name as subdishtype,c.name as dishtype,`price`,`info`,`sellcount`,`small_pic`,`middle_pic`,`big_pic1`,`big_pic2`,`big_pic3` FROM onlineorder_dish as a,onlineorder_dishtypeitem as b,onlineorder_dishtype as c WHERE ( b.id=a.subdishtypeid and c.id=b.typeid ) AND `subdishtypeid` = '4' ORDER BY id 

[ 2017-06-04T20:58:42+08:00 ] ::1 /onlineorder/admin.php/Dish/getData.html
INFO: [ app_begin ] --START--
INFO: Run Behavior\ReadHtmlCacheBehavior [ RunTime:0.000618s ]
INFO: [ app_begin ] --END-- [ RunTime:0.000675s ]
SQL: SHOW COLUMNS FROM `onlineorder_dish` [ RunTime:0.0019s ]
ERR: 1054:Unknown column 'big_pic2' in 'field list'
 [ SQL语句 ] : SELECT a.id,a.name,b.name as subdishtype,c.name as dishtype,`price`,`info`,`sellcount`,`small_pic`,`middle_pic`,`big_pic1`,`big_pic2`,`big_pic3` FROM onlineorder_dish as a,onlineorder_dishtypeitem as b,onlineorder_dishtype as c WHERE ( b.id=a.subdishtypeid and c.id=b.typeid ) AND `subdishtypeid` = '7' ORDER BY id 
ERR: 1054:Unknown column 'big_pic2' in 'field list'
 [ SQL语句 ] : SELECT a.id,a.name,b.name as subdishtype,c.name as dishtype,`price`,`info`,`sellcount`,`small_pic`,`middle_pic`,`big_pic1`,`big_pic2`,`big_pic3` FROM onlineorder_dish as a,onlineorder_dishtypeitem as b,onlineorder_dishtype as c WHERE ( b.id=a.subdishtypeid and c.id=b.typeid ) AND `subdishtypeid` = '7' ORDER BY id 

[ 2017-06-04T21:13:47+08:00 ] ::1 /onlineorder/admin.php/Dish/getData.html
INFO: [ app_begin ] --START--
INFO: Run Behavior\ReadHtmlCacheBehavior [ RunTime:0.000551s ]
INFO: [ app_begin ] --END-- [ RunTime:0.000600s ]
SQL: SHOW COLUMNS FROM `onlineorder_dish` [ RunTime:0.0006s ]
ERR: 1054:Unknown column 'big_pic2' in 'field list'
 [ SQL语句 ] : SELECT a.id,a.name,b.name as subdishtype,c.name as dishtype,`price`,`info`,`sellcount`,`small_pic`,`middle_pic`,`big_pic1`,`big_pic2`,`big_pic3` FROM onlineorder_dish as a,onlineorder_dishtypeitem as b,onlineorder_dishtype as c WHERE ( b.id=a.subdishtypeid and c.id=b.typeid ) AND `subdishtypeid` = '3' ORDER BY id 
ERR: 1054:Unknown column 'big_pic2' in 'field list'
 [ SQL语句 ] : SELECT a.id,a.name,b.name as subdishtype,c.name as dishtype,`price`,`info`,`sellcount`,`small_pic`,`middle_pic`,`big_pic1`,`big_pic2`,`big_pic3` FROM onlineorder_dish as a,onlineorder_dishtypeitem as b,onlineorder_dishtype as c WHERE ( b.id=a.subdishtypeid and c.id=b.typeid ) AND `subdishtypeid` = '3' ORDER BY id 

[ 2017-06-04T21:14:03+08:00 ] ::1 /onlineorder/admin.php/Dish/getData.html
ERR: 1054:Unknown column 'big_pic2' in 'field list'
 [ SQL语句 ] : SELECT a.id,a.name,b.name as subdishtype,c.name as dishtype,`price`,`info`,`sellcount`,`small_pic`,`middle_pic`,`big_pic1`,`big_pic2`,`big_pic3` FROM onlineorder_dish as a,onlineorder_dishtypeitem as b,onlineorder_dishtype as c WHERE ( b.id=a.subdishtypeid and c.id=b.typeid ) AND `subdishtypeid` = '' ORDER BY id 

[ 2017-06-04T21:17:23+08:00 ] ::1 /onlineorder/admin.php/Index/css/reset.css
ERR: 非法操作:css

[ 2017-06-04T21:17:23+08:00 ] ::1 /onlineorder/admin.php/Index/css/content.css
ERR: 非法操作:css

[ 2017-06-04T21:17:28+08:00 ] ::1 /onlineorder/admin.php/Dish/getData.html
INFO: [ app_begin ] --START--
INFO: Run Behavior\ReadHtmlCacheBehavior [ RunTime:0.000543s ]
INFO: [ app_begin ] --END-- [ RunTime:0.000600s ]
SQL: SHOW COLUMNS FROM `onlineorder_dish` [ RunTime:0.0008s ]
SQL: SELECT a.*,b.name as subdishtype,c.name as dishtype FROM onlineorder_dish as a,onlineorder_dishtypeitem as b,onlineorder_dishtype as c WHERE ( b.id=a.subdishtypeid and c.id=b.typeid ) AND `subdishtypeid` = '3' ORDER BY id  [ RunTime:0.0297s ]

[ 2017-06-04T21:19:29+08:00 ] ::1 /onlineorder/admin.php/Dish/Delete.html
INFO: [ app_begin ] --START--
INFO: Run Behavior\ReadHtmlCacheBehavior [ RunTime:0.000936s ]
INFO: [ app_begin ] --END-- [ RunTime:0.000995s ]
SQL: SHOW COLUMNS FROM `onlineorder_dish` [ RunTime:0.0008s ]
SQL: DELETE FROM `onlineorder_dish` WHERE `id` = 151 [ RunTime:0.0907s ]
SQL: SELECT * FROM `onlineorder_dish` WHERE `id` = 151 LIMIT 1   [ RunTime:0.0010s ]
NOTIC: [8] Undefined index: middle_pic D:\AppServ\www\onlineorder\App\Admin\Controller\DishController.class.php 第 187 行.
NOTIC: [8] Undefined index: big_pic1 D:\AppServ\www\onlineorder\App\Admin\Controller\DishController.class.php 第 188 行.
NOTIC: [2] unlink(): Invalid argument D:\AppServ\www\onlineorder\App\Admin\Controller\DishController.class.php 第 190 行.
NOTIC: [2] unlink(): Invalid argument D:\AppServ\www\onlineorder\App\Admin\Controller\DishController.class.php 第 191 行.
NOTIC: [2] unlink(): Invalid argument D:\AppServ\www\onlineorder\App\Admin\Controller\DishController.class.php 第 192 行.

[ 2017-06-04T21:25:56+08:00 ] ::1 /onlineorder/admin.php/Index/css/reset.css
ERR: 非法操作:css

[ 2017-06-04T21:25:56+08:00 ] ::1 /onlineorder/admin.php/Index/css/content.css
ERR: 非法操作:css

[ 2017-06-04T23:07:56+08:00 ] ::1 /onlineorder/admin.php/Index/Delete.html
INFO: [ app_begin ] --START--
INFO: Run Behavior\ReadHtmlCacheBehavior [ RunTime:0.001050s ]
INFO: [ app_begin ] --END-- [ RunTime:0.001126s ]
NOTIC: [2048] Declaration of Admin\Controller\IndexController::show() should be compatible with Think\Controller::show($content, $charset = '', $contentType = '', $prefix = '') D:\AppServ\www\onlineorder\App\Admin\Controller\IndexController.class.php 第 33 行.
SQL: SHOW COLUMNS FROM `onlineorder_user` [ RunTime:0.0006s ]
SQL: DELETE FROM `onlineorder_user` WHERE `id` = 34 [ RunTime:0.0382s ]

[ 2017-06-04T23:12:30+08:00 ] ::1 /onlineorder/admin.php/Index/css/reset.css
ERR: 非法操作:css

[ 2017-06-04T23:12:30+08:00 ] ::1 /onlineorder/admin.php/Index/css/content.css
ERR: 非法操作:css

[ 2017-06-04T23:12:36+08:00 ] ::1 /onlineorder/admin.php/Index/Delete.html
INFO: [ app_begin ] --START--
INFO: Run Behavior\ReadHtmlCacheBehavior [ RunTime:0.001245s ]
INFO: [ app_begin ] --END-- [ RunTime:0.001348s ]
NOTIC: [2048] Declaration of Admin\Controller\IndexController::show() should be compatible with Think\Controller::show($content, $charset = '', $contentType = '', $prefix = '') D:\AppServ\www\onlineorder\App\Admin\Controller\IndexController.class.php 第 33 行.
SQL: SHOW COLUMNS FROM `onlineorder_user` [ RunTime:0.0005s ]
SQL: DELETE FROM `onlineorder_user` WHERE `id` = 35 [ RunTime:0.0677s ]

[ 2017-06-04T23:28:21+08:00 ] ::1 /onlineorder/admin.php/Order/getData.html
INFO: [ app_begin ] --START--
INFO: Run Behavior\ReadHtmlCacheBehavior [ RunTime:0.000474s ]
INFO: [ app_begin ] --END-- [ RunTime:0.000515s ]
SQL: SHOW COLUMNS FROM `onlineorder_orderitem` [ RunTime:0.0007s ]
SQL: SHOW COLUMNS FROM `onlineorder_orderitem` [ RunTime:0.0006s ]
SQL: SELECT a.*,b.name as dishname,b.price,d.name as subdishtype,c.name as dishtype FROM onlineorder_orderitem as a,onlineorder_dish as b,onlineorder_dishtype as c,onlineorder_dishtypeitem as d WHERE ( orderid=1 and a.dishid=b.id and b.subdishtypeid=d.id and d.typeid=c.id )  [ RunTime:0.0005s ]
INFO: [ app_end ] --START--
INFO: Run Behavior\ShowPageTraceBehavior [ RunTime:0.000914s ]
INFO: [ app_end ] --END-- [ RunTime:0.000975s ]

[ 2017-06-04T23:28:25+08:00 ] ::1 /onlineorder/admin.php/Order/getData.html
INFO: [ app_begin ] --START--
INFO: Run Behavior\ReadHtmlCacheBehavior [ RunTime:0.000379s ]
INFO: [ app_begin ] --END-- [ RunTime:0.000419s ]
SQL: SHOW COLUMNS FROM `onlineorder_orderitem` [ RunTime:0.0015s ]
SQL: SHOW COLUMNS FROM `onlineorder_orderitem` [ RunTime:0.0005s ]
SQL: SELECT a.*,b.name as dishname,b.price,d.name as subdishtype,c.name as dishtype FROM onlineorder_orderitem as a,onlineorder_dish as b,onlineorder_dishtype as c,onlineorder_dishtypeitem as d WHERE ( orderid=1 and a.dishid=b.id and b.subdishtypeid=d.id and d.typeid=c.id )  [ RunTime:0.0003s ]
INFO: [ app_end ] --START--
INFO: Run Behavior\ShowPageTraceBehavior [ RunTime:0.000547s ]
INFO: [ app_end ] --END-- [ RunTime:0.000591s ]

[ 2017-06-04T23:30:34+08:00 ] ::1 /onlineorder/admin.php/Dish/getData.html
INFO: [ app_begin ] --START--
INFO: Run Behavior\ReadHtmlCacheBehavior [ RunTime:0.000827s ]
INFO: [ app_begin ] --END-- [ RunTime:0.000892s ]
SQL: SHOW COLUMNS FROM `onlineorder_dish` [ RunTime:0.0006s ]
SQL: SELECT a.*,b.name as subdishtype,c.name as dishtype FROM onlineorder_dish as a,onlineorder_dishtypeitem as b,onlineorder_dishtype as c WHERE ( b.id=a.subdishtypeid and c.id=b.typeid ) AND `subdishtypeid` = '2' ORDER BY id  [ RunTime:0.0351s ]

[ 2017-06-04T23:30:37+08:00 ] ::1 /onlineorder/admin.php/Dish/getData.html
INFO: [ app_begin ] --START--
INFO: Run Behavior\ReadHtmlCacheBehavior [ RunTime:0.000619s ]
INFO: [ app_begin ] --END-- [ RunTime:0.000673s ]
SQL: SHOW COLUMNS FROM `onlineorder_dish` [ RunTime:0.0006s ]
SQL: SELECT a.*,b.name as subdishtype,c.name as dishtype FROM onlineorder_dish as a,onlineorder_dishtypeitem as b,onlineorder_dishtype as c WHERE ( b.id=a.subdishtypeid and c.id=b.typeid ) AND `subdishtypeid` = '4' ORDER BY id  [ RunTime:0.0007s ]

[ 2017-06-04T23:30:40+08:00 ] ::1 /onlineorder/admin.php/Dish/getData.html
INFO: [ app_begin ] --START--
INFO: Run Behavior\ReadHtmlCacheBehavior [ RunTime:0.000539s ]
INFO: [ app_begin ] --END-- [ RunTime:0.000597s ]
SQL: SHOW COLUMNS FROM `onlineorder_dish` [ RunTime:0.0006s ]
SQL: SELECT a.*,b.name as subdishtype,c.name as dishtype FROM onlineorder_dish as a,onlineorder_dishtypeitem as b,onlineorder_dishtype as c WHERE ( b.id=a.subdishtypeid and c.id=b.typeid ) AND `subdishtypeid` = '8' ORDER BY id  [ RunTime:0.0005s ]

[ 2017-06-04T23:30:42+08:00 ] ::1 /onlineorder/admin.php/Dish/getData.html
INFO: [ app_begin ] --START--
INFO: Run Behavior\ReadHtmlCacheBehavior [ RunTime:0.000670s ]
INFO: [ app_begin ] --END-- [ RunTime:0.000731s ]
SQL: SHOW COLUMNS FROM `onlineorder_dish` [ RunTime:0.0010s ]
SQL: SELECT a.*,b.name as subdishtype,c.name as dishtype FROM onlineorder_dish as a,onlineorder_dishtypeitem as b,onlineorder_dishtype as c WHERE ( b.id=a.subdishtypeid and c.id=b.typeid ) AND `subdishtypeid` = '10' ORDER BY id  [ RunTime:0.0009s ]

[ 2017-06-04T23:30:45+08:00 ] ::1 /onlineorder/admin.php/Dish/getData.html
INFO: [ app_begin ] --START--
INFO: Run Behavior\ReadHtmlCacheBehavior [ RunTime:0.000481s ]
INFO: [ app_begin ] --END-- [ RunTime:0.000523s ]
SQL: SHOW COLUMNS FROM `onlineorder_dish` [ RunTime:0.0006s ]
SQL: SELECT a.*,b.name as subdishtype,c.name as dishtype FROM onlineorder_dish as a,onlineorder_dishtypeitem as b,onlineorder_dishtype as c WHERE ( b.id=a.subdishtypeid and c.id=b.typeid ) AND `subdishtypeid` = '11' ORDER BY id  [ RunTime:0.0005s ]

[ 2017-06-04T23:30:47+08:00 ] ::1 /onlineorder/admin.php/Dish/getData.html
INFO: [ app_begin ] --START--
INFO: Run Behavior\ReadHtmlCacheBehavior [ RunTime:0.000666s ]
INFO: [ app_begin ] --END-- [ RunTime:0.000713s ]
SQL: SHOW COLUMNS FROM `onlineorder_dish` [ RunTime:0.0005s ]
SQL: SELECT a.*,b.name as subdishtype,c.name as dishtype FROM onlineorder_dish as a,onlineorder_dishtypeitem as b,onlineorder_dishtype as c WHERE ( b.id=a.subdishtypeid and c.id=b.typeid ) AND `subdishtypeid` = '4' ORDER BY id  [ RunTime:0.0005s ]

[ 2017-06-04T23:30:55+08:00 ] ::1 /onlineorder/admin.php/Dish/getData.html
INFO: [ app_begin ] --START--
INFO: Run Behavior\ReadHtmlCacheBehavior [ RunTime:0.000695s ]
INFO: [ app_begin ] --END-- [ RunTime:0.000739s ]
SQL: SHOW COLUMNS FROM `onlineorder_dish` [ RunTime:0.0006s ]
SQL: SELECT a.*,b.name as subdishtype,c.name as dishtype FROM onlineorder_dish as a,onlineorder_dishtypeitem as b,onlineorder_dishtype as c WHERE ( b.id=a.subdishtypeid and c.id=b.typeid ) AND `subdishtypeid` = '3' ORDER BY id  [ RunTime:0.0005s ]

[ 2017-06-04T23:31:00+08:00 ] ::1 /onlineorder/admin.php/Dish/getData.html
INFO: [ app_begin ] --START--
INFO: Run Behavior\ReadHtmlCacheBehavior [ RunTime:0.000371s ]
INFO: [ app_begin ] --END-- [ RunTime:0.000428s ]
SQL: SHOW COLUMNS FROM `onlineorder_dish` [ RunTime:0.0006s ]
SQL: SELECT a.*,b.name as subdishtype,c.name as dishtype FROM onlineorder_dish as a,onlineorder_dishtypeitem as b,onlineorder_dishtype as c WHERE ( b.id=a.subdishtypeid and c.id=b.typeid ) AND `subdishtypeid` = '1' ORDER BY id  [ RunTime:0.0006s ]

[ 2017-06-04T23:31:03+08:00 ] ::1 /onlineorder/admin.php/Dish/getData.html
INFO: [ app_begin ] --START--
INFO: Run Behavior\ReadHtmlCacheBehavior [ RunTime:0.000713s ]
INFO: [ app_begin ] --END-- [ RunTime:0.000768s ]
SQL: SHOW COLUMNS FROM `onlineorder_dish` [ RunTime:0.0006s ]
SQL: SELECT a.*,b.name as subdishtype,c.name as dishtype FROM onlineorder_dish as a,onlineorder_dishtypeitem as b,onlineorder_dishtype as c WHERE ( b.id=a.subdishtypeid and c.id=b.typeid ) AND `subdishtypeid` = '2' ORDER BY id  [ RunTime:0.0005s ]

[ 2017-06-04T23:31:06+08:00 ] ::1 /onlineorder/admin.php/Dish/getData.html
INFO: [ app_begin ] --START--
INFO: Run Behavior\ReadHtmlCacheBehavior [ RunTime:0.000562s ]
INFO: [ app_begin ] --END-- [ RunTime:0.000609s ]
SQL: SHOW COLUMNS FROM `onlineorder_dish` [ RunTime:0.0006s ]
SQL: SELECT a.*,b.name as subdishtype,c.name as dishtype FROM onlineorder_dish as a,onlineorder_dishtypeitem as b,onlineorder_dishtype as c WHERE ( b.id=a.subdishtypeid and c.id=b.typeid ) AND `subdishtypeid` = '3' ORDER BY id  [ RunTime:0.0007s ]

[ 2017-06-04T23:31:08+08:00 ] ::1 /onlineorder/admin.php/Dish/getData.html
INFO: [ app_begin ] --START--
INFO: Run Behavior\ReadHtmlCacheBehavior [ RunTime:0.000497s ]
INFO: [ app_begin ] --END-- [ RunTime:0.000542s ]
SQL: SHOW COLUMNS FROM `onlineorder_dish` [ RunTime:0.0006s ]
SQL: SELECT a.*,b.name as subdishtype,c.name as dishtype FROM onlineorder_dish as a,onlineorder_dishtypeitem as b,onlineorder_dishtype as c WHERE ( b.id=a.subdishtypeid and c.id=b.typeid ) AND `subdishtypeid` = '4' ORDER BY id  [ RunTime:0.0207s ]

[ 2017-06-04T23:31:11+08:00 ] ::1 /onlineorder/admin.php/Dish/getData.html
INFO: [ app_begin ] --START--
INFO: Run Behavior\ReadHtmlCacheBehavior [ RunTime:0.000481s ]
INFO: [ app_begin ] --END-- [ RunTime:0.000536s ]
SQL: SHOW COLUMNS FROM `onlineorder_dish` [ RunTime:0.0013s ]
SQL: SELECT a.*,b.name as subdishtype,c.name as dishtype FROM onlineorder_dish as a,onlineorder_dishtypeitem as b,onlineorder_dishtype as c WHERE ( b.id=a.subdishtypeid and c.id=b.typeid ) AND `subdishtypeid` = '6' ORDER BY id  [ RunTime:0.0006s ]

[ 2017-06-04T23:31:14+08:00 ] ::1 /onlineorder/admin.php/Dish/getData.html
INFO: [ app_begin ] --START--
INFO: Run Behavior\ReadHtmlCacheBehavior [ RunTime:0.000520s ]
INFO: [ app_begin ] --END-- [ RunTime:0.000563s ]
SQL: SHOW COLUMNS FROM `onlineorder_dish` [ RunTime:0.0006s ]
SQL: SELECT a.*,b.name as subdishtype,c.name as dishtype FROM onlineorder_dish as a,onlineorder_dishtypeitem as b,onlineorder_dishtype as c WHERE ( b.id=a.subdishtypeid and c.id=b.typeid ) AND `subdishtypeid` = '7' ORDER BY id  [ RunTime:0.0005s ]

[ 2017-06-04T23:31:16+08:00 ] ::1 /onlineorder/admin.php/Dish/getData.html
INFO: [ app_begin ] --START--
INFO: Run Behavior\ReadHtmlCacheBehavior [ RunTime:0.000645s ]
INFO: [ app_begin ] --END-- [ RunTime:0.000686s ]
SQL: SHOW COLUMNS FROM `onlineorder_dish` [ RunTime:0.0006s ]
SQL: SELECT a.*,b.name as subdishtype,c.name as dishtype FROM onlineorder_dish as a,onlineorder_dishtypeitem as b,onlineorder_dishtype as c WHERE ( b.id=a.subdishtypeid and c.id=b.typeid ) AND `subdishtypeid` = '5' ORDER BY id  [ RunTime:0.0005s ]

[ 2017-06-04T23:31:20+08:00 ] ::1 /onlineorder/admin.php/Dish/getData.html
INFO: [ app_begin ] --START--
INFO: Run Behavior\ReadHtmlCacheBehavior [ RunTime:0.000664s ]
INFO: [ app_begin ] --END-- [ RunTime:0.000706s ]
SQL: SHOW COLUMNS FROM `onlineorder_dish` [ RunTime:0.0006s ]
SQL: SELECT a.*,b.name as subdishtype,c.name as dishtype FROM onlineorder_dish as a,onlineorder_dishtypeitem as b,onlineorder_dishtype as c WHERE ( b.id=a.subdishtypeid and c.id=b.typeid ) AND `subdishtypeid` = '8' ORDER BY id  [ RunTime:0.0005s ]

[ 2017-06-04T23:31:23+08:00 ] ::1 /onlineorder/admin.php/Dish/getData.html
INFO: [ app_begin ] --START--
INFO: Run Behavior\ReadHtmlCacheBehavior [ RunTime:0.000733s ]
INFO: [ app_begin ] --END-- [ RunTime:0.000777s ]
SQL: SHOW COLUMNS FROM `onlineorder_dish` [ RunTime:0.0006s ]
SQL: SELECT a.*,b.name as subdishtype,c.name as dishtype FROM onlineorder_dish as a,onlineorder_dishtypeitem as b,onlineorder_dishtype as c WHERE ( b.id=a.subdishtypeid and c.id=b.typeid ) AND `subdishtypeid` = '9' ORDER BY id  [ RunTime:0.0005s ]

[ 2017-06-04T23:31:25+08:00 ] ::1 /onlineorder/admin.php/Dish/getData.html
INFO: [ app_begin ] --START--
INFO: Run Behavior\ReadHtmlCacheBehavior [ RunTime:0.000557s ]
INFO: [ app_begin ] --END-- [ RunTime:0.000602s ]
SQL: SHOW COLUMNS FROM `onlineorder_dish` [ RunTime:0.0007s ]
SQL: SELECT a.*,b.name as subdishtype,c.name as dishtype FROM onlineorder_dish as a,onlineorder_dishtypeitem as b,onlineorder_dishtype as c WHERE ( b.id=a.subdishtypeid and c.id=b.typeid ) AND `subdishtypeid` = '10' ORDER BY id  [ RunTime:0.0005s ]

[ 2017-06-04T23:31:30+08:00 ] ::1 /onlineorder/admin.php/Dish/getData.html
INFO: [ app_begin ] --START--
INFO: Run Behavior\ReadHtmlCacheBehavior [ RunTime:0.000384s ]
INFO: [ app_begin ] --END-- [ RunTime:0.000427s ]
SQL: SHOW COLUMNS FROM `onlineorder_dish` [ RunTime:0.0006s ]
SQL: SELECT a.*,b.name as subdishtype,c.name as dishtype FROM onlineorder_dish as a,onlineorder_dishtypeitem as b,onlineorder_dishtype as c WHERE ( b.id=a.subdishtypeid and c.id=b.typeid ) AND `subdishtypeid` = '11' ORDER BY id  [ RunTime:0.0007s ]

[ 2017-06-04T23:32:33+08:00 ] ::1 /onlineorder/admin.php/Dish/getData.html
INFO: [ app_begin ] --START--
INFO: Run Behavior\ReadHtmlCacheBehavior [ RunTime:0.001562s ]
INFO: [ app_begin ] --END-- [ RunTime:0.001652s ]
SQL: SHOW COLUMNS FROM `onlineorder_dish` [ RunTime:0.0006s ]
SQL: SELECT a.*,b.name as subdishtype,c.name as dishtype FROM onlineorder_dish as a,onlineorder_dishtypeitem as b,onlineorder_dishtype as c WHERE ( b.id=a.subdishtypeid and c.id=b.typeid ) AND `subdishtypeid` = '11' ORDER BY id  [ RunTime:0.0010s ]

[ 2017-06-04T23:33:38+08:00 ] ::1 /onlineorder/admin.php/Index/css/content.css
ERR: 非法操作:css

[ 2017-06-04T23:33:38+08:00 ] ::1 /onlineorder/admin.php/Index/css/reset.css
ERR: 非法操作:css

[ 2017-06-04T23:33:44+08:00 ] ::1 /onlineorder/admin.php/Dish/getData.html
INFO: [ app_begin ] --START--
INFO: Run Behavior\ReadHtmlCacheBehavior [ RunTime:0.000709s ]
INFO: [ app_begin ] --END-- [ RunTime:0.000761s ]
SQL: SHOW COLUMNS FROM `onlineorder_dish` [ RunTime:0.0006s ]
SQL: SELECT a.*,b.name as subdishtype,c.name as dishtype FROM onlineorder_dish as a,onlineorder_dishtypeitem as b,onlineorder_dishtype as c WHERE ( b.id=a.subdishtypeid and c.id=b.typeid ) AND `subdishtypeid` = '11' ORDER BY id  [ RunTime:0.0006s ]

[ 2017-06-04T23:34:06+08:00 ] ::1 /onlineorder/admin.php/Order/getData.html
INFO: [ app_begin ] --START--
INFO: Run Behavior\ReadHtmlCacheBehavior [ RunTime:0.000645s ]
INFO: [ app_begin ] --END-- [ RunTime:0.000686s ]
SQL: SHOW COLUMNS FROM `onlineorder_orderitem` [ RunTime:0.0006s ]
SQL: SHOW COLUMNS FROM `onlineorder_orderitem` [ RunTime:0.0006s ]
SQL: SELECT a.*,b.name as dishname,b.price,d.name as subdishtype,c.name as dishtype FROM onlineorder_orderitem as a,onlineorder_dish as b,onlineorder_dishtype as c,onlineorder_dishtypeitem as d WHERE ( orderid=1 and a.dishid=b.id and b.subdishtypeid=d.id and d.typeid=c.id )  [ RunTime:0.0005s ]
INFO: [ app_end ] --START--
INFO: Run Behavior\ShowPageTraceBehavior [ RunTime:0.000802s ]
INFO: [ app_end ] --END-- [ RunTime:0.000839s ]

[ 2017-06-04T23:35:08+08:00 ] ::1 /onlineorder/admin.php/Order/getData.html
INFO: [ app_begin ] --START--
INFO: Run Behavior\ReadHtmlCacheBehavior [ RunTime:0.001394s ]
INFO: [ app_begin ] --END-- [ RunTime:0.001464s ]
SQL: SHOW COLUMNS FROM `onlineorder_orderitem` [ RunTime:0.0005s ]
SQL: SHOW COLUMNS FROM `onlineorder_orderitem` [ RunTime:0.0005s ]
SQL: SELECT a.*,b.name as dishname,b.price,d.name as subdishtype,c.name as dishtype FROM onlineorder_orderitem as a,onlineorder_dish as b,onlineorder_dishtype as c,onlineorder_dishtypeitem as d WHERE ( orderid=1 and a.dishid=b.id and b.subdishtypeid=d.id and d.typeid=c.id )  [ RunTime:0.0004s ]
INFO: [ app_end ] --START--
INFO: Run Behavior\ShowPageTraceBehavior [ RunTime:0.002342s ]
INFO: [ app_end ] --END-- [ RunTime:0.002405s ]

[ 2017-06-04T23:35:48+08:00 ] ::1 /onlineorder/admin.php/Index/css/reset.css
ERR: 非法操作:css

[ 2017-06-04T23:35:48+08:00 ] ::1 /onlineorder/admin.php/Index/css/content.css
ERR: 非法操作:css

[ 2017-06-04T23:35:49+08:00 ] ::1 /onlineorder/admin.php/Index/css/content.css
ERR: 非法操作:css

[ 2017-06-04T23:35:49+08:00 ] ::1 /onlineorder/admin.php/Index/css/reset.css
ERR: 非法操作:css

[ 2017-06-04T23:36:01+08:00 ] ::1 /onlineorder/admin.php/Order/getData.html
INFO: [ app_begin ] --START--
INFO: Run Behavior\ReadHtmlCacheBehavior [ RunTime:0.000796s ]
INFO: [ app_begin ] --END-- [ RunTime:0.000853s ]
SQL: SHOW COLUMNS FROM `onlineorder_orderitem` [ RunTime:0.0005s ]
SQL: SHOW COLUMNS FROM `onlineorder_orderitem` [ RunTime:0.0009s ]
SQL: SELECT a.*,b.name as dishname,b.price,d.name as subdishtype,c.name as dishtype FROM onlineorder_orderitem as a,onlineorder_dish as b,onlineorder_dishtype as c,onlineorder_dishtypeitem as d WHERE ( orderid=1 and a.dishid=b.id and b.subdishtypeid=d.id and d.typeid=c.id )  [ RunTime:0.0004s ]
INFO: [ app_end ] --START--
INFO: Run Behavior\ShowPageTraceBehavior [ RunTime:0.000874s ]
INFO: [ app_end ] --END-- [ RunTime:0.000914s ]

[ 2017-06-04T23:36:38+08:00 ] ::1 /onlineorder/admin.php/Index/css/reset.css
ERR: 非法操作:css

[ 2017-06-04T23:36:38+08:00 ] ::1 /onlineorder/admin.php/Index/css/content.css
ERR: 非法操作:css

[ 2017-06-04T23:36:50+08:00 ] ::1 /onlineorder/admin.php/Order/getData.html
INFO: [ app_begin ] --START--
INFO: Run Behavior\ReadHtmlCacheBehavior [ RunTime:0.001057s ]
INFO: [ app_begin ] --END-- [ RunTime:0.001149s ]
SQL: SHOW COLUMNS FROM `onlineorder_orderitem` [ RunTime:0.0014s ]
SQL: SHOW COLUMNS FROM `onlineorder_orderitem` [ RunTime:0.0010s ]
ERR: 1054:Unknown column '$id' in 'where clause'
 [ SQL语句 ] : SELECT a.*,b.name as dishname,b.price,d.name as subdishtype,c.name as dishtype FROM onlineorder_orderitem as a,onlineorder_dish as b,onlineorder_dishtype as c,onlineorder_dishtypeitem as d WHERE ( orderid=$id and a.dishid=b.id and b.subdishtypeid=d.id and d.typeid=c.id ) 
ERR: 1054:Unknown column '$id' in 'where clause'
 [ SQL语句 ] : SELECT a.*,b.name as dishname,b.price,d.name as subdishtype,c.name as dishtype FROM onlineorder_orderitem as a,onlineorder_dish as b,onlineorder_dishtype as c,onlineorder_dishtypeitem as d WHERE ( orderid=$id and a.dishid=b.id and b.subdishtypeid=d.id and d.typeid=c.id ) 

[ 2017-06-04T23:37:18+08:00 ] ::1 /onlineorder/admin.php/Order/getData.html
INFO: [ app_begin ] --START--
INFO: Run Behavior\ReadHtmlCacheBehavior [ RunTime:0.000766s ]
INFO: [ app_begin ] --END-- [ RunTime:0.000822s ]
SQL: SHOW COLUMNS FROM `onlineorder_orderitem` [ RunTime:0.0005s ]
SQL: SHOW COLUMNS FROM `onlineorder_orderitem` [ RunTime:0.0005s ]
ERR: 1064:You have an error in your SQL syntax; check the manual that corresponds to your MySQL server version for the right syntax to use near 'a.dishid=b.id and b.subdishtypeid=d.id and d.typeid=c.id )' at line 1
 [ SQL语句 ] : SELECT a.*,b.name as dishname,b.price,d.name as subdishtype,c.name as dishtype FROM onlineorder_orderitem as a,onlineorder_dish as b,onlineorder_dishtype as c,onlineorder_dishtypeitem as d WHERE ( orderid=1496589974and a.dishid=b.id and b.subdishtypeid=d.id and d.typeid=c.id ) 
ERR: 1064:You have an error in your SQL syntax; check the manual that corresponds to your MySQL server version for the right syntax to use near 'a.dishid=b.id and b.subdishtypeid=d.id and d.typeid=c.id )' at line 1
 [ SQL语句 ] : SELECT a.*,b.name as dishname,b.price,d.name as subdishtype,c.name as dishtype FROM onlineorder_orderitem as a,onlineorder_dish as b,onlineorder_dishtype as c,onlineorder_dishtypeitem as d WHERE ( orderid=1496589974and a.dishid=b.id and b.subdishtypeid=d.id and d.typeid=c.id ) 

[ 2017-06-04T23:37:47+08:00 ] ::1 /onlineorder/admin.php/Order/getData.html
INFO: [ app_begin ] --START--
INFO: Run Behavior\ReadHtmlCacheBehavior [ RunTime:0.000904s ]
INFO: [ app_begin ] --END-- [ RunTime:0.000979s ]
SQL: SHOW COLUMNS FROM `onlineorder_orderitem` [ RunTime:0.0015s ]
SQL: SHOW COLUMNS FROM `onlineorder_orderitem` [ RunTime:0.0004s ]
SQL: SELECT a.*,b.name as dishname,b.price,d.name as subdishtype,c.name as dishtype FROM onlineorder_orderitem as a,onlineorder_dish as b,onlineorder_dishtype as c,onlineorder_dishtypeitem as d WHERE ( orderid="1496589974"and a.dishid=b.id and b.subdishtypeid=d.id and d.typeid=c.id )  [ RunTime:0.0004s ]

[ 2017-06-04T23:38:08+08:00 ] ::1 /onlineorder/admin.php/Order/getData.html
INFO: [ app_begin ] --START--
INFO: Run Behavior\ReadHtmlCacheBehavior [ RunTime:0.000752s ]
INFO: [ app_begin ] --END-- [ RunTime:0.000811s ]
SQL: SHOW COLUMNS FROM `onlineorder_orderitem` [ RunTime:0.0018s ]
SQL: SHOW COLUMNS FROM `onlineorder_orderitem` [ RunTime:0.0006s ]
SQL: SELECT a.*,b.name as dishname,b.price,d.name as subdishtype,c.name as dishtype FROM onlineorder_orderitem as a,onlineorder_dish as b,onlineorder_dishtype as c,onlineorder_dishtypeitem as d WHERE ( orderid="1496589974"and a.dishid=b.id and b.subdishtypeid=d.id and d.typeid=c.id )  [ RunTime:0.0005s ]

[ 2017-06-04T23:38:08+08:00 ] ::1 /onlineorder/admin.php/Order/getData.html
INFO: [ app_begin ] --START--
INFO: Run Behavior\ReadHtmlCacheBehavior [ RunTime:0.000745s ]
INFO: [ app_begin ] --END-- [ RunTime:0.000812s ]
SQL: SHOW COLUMNS FROM `onlineorder_orderitem` [ RunTime:0.0020s ]
SQL: SHOW COLUMNS FROM `onlineorder_orderitem` [ RunTime:0.0005s ]
SQL: SELECT a.*,b.name as dishname,b.price,d.name as subdishtype,c.name as dishtype FROM onlineorder_orderitem as a,onlineorder_dish as b,onlineorder_dishtype as c,onlineorder_dishtypeitem as d WHERE ( orderid="1496589974"and a.dishid=b.id and b.subdishtypeid=d.id and d.typeid=c.id )  [ RunTime:0.0005s ]

[ 2017-06-04T23:38:09+08:00 ] ::1 /onlineorder/admin.php/Order/getData.html
INFO: [ app_begin ] --START--
INFO: Run Behavior\ReadHtmlCacheBehavior [ RunTime:0.000653s ]
INFO: [ app_begin ] --END-- [ RunTime:0.000694s ]
SQL: SHOW COLUMNS FROM `onlineorder_orderitem` [ RunTime:0.0016s ]
SQL: SHOW COLUMNS FROM `onlineorder_orderitem` [ RunTime:0.0005s ]
SQL: SELECT a.*,b.name as dishname,b.price,d.name as subdishtype,c.name as dishtype FROM onlineorder_orderitem as a,onlineorder_dish as b,onlineorder_dishtype as c,onlineorder_dishtypeitem as d WHERE ( orderid="1496589974"and a.dishid=b.id and b.subdishtypeid=d.id and d.typeid=c.id )  [ RunTime:0.0005s ]

[ 2017-06-04T23:38:10+08:00 ] ::1 /onlineorder/admin.php/Order/getData.html
INFO: [ app_begin ] --START--
INFO: Run Behavior\ReadHtmlCacheBehavior [ RunTime:0.000651s ]
INFO: [ app_begin ] --END-- [ RunTime:0.000692s ]
SQL: SHOW COLUMNS FROM `onlineorder_orderitem` [ RunTime:0.0006s ]
SQL: SHOW COLUMNS FROM `onlineorder_orderitem` [ RunTime:0.0005s ]
SQL: SELECT a.*,b.name as dishname,b.price,d.name as subdishtype,c.name as dishtype FROM onlineorder_orderitem as a,onlineorder_dish as b,onlineorder_dishtype as c,onlineorder_dishtypeitem as d WHERE ( orderid="1496589974"and a.dishid=b.id and b.subdishtypeid=d.id and d.typeid=c.id )  [ RunTime:0.0005s ]

[ 2017-06-04T23:38:16+08:00 ] ::1 /onlineorder/admin.php/Order/getData.html
INFO: [ app_begin ] --START--
INFO: Run Behavior\ReadHtmlCacheBehavior [ RunTime:0.000643s ]
INFO: [ app_begin ] --END-- [ RunTime:0.000687s ]
SQL: SHOW COLUMNS FROM `onlineorder_orderitem` [ RunTime:0.0006s ]
SQL: SHOW COLUMNS FROM `onlineorder_orderitem` [ RunTime:0.0005s ]
SQL: SELECT a.*,b.name as dishname,b.price,d.name as subdishtype,c.name as dishtype FROM onlineorder_orderitem as a,onlineorder_dish as b,onlineorder_dishtype as c,onlineorder_dishtypeitem as d WHERE ( orderid="1496589974"and a.dishid=b.id and b.subdishtypeid=d.id and d.typeid=c.id )  [ RunTime:0.0564s ]

[ 2017-06-04T23:38:17+08:00 ] ::1 /onlineorder/admin.php/Order/getData.html
INFO: [ app_begin ] --START--
INFO: Run Behavior\ReadHtmlCacheBehavior [ RunTime:0.000784s ]
INFO: [ app_begin ] --END-- [ RunTime:0.000843s ]
SQL: SHOW COLUMNS FROM `onlineorder_orderitem` [ RunTime:0.0014s ]
SQL: SHOW COLUMNS FROM `onlineorder_orderitem` [ RunTime:0.0004s ]
SQL: SELECT a.*,b.name as dishname,b.price,d.name as subdishtype,c.name as dishtype FROM onlineorder_orderitem as a,onlineorder_dish as b,onlineorder_dishtype as c,onlineorder_dishtypeitem as d WHERE ( orderid="1496588070"and a.dishid=b.id and b.subdishtypeid=d.id and d.typeid=c.id )  [ RunTime:0.0359s ]

[ 2017-06-04T23:38:22+08:00 ] ::1 /onlineorder/admin.php/Order/getData.html
INFO: [ app_begin ] --START--
INFO: Run Behavior\ReadHtmlCacheBehavior [ RunTime:0.000645s ]
INFO: [ app_begin ] --END-- [ RunTime:0.000700s ]
SQL: SHOW COLUMNS FROM `onlineorder_orderitem` [ RunTime:0.0006s ]
SQL: SHOW COLUMNS FROM `onlineorder_orderitem` [ RunTime:0.0005s ]
SQL: SELECT a.*,b.name as dishname,b.price,d.name as subdishtype,c.name as dishtype FROM onlineorder_orderitem as a,onlineorder_dish as b,onlineorder_dishtype as c,onlineorder_dishtypeitem as d WHERE ( orderid="1496488897"and a.dishid=b.id and b.subdishtypeid=d.id and d.typeid=c.id )  [ RunTime:0.0004s ]
INFO: [ app_end ] --START--
INFO: Run Behavior\ShowPageTraceBehavior [ RunTime:0.001137s ]
INFO: [ app_end ] --END-- [ RunTime:0.001190s ]

[ 2017-06-04T23:38:28+08:00 ] ::1 /onlineorder/admin.php/Order/getData.html
INFO: [ app_begin ] --START--
INFO: Run Behavior\ReadHtmlCacheBehavior [ RunTime:0.000633s ]
INFO: [ app_begin ] --END-- [ RunTime:0.000674s ]
SQL: SHOW COLUMNS FROM `onlineorder_orderitem` [ RunTime:0.0005s ]
SQL: SHOW COLUMNS FROM `onlineorder_orderitem` [ RunTime:0.0004s ]
SQL: SELECT a.*,b.name as dishname,b.price,d.name as subdishtype,c.name as dishtype FROM onlineorder_orderitem as a,onlineorder_dish as b,onlineorder_dishtype as c,onlineorder_dishtypeitem as d WHERE ( orderid="1496488897"and a.dishid=b.id and b.subdishtypeid=d.id and d.typeid=c.id )  [ RunTime:0.0004s ]
INFO: [ app_end ] --START--
INFO: Run Behavior\ShowPageTraceBehavior [ RunTime:0.001183s ]
INFO: [ app_end ] --END-- [ RunTime:0.001238s ]

[ 2017-06-04T23:38:32+08:00 ] ::1 /onlineorder/admin.php/Index/css/content.css
ERR: 非法操作:css

[ 2017-06-04T23:38:32+08:00 ] ::1 /onlineorder/admin.php/Index/css/reset.css
ERR: 非法操作:css

[ 2017-06-04T23:39:32+08:00 ] ::1 /onlineorder/admin.php/Order/getData.html
INFO: [ app_begin ] --START--
INFO: Run Behavior\ReadHtmlCacheBehavior [ RunTime:0.000602s ]
INFO: [ app_begin ] --END-- [ RunTime:0.000653s ]
SQL: SHOW COLUMNS FROM `onlineorder_orderitem` [ RunTime:0.0016s ]
SQL: SHOW COLUMNS FROM `onlineorder_orderitem` [ RunTime:0.0005s ]
SQL: SELECT a.*,b.name as dishname,b.price,d.name as subdishtype,c.name as dishtype FROM onlineorder_orderitem as a,onlineorder_dish as b,onlineorder_dishtype as c,onlineorder_dishtypeitem as d WHERE ( orderid="1496589974"and a.dishid=b.id and b.subdishtypeid=d.id and d.typeid=c.id )  [ RunTime:0.0006s ]

[ 2017-06-04T23:40:41+08:00 ] ::1 /onlineorder/admin.php/Order/getData.html
INFO: [ app_begin ] --START--
INFO: Run Behavior\ReadHtmlCacheBehavior [ RunTime:0.000662s ]
INFO: [ app_begin ] --END-- [ RunTime:0.000713s ]
SQL: SHOW COLUMNS FROM `onlineorder_orderitem` [ RunTime:0.0006s ]
SQL: SHOW COLUMNS FROM `onlineorder_orderitem` [ RunTime:0.0004s ]
SQL: SELECT a.*,b.name as dishname,b.price,d.name as subdishtype,c.name as dishtype FROM onlineorder_orderitem as a,onlineorder_dish as b,onlineorder_dishtype as c,onlineorder_dishtypeitem as d WHERE ( orderid="1496589974"and a.dishid=b.id and b.subdishtypeid=d.id and d.typeid=c.id )  [ RunTime:0.0005s ]

[ 2017-06-04T23:40:42+08:00 ] ::1 /onlineorder/admin.php/Order/getData.html
INFO: [ app_begin ] --START--
INFO: Run Behavior\ReadHtmlCacheBehavior [ RunTime:0.000518s ]
INFO: [ app_begin ] --END-- [ RunTime:0.000560s ]
SQL: SHOW COLUMNS FROM `onlineorder_orderitem` [ RunTime:0.0014s ]
SQL: SHOW COLUMNS FROM `onlineorder_orderitem` [ RunTime:0.0005s ]
SQL: SELECT a.*,b.name as dishname,b.price,d.name as subdishtype,c.name as dishtype FROM onlineorder_orderitem as a,onlineorder_dish as b,onlineorder_dishtype as c,onlineorder_dishtypeitem as d WHERE ( orderid="1496589974"and a.dishid=b.id and b.subdishtypeid=d.id and d.typeid=c.id )  [ RunTime:0.0005s ]

[ 2017-06-04T23:40:43+08:00 ] ::1 /onlineorder/admin.php/Order/getData.html
INFO: [ app_begin ] --START--
INFO: Run Behavior\ReadHtmlCacheBehavior [ RunTime:0.000535s ]
INFO: [ app_begin ] --END-- [ RunTime:0.000576s ]
SQL: SHOW COLUMNS FROM `onlineorder_orderitem` [ RunTime:0.0015s ]
SQL: SHOW COLUMNS FROM `onlineorder_orderitem` [ RunTime:0.0004s ]
SQL: SELECT a.*,b.name as dishname,b.price,d.name as subdishtype,c.name as dishtype FROM onlineorder_orderitem as a,onlineorder_dish as b,onlineorder_dishtype as c,onlineorder_dishtypeitem as d WHERE ( orderid="1496589974"and a.dishid=b.id and b.subdishtypeid=d.id and d.typeid=c.id )  [ RunTime:0.0007s ]

[ 2017-06-04T23:40:44+08:00 ] ::1 /onlineorder/admin.php/Order/getData.html
INFO: [ app_begin ] --START--
INFO: Run Behavior\ReadHtmlCacheBehavior [ RunTime:0.000547s ]
INFO: [ app_begin ] --END-- [ RunTime:0.000588s ]
SQL: SHOW COLUMNS FROM `onlineorder_orderitem` [ RunTime:0.0005s ]
SQL: SHOW COLUMNS FROM `onlineorder_orderitem` [ RunTime:0.0004s ]
SQL: SELECT a.*,b.name as dishname,b.price,d.name as subdishtype,c.name as dishtype FROM onlineorder_orderitem as a,onlineorder_dish as b,onlineorder_dishtype as c,onlineorder_dishtypeitem as d WHERE ( orderid="1496589974"and a.dishid=b.id and b.subdishtypeid=d.id and d.typeid=c.id )  [ RunTime:0.0006s ]

[ 2017-06-04T23:40:58+08:00 ] ::1 /onlineorder/admin.php/Index/css/content.css
ERR: 非法操作:css

[ 2017-06-04T23:40:58+08:00 ] ::1 /onlineorder/admin.php/Index/css/reset.css
ERR: 非法操作:css

[ 2017-06-04T23:41:02+08:00 ] ::1 /onlineorder/admin.php/Order/getData.html
INFO: [ app_begin ] --START--
INFO: Run Behavior\ReadHtmlCacheBehavior [ RunTime:0.000612s ]
INFO: [ app_begin ] --END-- [ RunTime:0.000659s ]
SQL: SHOW COLUMNS FROM `onlineorder_orderitem` [ RunTime:0.0006s ]
SQL: SHOW COLUMNS FROM `onlineorder_orderitem` [ RunTime:0.0004s ]
SQL: SELECT a.*,b.name as dishname,b.price,d.name as subdishtype,c.name as dishtype FROM onlineorder_orderitem as a,onlineorder_dish as b,onlineorder_dishtype as c,onlineorder_dishtypeitem as d WHERE ( orderid="1496589974"and a.dishid=b.id and b.subdishtypeid=d.id and d.typeid=c.id )  [ RunTime:0.0005s ]

[ 2017-06-04T23:58:53+08:00 ] ::1 /onlineorder/admin.php/Index/css/reset.css
ERR: 非法操作:css

[ 2017-06-04T23:58:53+08:00 ] ::1 /onlineorder/admin.php/Index/css/content.css
ERR: 非法操作:css

[ 2017-06-04T23:59:00+08:00 ] ::1 /onlineorder/admin.php/Dish/getData.html
INFO: [ app_begin ] --START--
INFO: Run Behavior\ReadHtmlCacheBehavior [ RunTime:0.000616s ]
INFO: [ app_begin ] --END-- [ RunTime:0.000674s ]
SQL: SHOW COLUMNS FROM `onlineorder_dish` [ RunTime:0.0006s ]
SQL: SELECT a.*,b.name as subdishtype,c.name as dishtype FROM onlineorder_dish as a,onlineorder_dishtypeitem as b,onlineorder_dishtype as c WHERE ( b.id=a.subdishtypeid and c.id=b.typeid ) AND `subdishtypeid` = '5' ORDER BY id  [ RunTime:0.0005s ]

[ 2017-06-04T23:59:03+08:00 ] ::1 /onlineorder/admin.php/Dish/getData.html
INFO: [ app_begin ] --START--
INFO: Run Behavior\ReadHtmlCacheBehavior [ RunTime:0.000783s ]
INFO: [ app_begin ] --END-- [ RunTime:0.000857s ]
SQL: SHOW COLUMNS FROM `onlineorder_dish` [ RunTime:0.0006s ]
SQL: SELECT a.*,b.name as subdishtype,c.name as dishtype FROM onlineorder_dish as a,onlineorder_dishtypeitem as b,onlineorder_dishtype as c WHERE ( b.id=a.subdishtypeid and c.id=b.typeid ) AND `subdishtypeid` = '1' ORDER BY id  [ RunTime:0.0005s ]

[ 2017-06-04T23:59:04+08:00 ] ::1 /onlineorder/admin.php/Dish/getData.html
INFO: [ app_begin ] --START--
INFO: Run Behavior\ReadHtmlCacheBehavior [ RunTime:0.000774s ]
INFO: [ app_begin ] --END-- [ RunTime:0.000837s ]
SQL: SHOW COLUMNS FROM `onlineorder_dish` [ RunTime:0.0007s ]
SQL: SELECT a.*,b.name as subdishtype,c.name as dishtype FROM onlineorder_dish as a,onlineorder_dishtypeitem as b,onlineorder_dishtype as c WHERE ( b.id=a.subdishtypeid and c.id=b.typeid ) AND `subdishtypeid` = '4' ORDER BY id  [ RunTime:0.0128s ]

[ 2017-06-04T23:59:08+08:00 ] ::1 /onlineorder/admin.php/Dish/getData.html
INFO: [ app_begin ] --START--
INFO: Run Behavior\ReadHtmlCacheBehavior [ RunTime:0.000617s ]
INFO: [ app_begin ] --END-- [ RunTime:0.000660s ]
SQL: SHOW COLUMNS FROM `onlineorder_dish` [ RunTime:0.0006s ]
SQL: SELECT a.*,b.name as subdishtype,c.name as dishtype FROM onlineorder_dish as a,onlineorder_dishtypeitem as b,onlineorder_dishtype as c WHERE ( b.id=a.subdishtypeid and c.id=b.typeid ) AND `subdishtypeid` = '1' ORDER BY id  [ RunTime:0.0006s ]

[ 2017-06-04T23:59:45+08:00 ] ::1 /onlineorder/admin.php/Dish/Delete.html
INFO: [ app_begin ] --START--
INFO: Run Behavior\ReadHtmlCacheBehavior [ RunTime:0.000966s ]
INFO: [ app_begin ] --END-- [ RunTime:0.001053s ]
SQL: SHOW COLUMNS FROM `onlineorder_dish` [ RunTime:0.0006s ]
SQL: DELETE FROM `onlineorder_dish` WHERE `id` = 150 [ RunTime:0.0453s ]
SQL: SELECT * FROM `onlineorder_dish` WHERE `id` = 150 LIMIT 1   [ RunTime:0.0004s ]
NOTIC: [8] Undefined index: middle_pic D:\AppServ\www\onlineorder\App\Admin\Controller\DishController.class.php 第 187 行.
NOTIC: [8] Undefined index: big_pic1 D:\AppServ\www\onlineorder\App\Admin\Controller\DishController.class.php 第 188 行.
NOTIC: [2] unlink(): Invalid argument D:\AppServ\www\onlineorder\App\Admin\Controller\DishController.class.php 第 190 行.
NOTIC: [2] unlink(): Invalid argument D:\AppServ\www\onlineorder\App\Admin\Controller\DishController.class.php 第 191 行.
NOTIC: [2] unlink(): Invalid argument D:\AppServ\www\onlineorder\App\Admin\Controller\DishController.class.php 第 192 行.

